[0.164s] DEBUG:colcon:Command line arguments: ['/usr/bin/colcon', 'build']
[0.164s] DEBUG:colcon:Parsed command line arguments: Namespace(log_base=None, log_level=None, verb_name='build', build_base='build', install_base='install', merge_install=False, symlink_install=False, test_result_base=None, continue_on_error=False, executor='parallel', parallel_workers=12, event_handlers=None, ignore_user_meta=False, metas=['./colcon.meta'], base_paths=['.'], packages_ignore=None, packages_ignore_regex=None, paths=None, packages_up_to=None, packages_up_to_regex=None, packages_above=None, packages_above_and_dependencies=None, packages_above_depth=None, packages_select_by_dep=None, packages_skip_by_dep=None, packages_skip_up_to=None, packages_select_build_failed=False, packages_skip_build_finished=False, packages_select_test_failures=False, packages_skip_test_passed=False, packages_select=None, packages_skip=None, packages_select_regex=None, packages_skip_regex=None, packages_start=None, packages_end=None, allow_overriding=[], cmake_args=None, cmake_target=None, cmake_target_skip_unavailable=False, cmake_clean_cache=False, cmake_clean_first=False, cmake_force_configure=False, ament_cmake_args=None, catkin_cmake_args=None, catkin_skip_building_tests=False, mixin_files=None, mixin=None, verb_parser=<colcon_mixin.mixin.mixin_argument.MixinArgumentDecorator object at 0xffffb4be6830>, verb_extension=<colcon_core.verb.build.BuildVerb object at 0xffffb4be62c0>, main=<bound method BuildVerb.main of <colcon_core.verb.build.BuildVerb object at 0xffffb4be62c0>>, mixin_verb=('build',))
[0.420s] Level 1:colcon.colcon_core.package_discovery:discover_packages(colcon_meta) check parameters
[0.420s] Level 1:colcon.colcon_core.package_discovery:discover_packages(recursive) check parameters
[0.420s] Level 1:colcon.colcon_core.package_discovery:discover_packages(ignore) check parameters
[0.420s] Level 1:colcon.colcon_core.package_discovery:discover_packages(path) check parameters
[0.421s] Level 1:colcon.colcon_core.package_discovery:discover_packages(colcon_meta) discover
[0.421s] Level 1:colcon.colcon_core.package_discovery:discover_packages(recursive) discover
[0.421s] INFO:colcon.colcon_core.package_discovery:Crawling recursively for packages in '/home/npicbot/robocon_ws'
[0.421s] Level 1:colcon.colcon_core.package_identification:_identify(.) by extensions ['ignore', 'ignore_ament_install']
[0.421s] Level 1:colcon.colcon_core.package_identification:_identify(.) by extension 'ignore'
[0.421s] Level 1:colcon.colcon_core.package_identification:_identify(.) by extension 'ignore_ament_install'
[0.421s] Level 1:colcon.colcon_core.package_identification:_identify(.) by extensions ['colcon_pkg']
[0.421s] Level 1:colcon.colcon_core.package_identification:_identify(.) by extension 'colcon_pkg'
[0.422s] Level 1:colcon.colcon_core.package_identification:_identify(.) by extensions ['colcon_meta']
[0.422s] Level 1:colcon.colcon_core.package_identification:_identify(.) by extension 'colcon_meta'
[0.422s] Level 1:colcon.colcon_core.package_identification:_identify(.) by extensions ['ros']
[0.422s] Level 1:colcon.colcon_core.package_identification:_identify(.) by extension 'ros'
[0.442s] Level 1:colcon.colcon_core.package_identification:_identify(.) by extensions ['cmake', 'python']
[0.442s] Level 1:colcon.colcon_core.package_identification:_identify(.) by extension 'cmake'
[0.442s] Level 1:colcon.colcon_core.package_identification:_identify(.) by extension 'python'
[0.442s] Level 1:colcon.colcon_core.package_identification:_identify(.) by extensions ['python_setup_py']
[0.442s] Level 1:colcon.colcon_core.package_identification:_identify(.) by extension 'python_setup_py'
[0.443s] Level 1:colcon.colcon_core.package_identification:_identify(build) by extensions ['ignore', 'ignore_ament_install']
[0.443s] Level 1:colcon.colcon_core.package_identification:_identify(build) by extension 'ignore'
[0.443s] Level 1:colcon.colcon_core.package_identification:_identify(build) ignored
[0.443s] Level 1:colcon.colcon_core.package_identification:_identify(install) by extensions ['ignore', 'ignore_ament_install']
[0.443s] Level 1:colcon.colcon_core.package_identification:_identify(install) by extension 'ignore'
[0.444s] Level 1:colcon.colcon_core.package_identification:_identify(install) ignored
[0.444s] Level 1:colcon.colcon_core.package_identification:_identify(log) by extensions ['ignore', 'ignore_ament_install']
[0.444s] Level 1:colcon.colcon_core.package_identification:_identify(log) by extension 'ignore'
[0.444s] Level 1:colcon.colcon_core.package_identification:_identify(log) ignored
[0.444s] Level 1:colcon.colcon_core.package_identification:_identify(src) by extensions ['ignore', 'ignore_ament_install']
[0.444s] Level 1:colcon.colcon_core.package_identification:_identify(src) by extension 'ignore'
[0.444s] Level 1:colcon.colcon_core.package_identification:_identify(src) by extension 'ignore_ament_install'
[0.445s] Level 1:colcon.colcon_core.package_identification:_identify(src) by extensions ['colcon_pkg']
[0.445s] Level 1:colcon.colcon_core.package_identification:_identify(src) by extension 'colcon_pkg'
[0.445s] Level 1:colcon.colcon_core.package_identification:_identify(src) by extensions ['colcon_meta']
[0.445s] Level 1:colcon.colcon_core.package_identification:_identify(src) by extension 'colcon_meta'
[0.445s] Level 1:colcon.colcon_core.package_identification:_identify(src) by extensions ['ros']
[0.445s] Level 1:colcon.colcon_core.package_identification:_identify(src) by extension 'ros'
[0.445s] Level 1:colcon.colcon_core.package_identification:_identify(src) by extensions ['cmake', 'python']
[0.445s] Level 1:colcon.colcon_core.package_identification:_identify(src) by extension 'cmake'
[0.445s] Level 1:colcon.colcon_core.package_identification:_identify(src) by extension 'python'
[0.445s] Level 1:colcon.colcon_core.package_identification:_identify(src) by extensions ['python_setup_py']
[0.445s] Level 1:colcon.colcon_core.package_identification:_identify(src) by extension 'python_setup_py'
[0.445s] Level 1:colcon.colcon_core.package_identification:_identify(src/micro_ros_setup) by extensions ['ignore', 'ignore_ament_install']
[0.446s] Level 1:colcon.colcon_core.package_identification:_identify(src/micro_ros_setup) by extension 'ignore'
[0.446s] Level 1:colcon.colcon_core.package_identification:_identify(src/micro_ros_setup) by extension 'ignore_ament_install'
[0.446s] Level 1:colcon.colcon_core.package_identification:_identify(src/micro_ros_setup) by extensions ['colcon_pkg']
[0.446s] Level 1:colcon.colcon_core.package_identification:_identify(src/micro_ros_setup) by extension 'colcon_pkg'
[0.446s] Level 1:colcon.colcon_core.package_identification:_identify(src/micro_ros_setup) by extensions ['colcon_meta']
[0.446s] Level 1:colcon.colcon_core.package_identification:_identify(src/micro_ros_setup) by extension 'colcon_meta'
[0.446s] Level 1:colcon.colcon_core.package_identification:_identify(src/micro_ros_setup) by extensions ['ros']
[0.446s] Level 1:colcon.colcon_core.package_identification:_identify(src/micro_ros_setup) by extension 'ros'
[0.451s] DEBUG:colcon.colcon_core.package_identification:Package 'src/micro_ros_setup' with type 'ros.ament_cmake' and name 'micro_ros_setup'
[0.452s] Level 1:colcon.colcon_core.package_identification:_identify(src/robot_base) by extensions ['ignore', 'ignore_ament_install']
[0.452s] Level 1:colcon.colcon_core.package_identification:_identify(src/robot_base) by extension 'ignore'
[0.452s] Level 1:colcon.colcon_core.package_identification:_identify(src/robot_base) by extension 'ignore_ament_install'
[0.452s] Level 1:colcon.colcon_core.package_identification:_identify(src/robot_base) by extensions ['colcon_pkg']
[0.452s] Level 1:colcon.colcon_core.package_identification:_identify(src/robot_base) by extension 'colcon_pkg'
[0.452s] Level 1:colcon.colcon_core.package_identification:_identify(src/robot_base) by extensions ['colcon_meta']
[0.452s] Level 1:colcon.colcon_core.package_identification:_identify(src/robot_base) by extension 'colcon_meta'
[0.452s] Level 1:colcon.colcon_core.package_identification:_identify(src/robot_base) by extensions ['ros']
[0.452s] Level 1:colcon.colcon_core.package_identification:_identify(src/robot_base) by extension 'ros'
[0.453s] DEBUG:colcon.colcon_core.package_identification:Package 'src/robot_base' with type 'ros.ament_cmake' and name 'robot_base'
[0.454s] Level 1:colcon.colcon_core.package_identification:_identify(src/robot_command) by extensions ['ignore', 'ignore_ament_install']
[0.454s] Level 1:colcon.colcon_core.package_identification:_identify(src/robot_command) by extension 'ignore'
[0.454s] Level 1:colcon.colcon_core.package_identification:_identify(src/robot_command) by extension 'ignore_ament_install'
[0.454s] Level 1:colcon.colcon_core.package_identification:_identify(src/robot_command) by extensions ['colcon_pkg']
[0.454s] Level 1:colcon.colcon_core.package_identification:_identify(src/robot_command) by extension 'colcon_pkg'
[0.454s] Level 1:colcon.colcon_core.package_identification:_identify(src/robot_command) by extensions ['colcon_meta']
[0.454s] Level 1:colcon.colcon_core.package_identification:_identify(src/robot_command) by extension 'colcon_meta'
[0.454s] Level 1:colcon.colcon_core.package_identification:_identify(src/robot_command) by extensions ['ros']
[0.454s] Level 1:colcon.colcon_core.package_identification:_identify(src/robot_command) by extension 'ros'
[0.455s] DEBUG:colcon.colcon_core.package_identification:Package 'src/robot_command' with type 'ros.ament_cmake' and name 'robot_command'
[0.456s] Level 1:colcon.colcon_core.package_identification:_identify(src/robot_intelligent) by extensions ['ignore', 'ignore_ament_install']
[0.456s] Level 1:colcon.colcon_core.package_identification:_identify(src/robot_intelligent) by extension 'ignore'
[0.456s] Level 1:colcon.colcon_core.package_identification:_identify(src/robot_intelligent) by extension 'ignore_ament_install'
[0.456s] Level 1:colcon.colcon_core.package_identification:_identify(src/robot_intelligent) by extensions ['colcon_pkg']
[0.456s] Level 1:colcon.colcon_core.package_identification:_identify(src/robot_intelligent) by extension 'colcon_pkg'
[0.456s] Level 1:colcon.colcon_core.package_identification:_identify(src/robot_intelligent) by extensions ['colcon_meta']
[0.456s] Level 1:colcon.colcon_core.package_identification:_identify(src/robot_intelligent) by extension 'colcon_meta'
[0.456s] Level 1:colcon.colcon_core.package_identification:_identify(src/robot_intelligent) by extensions ['ros']
[0.456s] Level 1:colcon.colcon_core.package_identification:_identify(src/robot_intelligent) by extension 'ros'
[0.457s] DEBUG:colcon.colcon_core.package_identification:Package 'src/robot_intelligent' with type 'ros.ament_cmake' and name 'robot_intelligent'
[0.457s] Level 1:colcon.colcon_core.package_identification:_identify(src/robot_localization) by extensions ['ignore', 'ignore_ament_install']
[0.458s] Level 1:colcon.colcon_core.package_identification:_identify(src/robot_localization) by extension 'ignore'
[0.458s] Level 1:colcon.colcon_core.package_identification:_identify(src/robot_localization) by extension 'ignore_ament_install'
[0.458s] Level 1:colcon.colcon_core.package_identification:_identify(src/robot_localization) by extensions ['colcon_pkg']
[0.458s] Level 1:colcon.colcon_core.package_identification:_identify(src/robot_localization) by extension 'colcon_pkg'
[0.458s] Level 1:colcon.colcon_core.package_identification:_identify(src/robot_localization) by extensions ['colcon_meta']
[0.458s] Level 1:colcon.colcon_core.package_identification:_identify(src/robot_localization) by extension 'colcon_meta'
[0.458s] Level 1:colcon.colcon_core.package_identification:_identify(src/robot_localization) by extensions ['ros']
[0.458s] Level 1:colcon.colcon_core.package_identification:_identify(src/robot_localization) by extension 'ros'
[0.459s] DEBUG:colcon.colcon_core.package_identification:Package 'src/robot_localization' with type 'ros.ament_cmake' and name 'robot_localization'
[0.459s] Level 1:colcon.colcon_core.package_identification:_identify(src/uros) by extensions ['ignore', 'ignore_ament_install']
[0.459s] Level 1:colcon.colcon_core.package_identification:_identify(src/uros) by extension 'ignore'
[0.459s] Level 1:colcon.colcon_core.package_identification:_identify(src/uros) by extension 'ignore_ament_install'
[0.460s] Level 1:colcon.colcon_core.package_identification:_identify(src/uros) by extensions ['colcon_pkg']
[0.460s] Level 1:colcon.colcon_core.package_identification:_identify(src/uros) by extension 'colcon_pkg'
[0.460s] Level 1:colcon.colcon_core.package_identification:_identify(src/uros) by extensions ['colcon_meta']
[0.460s] Level 1:colcon.colcon_core.package_identification:_identify(src/uros) by extension 'colcon_meta'
[0.460s] Level 1:colcon.colcon_core.package_identification:_identify(src/uros) by extensions ['ros']
[0.460s] Level 1:colcon.colcon_core.package_identification:_identify(src/uros) by extension 'ros'
[0.460s] Level 1:colcon.colcon_core.package_identification:_identify(src/uros) by extensions ['cmake', 'python']
[0.460s] Level 1:colcon.colcon_core.package_identification:_identify(src/uros) by extension 'cmake'
[0.460s] Level 1:colcon.colcon_core.package_identification:_identify(src/uros) by extension 'python'
[0.460s] Level 1:colcon.colcon_core.package_identification:_identify(src/uros) by extensions ['python_setup_py']
[0.460s] Level 1:colcon.colcon_core.package_identification:_identify(src/uros) by extension 'python_setup_py'
[0.460s] Level 1:colcon.colcon_core.package_identification:_identify(src/uros/micro-ROS-Agent) by extensions ['ignore', 'ignore_ament_install']
[0.461s] Level 1:colcon.colcon_core.package_identification:_identify(src/uros/micro-ROS-Agent) by extension 'ignore'
[0.461s] Level 1:colcon.colcon_core.package_identification:_identify(src/uros/micro-ROS-Agent) by extension 'ignore_ament_install'
[0.461s] Level 1:colcon.colcon_core.package_identification:_identify(src/uros/micro-ROS-Agent) by extensions ['colcon_pkg']
[0.461s] Level 1:colcon.colcon_core.package_identification:_identify(src/uros/micro-ROS-Agent) by extension 'colcon_pkg'
[0.461s] Level 1:colcon.colcon_core.package_identification:_identify(src/uros/micro-ROS-Agent) by extensions ['colcon_meta']
[0.461s] Level 1:colcon.colcon_core.package_identification:_identify(src/uros/micro-ROS-Agent) by extension 'colcon_meta'
[0.461s] Level 1:colcon.colcon_core.package_identification:_identify(src/uros/micro-ROS-Agent) by extensions ['ros']
[0.461s] Level 1:colcon.colcon_core.package_identification:_identify(src/uros/micro-ROS-Agent) by extension 'ros'
[0.461s] Level 1:colcon.colcon_core.package_identification:_identify(src/uros/micro-ROS-Agent) by extensions ['cmake', 'python']
[0.461s] Level 1:colcon.colcon_core.package_identification:_identify(src/uros/micro-ROS-Agent) by extension 'cmake'
[0.461s] Level 1:colcon.colcon_core.package_identification:_identify(src/uros/micro-ROS-Agent) by extension 'python'
[0.461s] Level 1:colcon.colcon_core.package_identification:_identify(src/uros/micro-ROS-Agent) by extensions ['python_setup_py']
[0.461s] Level 1:colcon.colcon_core.package_identification:_identify(src/uros/micro-ROS-Agent) by extension 'python_setup_py'
[0.462s] Level 1:colcon.colcon_core.package_identification:_identify(src/uros/micro-ROS-Agent/micro_ros_agent) by extensions ['ignore', 'ignore_ament_install']
[0.462s] Level 1:colcon.colcon_core.package_identification:_identify(src/uros/micro-ROS-Agent/micro_ros_agent) by extension 'ignore'
[0.462s] Level 1:colcon.colcon_core.package_identification:_identify(src/uros/micro-ROS-Agent/micro_ros_agent) by extension 'ignore_ament_install'
[0.462s] Level 1:colcon.colcon_core.package_identification:_identify(src/uros/micro-ROS-Agent/micro_ros_agent) by extensions ['colcon_pkg']
[0.462s] Level 1:colcon.colcon_core.package_identification:_identify(src/uros/micro-ROS-Agent/micro_ros_agent) by extension 'colcon_pkg'
[0.462s] Level 1:colcon.colcon_core.package_identification:_identify(src/uros/micro-ROS-Agent/micro_ros_agent) by extensions ['colcon_meta']
[0.462s] Level 1:colcon.colcon_core.package_identification:_identify(src/uros/micro-ROS-Agent/micro_ros_agent) by extension 'colcon_meta'
[0.462s] Level 1:colcon.colcon_core.package_identification:_identify(src/uros/micro-ROS-Agent/micro_ros_agent) by extensions ['ros']
[0.462s] Level 1:colcon.colcon_core.package_identification:_identify(src/uros/micro-ROS-Agent/micro_ros_agent) by extension 'ros'
[0.464s] DEBUG:colcon.colcon_core.package_identification:Package 'src/uros/micro-ROS-Agent/micro_ros_agent' with type 'ros.ament_cmake' and name 'micro_ros_agent'
[0.464s] Level 1:colcon.colcon_core.package_identification:_identify(src/uros/micro-ROS-Agent/snap) by extensions ['ignore', 'ignore_ament_install']
[0.464s] Level 1:colcon.colcon_core.package_identification:_identify(src/uros/micro-ROS-Agent/snap) by extension 'ignore'
[0.464s] Level 1:colcon.colcon_core.package_identification:_identify(src/uros/micro-ROS-Agent/snap) by extension 'ignore_ament_install'
[0.464s] Level 1:colcon.colcon_core.package_identification:_identify(src/uros/micro-ROS-Agent/snap) by extensions ['colcon_pkg']
[0.464s] Level 1:colcon.colcon_core.package_identification:_identify(src/uros/micro-ROS-Agent/snap) by extension 'colcon_pkg'
[0.464s] Level 1:colcon.colcon_core.package_identification:_identify(src/uros/micro-ROS-Agent/snap) by extensions ['colcon_meta']
[0.464s] Level 1:colcon.colcon_core.package_identification:_identify(src/uros/micro-ROS-Agent/snap) by extension 'colcon_meta'
[0.464s] Level 1:colcon.colcon_core.package_identification:_identify(src/uros/micro-ROS-Agent/snap) by extensions ['ros']
[0.464s] Level 1:colcon.colcon_core.package_identification:_identify(src/uros/micro-ROS-Agent/snap) by extension 'ros'
[0.465s] Level 1:colcon.colcon_core.package_identification:_identify(src/uros/micro-ROS-Agent/snap) by extensions ['cmake', 'python']
[0.465s] Level 1:colcon.colcon_core.package_identification:_identify(src/uros/micro-ROS-Agent/snap) by extension 'cmake'
[0.465s] Level 1:colcon.colcon_core.package_identification:_identify(src/uros/micro-ROS-Agent/snap) by extension 'python'
[0.465s] Level 1:colcon.colcon_core.package_identification:_identify(src/uros/micro-ROS-Agent/snap) by extensions ['python_setup_py']
[0.465s] Level 1:colcon.colcon_core.package_identification:_identify(src/uros/micro-ROS-Agent/snap) by extension 'python_setup_py'
[0.465s] Level 1:colcon.colcon_core.package_identification:_identify(src/uros/micro-ROS-Agent/snap/hooks) by extensions ['ignore', 'ignore_ament_install']
[0.465s] Level 1:colcon.colcon_core.package_identification:_identify(src/uros/micro-ROS-Agent/snap/hooks) by extension 'ignore'
[0.465s] Level 1:colcon.colcon_core.package_identification:_identify(src/uros/micro-ROS-Agent/snap/hooks) by extension 'ignore_ament_install'
[0.465s] Level 1:colcon.colcon_core.package_identification:_identify(src/uros/micro-ROS-Agent/snap/hooks) by extensions ['colcon_pkg']
[0.465s] Level 1:colcon.colcon_core.package_identification:_identify(src/uros/micro-ROS-Agent/snap/hooks) by extension 'colcon_pkg'
[0.465s] Level 1:colcon.colcon_core.package_identification:_identify(src/uros/micro-ROS-Agent/snap/hooks) by extensions ['colcon_meta']
[0.466s] Level 1:colcon.colcon_core.package_identification:_identify(src/uros/micro-ROS-Agent/snap/hooks) by extension 'colcon_meta'
[0.466s] Level 1:colcon.colcon_core.package_identification:_identify(src/uros/micro-ROS-Agent/snap/hooks) by extensions ['ros']
[0.466s] Level 1:colcon.colcon_core.package_identification:_identify(src/uros/micro-ROS-Agent/snap/hooks) by extension 'ros'
[0.466s] Level 1:colcon.colcon_core.package_identification:_identify(src/uros/micro-ROS-Agent/snap/hooks) by extensions ['cmake', 'python']
[0.466s] Level 1:colcon.colcon_core.package_identification:_identify(src/uros/micro-ROS-Agent/snap/hooks) by extension 'cmake'
[0.466s] Level 1:colcon.colcon_core.package_identification:_identify(src/uros/micro-ROS-Agent/snap/hooks) by extension 'python'
[0.466s] Level 1:colcon.colcon_core.package_identification:_identify(src/uros/micro-ROS-Agent/snap/hooks) by extensions ['python_setup_py']
[0.466s] Level 1:colcon.colcon_core.package_identification:_identify(src/uros/micro-ROS-Agent/snap/hooks) by extension 'python_setup_py'
[0.466s] Level 1:colcon.colcon_core.package_identification:_identify(src/uros/micro-ROS-Agent/snap/local) by extensions ['ignore', 'ignore_ament_install']
[0.466s] Level 1:colcon.colcon_core.package_identification:_identify(src/uros/micro-ROS-Agent/snap/local) by extension 'ignore'
[0.466s] Level 1:colcon.colcon_core.package_identification:_identify(src/uros/micro-ROS-Agent/snap/local) by extension 'ignore_ament_install'
[0.466s] Level 1:colcon.colcon_core.package_identification:_identify(src/uros/micro-ROS-Agent/snap/local) by extensions ['colcon_pkg']
[0.467s] Level 1:colcon.colcon_core.package_identification:_identify(src/uros/micro-ROS-Agent/snap/local) by extension 'colcon_pkg'
[0.467s] Level 1:colcon.colcon_core.package_identification:_identify(src/uros/micro-ROS-Agent/snap/local) by extensions ['colcon_meta']
[0.467s] Level 1:colcon.colcon_core.package_identification:_identify(src/uros/micro-ROS-Agent/snap/local) by extension 'colcon_meta'
[0.467s] Level 1:colcon.colcon_core.package_identification:_identify(src/uros/micro-ROS-Agent/snap/local) by extensions ['ros']
[0.467s] Level 1:colcon.colcon_core.package_identification:_identify(src/uros/micro-ROS-Agent/snap/local) by extension 'ros'
[0.467s] Level 1:colcon.colcon_core.package_identification:_identify(src/uros/micro-ROS-Agent/snap/local) by extensions ['cmake', 'python']
[0.467s] Level 1:colcon.colcon_core.package_identification:_identify(src/uros/micro-ROS-Agent/snap/local) by extension 'cmake'
[0.467s] Level 1:colcon.colcon_core.package_identification:_identify(src/uros/micro-ROS-Agent/snap/local) by extension 'python'
[0.467s] Level 1:colcon.colcon_core.package_identification:_identify(src/uros/micro-ROS-Agent/snap/local) by extensions ['python_setup_py']
[0.467s] Level 1:colcon.colcon_core.package_identification:_identify(src/uros/micro-ROS-Agent/snap/local) by extension 'python_setup_py'
[0.467s] Level 1:colcon.colcon_core.package_identification:_identify(src/uros/micro_ros_msgs) by extensions ['ignore', 'ignore_ament_install']
[0.467s] Level 1:colcon.colcon_core.package_identification:_identify(src/uros/micro_ros_msgs) by extension 'ignore'
[0.468s] Level 1:colcon.colcon_core.package_identification:_identify(src/uros/micro_ros_msgs) by extension 'ignore_ament_install'
[0.468s] Level 1:colcon.colcon_core.package_identification:_identify(src/uros/micro_ros_msgs) by extensions ['colcon_pkg']
[0.468s] Level 1:colcon.colcon_core.package_identification:_identify(src/uros/micro_ros_msgs) by extension 'colcon_pkg'
[0.468s] Level 1:colcon.colcon_core.package_identification:_identify(src/uros/micro_ros_msgs) by extensions ['colcon_meta']
[0.468s] Level 1:colcon.colcon_core.package_identification:_identify(src/uros/micro_ros_msgs) by extension 'colcon_meta'
[0.468s] Level 1:colcon.colcon_core.package_identification:_identify(src/uros/micro_ros_msgs) by extensions ['ros']
[0.468s] Level 1:colcon.colcon_core.package_identification:_identify(src/uros/micro_ros_msgs) by extension 'ros'
[0.469s] DEBUG:colcon.colcon_core.package_identification:Package 'src/uros/micro_ros_msgs' with type 'ros.ament_cmake' and name 'micro_ros_msgs'
[0.469s] Level 1:colcon.colcon_core.package_discovery:discover_packages(recursive) using defaults
[0.469s] Level 1:colcon.colcon_core.package_discovery:discover_packages(ignore) discover
[0.469s] Level 1:colcon.colcon_core.package_discovery:discover_packages(ignore) using defaults
[0.469s] Level 1:colcon.colcon_core.package_discovery:discover_packages(path) discover
[0.469s] Level 1:colcon.colcon_core.package_discovery:discover_packages(path) using defaults
[0.538s] Level 1:colcon.colcon_core.package_discovery:discover_packages(prefix_path) check parameters
[0.538s] Level 1:colcon.colcon_core.package_discovery:discover_packages(prefix_path) discover
[0.541s] DEBUG:colcon.colcon_installed_package_information.package_discovery:Found 7 installed packages in /home/npicbot/robocon_ws/install
[0.543s] DEBUG:colcon.colcon_installed_package_information.package_discovery:Found 274 installed packages in /opt/ros/humble
[0.545s] Level 1:colcon.colcon_core.package_discovery:discover_packages(prefix_path) using defaults
[0.602s] Level 5:colcon.colcon_core.verb:set package 'micro_ros_msgs' build argument 'cmake_args' from command line to 'None'
[0.602s] Level 5:colcon.colcon_core.verb:set package 'micro_ros_msgs' build argument 'cmake_target' from command line to 'None'
[0.602s] Level 5:colcon.colcon_core.verb:set package 'micro_ros_msgs' build argument 'cmake_target_skip_unavailable' from command line to 'False'
[0.602s] Level 5:colcon.colcon_core.verb:set package 'micro_ros_msgs' build argument 'cmake_clean_cache' from command line to 'False'
[0.602s] Level 5:colcon.colcon_core.verb:set package 'micro_ros_msgs' build argument 'cmake_clean_first' from command line to 'False'
[0.602s] Level 5:colcon.colcon_core.verb:set package 'micro_ros_msgs' build argument 'cmake_force_configure' from command line to 'False'
[0.602s] Level 5:colcon.colcon_core.verb:set package 'micro_ros_msgs' build argument 'ament_cmake_args' from command line to 'None'
[0.602s] Level 5:colcon.colcon_core.verb:set package 'micro_ros_msgs' build argument 'catkin_cmake_args' from command line to 'None'
[0.602s] Level 5:colcon.colcon_core.verb:set package 'micro_ros_msgs' build argument 'catkin_skip_building_tests' from command line to 'False'
[0.602s] DEBUG:colcon.colcon_core.verb:Building package 'micro_ros_msgs' with the following arguments: {'ament_cmake_args': None, 'build_base': '/home/npicbot/robocon_ws/build/micro_ros_msgs', 'catkin_cmake_args': None, 'catkin_skip_building_tests': False, 'cmake_args': None, 'cmake_clean_cache': False, 'cmake_clean_first': False, 'cmake_force_configure': False, 'cmake_target': None, 'cmake_target_skip_unavailable': False, 'install_base': '/home/npicbot/robocon_ws/install/micro_ros_msgs', 'merge_install': False, 'path': '/home/npicbot/robocon_ws/src/uros/micro_ros_msgs', 'symlink_install': False, 'test_result_base': None}
[0.603s] Level 5:colcon.colcon_core.verb:set package 'micro_ros_setup' build argument 'cmake_args' from command line to 'None'
[0.603s] Level 5:colcon.colcon_core.verb:set package 'micro_ros_setup' build argument 'cmake_target' from command line to 'None'
[0.603s] Level 5:colcon.colcon_core.verb:set package 'micro_ros_setup' build argument 'cmake_target_skip_unavailable' from command line to 'False'
[0.603s] Level 5:colcon.colcon_core.verb:set package 'micro_ros_setup' build argument 'cmake_clean_cache' from command line to 'False'
[0.603s] Level 5:colcon.colcon_core.verb:set package 'micro_ros_setup' build argument 'cmake_clean_first' from command line to 'False'
[0.603s] Level 5:colcon.colcon_core.verb:set package 'micro_ros_setup' build argument 'cmake_force_configure' from command line to 'False'
[0.603s] Level 5:colcon.colcon_core.verb:set package 'micro_ros_setup' build argument 'ament_cmake_args' from command line to 'None'
[0.603s] Level 5:colcon.colcon_core.verb:set package 'micro_ros_setup' build argument 'catkin_cmake_args' from command line to 'None'
[0.603s] Level 5:colcon.colcon_core.verb:set package 'micro_ros_setup' build argument 'catkin_skip_building_tests' from command line to 'False'
[0.603s] DEBUG:colcon.colcon_core.verb:Building package 'micro_ros_setup' with the following arguments: {'ament_cmake_args': None, 'build_base': '/home/npicbot/robocon_ws/build/micro_ros_setup', 'catkin_cmake_args': None, 'catkin_skip_building_tests': False, 'cmake_args': None, 'cmake_clean_cache': False, 'cmake_clean_first': False, 'cmake_force_configure': False, 'cmake_target': None, 'cmake_target_skip_unavailable': False, 'install_base': '/home/npicbot/robocon_ws/install/micro_ros_setup', 'merge_install': False, 'path': '/home/npicbot/robocon_ws/src/micro_ros_setup', 'symlink_install': False, 'test_result_base': None}
[0.604s] Level 5:colcon.colcon_core.verb:set package 'robot_base' build argument 'cmake_args' from command line to 'None'
[0.604s] Level 5:colcon.colcon_core.verb:set package 'robot_base' build argument 'cmake_target' from command line to 'None'
[0.604s] Level 5:colcon.colcon_core.verb:set package 'robot_base' build argument 'cmake_target_skip_unavailable' from command line to 'False'
[0.604s] Level 5:colcon.colcon_core.verb:set package 'robot_base' build argument 'cmake_clean_cache' from command line to 'False'
[0.604s] Level 5:colcon.colcon_core.verb:set package 'robot_base' build argument 'cmake_clean_first' from command line to 'False'
[0.604s] Level 5:colcon.colcon_core.verb:set package 'robot_base' build argument 'cmake_force_configure' from command line to 'False'
[0.604s] Level 5:colcon.colcon_core.verb:set package 'robot_base' build argument 'ament_cmake_args' from command line to 'None'
[0.604s] Level 5:colcon.colcon_core.verb:set package 'robot_base' build argument 'catkin_cmake_args' from command line to 'None'
[0.604s] Level 5:colcon.colcon_core.verb:set package 'robot_base' build argument 'catkin_skip_building_tests' from command line to 'False'
[0.604s] DEBUG:colcon.colcon_core.verb:Building package 'robot_base' with the following arguments: {'ament_cmake_args': None, 'build_base': '/home/npicbot/robocon_ws/build/robot_base', 'catkin_cmake_args': None, 'catkin_skip_building_tests': False, 'cmake_args': None, 'cmake_clean_cache': False, 'cmake_clean_first': False, 'cmake_force_configure': False, 'cmake_target': None, 'cmake_target_skip_unavailable': False, 'install_base': '/home/npicbot/robocon_ws/install/robot_base', 'merge_install': False, 'path': '/home/npicbot/robocon_ws/src/robot_base', 'symlink_install': False, 'test_result_base': None}
[0.605s] Level 5:colcon.colcon_core.verb:set package 'robot_command' build argument 'cmake_args' from command line to 'None'
[0.605s] Level 5:colcon.colcon_core.verb:set package 'robot_command' build argument 'cmake_target' from command line to 'None'
[0.605s] Level 5:colcon.colcon_core.verb:set package 'robot_command' build argument 'cmake_target_skip_unavailable' from command line to 'False'
[0.605s] Level 5:colcon.colcon_core.verb:set package 'robot_command' build argument 'cmake_clean_cache' from command line to 'False'
[0.605s] Level 5:colcon.colcon_core.verb:set package 'robot_command' build argument 'cmake_clean_first' from command line to 'False'
[0.605s] Level 5:colcon.colcon_core.verb:set package 'robot_command' build argument 'cmake_force_configure' from command line to 'False'
[0.605s] Level 5:colcon.colcon_core.verb:set package 'robot_command' build argument 'ament_cmake_args' from command line to 'None'
[0.605s] Level 5:colcon.colcon_core.verb:set package 'robot_command' build argument 'catkin_cmake_args' from command line to 'None'
[0.605s] Level 5:colcon.colcon_core.verb:set package 'robot_command' build argument 'catkin_skip_building_tests' from command line to 'False'
[0.605s] DEBUG:colcon.colcon_core.verb:Building package 'robot_command' with the following arguments: {'ament_cmake_args': None, 'build_base': '/home/npicbot/robocon_ws/build/robot_command', 'catkin_cmake_args': None, 'catkin_skip_building_tests': False, 'cmake_args': None, 'cmake_clean_cache': False, 'cmake_clean_first': False, 'cmake_force_configure': False, 'cmake_target': None, 'cmake_target_skip_unavailable': False, 'install_base': '/home/npicbot/robocon_ws/install/robot_command', 'merge_install': False, 'path': '/home/npicbot/robocon_ws/src/robot_command', 'symlink_install': False, 'test_result_base': None}
[0.605s] Level 5:colcon.colcon_core.verb:set package 'robot_intelligent' build argument 'cmake_args' from command line to 'None'
[0.605s] Level 5:colcon.colcon_core.verb:set package 'robot_intelligent' build argument 'cmake_target' from command line to 'None'
[0.605s] Level 5:colcon.colcon_core.verb:set package 'robot_intelligent' build argument 'cmake_target_skip_unavailable' from command line to 'False'
[0.605s] Level 5:colcon.colcon_core.verb:set package 'robot_intelligent' build argument 'cmake_clean_cache' from command line to 'False'
[0.605s] Level 5:colcon.colcon_core.verb:set package 'robot_intelligent' build argument 'cmake_clean_first' from command line to 'False'
[0.606s] Level 5:colcon.colcon_core.verb:set package 'robot_intelligent' build argument 'cmake_force_configure' from command line to 'False'
[0.606s] Level 5:colcon.colcon_core.verb:set package 'robot_intelligent' build argument 'ament_cmake_args' from command line to 'None'
[0.606s] Level 5:colcon.colcon_core.verb:set package 'robot_intelligent' build argument 'catkin_cmake_args' from command line to 'None'
[0.606s] Level 5:colcon.colcon_core.verb:set package 'robot_intelligent' build argument 'catkin_skip_building_tests' from command line to 'False'
[0.606s] DEBUG:colcon.colcon_core.verb:Building package 'robot_intelligent' with the following arguments: {'ament_cmake_args': None, 'build_base': '/home/npicbot/robocon_ws/build/robot_intelligent', 'catkin_cmake_args': None, 'catkin_skip_building_tests': False, 'cmake_args': None, 'cmake_clean_cache': False, 'cmake_clean_first': False, 'cmake_force_configure': False, 'cmake_target': None, 'cmake_target_skip_unavailable': False, 'install_base': '/home/npicbot/robocon_ws/install/robot_intelligent', 'merge_install': False, 'path': '/home/npicbot/robocon_ws/src/robot_intelligent', 'symlink_install': False, 'test_result_base': None}
[0.606s] Level 5:colcon.colcon_core.verb:set package 'robot_localization' build argument 'cmake_args' from command line to 'None'
[0.606s] Level 5:colcon.colcon_core.verb:set package 'robot_localization' build argument 'cmake_target' from command line to 'None'
[0.606s] Level 5:colcon.colcon_core.verb:set package 'robot_localization' build argument 'cmake_target_skip_unavailable' from command line to 'False'
[0.606s] Level 5:colcon.colcon_core.verb:set package 'robot_localization' build argument 'cmake_clean_cache' from command line to 'False'
[0.606s] Level 5:colcon.colcon_core.verb:set package 'robot_localization' build argument 'cmake_clean_first' from command line to 'False'
[0.606s] Level 5:colcon.colcon_core.verb:set package 'robot_localization' build argument 'cmake_force_configure' from command line to 'False'
[0.606s] Level 5:colcon.colcon_core.verb:set package 'robot_localization' build argument 'ament_cmake_args' from command line to 'None'
[0.606s] Level 5:colcon.colcon_core.verb:set package 'robot_localization' build argument 'catkin_cmake_args' from command line to 'None'
[0.606s] Level 5:colcon.colcon_core.verb:set package 'robot_localization' build argument 'catkin_skip_building_tests' from command line to 'False'
[0.606s] DEBUG:colcon.colcon_core.verb:Building package 'robot_localization' with the following arguments: {'ament_cmake_args': None, 'build_base': '/home/npicbot/robocon_ws/build/robot_localization', 'catkin_cmake_args': None, 'catkin_skip_building_tests': False, 'cmake_args': None, 'cmake_clean_cache': False, 'cmake_clean_first': False, 'cmake_force_configure': False, 'cmake_target': None, 'cmake_target_skip_unavailable': False, 'install_base': '/home/npicbot/robocon_ws/install/robot_localization', 'merge_install': False, 'path': '/home/npicbot/robocon_ws/src/robot_localization', 'symlink_install': False, 'test_result_base': None}
[0.607s] Level 5:colcon.colcon_core.verb:set package 'micro_ros_agent' build argument 'cmake_args' from command line to 'None'
[0.607s] Level 5:colcon.colcon_core.verb:set package 'micro_ros_agent' build argument 'cmake_target' from command line to 'None'
[0.607s] Level 5:colcon.colcon_core.verb:set package 'micro_ros_agent' build argument 'cmake_target_skip_unavailable' from command line to 'False'
[0.607s] Level 5:colcon.colcon_core.verb:set package 'micro_ros_agent' build argument 'cmake_clean_cache' from command line to 'False'
[0.607s] Level 5:colcon.colcon_core.verb:set package 'micro_ros_agent' build argument 'cmake_clean_first' from command line to 'False'
[0.607s] Level 5:colcon.colcon_core.verb:set package 'micro_ros_agent' build argument 'cmake_force_configure' from command line to 'False'
[0.607s] Level 5:colcon.colcon_core.verb:set package 'micro_ros_agent' build argument 'ament_cmake_args' from command line to 'None'
[0.607s] Level 5:colcon.colcon_core.verb:set package 'micro_ros_agent' build argument 'catkin_cmake_args' from command line to 'None'
[0.607s] Level 5:colcon.colcon_core.verb:set package 'micro_ros_agent' build argument 'catkin_skip_building_tests' from command line to 'False'
[0.607s] DEBUG:colcon.colcon_core.verb:Building package 'micro_ros_agent' with the following arguments: {'ament_cmake_args': None, 'build_base': '/home/npicbot/robocon_ws/build/micro_ros_agent', 'catkin_cmake_args': None, 'catkin_skip_building_tests': False, 'cmake_args': None, 'cmake_clean_cache': False, 'cmake_clean_first': False, 'cmake_force_configure': False, 'cmake_target': None, 'cmake_target_skip_unavailable': False, 'install_base': '/home/npicbot/robocon_ws/install/micro_ros_agent', 'merge_install': False, 'path': '/home/npicbot/robocon_ws/src/uros/micro-ROS-Agent/micro_ros_agent', 'symlink_install': False, 'test_result_base': None}
[0.607s] INFO:colcon.colcon_core.executor:Executing jobs using 'parallel' executor
[0.609s] DEBUG:colcon.colcon_parallel_executor.executor.parallel:run_until_complete
[0.610s] INFO:colcon.colcon_ros.task.ament_cmake.build:Building ROS package in '/home/npicbot/robocon_ws/src/uros/micro_ros_msgs' with build type 'ament_cmake'
[0.610s] INFO:colcon.colcon_cmake.task.cmake.build:Building CMake package in '/home/npicbot/robocon_ws/src/uros/micro_ros_msgs'
[0.614s] INFO:colcon.colcon_core.plugin_system:Skipping extension 'colcon_core.shell.bat': Not used on non-Windows systems
[0.615s] INFO:colcon.colcon_core.shell:Skip shell extension 'powershell' for command environment: Not usable outside of PowerShell
[0.615s] DEBUG:colcon.colcon_core.shell:Skip shell extension 'dsv' for command environment
[0.621s] INFO:colcon.colcon_ros.task.ament_cmake.build:Building ROS package in '/home/npicbot/robocon_ws/src/micro_ros_setup' with build type 'ament_cmake'
[0.621s] INFO:colcon.colcon_cmake.task.cmake.build:Building CMake package in '/home/npicbot/robocon_ws/src/micro_ros_setup'
[0.622s] INFO:colcon.colcon_core.shell:Skip shell extension 'powershell' for command environment: Not usable outside of PowerShell
[0.622s] DEBUG:colcon.colcon_core.shell:Skip shell extension 'dsv' for command environment
[0.627s] INFO:colcon.colcon_ros.task.ament_cmake.build:Building ROS package in '/home/npicbot/robocon_ws/src/robot_base' with build type 'ament_cmake'
[0.628s] INFO:colcon.colcon_cmake.task.cmake.build:Building CMake package in '/home/npicbot/robocon_ws/src/robot_base'
[0.628s] INFO:colcon.colcon_core.shell:Skip shell extension 'powershell' for command environment: Not usable outside of PowerShell
[0.629s] DEBUG:colcon.colcon_core.shell:Skip shell extension 'dsv' for command environment
[0.635s] INFO:colcon.colcon_ros.task.ament_cmake.build:Building ROS package in '/home/npicbot/robocon_ws/src/robot_command' with build type 'ament_cmake'
[0.635s] INFO:colcon.colcon_cmake.task.cmake.build:Building CMake package in '/home/npicbot/robocon_ws/src/robot_command'
[0.636s] INFO:colcon.colcon_core.shell:Skip shell extension 'powershell' for command environment: Not usable outside of PowerShell
[0.636s] DEBUG:colcon.colcon_core.shell:Skip shell extension 'dsv' for command environment
[0.641s] INFO:colcon.colcon_ros.task.ament_cmake.build:Building ROS package in '/home/npicbot/robocon_ws/src/robot_intelligent' with build type 'ament_cmake'
[0.641s] INFO:colcon.colcon_cmake.task.cmake.build:Building CMake package in '/home/npicbot/robocon_ws/src/robot_intelligent'
[0.641s] INFO:colcon.colcon_core.shell:Skip shell extension 'powershell' for command environment: Not usable outside of PowerShell
[0.642s] DEBUG:colcon.colcon_core.shell:Skip shell extension 'dsv' for command environment
[0.647s] INFO:colcon.colcon_ros.task.ament_cmake.build:Building ROS package in '/home/npicbot/robocon_ws/src/robot_localization' with build type 'ament_cmake'
[0.647s] INFO:colcon.colcon_cmake.task.cmake.build:Building CMake package in '/home/npicbot/robocon_ws/src/robot_localization'
[0.647s] INFO:colcon.colcon_core.shell:Skip shell extension 'powershell' for command environment: Not usable outside of PowerShell
[0.648s] DEBUG:colcon.colcon_core.shell:Skip shell extension 'dsv' for command environment
[0.660s] DEBUG:colcon.colcon_core.event_handler.log_command:Invoking command in '/home/npicbot/robocon_ws/build/micro_ros_msgs': CMAKE_PREFIX_PATH=${CMAKE_PREFIX_PATH}:/opt/ros/humble /usr/bin/cmake --build /home/npicbot/robocon_ws/build/micro_ros_msgs -- -j12 -l12
[0.668s] DEBUG:colcon.colcon_core.event_handler.log_command:Invoking command in '/home/npicbot/robocon_ws/build/micro_ros_setup': CMAKE_PREFIX_PATH=${CMAKE_PREFIX_PATH}:/opt/ros/humble /usr/bin/cmake --build /home/npicbot/robocon_ws/build/micro_ros_setup -- -j12 -l12
[0.674s] DEBUG:colcon.colcon_core.event_handler.log_command:Invoking command in '/home/npicbot/robocon_ws/build/robot_base': CMAKE_PREFIX_PATH=${CMAKE_PREFIX_PATH}:/opt/ros/humble /usr/bin/cmake --build /home/npicbot/robocon_ws/build/robot_base -- -j12 -l12
[0.677s] DEBUG:colcon.colcon_core.event_handler.log_command:Invoking command in '/home/npicbot/robocon_ws/build/robot_command': CMAKE_PREFIX_PATH=${CMAKE_PREFIX_PATH}:/opt/ros/humble /usr/bin/cmake --build /home/npicbot/robocon_ws/build/robot_command -- -j12 -l12
[0.689s] DEBUG:colcon.colcon_core.event_handler.log_command:Invoking command in '/home/npicbot/robocon_ws/build/robot_intelligent': CMAKE_PREFIX_PATH=${CMAKE_PREFIX_PATH}:/opt/ros/humble /usr/bin/cmake --build /home/npicbot/robocon_ws/build/robot_intelligent -- -j12 -l12
[0.700s] DEBUG:colcon.colcon_core.event_handler.log_command:Invoking command in '/home/npicbot/robocon_ws/build/robot_localization': CMAKE_PREFIX_PATH=${CMAKE_PREFIX_PATH}:/opt/ros/humble /usr/bin/cmake --build /home/npicbot/robocon_ws/build/robot_localization -- -j12 -l12
[0.725s] DEBUG:colcon.colcon_core.event_handler.log_command:Invoked command in '/home/npicbot/robocon_ws/build/micro_ros_setup' returned '0': CMAKE_PREFIX_PATH=${CMAKE_PREFIX_PATH}:/opt/ros/humble /usr/bin/cmake --build /home/npicbot/robocon_ws/build/micro_ros_setup -- -j12 -l12
[0.739s] DEBUG:colcon.colcon_core.event_handler.log_command:Invoked command in '/home/npicbot/robocon_ws/build/robot_command' returned '0': CMAKE_PREFIX_PATH=${CMAKE_PREFIX_PATH}:/opt/ros/humble /usr/bin/cmake --build /home/npicbot/robocon_ws/build/robot_command -- -j12 -l12
[0.816s] DEBUG:colcon.colcon_core.event_handler.log_command:Invoking command in '/home/npicbot/robocon_ws/build/micro_ros_setup': CMAKE_PREFIX_PATH=${CMAKE_PREFIX_PATH}:/opt/ros/humble /usr/bin/cmake --install /home/npicbot/robocon_ws/build/micro_ros_setup
[0.845s] Level 1:colcon.colcon_core.environment:create_environment_scripts_only(micro_ros_setup)
[0.852s] Level 1:colcon.colcon_core.environment:checking '/home/npicbot/robocon_ws/install/micro_ros_setup' for CMake module files
[0.854s] Level 1:colcon.colcon_core.environment:checking '/home/npicbot/robocon_ws/install/micro_ros_setup' for CMake config files
[0.854s] Level 1:colcon.colcon_core.shell:create_environment_hook('micro_ros_setup', 'cmake_prefix_path')
[0.855s] INFO:colcon.colcon_core.shell:Creating environment hook '/home/npicbot/robocon_ws/install/micro_ros_setup/share/micro_ros_setup/hook/cmake_prefix_path.ps1'
[0.862s] DEBUG:colcon.colcon_core.event_handler.log_command:Invoking command in '/home/npicbot/robocon_ws/build/robot_command': CMAKE_PREFIX_PATH=${CMAKE_PREFIX_PATH}:/opt/ros/humble /usr/bin/cmake --install /home/npicbot/robocon_ws/build/robot_command
[0.862s] INFO:colcon.colcon_core.shell:Creating environment descriptor '/home/npicbot/robocon_ws/install/micro_ros_setup/share/micro_ros_setup/hook/cmake_prefix_path.dsv'
[0.864s] INFO:colcon.colcon_core.shell:Creating environment hook '/home/npicbot/robocon_ws/install/micro_ros_setup/share/micro_ros_setup/hook/cmake_prefix_path.sh'
[0.867s] Level 1:colcon.colcon_core.environment:checking '/home/npicbot/robocon_ws/install/micro_ros_setup/lib'
[0.868s] Level 1:colcon.colcon_core.environment:checking '/home/npicbot/robocon_ws/install/micro_ros_setup/bin'
[0.868s] Level 1:colcon.colcon_core.environment:checking '/home/npicbot/robocon_ws/install/micro_ros_setup/lib/pkgconfig/micro_ros_setup.pc'
[0.870s] Level 1:colcon.colcon_core.environment:checking '/home/npicbot/robocon_ws/install/micro_ros_setup/lib/python3.10/site-packages'
[0.871s] Level 1:colcon.colcon_core.environment:checking '/home/npicbot/robocon_ws/install/micro_ros_setup/bin'
[0.872s] INFO:colcon.colcon_core.shell:Creating package script '/home/npicbot/robocon_ws/install/micro_ros_setup/share/micro_ros_setup/package.ps1'
[0.874s] INFO:colcon.colcon_core.shell:Creating package descriptor '/home/npicbot/robocon_ws/install/micro_ros_setup/share/micro_ros_setup/package.dsv'
[0.875s] INFO:colcon.colcon_core.shell:Creating package script '/home/npicbot/robocon_ws/install/micro_ros_setup/share/micro_ros_setup/package.sh'
[0.877s] INFO:colcon.colcon_core.shell:Creating package script '/home/npicbot/robocon_ws/install/micro_ros_setup/share/micro_ros_setup/package.bash'
[0.879s] INFO:colcon.colcon_core.shell:Creating package script '/home/npicbot/robocon_ws/install/micro_ros_setup/share/micro_ros_setup/package.zsh'
[0.880s] Level 1:colcon.colcon_core.environment:create_file_with_runtime_dependencies(/home/npicbot/robocon_ws/install/micro_ros_setup/share/colcon-core/packages/micro_ros_setup)
[0.887s] Level 1:colcon.colcon_core.environment:create_environment_scripts_only(robot_command)
[0.888s] Level 1:colcon.colcon_core.environment:checking '/home/npicbot/robocon_ws/install/robot_command' for CMake module files
[0.890s] Level 1:colcon.colcon_core.environment:checking '/home/npicbot/robocon_ws/install/robot_command' for CMake config files
[0.895s] DEBUG:colcon.colcon_core.event_handler.log_command:Invoked command in '/home/npicbot/robocon_ws/build/micro_ros_setup' returned '0': CMAKE_PREFIX_PATH=${CMAKE_PREFIX_PATH}:/opt/ros/humble /usr/bin/cmake --install /home/npicbot/robocon_ws/build/micro_ros_setup
[0.896s] Level 1:colcon.colcon_core.shell:create_environment_hook('robot_command', 'cmake_prefix_path')
[0.896s] INFO:colcon.colcon_core.shell:Creating environment hook '/home/npicbot/robocon_ws/install/robot_command/share/robot_command/hook/cmake_prefix_path.ps1'
[0.898s] INFO:colcon.colcon_core.shell:Creating environment descriptor '/home/npicbot/robocon_ws/install/robot_command/share/robot_command/hook/cmake_prefix_path.dsv'
[0.899s] INFO:colcon.colcon_core.shell:Creating environment hook '/home/npicbot/robocon_ws/install/robot_command/share/robot_command/hook/cmake_prefix_path.sh'
[0.901s] Level 1:colcon.colcon_core.environment:checking '/home/npicbot/robocon_ws/install/robot_command/bin'
[0.901s] Level 1:colcon.colcon_core.environment:checking '/home/npicbot/robocon_ws/install/robot_command/lib/pkgconfig/robot_command.pc'
[0.902s] Level 1:colcon.colcon_core.environment:checking '/home/npicbot/robocon_ws/install/robot_command/lib/python3.10/site-packages'
[0.902s] Level 1:colcon.colcon_core.environment:checking '/home/npicbot/robocon_ws/install/robot_command/bin'
[0.903s] INFO:colcon.colcon_core.shell:Creating package script '/home/npicbot/robocon_ws/install/robot_command/share/robot_command/package.ps1'
[0.904s] INFO:colcon.colcon_core.shell:Creating package descriptor '/home/npicbot/robocon_ws/install/robot_command/share/robot_command/package.dsv'
[0.906s] DEBUG:colcon.colcon_core.event_handler.log_command:Invoked command in '/home/npicbot/robocon_ws/build/robot_command' returned '0': CMAKE_PREFIX_PATH=${CMAKE_PREFIX_PATH}:/opt/ros/humble /usr/bin/cmake --install /home/npicbot/robocon_ws/build/robot_command
[0.906s] INFO:colcon.colcon_core.shell:Creating package script '/home/npicbot/robocon_ws/install/robot_command/share/robot_command/package.sh'
[0.907s] INFO:colcon.colcon_core.shell:Creating package script '/home/npicbot/robocon_ws/install/robot_command/share/robot_command/package.bash'
[0.909s] INFO:colcon.colcon_core.shell:Creating package script '/home/npicbot/robocon_ws/install/robot_command/share/robot_command/package.zsh'
[0.910s] Level 1:colcon.colcon_core.environment:create_file_with_runtime_dependencies(/home/npicbot/robocon_ws/install/robot_command/share/colcon-core/packages/robot_command)
[0.913s] DEBUG:colcon.colcon_core.event_handler.log_command:Invoked command in '/home/npicbot/robocon_ws/build/robot_localization' returned '0': CMAKE_PREFIX_PATH=${CMAKE_PREFIX_PATH}:/opt/ros/humble /usr/bin/cmake --build /home/npicbot/robocon_ws/build/robot_localization -- -j12 -l12
[0.918s] Level 1:colcon.colcon_core.environment:create_environment_scripts_only(micro_ros_setup)
[0.919s] Level 1:colcon.colcon_core.environment:checking '/home/npicbot/robocon_ws/install/micro_ros_setup' for CMake module files
[0.921s] Level 1:colcon.colcon_core.environment:checking '/home/npicbot/robocon_ws/install/micro_ros_setup' for CMake config files
[0.922s] Level 1:colcon.colcon_core.shell:create_environment_hook('micro_ros_setup', 'cmake_prefix_path')
[0.922s] INFO:colcon.colcon_core.shell:Creating environment hook '/home/npicbot/robocon_ws/install/micro_ros_setup/share/micro_ros_setup/hook/cmake_prefix_path.ps1'
[0.924s] INFO:colcon.colcon_core.shell:Creating environment descriptor '/home/npicbot/robocon_ws/install/micro_ros_setup/share/micro_ros_setup/hook/cmake_prefix_path.dsv'
[0.924s] INFO:colcon.colcon_core.shell:Creating environment hook '/home/npicbot/robocon_ws/install/micro_ros_setup/share/micro_ros_setup/hook/cmake_prefix_path.sh'
[0.926s] Level 1:colcon.colcon_core.environment:checking '/home/npicbot/robocon_ws/install/micro_ros_setup/lib'
[0.926s] Level 1:colcon.colcon_core.environment:checking '/home/npicbot/robocon_ws/install/micro_ros_setup/bin'
[0.926s] Level 1:colcon.colcon_core.environment:checking '/home/npicbot/robocon_ws/install/micro_ros_setup/lib/pkgconfig/micro_ros_setup.pc'
[0.926s] Level 1:colcon.colcon_core.environment:checking '/home/npicbot/robocon_ws/install/micro_ros_setup/lib/python3.10/site-packages'
[0.927s] Level 1:colcon.colcon_core.environment:checking '/home/npicbot/robocon_ws/install/micro_ros_setup/bin'
[0.927s] INFO:colcon.colcon_core.shell:Creating package script '/home/npicbot/robocon_ws/install/micro_ros_setup/share/micro_ros_setup/package.ps1'
[0.929s] INFO:colcon.colcon_core.shell:Creating package descriptor '/home/npicbot/robocon_ws/install/micro_ros_setup/share/micro_ros_setup/package.dsv'
[0.930s] INFO:colcon.colcon_core.shell:Creating package script '/home/npicbot/robocon_ws/install/micro_ros_setup/share/micro_ros_setup/package.sh'
[0.930s] INFO:colcon.colcon_core.shell:Creating package script '/home/npicbot/robocon_ws/install/micro_ros_setup/share/micro_ros_setup/package.bash'
[0.931s] INFO:colcon.colcon_core.shell:Creating package script '/home/npicbot/robocon_ws/install/micro_ros_setup/share/micro_ros_setup/package.zsh'
[0.933s] Level 1:colcon.colcon_core.environment:create_file_with_runtime_dependencies(/home/npicbot/robocon_ws/install/micro_ros_setup/share/colcon-core/packages/micro_ros_setup)
[0.947s] Level 1:colcon.colcon_core.environment:create_environment_scripts_only(robot_command)
[0.948s] Level 1:colcon.colcon_core.environment:checking '/home/npicbot/robocon_ws/install/robot_command' for CMake module files
[0.949s] Level 1:colcon.colcon_core.environment:checking '/home/npicbot/robocon_ws/install/robot_command' for CMake config files
[0.949s] Level 1:colcon.colcon_core.shell:create_environment_hook('robot_command', 'cmake_prefix_path')
[0.950s] INFO:colcon.colcon_core.shell:Creating environment hook '/home/npicbot/robocon_ws/install/robot_command/share/robot_command/hook/cmake_prefix_path.ps1'
[0.951s] INFO:colcon.colcon_core.shell:Creating environment descriptor '/home/npicbot/robocon_ws/install/robot_command/share/robot_command/hook/cmake_prefix_path.dsv'
[0.952s] INFO:colcon.colcon_core.shell:Creating environment hook '/home/npicbot/robocon_ws/install/robot_command/share/robot_command/hook/cmake_prefix_path.sh'
[0.953s] Level 1:colcon.colcon_core.environment:checking '/home/npicbot/robocon_ws/install/robot_command/bin'
[0.953s] Level 1:colcon.colcon_core.environment:checking '/home/npicbot/robocon_ws/install/robot_command/lib/pkgconfig/robot_command.pc'
[0.953s] Level 1:colcon.colcon_core.environment:checking '/home/npicbot/robocon_ws/install/robot_command/lib/python3.10/site-packages'
[0.953s] Level 1:colcon.colcon_core.environment:checking '/home/npicbot/robocon_ws/install/robot_command/bin'
[0.954s] INFO:colcon.colcon_core.shell:Creating package script '/home/npicbot/robocon_ws/install/robot_command/share/robot_command/package.ps1'
[0.955s] INFO:colcon.colcon_core.shell:Creating package descriptor '/home/npicbot/robocon_ws/install/robot_command/share/robot_command/package.dsv'
[0.956s] INFO:colcon.colcon_core.shell:Creating package script '/home/npicbot/robocon_ws/install/robot_command/share/robot_command/package.sh'
[0.957s] INFO:colcon.colcon_core.shell:Creating package script '/home/npicbot/robocon_ws/install/robot_command/share/robot_command/package.bash'
[0.958s] INFO:colcon.colcon_core.shell:Creating package script '/home/npicbot/robocon_ws/install/robot_command/share/robot_command/package.zsh'
[0.959s] Level 1:colcon.colcon_core.environment:create_file_with_runtime_dependencies(/home/npicbot/robocon_ws/install/robot_command/share/colcon-core/packages/robot_command)
[0.977s] DEBUG:colcon.colcon_core.event_handler.log_command:Invoking command in '/home/npicbot/robocon_ws/build/robot_localization': CMAKE_PREFIX_PATH=${CMAKE_PREFIX_PATH}:/opt/ros/humble /usr/bin/cmake --install /home/npicbot/robocon_ws/build/robot_localization
[1.000s] Level 1:colcon.colcon_core.environment:create_environment_scripts_only(robot_localization)
[1.001s] Level 1:colcon.colcon_core.environment:checking '/home/npicbot/robocon_ws/install/robot_localization' for CMake module files
[1.002s] Level 1:colcon.colcon_core.environment:checking '/home/npicbot/robocon_ws/install/robot_localization' for CMake config files
[1.002s] Level 1:colcon.colcon_core.shell:create_environment_hook('robot_localization', 'cmake_prefix_path')
[1.003s] INFO:colcon.colcon_core.shell:Creating environment hook '/home/npicbot/robocon_ws/install/robot_localization/share/robot_localization/hook/cmake_prefix_path.ps1'
[1.005s] DEBUG:colcon.colcon_core.event_handler.log_command:Invoked command in '/home/npicbot/robocon_ws/build/robot_localization' returned '0': CMAKE_PREFIX_PATH=${CMAKE_PREFIX_PATH}:/opt/ros/humble /usr/bin/cmake --install /home/npicbot/robocon_ws/build/robot_localization
[1.006s] INFO:colcon.colcon_core.shell:Creating environment descriptor '/home/npicbot/robocon_ws/install/robot_localization/share/robot_localization/hook/cmake_prefix_path.dsv'
[1.007s] INFO:colcon.colcon_core.shell:Creating environment hook '/home/npicbot/robocon_ws/install/robot_localization/share/robot_localization/hook/cmake_prefix_path.sh'
[1.009s] Level 1:colcon.colcon_core.environment:checking '/home/npicbot/robocon_ws/install/robot_localization/lib'
[1.010s] Level 1:colcon.colcon_core.environment:checking '/home/npicbot/robocon_ws/install/robot_localization/bin'
[1.010s] Level 1:colcon.colcon_core.environment:checking '/home/npicbot/robocon_ws/install/robot_localization/lib/pkgconfig/robot_localization.pc'
[1.010s] Level 1:colcon.colcon_core.environment:checking '/home/npicbot/robocon_ws/install/robot_localization/lib/python3.10/site-packages'
[1.010s] Level 1:colcon.colcon_core.environment:checking '/home/npicbot/robocon_ws/install/robot_localization/bin'
[1.011s] INFO:colcon.colcon_core.shell:Creating package script '/home/npicbot/robocon_ws/install/robot_localization/share/robot_localization/package.ps1'
[1.012s] INFO:colcon.colcon_core.shell:Creating package descriptor '/home/npicbot/robocon_ws/install/robot_localization/share/robot_localization/package.dsv'
[1.013s] INFO:colcon.colcon_core.shell:Creating package script '/home/npicbot/robocon_ws/install/robot_localization/share/robot_localization/package.sh'
[1.014s] INFO:colcon.colcon_core.shell:Creating package script '/home/npicbot/robocon_ws/install/robot_localization/share/robot_localization/package.bash'
[1.015s] INFO:colcon.colcon_core.shell:Creating package script '/home/npicbot/robocon_ws/install/robot_localization/share/robot_localization/package.zsh'
[1.016s] Level 1:colcon.colcon_core.environment:create_file_with_runtime_dependencies(/home/npicbot/robocon_ws/install/robot_localization/share/colcon-core/packages/robot_localization)
[1.086s] Level 1:colcon.colcon_core.environment:create_environment_scripts_only(robot_localization)
[1.086s] Level 1:colcon.colcon_core.environment:checking '/home/npicbot/robocon_ws/install/robot_localization' for CMake module files
[1.087s] Level 1:colcon.colcon_core.environment:checking '/home/npicbot/robocon_ws/install/robot_localization' for CMake config files
[1.088s] Level 1:colcon.colcon_core.shell:create_environment_hook('robot_localization', 'cmake_prefix_path')
[1.088s] INFO:colcon.colcon_core.shell:Creating environment hook '/home/npicbot/robocon_ws/install/robot_localization/share/robot_localization/hook/cmake_prefix_path.ps1'
[1.089s] INFO:colcon.colcon_core.shell:Creating environment descriptor '/home/npicbot/robocon_ws/install/robot_localization/share/robot_localization/hook/cmake_prefix_path.dsv'
[1.090s] INFO:colcon.colcon_core.shell:Creating environment hook '/home/npicbot/robocon_ws/install/robot_localization/share/robot_localization/hook/cmake_prefix_path.sh'
[1.091s] Level 1:colcon.colcon_core.environment:checking '/home/npicbot/robocon_ws/install/robot_localization/lib'
[1.091s] Level 1:colcon.colcon_core.environment:checking '/home/npicbot/robocon_ws/install/robot_localization/bin'
[1.091s] Level 1:colcon.colcon_core.environment:checking '/home/npicbot/robocon_ws/install/robot_localization/lib/pkgconfig/robot_localization.pc'
[1.092s] Level 1:colcon.colcon_core.environment:checking '/home/npicbot/robocon_ws/install/robot_localization/lib/python3.10/site-packages'
[1.092s] Level 1:colcon.colcon_core.environment:checking '/home/npicbot/robocon_ws/install/robot_localization/bin'
[1.093s] INFO:colcon.colcon_core.shell:Creating package script '/home/npicbot/robocon_ws/install/robot_localization/share/robot_localization/package.ps1'
[1.094s] INFO:colcon.colcon_core.shell:Creating package descriptor '/home/npicbot/robocon_ws/install/robot_localization/share/robot_localization/package.dsv'
[1.095s] INFO:colcon.colcon_core.shell:Creating package script '/home/npicbot/robocon_ws/install/robot_localization/share/robot_localization/package.sh'
[1.096s] INFO:colcon.colcon_core.shell:Creating package script '/home/npicbot/robocon_ws/install/robot_localization/share/robot_localization/package.bash'
[1.096s] INFO:colcon.colcon_core.shell:Creating package script '/home/npicbot/robocon_ws/install/robot_localization/share/robot_localization/package.zsh'
[1.097s] Level 1:colcon.colcon_core.environment:create_file_with_runtime_dependencies(/home/npicbot/robocon_ws/install/robot_localization/share/colcon-core/packages/robot_localization)
[1.300s] DEBUG:colcon.colcon_core.event_handler.log_command:Invoked command in '/home/npicbot/robocon_ws/build/robot_base' returned '0': CMAKE_PREFIX_PATH=${CMAKE_PREFIX_PATH}:/opt/ros/humble /usr/bin/cmake --build /home/npicbot/robocon_ws/build/robot_base -- -j12 -l12
[1.317s] DEBUG:colcon.colcon_core.event_handler.log_command:Invoked command in '/home/npicbot/robocon_ws/build/micro_ros_msgs' returned '0': CMAKE_PREFIX_PATH=${CMAKE_PREFIX_PATH}:/opt/ros/humble /usr/bin/cmake --build /home/npicbot/robocon_ws/build/micro_ros_msgs -- -j12 -l12
[1.419s] DEBUG:colcon.colcon_core.event_handler.log_command:Invoking command in '/home/npicbot/robocon_ws/build/robot_base': CMAKE_PREFIX_PATH=${CMAKE_PREFIX_PATH}:/opt/ros/humble /usr/bin/cmake --install /home/npicbot/robocon_ws/build/robot_base
[1.471s] DEBUG:colcon.colcon_core.event_handler.log_command:Invoking command in '/home/npicbot/robocon_ws/build/micro_ros_msgs': CMAKE_PREFIX_PATH=${CMAKE_PREFIX_PATH}:/opt/ros/humble /usr/bin/cmake --install /home/npicbot/robocon_ws/build/micro_ros_msgs
[1.512s] Level 1:colcon.colcon_core.environment:create_environment_scripts_only(robot_base)
[1.512s] Level 1:colcon.colcon_core.environment:checking '/home/npicbot/robocon_ws/install/robot_base' for CMake module files
[1.513s] DEBUG:colcon.colcon_core.event_handler.log_command:Invoked command in '/home/npicbot/robocon_ws/build/robot_base' returned '0': CMAKE_PREFIX_PATH=${CMAKE_PREFIX_PATH}:/opt/ros/humble /usr/bin/cmake --install /home/npicbot/robocon_ws/build/robot_base
[1.514s] Level 1:colcon.colcon_core.environment:checking '/home/npicbot/robocon_ws/install/robot_base' for CMake config files
[1.516s] Level 1:colcon.colcon_core.shell:create_environment_hook('robot_base', 'cmake_prefix_path')
[1.516s] INFO:colcon.colcon_core.shell:Creating environment hook '/home/npicbot/robocon_ws/install/robot_base/share/robot_base/hook/cmake_prefix_path.ps1'
[1.517s] INFO:colcon.colcon_core.shell:Creating environment descriptor '/home/npicbot/robocon_ws/install/robot_base/share/robot_base/hook/cmake_prefix_path.dsv'
[1.518s] INFO:colcon.colcon_core.shell:Creating environment hook '/home/npicbot/robocon_ws/install/robot_base/share/robot_base/hook/cmake_prefix_path.sh'
[1.519s] Level 1:colcon.colcon_core.environment:checking '/home/npicbot/robocon_ws/install/robot_base/lib'
[1.520s] Level 1:colcon.colcon_core.shell:create_environment_hook('robot_base', 'ld_library_path_lib')
[1.520s] INFO:colcon.colcon_core.shell:Creating environment hook '/home/npicbot/robocon_ws/install/robot_base/share/robot_base/hook/ld_library_path_lib.ps1'
[1.521s] INFO:colcon.colcon_core.shell:Creating environment descriptor '/home/npicbot/robocon_ws/install/robot_base/share/robot_base/hook/ld_library_path_lib.dsv'
[1.521s] INFO:colcon.colcon_core.shell:Creating environment hook '/home/npicbot/robocon_ws/install/robot_base/share/robot_base/hook/ld_library_path_lib.sh'
[1.522s] Level 1:colcon.colcon_core.environment:checking '/home/npicbot/robocon_ws/install/robot_base/bin'
[1.522s] Level 1:colcon.colcon_core.environment:checking '/home/npicbot/robocon_ws/install/robot_base/lib/pkgconfig/robot_base.pc'
[1.523s] Level 1:colcon.colcon_core.environment:checking '/home/npicbot/robocon_ws/install/robot_base/lib/python3.10/site-packages'
[1.523s] Level 1:colcon.colcon_core.environment:checking '/home/npicbot/robocon_ws/install/robot_base/bin'
[1.524s] INFO:colcon.colcon_core.shell:Creating package script '/home/npicbot/robocon_ws/install/robot_base/share/robot_base/package.ps1'
[1.525s] INFO:colcon.colcon_core.shell:Creating package descriptor '/home/npicbot/robocon_ws/install/robot_base/share/robot_base/package.dsv'
[1.525s] INFO:colcon.colcon_core.shell:Creating package script '/home/npicbot/robocon_ws/install/robot_base/share/robot_base/package.sh'
[1.526s] INFO:colcon.colcon_core.shell:Creating package script '/home/npicbot/robocon_ws/install/robot_base/share/robot_base/package.bash'
[1.527s] INFO:colcon.colcon_core.shell:Creating package script '/home/npicbot/robocon_ws/install/robot_base/share/robot_base/package.zsh'
[1.528s] Level 1:colcon.colcon_core.environment:create_file_with_runtime_dependencies(/home/npicbot/robocon_ws/install/robot_base/share/colcon-core/packages/robot_base)
[1.575s] Level 1:colcon.colcon_core.environment:create_environment_scripts_only(micro_ros_msgs)
[1.576s] Level 1:colcon.colcon_core.environment:checking '/home/npicbot/robocon_ws/install/micro_ros_msgs' for CMake module files
[1.580s] DEBUG:colcon.colcon_core.event_handler.log_command:Invoked command in '/home/npicbot/robocon_ws/build/micro_ros_msgs' returned '0': CMAKE_PREFIX_PATH=${CMAKE_PREFIX_PATH}:/opt/ros/humble /usr/bin/cmake --install /home/npicbot/robocon_ws/build/micro_ros_msgs
[1.581s] Level 1:colcon.colcon_core.environment:checking '/home/npicbot/robocon_ws/install/micro_ros_msgs' for CMake config files
[1.582s] Level 1:colcon.colcon_core.shell:create_environment_hook('micro_ros_msgs', 'cmake_prefix_path')
[1.583s] INFO:colcon.colcon_core.shell:Creating environment hook '/home/npicbot/robocon_ws/install/micro_ros_msgs/share/micro_ros_msgs/hook/cmake_prefix_path.ps1'
[1.584s] INFO:colcon.colcon_core.shell:Creating environment descriptor '/home/npicbot/robocon_ws/install/micro_ros_msgs/share/micro_ros_msgs/hook/cmake_prefix_path.dsv'
[1.585s] INFO:colcon.colcon_core.shell:Creating environment hook '/home/npicbot/robocon_ws/install/micro_ros_msgs/share/micro_ros_msgs/hook/cmake_prefix_path.sh'
[1.587s] Level 1:colcon.colcon_core.environment:checking '/home/npicbot/robocon_ws/install/micro_ros_msgs/lib'
[1.587s] Level 1:colcon.colcon_core.shell:create_environment_hook('micro_ros_msgs', 'ld_library_path_lib')
[1.588s] INFO:colcon.colcon_core.shell:Creating environment hook '/home/npicbot/robocon_ws/install/micro_ros_msgs/share/micro_ros_msgs/hook/ld_library_path_lib.ps1'
[1.589s] INFO:colcon.colcon_core.shell:Creating environment descriptor '/home/npicbot/robocon_ws/install/micro_ros_msgs/share/micro_ros_msgs/hook/ld_library_path_lib.dsv'
[1.590s] INFO:colcon.colcon_core.shell:Creating environment hook '/home/npicbot/robocon_ws/install/micro_ros_msgs/share/micro_ros_msgs/hook/ld_library_path_lib.sh'
[1.591s] Level 1:colcon.colcon_core.environment:checking '/home/npicbot/robocon_ws/install/micro_ros_msgs/bin'
[1.591s] Level 1:colcon.colcon_core.environment:checking '/home/npicbot/robocon_ws/install/micro_ros_msgs/lib/pkgconfig/micro_ros_msgs.pc'
[1.591s] Level 1:colcon.colcon_core.environment:checking '/home/npicbot/robocon_ws/install/micro_ros_msgs/lib/python3.10/site-packages'
[1.592s] Level 1:colcon.colcon_core.environment:checking '/home/npicbot/robocon_ws/install/micro_ros_msgs/bin'
[1.593s] INFO:colcon.colcon_core.shell:Creating package script '/home/npicbot/robocon_ws/install/micro_ros_msgs/share/micro_ros_msgs/package.ps1'
[1.594s] INFO:colcon.colcon_core.shell:Creating package descriptor '/home/npicbot/robocon_ws/install/micro_ros_msgs/share/micro_ros_msgs/package.dsv'
[1.595s] INFO:colcon.colcon_core.shell:Creating package script '/home/npicbot/robocon_ws/install/micro_ros_msgs/share/micro_ros_msgs/package.sh'
[1.596s] INFO:colcon.colcon_core.shell:Creating package script '/home/npicbot/robocon_ws/install/micro_ros_msgs/share/micro_ros_msgs/package.bash'
[1.597s] INFO:colcon.colcon_core.shell:Creating package script '/home/npicbot/robocon_ws/install/micro_ros_msgs/share/micro_ros_msgs/package.zsh'
[1.598s] Level 1:colcon.colcon_core.environment:create_file_with_runtime_dependencies(/home/npicbot/robocon_ws/install/micro_ros_msgs/share/colcon-core/packages/micro_ros_msgs)
[1.643s] Level 1:colcon.colcon_core.environment:create_environment_scripts_only(robot_base)
[1.644s] Level 1:colcon.colcon_core.environment:checking '/home/npicbot/robocon_ws/install/robot_base' for CMake module files
[1.645s] Level 1:colcon.colcon_core.environment:checking '/home/npicbot/robocon_ws/install/robot_base' for CMake config files
[1.646s] Level 1:colcon.colcon_core.shell:create_environment_hook('robot_base', 'cmake_prefix_path')
[1.646s] INFO:colcon.colcon_core.shell:Creating environment hook '/home/npicbot/robocon_ws/install/robot_base/share/robot_base/hook/cmake_prefix_path.ps1'
[1.648s] INFO:colcon.colcon_core.shell:Creating environment descriptor '/home/npicbot/robocon_ws/install/robot_base/share/robot_base/hook/cmake_prefix_path.dsv'
[1.649s] INFO:colcon.colcon_core.shell:Creating environment hook '/home/npicbot/robocon_ws/install/robot_base/share/robot_base/hook/cmake_prefix_path.sh'
[1.650s] Level 1:colcon.colcon_core.environment:checking '/home/npicbot/robocon_ws/install/robot_base/lib'
[1.650s] Level 1:colcon.colcon_core.shell:create_environment_hook('robot_base', 'ld_library_path_lib')
[1.651s] INFO:colcon.colcon_core.shell:Creating environment hook '/home/npicbot/robocon_ws/install/robot_base/share/robot_base/hook/ld_library_path_lib.ps1'
[1.651s] INFO:colcon.colcon_core.shell:Creating environment descriptor '/home/npicbot/robocon_ws/install/robot_base/share/robot_base/hook/ld_library_path_lib.dsv'
[1.652s] INFO:colcon.colcon_core.shell:Creating environment hook '/home/npicbot/robocon_ws/install/robot_base/share/robot_base/hook/ld_library_path_lib.sh'
[1.653s] Level 1:colcon.colcon_core.environment:checking '/home/npicbot/robocon_ws/install/robot_base/bin'
[1.653s] Level 1:colcon.colcon_core.environment:checking '/home/npicbot/robocon_ws/install/robot_base/lib/pkgconfig/robot_base.pc'
[1.654s] Level 1:colcon.colcon_core.environment:checking '/home/npicbot/robocon_ws/install/robot_base/lib/python3.10/site-packages'
[1.654s] Level 1:colcon.colcon_core.environment:checking '/home/npicbot/robocon_ws/install/robot_base/bin'
[1.655s] INFO:colcon.colcon_core.shell:Creating package script '/home/npicbot/robocon_ws/install/robot_base/share/robot_base/package.ps1'
[1.656s] INFO:colcon.colcon_core.shell:Creating package descriptor '/home/npicbot/robocon_ws/install/robot_base/share/robot_base/package.dsv'
[1.657s] INFO:colcon.colcon_core.shell:Creating package script '/home/npicbot/robocon_ws/install/robot_base/share/robot_base/package.sh'
[1.658s] INFO:colcon.colcon_core.shell:Creating package script '/home/npicbot/robocon_ws/install/robot_base/share/robot_base/package.bash'
[1.659s] INFO:colcon.colcon_core.shell:Creating package script '/home/npicbot/robocon_ws/install/robot_base/share/robot_base/package.zsh'
[1.659s] Level 1:colcon.colcon_core.environment:create_file_with_runtime_dependencies(/home/npicbot/robocon_ws/install/robot_base/share/colcon-core/packages/robot_base)
[1.741s] Level 1:colcon.colcon_core.environment:create_environment_scripts_only(micro_ros_msgs)
[1.741s] Level 1:colcon.colcon_core.environment:checking '/home/npicbot/robocon_ws/install/micro_ros_msgs' for CMake module files
[1.742s] Level 1:colcon.colcon_core.environment:checking '/home/npicbot/robocon_ws/install/micro_ros_msgs' for CMake config files
[1.743s] Level 1:colcon.colcon_core.shell:create_environment_hook('micro_ros_msgs', 'cmake_prefix_path')
[1.744s] INFO:colcon.colcon_core.shell:Creating environment hook '/home/npicbot/robocon_ws/install/micro_ros_msgs/share/micro_ros_msgs/hook/cmake_prefix_path.ps1'
[1.745s] INFO:colcon.colcon_core.shell:Creating environment descriptor '/home/npicbot/robocon_ws/install/micro_ros_msgs/share/micro_ros_msgs/hook/cmake_prefix_path.dsv'
[1.745s] INFO:colcon.colcon_core.shell:Creating environment hook '/home/npicbot/robocon_ws/install/micro_ros_msgs/share/micro_ros_msgs/hook/cmake_prefix_path.sh'
[1.747s] Level 1:colcon.colcon_core.environment:checking '/home/npicbot/robocon_ws/install/micro_ros_msgs/lib'
[1.747s] Level 1:colcon.colcon_core.shell:create_environment_hook('micro_ros_msgs', 'ld_library_path_lib')
[1.747s] INFO:colcon.colcon_core.shell:Creating environment hook '/home/npicbot/robocon_ws/install/micro_ros_msgs/share/micro_ros_msgs/hook/ld_library_path_lib.ps1'
[1.748s] INFO:colcon.colcon_core.shell:Creating environment descriptor '/home/npicbot/robocon_ws/install/micro_ros_msgs/share/micro_ros_msgs/hook/ld_library_path_lib.dsv'
[1.748s] INFO:colcon.colcon_core.shell:Creating environment hook '/home/npicbot/robocon_ws/install/micro_ros_msgs/share/micro_ros_msgs/hook/ld_library_path_lib.sh'
[1.749s] Level 1:colcon.colcon_core.environment:checking '/home/npicbot/robocon_ws/install/micro_ros_msgs/bin'
[1.749s] Level 1:colcon.colcon_core.environment:checking '/home/npicbot/robocon_ws/install/micro_ros_msgs/lib/pkgconfig/micro_ros_msgs.pc'
[1.750s] Level 1:colcon.colcon_core.environment:checking '/home/npicbot/robocon_ws/install/micro_ros_msgs/lib/python3.10/site-packages'
[1.750s] Level 1:colcon.colcon_core.environment:checking '/home/npicbot/robocon_ws/install/micro_ros_msgs/bin'
[1.751s] INFO:colcon.colcon_core.shell:Creating package script '/home/npicbot/robocon_ws/install/micro_ros_msgs/share/micro_ros_msgs/package.ps1'
[1.752s] INFO:colcon.colcon_core.shell:Creating package descriptor '/home/npicbot/robocon_ws/install/micro_ros_msgs/share/micro_ros_msgs/package.dsv'
[1.753s] INFO:colcon.colcon_core.shell:Creating package script '/home/npicbot/robocon_ws/install/micro_ros_msgs/share/micro_ros_msgs/package.sh'
[1.753s] INFO:colcon.colcon_core.shell:Creating package script '/home/npicbot/robocon_ws/install/micro_ros_msgs/share/micro_ros_msgs/package.bash'
[1.754s] INFO:colcon.colcon_core.shell:Creating package script '/home/npicbot/robocon_ws/install/micro_ros_msgs/share/micro_ros_msgs/package.zsh'
[1.755s] Level 1:colcon.colcon_core.environment:create_file_with_runtime_dependencies(/home/npicbot/robocon_ws/install/micro_ros_msgs/share/colcon-core/packages/micro_ros_msgs)
[1.756s] INFO:colcon.colcon_ros.task.ament_cmake.build:Building ROS package in '/home/npicbot/robocon_ws/src/uros/micro-ROS-Agent/micro_ros_agent' with build type 'ament_cmake'
[1.756s] INFO:colcon.colcon_cmake.task.cmake.build:Building CMake package in '/home/npicbot/robocon_ws/src/uros/micro-ROS-Agent/micro_ros_agent'
[1.756s] INFO:colcon.colcon_core.shell:Skip shell extension 'powershell' for command environment: Not usable outside of PowerShell
[1.757s] DEBUG:colcon.colcon_core.shell:Skip shell extension 'dsv' for command environment
[1.776s] DEBUG:colcon.colcon_core.event_handler.log_command:Invoking command in '/home/npicbot/robocon_ws/build/micro_ros_agent': CMAKE_PREFIX_PATH=/home/npicbot/robocon_ws/install/micro_ros_msgs:/home/npicbot/robocon_ws/install/robot_localization:/home/npicbot/robocon_ws/install/robot_intelligent:/home/npicbot/robocon_ws/install/robot_command:/home/npicbot/robocon_ws/install/robot_base:/home/npicbot/robocon_ws/install/micro_ros_setup:/home/npicbot/robocon_ws/install/micro_ros_agent:/opt/ros/humble LD_LIBRARY_PATH=/home/npicbot/robocon_ws/install/micro_ros_msgs/lib:/home/npicbot/robocon_ws/install/robot_base/lib:/home/npicbot/robocon_ws/install/micro_ros_agent/lib:/opt/ros/humble/opt/rviz_ogre_vendor/lib:/opt/ros/humble/lib/aarch64-linux-gnu:/opt/ros/humble/lib /usr/bin/cmake --build /home/npicbot/robocon_ws/build/micro_ros_agent -- -j12 -l12
[1.897s] DEBUG:colcon.colcon_core.event_handler.log_command:Invoked command in '/home/npicbot/robocon_ws/build/micro_ros_agent' returned '0': CMAKE_PREFIX_PATH=/home/npicbot/robocon_ws/install/micro_ros_msgs:/home/npicbot/robocon_ws/install/robot_localization:/home/npicbot/robocon_ws/install/robot_intelligent:/home/npicbot/robocon_ws/install/robot_command:/home/npicbot/robocon_ws/install/robot_base:/home/npicbot/robocon_ws/install/micro_ros_setup:/home/npicbot/robocon_ws/install/micro_ros_agent:/opt/ros/humble LD_LIBRARY_PATH=/home/npicbot/robocon_ws/install/micro_ros_msgs/lib:/home/npicbot/robocon_ws/install/robot_base/lib:/home/npicbot/robocon_ws/install/micro_ros_agent/lib:/opt/ros/humble/opt/rviz_ogre_vendor/lib:/opt/ros/humble/lib/aarch64-linux-gnu:/opt/ros/humble/lib /usr/bin/cmake --build /home/npicbot/robocon_ws/build/micro_ros_agent -- -j12 -l12
[1.954s] DEBUG:colcon.colcon_core.event_handler.log_command:Invoking command in '/home/npicbot/robocon_ws/build/micro_ros_agent': CMAKE_PREFIX_PATH=/home/npicbot/robocon_ws/install/micro_ros_msgs:/home/npicbot/robocon_ws/install/robot_localization:/home/npicbot/robocon_ws/install/robot_intelligent:/home/npicbot/robocon_ws/install/robot_command:/home/npicbot/robocon_ws/install/robot_base:/home/npicbot/robocon_ws/install/micro_ros_setup:/home/npicbot/robocon_ws/install/micro_ros_agent:/opt/ros/humble LD_LIBRARY_PATH=/home/npicbot/robocon_ws/install/micro_ros_msgs/lib:/home/npicbot/robocon_ws/install/robot_base/lib:/home/npicbot/robocon_ws/install/micro_ros_agent/lib:/opt/ros/humble/opt/rviz_ogre_vendor/lib:/opt/ros/humble/lib/aarch64-linux-gnu:/opt/ros/humble/lib /usr/bin/cmake --install /home/npicbot/robocon_ws/build/micro_ros_agent
[1.972s] Level 1:colcon.colcon_core.environment:create_environment_scripts_only(micro_ros_agent)
[1.973s] Level 1:colcon.colcon_core.environment:checking '/home/npicbot/robocon_ws/install/micro_ros_agent' for CMake module files
[1.974s] DEBUG:colcon.colcon_core.event_handler.log_command:Invoked command in '/home/npicbot/robocon_ws/build/micro_ros_agent' returned '0': CMAKE_PREFIX_PATH=/home/npicbot/robocon_ws/install/micro_ros_msgs:/home/npicbot/robocon_ws/install/robot_localization:/home/npicbot/robocon_ws/install/robot_intelligent:/home/npicbot/robocon_ws/install/robot_command:/home/npicbot/robocon_ws/install/robot_base:/home/npicbot/robocon_ws/install/micro_ros_setup:/home/npicbot/robocon_ws/install/micro_ros_agent:/opt/ros/humble LD_LIBRARY_PATH=/home/npicbot/robocon_ws/install/micro_ros_msgs/lib:/home/npicbot/robocon_ws/install/robot_base/lib:/home/npicbot/robocon_ws/install/micro_ros_agent/lib:/opt/ros/humble/opt/rviz_ogre_vendor/lib:/opt/ros/humble/lib/aarch64-linux-gnu:/opt/ros/humble/lib /usr/bin/cmake --install /home/npicbot/robocon_ws/build/micro_ros_agent
[1.974s] Level 1:colcon.colcon_core.environment:checking '/home/npicbot/robocon_ws/install/micro_ros_agent' for CMake config files
[1.976s] Level 1:colcon.colcon_core.shell:create_environment_hook('micro_ros_agent', 'cmake_prefix_path')
[1.976s] INFO:colcon.colcon_core.shell:Creating environment hook '/home/npicbot/robocon_ws/install/micro_ros_agent/share/micro_ros_agent/hook/cmake_prefix_path.ps1'
[1.978s] INFO:colcon.colcon_core.shell:Creating environment descriptor '/home/npicbot/robocon_ws/install/micro_ros_agent/share/micro_ros_agent/hook/cmake_prefix_path.dsv'
[1.978s] INFO:colcon.colcon_core.shell:Creating environment hook '/home/npicbot/robocon_ws/install/micro_ros_agent/share/micro_ros_agent/hook/cmake_prefix_path.sh'
[1.979s] Level 1:colcon.colcon_core.environment:checking '/home/npicbot/robocon_ws/install/micro_ros_agent/lib'
[1.980s] Level 1:colcon.colcon_core.shell:create_environment_hook('micro_ros_agent', 'ld_library_path_lib')
[1.980s] INFO:colcon.colcon_core.shell:Creating environment hook '/home/npicbot/robocon_ws/install/micro_ros_agent/share/micro_ros_agent/hook/ld_library_path_lib.ps1'
[1.981s] INFO:colcon.colcon_core.shell:Creating environment descriptor '/home/npicbot/robocon_ws/install/micro_ros_agent/share/micro_ros_agent/hook/ld_library_path_lib.dsv'
[1.981s] INFO:colcon.colcon_core.shell:Creating environment hook '/home/npicbot/robocon_ws/install/micro_ros_agent/share/micro_ros_agent/hook/ld_library_path_lib.sh'
[1.982s] Level 1:colcon.colcon_core.environment:checking '/home/npicbot/robocon_ws/install/micro_ros_agent/bin'
[1.982s] Level 1:colcon.colcon_core.environment:checking '/home/npicbot/robocon_ws/install/micro_ros_agent/lib/pkgconfig/micro_ros_agent.pc'
[1.983s] Level 1:colcon.colcon_core.environment:checking '/home/npicbot/robocon_ws/install/micro_ros_agent/lib/python3.10/site-packages'
[1.983s] Level 1:colcon.colcon_core.environment:checking '/home/npicbot/robocon_ws/install/micro_ros_agent/bin'
[1.983s] INFO:colcon.colcon_core.shell:Creating package script '/home/npicbot/robocon_ws/install/micro_ros_agent/share/micro_ros_agent/package.ps1'
[1.984s] INFO:colcon.colcon_core.shell:Creating package descriptor '/home/npicbot/robocon_ws/install/micro_ros_agent/share/micro_ros_agent/package.dsv'
[1.985s] INFO:colcon.colcon_core.shell:Creating package script '/home/npicbot/robocon_ws/install/micro_ros_agent/share/micro_ros_agent/package.sh'
[1.986s] INFO:colcon.colcon_core.shell:Creating package script '/home/npicbot/robocon_ws/install/micro_ros_agent/share/micro_ros_agent/package.bash'
[1.986s] INFO:colcon.colcon_core.shell:Creating package script '/home/npicbot/robocon_ws/install/micro_ros_agent/share/micro_ros_agent/package.zsh'
[1.987s] Level 1:colcon.colcon_core.environment:create_file_with_runtime_dependencies(/home/npicbot/robocon_ws/install/micro_ros_agent/share/colcon-core/packages/micro_ros_agent)
[2.033s] Level 1:colcon.colcon_core.environment:create_environment_scripts_only(micro_ros_agent)
[2.034s] Level 1:colcon.colcon_core.environment:checking '/home/npicbot/robocon_ws/install/micro_ros_agent' for CMake module files
[2.035s] Level 1:colcon.colcon_core.environment:checking '/home/npicbot/robocon_ws/install/micro_ros_agent' for CMake config files
[2.036s] Level 1:colcon.colcon_core.shell:create_environment_hook('micro_ros_agent', 'cmake_prefix_path')
[2.037s] INFO:colcon.colcon_core.shell:Creating environment hook '/home/npicbot/robocon_ws/install/micro_ros_agent/share/micro_ros_agent/hook/cmake_prefix_path.ps1'
[2.038s] INFO:colcon.colcon_core.shell:Creating environment descriptor '/home/npicbot/robocon_ws/install/micro_ros_agent/share/micro_ros_agent/hook/cmake_prefix_path.dsv'
[2.039s] INFO:colcon.colcon_core.shell:Creating environment hook '/home/npicbot/robocon_ws/install/micro_ros_agent/share/micro_ros_agent/hook/cmake_prefix_path.sh'
[2.040s] Level 1:colcon.colcon_core.environment:checking '/home/npicbot/robocon_ws/install/micro_ros_agent/lib'
[2.040s] Level 1:colcon.colcon_core.shell:create_environment_hook('micro_ros_agent', 'ld_library_path_lib')
[2.040s] INFO:colcon.colcon_core.shell:Creating environment hook '/home/npicbot/robocon_ws/install/micro_ros_agent/share/micro_ros_agent/hook/ld_library_path_lib.ps1'
[2.041s] INFO:colcon.colcon_core.shell:Creating environment descriptor '/home/npicbot/robocon_ws/install/micro_ros_agent/share/micro_ros_agent/hook/ld_library_path_lib.dsv'
[2.042s] INFO:colcon.colcon_core.shell:Creating environment hook '/home/npicbot/robocon_ws/install/micro_ros_agent/share/micro_ros_agent/hook/ld_library_path_lib.sh'
[2.042s] Level 1:colcon.colcon_core.environment:checking '/home/npicbot/robocon_ws/install/micro_ros_agent/bin'
[2.042s] Level 1:colcon.colcon_core.environment:checking '/home/npicbot/robocon_ws/install/micro_ros_agent/lib/pkgconfig/micro_ros_agent.pc'
[2.043s] Level 1:colcon.colcon_core.environment:checking '/home/npicbot/robocon_ws/install/micro_ros_agent/lib/python3.10/site-packages'
[2.043s] Level 1:colcon.colcon_core.environment:checking '/home/npicbot/robocon_ws/install/micro_ros_agent/bin'
[2.044s] INFO:colcon.colcon_core.shell:Creating package script '/home/npicbot/robocon_ws/install/micro_ros_agent/share/micro_ros_agent/package.ps1'
[2.045s] INFO:colcon.colcon_core.shell:Creating package descriptor '/home/npicbot/robocon_ws/install/micro_ros_agent/share/micro_ros_agent/package.dsv'
[2.045s] INFO:colcon.colcon_core.shell:Creating package script '/home/npicbot/robocon_ws/install/micro_ros_agent/share/micro_ros_agent/package.sh'
[2.046s] INFO:colcon.colcon_core.shell:Creating package script '/home/npicbot/robocon_ws/install/micro_ros_agent/share/micro_ros_agent/package.bash'
[2.047s] INFO:colcon.colcon_core.shell:Creating package script '/home/npicbot/robocon_ws/install/micro_ros_agent/share/micro_ros_agent/package.zsh'
[2.048s] Level 1:colcon.colcon_core.environment:create_file_with_runtime_dependencies(/home/npicbot/robocon_ws/install/micro_ros_agent/share/colcon-core/packages/micro_ros_agent)
[16.310s] DEBUG:colcon.colcon_core.event_handler.log_command:Invoked command in '/home/npicbot/robocon_ws/build/robot_intelligent' returned '0': CMAKE_PREFIX_PATH=${CMAKE_PREFIX_PATH}:/opt/ros/humble /usr/bin/cmake --build /home/npicbot/robocon_ws/build/robot_intelligent -- -j12 -l12
[16.358s] DEBUG:colcon.colcon_core.event_handler.log_command:Invoking command in '/home/npicbot/robocon_ws/build/robot_intelligent': CMAKE_PREFIX_PATH=${CMAKE_PREFIX_PATH}:/opt/ros/humble /usr/bin/cmake --install /home/npicbot/robocon_ws/build/robot_intelligent
[16.386s] Level 1:colcon.colcon_core.environment:create_environment_scripts_only(robot_intelligent)
[16.387s] Level 1:colcon.colcon_core.environment:checking '/home/npicbot/robocon_ws/install/robot_intelligent' for CMake module files
[16.388s] DEBUG:colcon.colcon_core.event_handler.log_command:Invoked command in '/home/npicbot/robocon_ws/build/robot_intelligent' returned '0': CMAKE_PREFIX_PATH=${CMAKE_PREFIX_PATH}:/opt/ros/humble /usr/bin/cmake --install /home/npicbot/robocon_ws/build/robot_intelligent
[16.389s] Level 1:colcon.colcon_core.environment:checking '/home/npicbot/robocon_ws/install/robot_intelligent' for CMake config files
[16.389s] Level 1:colcon.colcon_core.shell:create_environment_hook('robot_intelligent', 'cmake_prefix_path')
[16.390s] INFO:colcon.colcon_core.shell:Creating environment hook '/home/npicbot/robocon_ws/install/robot_intelligent/share/robot_intelligent/hook/cmake_prefix_path.ps1'
[16.391s] INFO:colcon.colcon_core.shell:Creating environment descriptor '/home/npicbot/robocon_ws/install/robot_intelligent/share/robot_intelligent/hook/cmake_prefix_path.dsv'
[16.392s] INFO:colcon.colcon_core.shell:Creating environment hook '/home/npicbot/robocon_ws/install/robot_intelligent/share/robot_intelligent/hook/cmake_prefix_path.sh'
[16.394s] Level 1:colcon.colcon_core.environment:checking '/home/npicbot/robocon_ws/install/robot_intelligent/lib'
[16.394s] Level 1:colcon.colcon_core.environment:checking '/home/npicbot/robocon_ws/install/robot_intelligent/bin'
[16.394s] Level 1:colcon.colcon_core.environment:checking '/home/npicbot/robocon_ws/install/robot_intelligent/lib/pkgconfig/robot_intelligent.pc'
[16.395s] Level 1:colcon.colcon_core.environment:checking '/home/npicbot/robocon_ws/install/robot_intelligent/lib/python3.10/site-packages'
[16.395s] Level 1:colcon.colcon_core.environment:checking '/home/npicbot/robocon_ws/install/robot_intelligent/bin'
[16.399s] INFO:colcon.colcon_core.shell:Creating package script '/home/npicbot/robocon_ws/install/robot_intelligent/share/robot_intelligent/package.ps1'
[16.400s] INFO:colcon.colcon_core.shell:Creating package descriptor '/home/npicbot/robocon_ws/install/robot_intelligent/share/robot_intelligent/package.dsv'
[16.401s] INFO:colcon.colcon_core.shell:Creating package script '/home/npicbot/robocon_ws/install/robot_intelligent/share/robot_intelligent/package.sh'
[16.402s] INFO:colcon.colcon_core.shell:Creating package script '/home/npicbot/robocon_ws/install/robot_intelligent/share/robot_intelligent/package.bash'
[16.402s] INFO:colcon.colcon_core.shell:Creating package script '/home/npicbot/robocon_ws/install/robot_intelligent/share/robot_intelligent/package.zsh'
[16.403s] Level 1:colcon.colcon_core.environment:create_file_with_runtime_dependencies(/home/npicbot/robocon_ws/install/robot_intelligent/share/colcon-core/packages/robot_intelligent)
[16.449s] Level 1:colcon.colcon_core.environment:create_environment_scripts_only(robot_intelligent)
[16.450s] Level 1:colcon.colcon_core.environment:checking '/home/npicbot/robocon_ws/install/robot_intelligent' for CMake module files
[16.451s] Level 1:colcon.colcon_core.environment:checking '/home/npicbot/robocon_ws/install/robot_intelligent' for CMake config files
[16.451s] Level 1:colcon.colcon_core.shell:create_environment_hook('robot_intelligent', 'cmake_prefix_path')
[16.452s] INFO:colcon.colcon_core.shell:Creating environment hook '/home/npicbot/robocon_ws/install/robot_intelligent/share/robot_intelligent/hook/cmake_prefix_path.ps1'
[16.453s] INFO:colcon.colcon_core.shell:Creating environment descriptor '/home/npicbot/robocon_ws/install/robot_intelligent/share/robot_intelligent/hook/cmake_prefix_path.dsv'
[16.454s] INFO:colcon.colcon_core.shell:Creating environment hook '/home/npicbot/robocon_ws/install/robot_intelligent/share/robot_intelligent/hook/cmake_prefix_path.sh'
[16.456s] Level 1:colcon.colcon_core.environment:checking '/home/npicbot/robocon_ws/install/robot_intelligent/lib'
[16.456s] Level 1:colcon.colcon_core.environment:checking '/home/npicbot/robocon_ws/install/robot_intelligent/bin'
[16.456s] Level 1:colcon.colcon_core.environment:checking '/home/npicbot/robocon_ws/install/robot_intelligent/lib/pkgconfig/robot_intelligent.pc'
[16.456s] Level 1:colcon.colcon_core.environment:checking '/home/npicbot/robocon_ws/install/robot_intelligent/lib/python3.10/site-packages'
[16.457s] Level 1:colcon.colcon_core.environment:checking '/home/npicbot/robocon_ws/install/robot_intelligent/bin'
[16.457s] INFO:colcon.colcon_core.shell:Creating package script '/home/npicbot/robocon_ws/install/robot_intelligent/share/robot_intelligent/package.ps1'
[16.459s] INFO:colcon.colcon_core.shell:Creating package descriptor '/home/npicbot/robocon_ws/install/robot_intelligent/share/robot_intelligent/package.dsv'
[16.460s] INFO:colcon.colcon_core.shell:Creating package script '/home/npicbot/robocon_ws/install/robot_intelligent/share/robot_intelligent/package.sh'
[16.463s] INFO:colcon.colcon_core.shell:Creating package script '/home/npicbot/robocon_ws/install/robot_intelligent/share/robot_intelligent/package.bash'
[16.465s] INFO:colcon.colcon_core.shell:Creating package script '/home/npicbot/robocon_ws/install/robot_intelligent/share/robot_intelligent/package.zsh'
[16.465s] Level 1:colcon.colcon_core.environment:create_file_with_runtime_dependencies(/home/npicbot/robocon_ws/install/robot_intelligent/share/colcon-core/packages/robot_intelligent)
[16.466s] DEBUG:colcon.colcon_parallel_executor.executor.parallel:closing loop
[16.468s] DEBUG:colcon.colcon_parallel_executor.executor.parallel:loop closed
[16.468s] DEBUG:colcon.colcon_parallel_executor.executor.parallel:run_until_complete finished with '0'
[16.468s] DEBUG:colcon.colcon_core.event_reactor:joining thread
[16.480s] INFO:colcon.colcon_core.plugin_system:Skipping extension 'colcon_notification.desktop_notification.terminal_notifier': Not used on non-Darwin systems
[16.481s] INFO:colcon.colcon_core.plugin_system:Skipping extension 'colcon_notification.desktop_notification.win32': Not used on non-Windows systems
[16.481s] INFO:colcon.colcon_notification.desktop_notification:Sending desktop notification using 'notify2'
[16.518s] DEBUG:colcon.colcon_core.event_reactor:joined thread
[16.519s] INFO:colcon.colcon_core.shell:Creating prefix script '/home/npicbot/robocon_ws/install/local_setup.ps1'
[16.521s] INFO:colcon.colcon_core.shell:Creating prefix util module '/home/npicbot/robocon_ws/install/_local_setup_util_ps1.py'
[16.524s] INFO:colcon.colcon_core.shell:Creating prefix chain script '/home/npicbot/robocon_ws/install/setup.ps1'
[16.526s] INFO:colcon.colcon_core.shell:Creating prefix script '/home/npicbot/robocon_ws/install/local_setup.sh'
[16.527s] INFO:colcon.colcon_core.shell:Creating prefix util module '/home/npicbot/robocon_ws/install/_local_setup_util_sh.py'
[16.529s] INFO:colcon.colcon_core.shell:Creating prefix chain script '/home/npicbot/robocon_ws/install/setup.sh'
[16.531s] INFO:colcon.colcon_core.shell:Creating prefix script '/home/npicbot/robocon_ws/install/local_setup.bash'
[16.532s] INFO:colcon.colcon_core.shell:Creating prefix chain script '/home/npicbot/robocon_ws/install/setup.bash'
[16.534s] INFO:colcon.colcon_core.shell:Creating prefix script '/home/npicbot/robocon_ws/install/local_setup.zsh'
[16.535s] INFO:colcon.colcon_core.shell:Creating prefix chain script '/home/npicbot/robocon_ws/install/setup.zsh'
