[0.029s] Invoking command in '/home/npicbot/robocon_ws/build/robot_intelligent': CMAKE_PREFIX_PATH=/opt/ros/humble /usr/bin/cmake /home/npicbot/robocon_ws/src/robot_intelligent -DCMAKE_INSTALL_PREFIX=/home/npicbot/robocon_ws/install/robot_intelligent
[0.046s] -- Found ament_cmake: 1.3.10 (/opt/ros/humble/share/ament_cmake/cmake)
[0.273s] -- Found geometry_msgs: 4.2.4 (/opt/ros/humble/share/geometry_msgs/cmake)
[0.308s] -- Found rosidl_generator_c: 3.1.5 (/opt/ros/humble/share/rosidl_generator_c/cmake)
[0.312s] -- Found rosidl_adapter: 3.1.5 (/opt/ros/humble/share/rosidl_adapter/cmake)
[0.320s] -- Found rosidl_generator_cpp: 3.1.5 (/opt/ros/humble/share/rosidl_generator_cpp/cmake)
[0.334s] -- Using all available rosidl_typesupport_c: rosidl_typesupport_fastrtps_c;rosidl_typesupport_introspection_c
[0.352s] -- Using all available rosidl_typesupport_cpp: rosidl_typesupport_fastrtps_cpp;rosidl_typesupport_introspection_cpp
[0.402s] -- Found rclcpp: 16.0.10 (/opt/ros/humble/share/rclcpp/cmake)
[0.438s] -- Found rmw_implementation_cmake: 6.1.2 (/opt/ros/humble/share/rmw_implementation_cmake/cmake)
[0.440s] -- Found rmw_fastrtps_cpp: 6.2.7 (/opt/ros/humble/share/rmw_fastrtps_cpp/cmake)
[0.578s] -- Using RMW implementation 'rmw_fastrtps_cpp' as default
[0.630s] [31mCMake Error at /opt/ros/humble/share/ament_cmake_target_dependencies/cmake/ament_target_dependencies.cmake:77 (message):
[0.630s]   ament_target_dependencies() the passed package name 'robot_base' was not
[0.630s]   found before
[0.630s] Call Stack (most recent call first):
[0.630s]   CMakeLists.txt:15 (ament_target_dependencies)
[0.630s] 
[0.631s] [0m
[0.631s] -- Configuring incomplete, errors occurred!
[0.631s] See also "/home/npicbot/robocon_ws/build/robot_intelligent/CMakeFiles/CMakeOutput.log".
[0.647s] Invoked command in '/home/npicbot/robocon_ws/build/robot_intelligent' returned '1': CMAKE_PREFIX_PATH=/opt/ros/humble /usr/bin/cmake /home/npicbot/robocon_ws/src/robot_intelligent -DCMAKE_INSTALL_PREFIX=/home/npicbot/robocon_ws/install/robot_intelligent
