-- Found ament_cmake: 1.3.10 (/opt/ros/humble/share/ament_cmake/cmake)
-- Found rosidl_default_generators: 1.2.0 (/opt/ros/humble/share/rosidl_default_generators/cmake)
-- Using all available rosidl_typesupport_c: rosidl_typesupport_fastrtps_c;rosidl_typesupport_introspection_c
-- Found rosidl_adapter: 3.1.5 (/opt/ros/humble/share/rosidl_adapter/cmake)
-- Using all available rosidl_typesupport_cpp: rosidl_typesupport_fastrtps_cpp;rosidl_typesupport_introspection_cpp
-- Found ament_cmake_ros: 0.10.0 (/opt/ros/humble/share/ament_cmake_ros/cmake)
-- Using all available rosidl_typesupport_c: rosidl_typesupport_fastrtps_c;rosidl_typesupport_introspection_c
-- Using all available rosidl_typesupport_cpp: rosidl_typesupport_fastrtps_cpp;rosidl_typesupport_introspection_cpp
-- Found python_cmake_module: 0.10.0 (/opt/ros/humble/share/python_cmake_module/cmake)
-- Using PYTHON_EXECUTABLE: /usr/bin/python3
-- Using PYTHON_INCLUDE_DIRS: /usr/include/python3.10
-- Using PYTHON_LIBRARIES: /usr/lib/aarch64-linux-gnu/libpython3.10.so
-- Found ament_lint_auto: 0.12.11 (/opt/ros/humble/share/ament_lint_auto/cmake)
-- Added test 'lint_cmake' to check CMake code style
-- Added test 'xmllint' to check XML markup files
-- Configuring done
-- Generating done
-- Build files have been written to: /home/npicbot/robocon_ws/build/robot_base
[35m[1mConsolidate compiler generated dependencies of target robot_base__rosidl_generator_c[0m
[  2%] Built target robot_base__cpp
[ 12%] Built target robot_base__rosidl_generator_c
[ 12%] Built target ament_cmake_python_copy_robot_base
[35m[1mConsolidate compiler generated dependencies of target robot_base__rosidl_typesupport_introspection_cpp[0m
[35m[1mConsolidate compiler generated dependencies of target robot_base__rosidl_typesupport_fastrtps_c[0m
[35m[1mConsolidate compiler generated dependencies of target robot_base__rosidl_typesupport_fastrtps_cpp[0m
[35m[1mConsolidate compiler generated dependencies of target robot_base__rosidl_typesupport_cpp[0m
[35m[1mConsolidate compiler generated dependencies of target robot_base__rosidl_typesupport_c[0m
[35m[1mConsolidate compiler generated dependencies of target robot_base__rosidl_typesupport_introspection_c[0m
[ 41%] Built target robot_base__rosidl_typesupport_cpp
[ 41%] Built target robot_base__rosidl_typesupport_introspection_cpp
[ 43%] Built target robot_base__rosidl_typesupport_fastrtps_cpp
[ 53%] Built target robot_base__rosidl_typesupport_fastrtps_c
[ 74%] Built target robot_base__rosidl_typesupport_c
[ 74%] Built target robot_base__rosidl_typesupport_introspection_c
[ 74%] Built target robot_base
[ 76%] Built target robot_base__py
[35m[1mConsolidate compiler generated dependencies of target robot_base__rosidl_generator_py[0m
[ 84%] Built target robot_base__rosidl_generator_py
[35m[1mConsolidate compiler generated dependencies of target robot_base__rosidl_typesupport_fastrtps_c__pyext[0m
[35m[1mConsolidate compiler generated dependencies of target robot_base__rosidl_typesupport_c__pyext[0m
[35m[1mConsolidate compiler generated dependencies of target robot_base__rosidl_typesupport_introspection_c__pyext[0m
[ 89%] Built target robot_base__rosidl_typesupport_c__pyext
[ 94%] Built target robot_base__rosidl_typesupport_introspection_c__pyext
[100%] Built target robot_base__rosidl_typesupport_fastrtps_c__pyext
running egg_info
writing robot_base.egg-info/PKG-INFO
writing dependency_links to robot_base.egg-info/dependency_links.txt
writing top-level names to robot_base.egg-info/top_level.txt
reading manifest file 'robot_base.egg-info/SOURCES.txt'
writing manifest file 'robot_base.egg-info/SOURCES.txt'
[100%] Built target ament_cmake_python_build_robot_base_egg
