[0.051s] Invoking command in '/home/npicbot/robocon_ws/build/micro_ros_msgs': CMAKE_PREFIX_PATH=${CMAKE_PREFIX_PATH}:/opt/ros/humble /usr/bin/cmake --build /home/npicbot/robocon_ws/build/micro_ros_msgs -- -j12 -l12
[0.131s] [  2%] Built target micro_ros_msgs__cpp
[0.134s] [ 12%] Built target micro_ros_msgs__rosidl_generator_c
[0.157s] [ 12%] Built target ament_cmake_python_copy_micro_ros_msgs
[0.183s] [ 23%] Built target micro_ros_msgs__rosidl_typesupport_fastrtps_cpp
[0.187s] [ 34%] Built target micro_ros_msgs__rosidl_typesupport_cpp
[0.190s] [ 44%] Built target micro_ros_msgs__rosidl_typesupport_introspection_cpp
[0.207s] [ 55%] Built target micro_ros_msgs__rosidl_typesupport_c
[0.208s] [ 65%] Built target micro_ros_msgs__rosidl_typesupport_fastrtps_c
[0.283s] [ 76%] Built target micro_ros_msgs__rosidl_typesupport_introspection_c
[0.283s] [ 76%] Built target micro_ros_msgs
[0.324s] [ 78%] Built target micro_ros_msgs__py
[0.369s] [ 87%] Built target micro_ros_msgs__rosidl_generator_py
[0.423s] [ 91%] Built target micro_ros_msgs__rosidl_typesupport_introspection_c__pyext
[0.427s] [ 95%] Built target micro_ros_msgs__rosidl_typesupport_c__pyext
[0.430s] [100%] Built target micro_ros_msgs__rosidl_typesupport_fastrtps_c__pyext
[0.657s] running egg_info
[0.659s] writing micro_ros_msgs.egg-info/PKG-INFO
[0.659s] writing dependency_links to micro_ros_msgs.egg-info/dependency_links.txt
[0.660s] writing top-level names to micro_ros_msgs.egg-info/top_level.txt
[0.666s] reading manifest file 'micro_ros_msgs.egg-info/SOURCES.txt'
[0.667s] writing manifest file 'micro_ros_msgs.egg-info/SOURCES.txt'
[0.741s] [100%] Built target ament_cmake_python_build_micro_ros_msgs_egg
[0.765s] Invoked command in '/home/npicbot/robocon_ws/build/micro_ros_msgs' returned '0': CMAKE_PREFIX_PATH=${CMAKE_PREFIX_PATH}:/opt/ros/humble /usr/bin/cmake --build /home/npicbot/robocon_ws/build/micro_ros_msgs -- -j12 -l12
[0.914s] Invoking command in '/home/npicbot/robocon_ws/build/micro_ros_msgs': CMAKE_PREFIX_PATH=${CMAKE_PREFIX_PATH}:/opt/ros/humble /usr/bin/cmake --install /home/npicbot/robocon_ws/build/micro_ros_msgs
[0.927s] -- Install configuration: ""
[0.927s] -- Up-to-date: /home/npicbot/robocon_ws/install/micro_ros_msgs/share/ament_index/resource_index/rosidl_interfaces/micro_ros_msgs
[0.928s] -- Up-to-date: /home/npicbot/robocon_ws/install/micro_ros_msgs/include/micro_ros_msgs/micro_ros_msgs
[0.928s] -- Up-to-date: /home/npicbot/robocon_ws/install/micro_ros_msgs/include/micro_ros_msgs/micro_ros_msgs/msg
[0.928s] -- Up-to-date: /home/npicbot/robocon_ws/install/micro_ros_msgs/include/micro_ros_msgs/micro_ros_msgs/msg/detail
[0.928s] -- Up-to-date: /home/npicbot/robocon_ws/install/micro_ros_msgs/include/micro_ros_msgs/micro_ros_msgs/msg/detail/graph__functions.h
[0.928s] -- Up-to-date: /home/npicbot/robocon_ws/install/micro_ros_msgs/include/micro_ros_msgs/micro_ros_msgs/msg/detail/entity__struct.h
[0.928s] -- Up-to-date: /home/npicbot/robocon_ws/install/micro_ros_msgs/include/micro_ros_msgs/micro_ros_msgs/msg/detail/graph__struct.h
[0.928s] -- Up-to-date: /home/npicbot/robocon_ws/install/micro_ros_msgs/include/micro_ros_msgs/micro_ros_msgs/msg/detail/node__struct.h
[0.928s] -- Up-to-date: /home/npicbot/robocon_ws/install/micro_ros_msgs/include/micro_ros_msgs/micro_ros_msgs/msg/detail/node__functions.h
[0.929s] -- Up-to-date: /home/npicbot/robocon_ws/install/micro_ros_msgs/include/micro_ros_msgs/micro_ros_msgs/msg/detail/graph__type_support.h
[0.929s] -- Up-to-date: /home/npicbot/robocon_ws/install/micro_ros_msgs/include/micro_ros_msgs/micro_ros_msgs/msg/detail/entity__functions.h
[0.929s] -- Up-to-date: /home/npicbot/robocon_ws/install/micro_ros_msgs/include/micro_ros_msgs/micro_ros_msgs/msg/detail/node__functions.c
[0.929s] -- Up-to-date: /home/npicbot/robocon_ws/install/micro_ros_msgs/include/micro_ros_msgs/micro_ros_msgs/msg/detail/entity__type_support.h
[0.929s] -- Up-to-date: /home/npicbot/robocon_ws/install/micro_ros_msgs/include/micro_ros_msgs/micro_ros_msgs/msg/detail/node__type_support.h
[0.929s] -- Up-to-date: /home/npicbot/robocon_ws/install/micro_ros_msgs/include/micro_ros_msgs/micro_ros_msgs/msg/detail/entity__functions.c
[0.929s] -- Up-to-date: /home/npicbot/robocon_ws/install/micro_ros_msgs/include/micro_ros_msgs/micro_ros_msgs/msg/detail/graph__functions.c
[0.929s] -- Up-to-date: /home/npicbot/robocon_ws/install/micro_ros_msgs/include/micro_ros_msgs/micro_ros_msgs/msg/entity.h
[0.930s] -- Up-to-date: /home/npicbot/robocon_ws/install/micro_ros_msgs/include/micro_ros_msgs/micro_ros_msgs/msg/rosidl_generator_c__visibility_control.h
[0.930s] -- Up-to-date: /home/npicbot/robocon_ws/install/micro_ros_msgs/include/micro_ros_msgs/micro_ros_msgs/msg/node.h
[0.930s] -- Up-to-date: /home/npicbot/robocon_ws/install/micro_ros_msgs/include/micro_ros_msgs/micro_ros_msgs/msg/graph.h
[0.930s] -- Up-to-date: /home/npicbot/robocon_ws/install/micro_ros_msgs/share/micro_ros_msgs/environment/library_path.sh
[0.930s] -- Up-to-date: /home/npicbot/robocon_ws/install/micro_ros_msgs/share/micro_ros_msgs/environment/library_path.dsv
[0.930s] -- Up-to-date: /home/npicbot/robocon_ws/install/micro_ros_msgs/lib/libmicro_ros_msgs__rosidl_generator_c.so
[0.930s] -- Up-to-date: /home/npicbot/robocon_ws/install/micro_ros_msgs/include/micro_ros_msgs/micro_ros_msgs
[0.930s] -- Up-to-date: /home/npicbot/robocon_ws/install/micro_ros_msgs/include/micro_ros_msgs/micro_ros_msgs/msg
[0.931s] -- Up-to-date: /home/npicbot/robocon_ws/install/micro_ros_msgs/include/micro_ros_msgs/micro_ros_msgs/msg/detail
[0.931s] -- Up-to-date: /home/npicbot/robocon_ws/install/micro_ros_msgs/include/micro_ros_msgs/micro_ros_msgs/msg/detail/entity__rosidl_typesupport_fastrtps_c.h
[0.931s] -- Up-to-date: /home/npicbot/robocon_ws/install/micro_ros_msgs/include/micro_ros_msgs/micro_ros_msgs/msg/detail/graph__rosidl_typesupport_fastrtps_c.h
[0.931s] -- Up-to-date: /home/npicbot/robocon_ws/install/micro_ros_msgs/include/micro_ros_msgs/micro_ros_msgs/msg/detail/node__rosidl_typesupport_fastrtps_c.h
[0.931s] -- Up-to-date: /home/npicbot/robocon_ws/install/micro_ros_msgs/include/micro_ros_msgs/micro_ros_msgs/msg/rosidl_typesupport_fastrtps_c__visibility_control.h
[0.931s] -- Up-to-date: /home/npicbot/robocon_ws/install/micro_ros_msgs/lib/libmicro_ros_msgs__rosidl_typesupport_fastrtps_c.so
[0.931s] -- Up-to-date: /home/npicbot/robocon_ws/install/micro_ros_msgs/include/micro_ros_msgs/micro_ros_msgs
[0.932s] -- Up-to-date: /home/npicbot/robocon_ws/install/micro_ros_msgs/include/micro_ros_msgs/micro_ros_msgs/msg
[0.932s] -- Up-to-date: /home/npicbot/robocon_ws/install/micro_ros_msgs/include/micro_ros_msgs/micro_ros_msgs/msg/detail
[0.932s] -- Up-to-date: /home/npicbot/robocon_ws/install/micro_ros_msgs/include/micro_ros_msgs/micro_ros_msgs/msg/detail/node__rosidl_typesupport_introspection_c.h
[0.932s] -- Up-to-date: /home/npicbot/robocon_ws/install/micro_ros_msgs/include/micro_ros_msgs/micro_ros_msgs/msg/detail/entity__type_support.c
[0.932s] -- Up-to-date: /home/npicbot/robocon_ws/install/micro_ros_msgs/include/micro_ros_msgs/micro_ros_msgs/msg/detail/graph__rosidl_typesupport_introspection_c.h
[0.932s] -- Up-to-date: /home/npicbot/robocon_ws/install/micro_ros_msgs/include/micro_ros_msgs/micro_ros_msgs/msg/detail/graph__type_support.c
[0.932s] -- Up-to-date: /home/npicbot/robocon_ws/install/micro_ros_msgs/include/micro_ros_msgs/micro_ros_msgs/msg/detail/entity__rosidl_typesupport_introspection_c.h
[0.933s] -- Up-to-date: /home/npicbot/robocon_ws/install/micro_ros_msgs/include/micro_ros_msgs/micro_ros_msgs/msg/detail/node__type_support.c
[0.933s] -- Up-to-date: /home/npicbot/robocon_ws/install/micro_ros_msgs/include/micro_ros_msgs/micro_ros_msgs/msg/rosidl_typesupport_introspection_c__visibility_control.h
[0.933s] -- Up-to-date: /home/npicbot/robocon_ws/install/micro_ros_msgs/lib/libmicro_ros_msgs__rosidl_typesupport_introspection_c.so
[0.933s] -- Up-to-date: /home/npicbot/robocon_ws/install/micro_ros_msgs/lib/libmicro_ros_msgs__rosidl_typesupport_c.so
[0.933s] -- Up-to-date: /home/npicbot/robocon_ws/install/micro_ros_msgs/include/micro_ros_msgs/micro_ros_msgs
[0.933s] -- Up-to-date: /home/npicbot/robocon_ws/install/micro_ros_msgs/include/micro_ros_msgs/micro_ros_msgs/msg
[0.933s] -- Up-to-date: /home/npicbot/robocon_ws/install/micro_ros_msgs/include/micro_ros_msgs/micro_ros_msgs/msg/entity.hpp
[0.934s] -- Up-to-date: /home/npicbot/robocon_ws/install/micro_ros_msgs/include/micro_ros_msgs/micro_ros_msgs/msg/detail
[0.934s] -- Up-to-date: /home/npicbot/robocon_ws/install/micro_ros_msgs/include/micro_ros_msgs/micro_ros_msgs/msg/detail/entity__builder.hpp
[0.934s] -- Up-to-date: /home/npicbot/robocon_ws/install/micro_ros_msgs/include/micro_ros_msgs/micro_ros_msgs/msg/detail/graph__traits.hpp
[0.934s] -- Up-to-date: /home/npicbot/robocon_ws/install/micro_ros_msgs/include/micro_ros_msgs/micro_ros_msgs/msg/detail/node__builder.hpp
[0.934s] -- Up-to-date: /home/npicbot/robocon_ws/install/micro_ros_msgs/include/micro_ros_msgs/micro_ros_msgs/msg/detail/graph__struct.hpp
[0.934s] -- Up-to-date: /home/npicbot/robocon_ws/install/micro_ros_msgs/include/micro_ros_msgs/micro_ros_msgs/msg/detail/graph__builder.hpp
[0.934s] -- Up-to-date: /home/npicbot/robocon_ws/install/micro_ros_msgs/include/micro_ros_msgs/micro_ros_msgs/msg/detail/node__struct.hpp
[0.936s] -- Up-to-date: /home/npicbot/robocon_ws/install/micro_ros_msgs/include/micro_ros_msgs/micro_ros_msgs/msg/detail/entity__traits.hpp
[0.936s] -- Up-to-date: /home/npicbot/robocon_ws/install/micro_ros_msgs/include/micro_ros_msgs/micro_ros_msgs/msg/detail/entity__struct.hpp
[0.936s] -- Up-to-date: /home/npicbot/robocon_ws/install/micro_ros_msgs/include/micro_ros_msgs/micro_ros_msgs/msg/detail/node__traits.hpp
[0.936s] -- Up-to-date: /home/npicbot/robocon_ws/install/micro_ros_msgs/include/micro_ros_msgs/micro_ros_msgs/msg/node.hpp
[0.936s] -- Up-to-date: /home/npicbot/robocon_ws/install/micro_ros_msgs/include/micro_ros_msgs/micro_ros_msgs/msg/graph.hpp
[0.936s] -- Up-to-date: /home/npicbot/robocon_ws/install/micro_ros_msgs/include/micro_ros_msgs/micro_ros_msgs
[0.936s] -- Up-to-date: /home/npicbot/robocon_ws/install/micro_ros_msgs/include/micro_ros_msgs/micro_ros_msgs/msg
[0.936s] -- Up-to-date: /home/npicbot/robocon_ws/install/micro_ros_msgs/include/micro_ros_msgs/micro_ros_msgs/msg/detail
[0.936s] -- Up-to-date: /home/npicbot/robocon_ws/install/micro_ros_msgs/include/micro_ros_msgs/micro_ros_msgs/msg/detail/graph__rosidl_typesupport_fastrtps_cpp.hpp
[0.937s] -- Up-to-date: /home/npicbot/robocon_ws/install/micro_ros_msgs/include/micro_ros_msgs/micro_ros_msgs/msg/detail/node__rosidl_typesupport_fastrtps_cpp.hpp
[0.937s] -- Up-to-date: /home/npicbot/robocon_ws/install/micro_ros_msgs/include/micro_ros_msgs/micro_ros_msgs/msg/detail/entity__rosidl_typesupport_fastrtps_cpp.hpp
[0.937s] -- Up-to-date: /home/npicbot/robocon_ws/install/micro_ros_msgs/include/micro_ros_msgs/micro_ros_msgs/msg/detail/dds_fastrtps
[0.937s] -- Up-to-date: /home/npicbot/robocon_ws/install/micro_ros_msgs/include/micro_ros_msgs/micro_ros_msgs/msg/rosidl_typesupport_fastrtps_cpp__visibility_control.h
[0.937s] -- Up-to-date: /home/npicbot/robocon_ws/install/micro_ros_msgs/lib/libmicro_ros_msgs__rosidl_typesupport_fastrtps_cpp.so
[0.937s] -- Up-to-date: /home/npicbot/robocon_ws/install/micro_ros_msgs/include/micro_ros_msgs/micro_ros_msgs
[0.937s] -- Up-to-date: /home/npicbot/robocon_ws/install/micro_ros_msgs/include/micro_ros_msgs/micro_ros_msgs/msg
[0.937s] -- Up-to-date: /home/npicbot/robocon_ws/install/micro_ros_msgs/include/micro_ros_msgs/micro_ros_msgs/msg/detail
[0.937s] -- Up-to-date: /home/npicbot/robocon_ws/install/micro_ros_msgs/include/micro_ros_msgs/micro_ros_msgs/msg/detail/graph__rosidl_typesupport_introspection_cpp.hpp
[0.937s] -- Up-to-date: /home/npicbot/robocon_ws/install/micro_ros_msgs/include/micro_ros_msgs/micro_ros_msgs/msg/detail/entity__type_support.cpp
[0.937s] -- Up-to-date: /home/npicbot/robocon_ws/install/micro_ros_msgs/include/micro_ros_msgs/micro_ros_msgs/msg/detail/entity__rosidl_typesupport_introspection_cpp.hpp
[0.938s] -- Up-to-date: /home/npicbot/robocon_ws/install/micro_ros_msgs/include/micro_ros_msgs/micro_ros_msgs/msg/detail/graph__type_support.cpp
[0.938s] -- Up-to-date: /home/npicbot/robocon_ws/install/micro_ros_msgs/include/micro_ros_msgs/micro_ros_msgs/msg/detail/node__rosidl_typesupport_introspection_cpp.hpp
[0.938s] -- Up-to-date: /home/npicbot/robocon_ws/install/micro_ros_msgs/include/micro_ros_msgs/micro_ros_msgs/msg/detail/node__type_support.cpp
[0.938s] -- Up-to-date: /home/npicbot/robocon_ws/install/micro_ros_msgs/lib/libmicro_ros_msgs__rosidl_typesupport_introspection_cpp.so
[0.938s] -- Up-to-date: /home/npicbot/robocon_ws/install/micro_ros_msgs/lib/libmicro_ros_msgs__rosidl_typesupport_cpp.so
[0.938s] -- Up-to-date: /home/npicbot/robocon_ws/install/micro_ros_msgs/share/micro_ros_msgs/environment/pythonpath.sh
[0.938s] -- Up-to-date: /home/npicbot/robocon_ws/install/micro_ros_msgs/share/micro_ros_msgs/environment/pythonpath.dsv
[0.938s] -- Up-to-date: /home/npicbot/robocon_ws/install/micro_ros_msgs/local/lib/python3.10/dist-packages/micro_ros_msgs-3.0.1-py3.10.egg-info
[0.938s] -- Installing: /home/npicbot/robocon_ws/install/micro_ros_msgs/local/lib/python3.10/dist-packages/micro_ros_msgs-3.0.1-py3.10.egg-info/top_level.txt
[0.938s] -- Installing: /home/npicbot/robocon_ws/install/micro_ros_msgs/local/lib/python3.10/dist-packages/micro_ros_msgs-3.0.1-py3.10.egg-info/PKG-INFO
[0.939s] -- Installing: /home/npicbot/robocon_ws/install/micro_ros_msgs/local/lib/python3.10/dist-packages/micro_ros_msgs-3.0.1-py3.10.egg-info/SOURCES.txt
[0.939s] -- Installing: /home/npicbot/robocon_ws/install/micro_ros_msgs/local/lib/python3.10/dist-packages/micro_ros_msgs-3.0.1-py3.10.egg-info/dependency_links.txt
[0.939s] -- Up-to-date: /home/npicbot/robocon_ws/install/micro_ros_msgs/local/lib/python3.10/dist-packages/micro_ros_msgs
[0.939s] -- Up-to-date: /home/npicbot/robocon_ws/install/micro_ros_msgs/local/lib/python3.10/dist-packages/micro_ros_msgs/msg
[0.939s] -- Up-to-date: /home/npicbot/robocon_ws/install/micro_ros_msgs/local/lib/python3.10/dist-packages/micro_ros_msgs/msg/_node_s.c
[0.939s] -- Up-to-date: /home/npicbot/robocon_ws/install/micro_ros_msgs/local/lib/python3.10/dist-packages/micro_ros_msgs/msg/_graph.py
[0.939s] -- Up-to-date: /home/npicbot/robocon_ws/install/micro_ros_msgs/local/lib/python3.10/dist-packages/micro_ros_msgs/msg/_graph_s.c
[0.939s] -- Up-to-date: /home/npicbot/robocon_ws/install/micro_ros_msgs/local/lib/python3.10/dist-packages/micro_ros_msgs/msg/_entity_s.c
[0.939s] -- Up-to-date: /home/npicbot/robocon_ws/install/micro_ros_msgs/local/lib/python3.10/dist-packages/micro_ros_msgs/msg/_entity.py
[0.939s] -- Up-to-date: /home/npicbot/robocon_ws/install/micro_ros_msgs/local/lib/python3.10/dist-packages/micro_ros_msgs/msg/__init__.py
[0.939s] -- Up-to-date: /home/npicbot/robocon_ws/install/micro_ros_msgs/local/lib/python3.10/dist-packages/micro_ros_msgs/msg/_node.py
[0.940s] -- Up-to-date: /home/npicbot/robocon_ws/install/micro_ros_msgs/local/lib/python3.10/dist-packages/micro_ros_msgs/micro_ros_msgs_s__rosidl_typesupport_introspection_c.cpython-310-aarch64-linux-gnu.so
[0.940s] -- Up-to-date: /home/npicbot/robocon_ws/install/micro_ros_msgs/local/lib/python3.10/dist-packages/micro_ros_msgs/_micro_ros_msgs_s.ep.rosidl_typesupport_introspection_c.c
[0.940s] -- Up-to-date: /home/npicbot/robocon_ws/install/micro_ros_msgs/local/lib/python3.10/dist-packages/micro_ros_msgs/micro_ros_msgs_s__rosidl_typesupport_c.cpython-310-aarch64-linux-gnu.so
[0.940s] -- Up-to-date: /home/npicbot/robocon_ws/install/micro_ros_msgs/local/lib/python3.10/dist-packages/micro_ros_msgs/_micro_ros_msgs_s.ep.rosidl_typesupport_fastrtps_c.c
[0.940s] -- Up-to-date: /home/npicbot/robocon_ws/install/micro_ros_msgs/local/lib/python3.10/dist-packages/micro_ros_msgs/_micro_ros_msgs_s.ep.rosidl_typesupport_c.c
[0.940s] -- Up-to-date: /home/npicbot/robocon_ws/install/micro_ros_msgs/local/lib/python3.10/dist-packages/micro_ros_msgs/micro_ros_msgs_s__rosidl_typesupport_fastrtps_c.cpython-310-aarch64-linux-gnu.so
[0.940s] -- Up-to-date: /home/npicbot/robocon_ws/install/micro_ros_msgs/local/lib/python3.10/dist-packages/micro_ros_msgs/__init__.py
[0.940s] -- Up-to-date: /home/npicbot/robocon_ws/install/micro_ros_msgs/local/lib/python3.10/dist-packages/micro_ros_msgs/libmicro_ros_msgs__rosidl_generator_py.so
[0.991s] Listing '/home/npicbot/robocon_ws/install/micro_ros_msgs/local/lib/python3.10/dist-packages/micro_ros_msgs'...
[0.991s] Listing '/home/npicbot/robocon_ws/install/micro_ros_msgs/local/lib/python3.10/dist-packages/micro_ros_msgs/msg'...
[1.001s] -- Up-to-date: /home/npicbot/robocon_ws/install/micro_ros_msgs/local/lib/python3.10/dist-packages/micro_ros_msgs/micro_ros_msgs_s__rosidl_typesupport_fastrtps_c.cpython-310-aarch64-linux-gnu.so
[1.001s] -- Up-to-date: /home/npicbot/robocon_ws/install/micro_ros_msgs/local/lib/python3.10/dist-packages/micro_ros_msgs/micro_ros_msgs_s__rosidl_typesupport_introspection_c.cpython-310-aarch64-linux-gnu.so
[1.001s] -- Up-to-date: /home/npicbot/robocon_ws/install/micro_ros_msgs/local/lib/python3.10/dist-packages/micro_ros_msgs/micro_ros_msgs_s__rosidl_typesupport_c.cpython-310-aarch64-linux-gnu.so
[1.002s] -- Up-to-date: /home/npicbot/robocon_ws/install/micro_ros_msgs/lib/libmicro_ros_msgs__rosidl_generator_py.so
[1.002s] -- Up-to-date: /home/npicbot/robocon_ws/install/micro_ros_msgs/share/micro_ros_msgs/msg/Graph.idl
[1.002s] -- Up-to-date: /home/npicbot/robocon_ws/install/micro_ros_msgs/share/micro_ros_msgs/msg/Node.idl
[1.002s] -- Up-to-date: /home/npicbot/robocon_ws/install/micro_ros_msgs/share/micro_ros_msgs/msg/Entity.idl
[1.002s] -- Up-to-date: /home/npicbot/robocon_ws/install/micro_ros_msgs/share/micro_ros_msgs/msg/Graph.msg
[1.002s] -- Up-to-date: /home/npicbot/robocon_ws/install/micro_ros_msgs/share/micro_ros_msgs/msg/Node.msg
[1.003s] -- Up-to-date: /home/npicbot/robocon_ws/install/micro_ros_msgs/share/micro_ros_msgs/msg/Entity.msg
[1.003s] -- Up-to-date: /home/npicbot/robocon_ws/install/micro_ros_msgs/share/ament_index/resource_index/package_run_dependencies/micro_ros_msgs
[1.003s] -- Up-to-date: /home/npicbot/robocon_ws/install/micro_ros_msgs/share/ament_index/resource_index/parent_prefix_path/micro_ros_msgs
[1.003s] -- Up-to-date: /home/npicbot/robocon_ws/install/micro_ros_msgs/share/micro_ros_msgs/environment/ament_prefix_path.sh
[1.003s] -- Up-to-date: /home/npicbot/robocon_ws/install/micro_ros_msgs/share/micro_ros_msgs/environment/ament_prefix_path.dsv
[1.004s] -- Up-to-date: /home/npicbot/robocon_ws/install/micro_ros_msgs/share/micro_ros_msgs/environment/path.sh
[1.004s] -- Up-to-date: /home/npicbot/robocon_ws/install/micro_ros_msgs/share/micro_ros_msgs/environment/path.dsv
[1.004s] -- Up-to-date: /home/npicbot/robocon_ws/install/micro_ros_msgs/share/micro_ros_msgs/local_setup.bash
[1.004s] -- Up-to-date: /home/npicbot/robocon_ws/install/micro_ros_msgs/share/micro_ros_msgs/local_setup.sh
[1.004s] -- Up-to-date: /home/npicbot/robocon_ws/install/micro_ros_msgs/share/micro_ros_msgs/local_setup.zsh
[1.004s] -- Up-to-date: /home/npicbot/robocon_ws/install/micro_ros_msgs/share/micro_ros_msgs/local_setup.dsv
[1.004s] -- Installing: /home/npicbot/robocon_ws/install/micro_ros_msgs/share/micro_ros_msgs/package.dsv
[1.004s] -- Up-to-date: /home/npicbot/robocon_ws/install/micro_ros_msgs/share/ament_index/resource_index/packages/micro_ros_msgs
[1.004s] -- Up-to-date: /home/npicbot/robocon_ws/install/micro_ros_msgs/share/micro_ros_msgs/cmake/export_micro_ros_msgs__rosidl_generator_cExport.cmake
[1.005s] -- Up-to-date: /home/npicbot/robocon_ws/install/micro_ros_msgs/share/micro_ros_msgs/cmake/export_micro_ros_msgs__rosidl_generator_cExport-noconfig.cmake
[1.005s] -- Up-to-date: /home/npicbot/robocon_ws/install/micro_ros_msgs/share/micro_ros_msgs/cmake/export_micro_ros_msgs__rosidl_typesupport_fastrtps_cExport.cmake
[1.005s] -- Up-to-date: /home/npicbot/robocon_ws/install/micro_ros_msgs/share/micro_ros_msgs/cmake/export_micro_ros_msgs__rosidl_typesupport_fastrtps_cExport-noconfig.cmake
[1.005s] -- Up-to-date: /home/npicbot/robocon_ws/install/micro_ros_msgs/share/micro_ros_msgs/cmake/micro_ros_msgs__rosidl_typesupport_introspection_cExport.cmake
[1.005s] -- Up-to-date: /home/npicbot/robocon_ws/install/micro_ros_msgs/share/micro_ros_msgs/cmake/micro_ros_msgs__rosidl_typesupport_introspection_cExport-noconfig.cmake
[1.005s] -- Up-to-date: /home/npicbot/robocon_ws/install/micro_ros_msgs/share/micro_ros_msgs/cmake/micro_ros_msgs__rosidl_typesupport_cExport.cmake
[1.006s] -- Up-to-date: /home/npicbot/robocon_ws/install/micro_ros_msgs/share/micro_ros_msgs/cmake/micro_ros_msgs__rosidl_typesupport_cExport-noconfig.cmake
[1.006s] -- Up-to-date: /home/npicbot/robocon_ws/install/micro_ros_msgs/share/micro_ros_msgs/cmake/export_micro_ros_msgs__rosidl_generator_cppExport.cmake
[1.006s] -- Up-to-date: /home/npicbot/robocon_ws/install/micro_ros_msgs/share/micro_ros_msgs/cmake/export_micro_ros_msgs__rosidl_typesupport_fastrtps_cppExport.cmake
[1.006s] -- Up-to-date: /home/npicbot/robocon_ws/install/micro_ros_msgs/share/micro_ros_msgs/cmake/export_micro_ros_msgs__rosidl_typesupport_fastrtps_cppExport-noconfig.cmake
[1.006s] -- Up-to-date: /home/npicbot/robocon_ws/install/micro_ros_msgs/share/micro_ros_msgs/cmake/micro_ros_msgs__rosidl_typesupport_introspection_cppExport.cmake
[1.007s] -- Up-to-date: /home/npicbot/robocon_ws/install/micro_ros_msgs/share/micro_ros_msgs/cmake/micro_ros_msgs__rosidl_typesupport_introspection_cppExport-noconfig.cmake
[1.007s] -- Up-to-date: /home/npicbot/robocon_ws/install/micro_ros_msgs/share/micro_ros_msgs/cmake/micro_ros_msgs__rosidl_typesupport_cppExport.cmake
[1.007s] -- Up-to-date: /home/npicbot/robocon_ws/install/micro_ros_msgs/share/micro_ros_msgs/cmake/micro_ros_msgs__rosidl_typesupport_cppExport-noconfig.cmake
[1.007s] -- Up-to-date: /home/npicbot/robocon_ws/install/micro_ros_msgs/share/micro_ros_msgs/cmake/export_micro_ros_msgs__rosidl_generator_pyExport.cmake
[1.007s] -- Up-to-date: /home/npicbot/robocon_ws/install/micro_ros_msgs/share/micro_ros_msgs/cmake/export_micro_ros_msgs__rosidl_generator_pyExport-noconfig.cmake
[1.007s] -- Up-to-date: /home/npicbot/robocon_ws/install/micro_ros_msgs/share/micro_ros_msgs/cmake/rosidl_cmake-extras.cmake
[1.007s] -- Up-to-date: /home/npicbot/robocon_ws/install/micro_ros_msgs/share/micro_ros_msgs/cmake/ament_cmake_export_include_directories-extras.cmake
[1.007s] -- Up-to-date: /home/npicbot/robocon_ws/install/micro_ros_msgs/share/micro_ros_msgs/cmake/ament_cmake_export_libraries-extras.cmake
[1.007s] -- Up-to-date: /home/npicbot/robocon_ws/install/micro_ros_msgs/share/micro_ros_msgs/cmake/ament_cmake_export_targets-extras.cmake
[1.008s] -- Up-to-date: /home/npicbot/robocon_ws/install/micro_ros_msgs/share/micro_ros_msgs/cmake/rosidl_cmake_export_typesupport_targets-extras.cmake
[1.008s] -- Up-to-date: /home/npicbot/robocon_ws/install/micro_ros_msgs/share/micro_ros_msgs/cmake/ament_cmake_export_dependencies-extras.cmake
[1.008s] -- Up-to-date: /home/npicbot/robocon_ws/install/micro_ros_msgs/share/micro_ros_msgs/cmake/rosidl_cmake_export_typesupport_libraries-extras.cmake
[1.008s] -- Up-to-date: /home/npicbot/robocon_ws/install/micro_ros_msgs/share/micro_ros_msgs/cmake/micro_ros_msgsConfig.cmake
[1.008s] -- Up-to-date: /home/npicbot/robocon_ws/install/micro_ros_msgs/share/micro_ros_msgs/cmake/micro_ros_msgsConfig-version.cmake
[1.008s] -- Up-to-date: /home/npicbot/robocon_ws/install/micro_ros_msgs/share/micro_ros_msgs/package.xml
[1.012s] Invoked command in '/home/npicbot/robocon_ws/build/micro_ros_msgs' returned '0': CMAKE_PREFIX_PATH=${CMAKE_PREFIX_PATH}:/opt/ros/humble /usr/bin/cmake --install /home/npicbot/robocon_ws/build/micro_ros_msgs
