[0.033s] Invoking command in '/home/npicbot/robocon_ws/build/robot_base': CMAKE_PREFIX_PATH=/opt/ros/humble /usr/bin/cmake /home/npicbot/robocon_ws/src/robot_base -DCMAKE_INSTALL_PREFIX=/home/npicbot/robocon_ws/install/robot_base
[0.209s] -- The C compiler identification is GNU 11.4.0
[0.335s] -- The CXX compiler identification is GNU 11.4.0
[0.351s] -- Detecting C compiler ABI info
[0.466s] -- Detecting C compiler ABI info - done
[0.489s] -- Check for working C compiler: /usr/bin/cc - skipped
[0.490s] -- Detecting C compile features
[0.492s] -- Detecting C compile features - done
[0.502s] -- Detecting CXX compiler ABI info
[0.623s] -- Detecting CXX compiler ABI info - done
[0.643s] -- Check for working CXX compiler: /usr/bin/c++ - skipped
[0.643s] -- Detecting CXX compile features
[0.644s] -- Detecting CXX compile features - done
[0.648s] -- Found ament_cmake: 1.3.10 (/opt/ros/humble/share/ament_cmake/cmake)
[0.913s] -- Found Python3: /usr/bin/python3 (found version "3.10.12") found components: Interpreter 
[1.066s] -- Found rosidl_default_generators: 1.2.0 (/opt/ros/humble/share/rosidl_default_generators/cmake)
[1.075s] -- Using all available rosidl_typesupport_c: rosidl_typesupport_fastrtps_c;rosidl_typesupport_introspection_c
[1.091s] -- Found rosidl_adapter: 3.1.5 (/opt/ros/humble/share/rosidl_adapter/cmake)
[1.168s] -- Using all available rosidl_typesupport_cpp: rosidl_typesupport_fastrtps_cpp;rosidl_typesupport_introspection_cpp
[1.661s] -- Found ament_cmake_ros: 0.10.0 (/opt/ros/humble/share/ament_cmake_ros/cmake)
[2.023s] -- Using all available rosidl_typesupport_c: rosidl_typesupport_fastrtps_c;rosidl_typesupport_introspection_c
[2.462s] -- Using all available rosidl_typesupport_cpp: rosidl_typesupport_fastrtps_cpp;rosidl_typesupport_introspection_cpp
[2.503s] -- Found PythonInterp: /usr/bin/python3 (found suitable version "3.10.12", minimum required is "3.6") 
[2.508s] -- Found python_cmake_module: 0.10.0 (/opt/ros/humble/share/python_cmake_module/cmake)
[2.571s] -- Found PythonLibs: /usr/lib/aarch64-linux-gnu/libpython3.10.so (found suitable version "3.10.12", minimum required is "3.5") 
[2.571s] -- Using PYTHON_EXECUTABLE: /usr/bin/python3
[2.572s] -- Using PYTHON_INCLUDE_DIRS: /usr/include/python3.10
[2.572s] -- Using PYTHON_LIBRARIES: /usr/lib/aarch64-linux-gnu/libpython3.10.so
[2.611s] -- Found PythonExtra: .so  
[2.687s] -- Found ament_lint_auto: 0.12.11 (/opt/ros/humble/share/ament_lint_auto/cmake)
[2.733s] -- Added test 'lint_cmake' to check CMake code style
[2.735s] -- Added test 'xmllint' to check XML markup files
[2.743s] -- Configuring done
[2.801s] -- Generating done
[2.805s] -- Build files have been written to: /home/npicbot/robocon_ws/build/robot_base
