[0.045s] Invoking command in '/home/npicbot/robocon_ws/build/robot_localization': CMAKE_PREFIX_PATH=${CMAKE_PREFIX_PATH}:/opt/ros/humble /usr/bin/cmake --build /home/npicbot/robocon_ws/build/robot_localization -- -j12 -l12
[0.161s] [ 50%] Built target odometry_robot_ii
[0.171s] [100%] Built target odometry_robot_i
[0.204s] Invoked command in '/home/npicbot/robocon_ws/build/robot_localization' returned '0': CMAKE_PREFIX_PATH=${CMAKE_PREFIX_PATH}:/opt/ros/humble /usr/bin/cmake --build /home/npicbot/robocon_ws/build/robot_localization -- -j12 -l12
[0.282s] Invoking command in '/home/npicbot/robocon_ws/build/robot_localization': CMAKE_PREFIX_PATH=${CMAKE_PREFIX_PATH}:/opt/ros/humble /usr/bin/cmake --install /home/npicbot/robocon_ws/build/robot_localization
[0.294s] -- Install configuration: ""
[0.294s] -- Up-to-date: /home/npicbot/robocon_ws/install/robot_localization/lib/robot_localization/odometry_robot_i
[0.295s] -- Up-to-date: /home/npicbot/robocon_ws/install/robot_localization/lib/robot_localization/odometry_robot_ii
[0.295s] -- Up-to-date: /home/npicbot/robocon_ws/install/robot_localization/share/ament_index/resource_index/package_run_dependencies/robot_localization
[0.295s] -- Up-to-date: /home/npicbot/robocon_ws/install/robot_localization/share/ament_index/resource_index/parent_prefix_path/robot_localization
[0.295s] -- Up-to-date: /home/npicbot/robocon_ws/install/robot_localization/share/robot_localization/environment/ament_prefix_path.sh
[0.295s] -- Up-to-date: /home/npicbot/robocon_ws/install/robot_localization/share/robot_localization/environment/ament_prefix_path.dsv
[0.295s] -- Up-to-date: /home/npicbot/robocon_ws/install/robot_localization/share/robot_localization/environment/path.sh
[0.296s] -- Up-to-date: /home/npicbot/robocon_ws/install/robot_localization/share/robot_localization/environment/path.dsv
[0.296s] -- Up-to-date: /home/npicbot/robocon_ws/install/robot_localization/share/robot_localization/local_setup.bash
[0.296s] -- Up-to-date: /home/npicbot/robocon_ws/install/robot_localization/share/robot_localization/local_setup.sh
[0.296s] -- Up-to-date: /home/npicbot/robocon_ws/install/robot_localization/share/robot_localization/local_setup.zsh
[0.296s] -- Up-to-date: /home/npicbot/robocon_ws/install/robot_localization/share/robot_localization/local_setup.dsv
[0.297s] -- Installing: /home/npicbot/robocon_ws/install/robot_localization/share/robot_localization/package.dsv
[0.297s] -- Up-to-date: /home/npicbot/robocon_ws/install/robot_localization/share/ament_index/resource_index/packages/robot_localization
[0.297s] -- Up-to-date: /home/npicbot/robocon_ws/install/robot_localization/share/robot_localization/cmake/robot_localizationConfig.cmake
[0.297s] -- Up-to-date: /home/npicbot/robocon_ws/install/robot_localization/share/robot_localization/cmake/robot_localizationConfig-version.cmake
[0.297s] -- Up-to-date: /home/npicbot/robocon_ws/install/robot_localization/share/robot_localization/package.xml
[0.333s] Invoked command in '/home/npicbot/robocon_ws/build/robot_localization' returned '0': CMAKE_PREFIX_PATH=${CMAKE_PREFIX_PATH}:/opt/ros/humble /usr/bin/cmake --install /home/npicbot/robocon_ws/build/robot_localization
