[0.067s] Invoking command in '/home/npicbot/robocon_ws/build/micro_ros_msgs': CMAKE_PREFIX_PATH=${CMAKE_PREFIX_PATH}:/opt/ros/humble /usr/bin/cmake --build /home/npicbot/robocon_ws/build/micro_ros_msgs -- -j12 -l12
[0.169s] [ 10%] Built target micro_ros_msgs__rosidl_generator_c
[0.172s] [ 12%] Built target micro_ros_msgs__cpp
[0.184s] [ 12%] Built target ament_cmake_python_copy_micro_ros_msgs
[0.223s] [ 23%] Built target micro_ros_msgs__rosidl_typesupport_fastrtps_cpp
[0.241s] [ 34%] Built target micro_ros_msgs__rosidl_typesupport_fastrtps_c
[0.251s] [ 44%] Built target micro_ros_msgs__rosidl_typesupport_cpp
[0.252s] [ 55%] Built target micro_ros_msgs__rosidl_typesupport_introspection_c
[0.255s] [ 65%] Built target micro_ros_msgs__rosidl_typesupport_c
[0.268s] [ 76%] Built target micro_ros_msgs__rosidl_typesupport_introspection_cpp
[0.363s] [ 76%] Built target micro_ros_msgs
[0.366s] [ 78%] Built target micro_ros_msgs__py
[0.400s] [ 87%] Built target micro_ros_msgs__rosidl_generator_py
[0.456s] [ 95%] Built target micro_ros_msgs__rosidl_typesupport_introspection_c__pyext
[0.456s] [ 95%] Built target micro_ros_msgs__rosidl_typesupport_fastrtps_c__pyext
[0.459s] [100%] Built target micro_ros_msgs__rosidl_typesupport_c__pyext
[0.746s] running egg_info
[0.748s] writing micro_ros_msgs.egg-info/PKG-INFO
[3.364s] writing dependency_links to micro_ros_msgs.egg-info/dependency_links.txt
[3.365s] writing top-level names to micro_ros_msgs.egg-info/top_level.txt
[3.370s] reading manifest file 'micro_ros_msgs.egg-info/SOURCES.txt'
[3.372s] writing manifest file 'micro_ros_msgs.egg-info/SOURCES.txt'
[3.450s] [100%] Built target ament_cmake_python_build_micro_ros_msgs_egg
[3.477s] Invoked command in '/home/npicbot/robocon_ws/build/micro_ros_msgs' returned '0': CMAKE_PREFIX_PATH=${CMAKE_PREFIX_PATH}:/opt/ros/humble /usr/bin/cmake --build /home/npicbot/robocon_ws/build/micro_ros_msgs -- -j12 -l12
[3.660s] Invoking command in '/home/npicbot/robocon_ws/build/micro_ros_msgs': CMAKE_PREFIX_PATH=${CMAKE_PREFIX_PATH}:/opt/ros/humble /usr/bin/cmake --install /home/npicbot/robocon_ws/build/micro_ros_msgs
[3.680s] -- Install configuration: ""
[3.681s] -- Up-to-date: /home/npicbot/robocon_ws/install/micro_ros_msgs/share/ament_index/resource_index/rosidl_interfaces/micro_ros_msgs
[3.681s] -- Up-to-date: /home/npicbot/robocon_ws/install/micro_ros_msgs/include/micro_ros_msgs/micro_ros_msgs
[3.681s] -- Up-to-date: /home/npicbot/robocon_ws/install/micro_ros_msgs/include/micro_ros_msgs/micro_ros_msgs/msg
[3.681s] -- Up-to-date: /home/npicbot/robocon_ws/install/micro_ros_msgs/include/micro_ros_msgs/micro_ros_msgs/msg/detail
[3.681s] -- Up-to-date: /home/npicbot/robocon_ws/install/micro_ros_msgs/include/micro_ros_msgs/micro_ros_msgs/msg/detail/graph__functions.h
[3.681s] -- Up-to-date: /home/npicbot/robocon_ws/install/micro_ros_msgs/include/micro_ros_msgs/micro_ros_msgs/msg/detail/entity__struct.h
[3.682s] -- Up-to-date: /home/npicbot/robocon_ws/install/micro_ros_msgs/include/micro_ros_msgs/micro_ros_msgs/msg/detail/graph__struct.h
[3.682s] -- Up-to-date: /home/npicbot/robocon_ws/install/micro_ros_msgs/include/micro_ros_msgs/micro_ros_msgs/msg/detail/node__struct.h
[3.682s] -- Up-to-date: /home/npicbot/robocon_ws/install/micro_ros_msgs/include/micro_ros_msgs/micro_ros_msgs/msg/detail/node__functions.h
[3.682s] -- Up-to-date: /home/npicbot/robocon_ws/install/micro_ros_msgs/include/micro_ros_msgs/micro_ros_msgs/msg/detail/graph__type_support.h
[3.682s] -- Up-to-date: /home/npicbot/robocon_ws/install/micro_ros_msgs/include/micro_ros_msgs/micro_ros_msgs/msg/detail/entity__functions.h
[3.682s] -- Up-to-date: /home/npicbot/robocon_ws/install/micro_ros_msgs/include/micro_ros_msgs/micro_ros_msgs/msg/detail/node__functions.c
[3.683s] -- Up-to-date: /home/npicbot/robocon_ws/install/micro_ros_msgs/include/micro_ros_msgs/micro_ros_msgs/msg/detail/entity__type_support.h
[3.683s] -- Up-to-date: /home/npicbot/robocon_ws/install/micro_ros_msgs/include/micro_ros_msgs/micro_ros_msgs/msg/detail/node__type_support.h
[3.683s] -- Up-to-date: /home/npicbot/robocon_ws/install/micro_ros_msgs/include/micro_ros_msgs/micro_ros_msgs/msg/detail/entity__functions.c
[3.683s] -- Up-to-date: /home/npicbot/robocon_ws/install/micro_ros_msgs/include/micro_ros_msgs/micro_ros_msgs/msg/detail/graph__functions.c
[3.683s] -- Up-to-date: /home/npicbot/robocon_ws/install/micro_ros_msgs/include/micro_ros_msgs/micro_ros_msgs/msg/entity.h
[3.683s] -- Up-to-date: /home/npicbot/robocon_ws/install/micro_ros_msgs/include/micro_ros_msgs/micro_ros_msgs/msg/rosidl_generator_c__visibility_control.h
[3.684s] -- Up-to-date: /home/npicbot/robocon_ws/install/micro_ros_msgs/include/micro_ros_msgs/micro_ros_msgs/msg/node.h
[3.684s] -- Up-to-date: /home/npicbot/robocon_ws/install/micro_ros_msgs/include/micro_ros_msgs/micro_ros_msgs/msg/graph.h
[3.684s] -- Up-to-date: /home/npicbot/robocon_ws/install/micro_ros_msgs/share/micro_ros_msgs/environment/library_path.sh
[3.684s] -- Up-to-date: /home/npicbot/robocon_ws/install/micro_ros_msgs/share/micro_ros_msgs/environment/library_path.dsv
[3.685s] -- Up-to-date: /home/npicbot/robocon_ws/install/micro_ros_msgs/lib/libmicro_ros_msgs__rosidl_generator_c.so
[3.685s] -- Up-to-date: /home/npicbot/robocon_ws/install/micro_ros_msgs/include/micro_ros_msgs/micro_ros_msgs
[3.685s] -- Up-to-date: /home/npicbot/robocon_ws/install/micro_ros_msgs/include/micro_ros_msgs/micro_ros_msgs/msg
[3.685s] -- Up-to-date: /home/npicbot/robocon_ws/install/micro_ros_msgs/include/micro_ros_msgs/micro_ros_msgs/msg/detail
[3.686s] -- Up-to-date: /home/npicbot/robocon_ws/install/micro_ros_msgs/include/micro_ros_msgs/micro_ros_msgs/msg/detail/entity__rosidl_typesupport_fastrtps_c.h
[3.686s] -- Up-to-date: /home/npicbot/robocon_ws/install/micro_ros_msgs/include/micro_ros_msgs/micro_ros_msgs/msg/detail/graph__rosidl_typesupport_fastrtps_c.h
[3.686s] -- Up-to-date: /home/npicbot/robocon_ws/install/micro_ros_msgs/include/micro_ros_msgs/micro_ros_msgs/msg/detail/node__rosidl_typesupport_fastrtps_c.h
[3.686s] -- Up-to-date: /home/npicbot/robocon_ws/install/micro_ros_msgs/include/micro_ros_msgs/micro_ros_msgs/msg/rosidl_typesupport_fastrtps_c__visibility_control.h
[3.686s] -- Up-to-date: /home/npicbot/robocon_ws/install/micro_ros_msgs/lib/libmicro_ros_msgs__rosidl_typesupport_fastrtps_c.so
[3.686s] -- Up-to-date: /home/npicbot/robocon_ws/install/micro_ros_msgs/include/micro_ros_msgs/micro_ros_msgs
[3.687s] -- Up-to-date: /home/npicbot/robocon_ws/install/micro_ros_msgs/include/micro_ros_msgs/micro_ros_msgs/msg
[3.687s] -- Up-to-date: /home/npicbot/robocon_ws/install/micro_ros_msgs/include/micro_ros_msgs/micro_ros_msgs/msg/detail
[3.687s] -- Up-to-date: /home/npicbot/robocon_ws/install/micro_ros_msgs/include/micro_ros_msgs/micro_ros_msgs/msg/detail/node__rosidl_typesupport_introspection_c.h
[3.687s] -- Up-to-date: /home/npicbot/robocon_ws/install/micro_ros_msgs/include/micro_ros_msgs/micro_ros_msgs/msg/detail/entity__type_support.c
[3.687s] -- Up-to-date: /home/npicbot/robocon_ws/install/micro_ros_msgs/include/micro_ros_msgs/micro_ros_msgs/msg/detail/graph__rosidl_typesupport_introspection_c.h
[3.687s] -- Up-to-date: /home/npicbot/robocon_ws/install/micro_ros_msgs/include/micro_ros_msgs/micro_ros_msgs/msg/detail/graph__type_support.c
[3.687s] -- Up-to-date: /home/npicbot/robocon_ws/install/micro_ros_msgs/include/micro_ros_msgs/micro_ros_msgs/msg/detail/entity__rosidl_typesupport_introspection_c.h
[3.688s] -- Up-to-date: /home/npicbot/robocon_ws/install/micro_ros_msgs/include/micro_ros_msgs/micro_ros_msgs/msg/detail/node__type_support.c
[3.688s] -- Up-to-date: /home/npicbot/robocon_ws/install/micro_ros_msgs/include/micro_ros_msgs/micro_ros_msgs/msg/rosidl_typesupport_introspection_c__visibility_control.h
[3.688s] -- Up-to-date: /home/npicbot/robocon_ws/install/micro_ros_msgs/lib/libmicro_ros_msgs__rosidl_typesupport_introspection_c.so
[3.688s] -- Up-to-date: /home/npicbot/robocon_ws/install/micro_ros_msgs/lib/libmicro_ros_msgs__rosidl_typesupport_c.so
[3.689s] -- Up-to-date: /home/npicbot/robocon_ws/install/micro_ros_msgs/include/micro_ros_msgs/micro_ros_msgs
[3.689s] -- Up-to-date: /home/npicbot/robocon_ws/install/micro_ros_msgs/include/micro_ros_msgs/micro_ros_msgs/msg
[3.689s] -- Up-to-date: /home/npicbot/robocon_ws/install/micro_ros_msgs/include/micro_ros_msgs/micro_ros_msgs/msg/entity.hpp
[3.689s] -- Up-to-date: /home/npicbot/robocon_ws/install/micro_ros_msgs/include/micro_ros_msgs/micro_ros_msgs/msg/detail
[3.689s] -- Up-to-date: /home/npicbot/robocon_ws/install/micro_ros_msgs/include/micro_ros_msgs/micro_ros_msgs/msg/detail/entity__builder.hpp
[3.689s] -- Up-to-date: /home/npicbot/robocon_ws/install/micro_ros_msgs/include/micro_ros_msgs/micro_ros_msgs/msg/detail/graph__traits.hpp
[3.690s] -- Up-to-date: /home/npicbot/robocon_ws/install/micro_ros_msgs/include/micro_ros_msgs/micro_ros_msgs/msg/detail/node__builder.hpp
[3.690s] -- Up-to-date: /home/npicbot/robocon_ws/install/micro_ros_msgs/include/micro_ros_msgs/micro_ros_msgs/msg/detail/graph__struct.hpp
[3.690s] -- Up-to-date: /home/npicbot/robocon_ws/install/micro_ros_msgs/include/micro_ros_msgs/micro_ros_msgs/msg/detail/graph__builder.hpp
[3.690s] -- Up-to-date: /home/npicbot/robocon_ws/install/micro_ros_msgs/include/micro_ros_msgs/micro_ros_msgs/msg/detail/node__struct.hpp
[3.690s] -- Up-to-date: /home/npicbot/robocon_ws/install/micro_ros_msgs/include/micro_ros_msgs/micro_ros_msgs/msg/detail/entity__traits.hpp
[3.691s] -- Up-to-date: /home/npicbot/robocon_ws/install/micro_ros_msgs/include/micro_ros_msgs/micro_ros_msgs/msg/detail/entity__struct.hpp
[3.691s] -- Up-to-date: /home/npicbot/robocon_ws/install/micro_ros_msgs/include/micro_ros_msgs/micro_ros_msgs/msg/detail/node__traits.hpp
[3.691s] -- Up-to-date: /home/npicbot/robocon_ws/install/micro_ros_msgs/include/micro_ros_msgs/micro_ros_msgs/msg/node.hpp
[3.691s] -- Up-to-date: /home/npicbot/robocon_ws/install/micro_ros_msgs/include/micro_ros_msgs/micro_ros_msgs/msg/graph.hpp
[3.691s] -- Up-to-date: /home/npicbot/robocon_ws/install/micro_ros_msgs/include/micro_ros_msgs/micro_ros_msgs
[3.691s] -- Up-to-date: /home/npicbot/robocon_ws/install/micro_ros_msgs/include/micro_ros_msgs/micro_ros_msgs/msg
[3.691s] -- Up-to-date: /home/npicbot/robocon_ws/install/micro_ros_msgs/include/micro_ros_msgs/micro_ros_msgs/msg/detail
[3.692s] -- Up-to-date: /home/npicbot/robocon_ws/install/micro_ros_msgs/include/micro_ros_msgs/micro_ros_msgs/msg/detail/graph__rosidl_typesupport_fastrtps_cpp.hpp
[3.692s] -- Up-to-date: /home/npicbot/robocon_ws/install/micro_ros_msgs/include/micro_ros_msgs/micro_ros_msgs/msg/detail/node__rosidl_typesupport_fastrtps_cpp.hpp
[3.692s] -- Up-to-date: /home/npicbot/robocon_ws/install/micro_ros_msgs/include/micro_ros_msgs/micro_ros_msgs/msg/detail/entity__rosidl_typesupport_fastrtps_cpp.hpp
[3.692s] -- Up-to-date: /home/npicbot/robocon_ws/install/micro_ros_msgs/include/micro_ros_msgs/micro_ros_msgs/msg/detail/dds_fastrtps
[3.692s] -- Up-to-date: /home/npicbot/robocon_ws/install/micro_ros_msgs/include/micro_ros_msgs/micro_ros_msgs/msg/rosidl_typesupport_fastrtps_cpp__visibility_control.h
[3.692s] -- Up-to-date: /home/npicbot/robocon_ws/install/micro_ros_msgs/lib/libmicro_ros_msgs__rosidl_typesupport_fastrtps_cpp.so
[3.692s] -- Up-to-date: /home/npicbot/robocon_ws/install/micro_ros_msgs/include/micro_ros_msgs/micro_ros_msgs
[3.693s] -- Up-to-date: /home/npicbot/robocon_ws/install/micro_ros_msgs/include/micro_ros_msgs/micro_ros_msgs/msg
[3.693s] -- Up-to-date: /home/npicbot/robocon_ws/install/micro_ros_msgs/include/micro_ros_msgs/micro_ros_msgs/msg/detail
[3.693s] -- Up-to-date: /home/npicbot/robocon_ws/install/micro_ros_msgs/include/micro_ros_msgs/micro_ros_msgs/msg/detail/graph__rosidl_typesupport_introspection_cpp.hpp
[3.693s] -- Up-to-date: /home/npicbot/robocon_ws/install/micro_ros_msgs/include/micro_ros_msgs/micro_ros_msgs/msg/detail/entity__type_support.cpp
[3.693s] -- Up-to-date: /home/npicbot/robocon_ws/install/micro_ros_msgs/include/micro_ros_msgs/micro_ros_msgs/msg/detail/entity__rosidl_typesupport_introspection_cpp.hpp
[3.693s] -- Up-to-date: /home/npicbot/robocon_ws/install/micro_ros_msgs/include/micro_ros_msgs/micro_ros_msgs/msg/detail/graph__type_support.cpp
[3.693s] -- Up-to-date: /home/npicbot/robocon_ws/install/micro_ros_msgs/include/micro_ros_msgs/micro_ros_msgs/msg/detail/node__rosidl_typesupport_introspection_cpp.hpp
[3.694s] -- Up-to-date: /home/npicbot/robocon_ws/install/micro_ros_msgs/include/micro_ros_msgs/micro_ros_msgs/msg/detail/node__type_support.cpp
[3.694s] -- Up-to-date: /home/npicbot/robocon_ws/install/micro_ros_msgs/lib/libmicro_ros_msgs__rosidl_typesupport_introspection_cpp.so
[3.694s] -- Up-to-date: /home/npicbot/robocon_ws/install/micro_ros_msgs/lib/libmicro_ros_msgs__rosidl_typesupport_cpp.so
[3.694s] -- Up-to-date: /home/npicbot/robocon_ws/install/micro_ros_msgs/share/micro_ros_msgs/environment/pythonpath.sh
[3.694s] -- Up-to-date: /home/npicbot/robocon_ws/install/micro_ros_msgs/share/micro_ros_msgs/environment/pythonpath.dsv
[3.694s] -- Up-to-date: /home/npicbot/robocon_ws/install/micro_ros_msgs/local/lib/python3.10/dist-packages/micro_ros_msgs-3.0.1-py3.10.egg-info
[3.694s] -- Installing: /home/npicbot/robocon_ws/install/micro_ros_msgs/local/lib/python3.10/dist-packages/micro_ros_msgs-3.0.1-py3.10.egg-info/top_level.txt
[3.694s] -- Installing: /home/npicbot/robocon_ws/install/micro_ros_msgs/local/lib/python3.10/dist-packages/micro_ros_msgs-3.0.1-py3.10.egg-info/PKG-INFO
[3.695s] -- Installing: /home/npicbot/robocon_ws/install/micro_ros_msgs/local/lib/python3.10/dist-packages/micro_ros_msgs-3.0.1-py3.10.egg-info/SOURCES.txt
[3.695s] -- Installing: /home/npicbot/robocon_ws/install/micro_ros_msgs/local/lib/python3.10/dist-packages/micro_ros_msgs-3.0.1-py3.10.egg-info/dependency_links.txt
[3.695s] -- Up-to-date: /home/npicbot/robocon_ws/install/micro_ros_msgs/local/lib/python3.10/dist-packages/micro_ros_msgs
[3.695s] -- Up-to-date: /home/npicbot/robocon_ws/install/micro_ros_msgs/local/lib/python3.10/dist-packages/micro_ros_msgs/msg
[3.695s] -- Up-to-date: /home/npicbot/robocon_ws/install/micro_ros_msgs/local/lib/python3.10/dist-packages/micro_ros_msgs/msg/_node_s.c
[3.695s] -- Up-to-date: /home/npicbot/robocon_ws/install/micro_ros_msgs/local/lib/python3.10/dist-packages/micro_ros_msgs/msg/_graph.py
[3.696s] -- Up-to-date: /home/npicbot/robocon_ws/install/micro_ros_msgs/local/lib/python3.10/dist-packages/micro_ros_msgs/msg/_graph_s.c
[3.696s] -- Up-to-date: /home/npicbot/robocon_ws/install/micro_ros_msgs/local/lib/python3.10/dist-packages/micro_ros_msgs/msg/_entity_s.c
[3.696s] -- Up-to-date: /home/npicbot/robocon_ws/install/micro_ros_msgs/local/lib/python3.10/dist-packages/micro_ros_msgs/msg/_entity.py
[3.696s] -- Up-to-date: /home/npicbot/robocon_ws/install/micro_ros_msgs/local/lib/python3.10/dist-packages/micro_ros_msgs/msg/__init__.py
[3.696s] -- Up-to-date: /home/npicbot/robocon_ws/install/micro_ros_msgs/local/lib/python3.10/dist-packages/micro_ros_msgs/msg/_node.py
[3.696s] -- Up-to-date: /home/npicbot/robocon_ws/install/micro_ros_msgs/local/lib/python3.10/dist-packages/micro_ros_msgs/micro_ros_msgs_s__rosidl_typesupport_introspection_c.cpython-310-aarch64-linux-gnu.so
[3.696s] -- Up-to-date: /home/npicbot/robocon_ws/install/micro_ros_msgs/local/lib/python3.10/dist-packages/micro_ros_msgs/_micro_ros_msgs_s.ep.rosidl_typesupport_introspection_c.c
[3.696s] -- Up-to-date: /home/npicbot/robocon_ws/install/micro_ros_msgs/local/lib/python3.10/dist-packages/micro_ros_msgs/micro_ros_msgs_s__rosidl_typesupport_c.cpython-310-aarch64-linux-gnu.so
[3.697s] -- Up-to-date: /home/npicbot/robocon_ws/install/micro_ros_msgs/local/lib/python3.10/dist-packages/micro_ros_msgs/_micro_ros_msgs_s.ep.rosidl_typesupport_fastrtps_c.c
[3.697s] -- Up-to-date: /home/npicbot/robocon_ws/install/micro_ros_msgs/local/lib/python3.10/dist-packages/micro_ros_msgs/_micro_ros_msgs_s.ep.rosidl_typesupport_c.c
[3.697s] -- Up-to-date: /home/npicbot/robocon_ws/install/micro_ros_msgs/local/lib/python3.10/dist-packages/micro_ros_msgs/micro_ros_msgs_s__rosidl_typesupport_fastrtps_c.cpython-310-aarch64-linux-gnu.so
[3.697s] -- Up-to-date: /home/npicbot/robocon_ws/install/micro_ros_msgs/local/lib/python3.10/dist-packages/micro_ros_msgs/__init__.py
[3.697s] -- Up-to-date: /home/npicbot/robocon_ws/install/micro_ros_msgs/local/lib/python3.10/dist-packages/micro_ros_msgs/libmicro_ros_msgs__rosidl_generator_py.so
[3.763s] Listing '/home/npicbot/robocon_ws/install/micro_ros_msgs/local/lib/python3.10/dist-packages/micro_ros_msgs'...
[3.763s] Listing '/home/npicbot/robocon_ws/install/micro_ros_msgs/local/lib/python3.10/dist-packages/micro_ros_msgs/msg'...
[3.774s] -- Up-to-date: /home/npicbot/robocon_ws/install/micro_ros_msgs/local/lib/python3.10/dist-packages/micro_ros_msgs/micro_ros_msgs_s__rosidl_typesupport_fastrtps_c.cpython-310-aarch64-linux-gnu.so
[3.775s] -- Up-to-date: /home/npicbot/robocon_ws/install/micro_ros_msgs/local/lib/python3.10/dist-packages/micro_ros_msgs/micro_ros_msgs_s__rosidl_typesupport_introspection_c.cpython-310-aarch64-linux-gnu.so
[3.776s] -- Up-to-date: /home/npicbot/robocon_ws/install/micro_ros_msgs/local/lib/python3.10/dist-packages/micro_ros_msgs/micro_ros_msgs_s__rosidl_typesupport_c.cpython-310-aarch64-linux-gnu.so
[3.776s] -- Up-to-date: /home/npicbot/robocon_ws/install/micro_ros_msgs/lib/libmicro_ros_msgs__rosidl_generator_py.so
[3.777s] -- Up-to-date: /home/npicbot/robocon_ws/install/micro_ros_msgs/share/micro_ros_msgs/msg/Graph.idl
[3.777s] -- Up-to-date: /home/npicbot/robocon_ws/install/micro_ros_msgs/share/micro_ros_msgs/msg/Node.idl
[3.778s] -- Up-to-date: /home/npicbot/robocon_ws/install/micro_ros_msgs/share/micro_ros_msgs/msg/Entity.idl
[3.780s] -- Up-to-date: /home/npicbot/robocon_ws/install/micro_ros_msgs/share/micro_ros_msgs/msg/Graph.msg
[3.782s] -- Up-to-date: /home/npicbot/robocon_ws/install/micro_ros_msgs/share/micro_ros_msgs/msg/Node.msg
[3.782s] -- Up-to-date: /home/npicbot/robocon_ws/install/micro_ros_msgs/share/micro_ros_msgs/msg/Entity.msg
[3.782s] -- Up-to-date: /home/npicbot/robocon_ws/install/micro_ros_msgs/share/ament_index/resource_index/package_run_dependencies/micro_ros_msgs
[3.783s] -- Up-to-date: /home/npicbot/robocon_ws/install/micro_ros_msgs/share/ament_index/resource_index/parent_prefix_path/micro_ros_msgs
[3.783s] -- Up-to-date: /home/npicbot/robocon_ws/install/micro_ros_msgs/share/micro_ros_msgs/environment/ament_prefix_path.sh
[3.783s] -- Up-to-date: /home/npicbot/robocon_ws/install/micro_ros_msgs/share/micro_ros_msgs/environment/ament_prefix_path.dsv
[3.784s] -- Up-to-date: /home/npicbot/robocon_ws/install/micro_ros_msgs/share/micro_ros_msgs/environment/path.sh
[3.785s] -- Up-to-date: /home/npicbot/robocon_ws/install/micro_ros_msgs/share/micro_ros_msgs/environment/path.dsv
[3.785s] -- Up-to-date: /home/npicbot/robocon_ws/install/micro_ros_msgs/share/micro_ros_msgs/local_setup.bash
[3.785s] -- Up-to-date: /home/npicbot/robocon_ws/install/micro_ros_msgs/share/micro_ros_msgs/local_setup.sh
[3.786s] -- Up-to-date: /home/npicbot/robocon_ws/install/micro_ros_msgs/share/micro_ros_msgs/local_setup.zsh
[3.787s] -- Up-to-date: /home/npicbot/robocon_ws/install/micro_ros_msgs/share/micro_ros_msgs/local_setup.dsv
[3.789s] -- Installing: /home/npicbot/robocon_ws/install/micro_ros_msgs/share/micro_ros_msgs/package.dsv
[3.790s] -- Up-to-date: /home/npicbot/robocon_ws/install/micro_ros_msgs/share/ament_index/resource_index/packages/micro_ros_msgs
[3.791s] -- Up-to-date: /home/npicbot/robocon_ws/install/micro_ros_msgs/share/micro_ros_msgs/cmake/export_micro_ros_msgs__rosidl_generator_cExport.cmake
[3.791s] -- Up-to-date: /home/npicbot/robocon_ws/install/micro_ros_msgs/share/micro_ros_msgs/cmake/export_micro_ros_msgs__rosidl_generator_cExport-noconfig.cmake
[3.791s] -- Up-to-date: /home/npicbot/robocon_ws/install/micro_ros_msgs/share/micro_ros_msgs/cmake/export_micro_ros_msgs__rosidl_typesupport_fastrtps_cExport.cmake
[3.791s] -- Up-to-date: /home/npicbot/robocon_ws/install/micro_ros_msgs/share/micro_ros_msgs/cmake/export_micro_ros_msgs__rosidl_typesupport_fastrtps_cExport-noconfig.cmake
[3.791s] -- Up-to-date: /home/npicbot/robocon_ws/install/micro_ros_msgs/share/micro_ros_msgs/cmake/micro_ros_msgs__rosidl_typesupport_introspection_cExport.cmake
[3.791s] -- Up-to-date: /home/npicbot/robocon_ws/install/micro_ros_msgs/share/micro_ros_msgs/cmake/micro_ros_msgs__rosidl_typesupport_introspection_cExport-noconfig.cmake
[3.792s] -- Up-to-date: /home/npicbot/robocon_ws/install/micro_ros_msgs/share/micro_ros_msgs/cmake/micro_ros_msgs__rosidl_typesupport_cExport.cmake
[3.792s] -- Up-to-date: /home/npicbot/robocon_ws/install/micro_ros_msgs/share/micro_ros_msgs/cmake/micro_ros_msgs__rosidl_typesupport_cExport-noconfig.cmake
[3.792s] -- Up-to-date: /home/npicbot/robocon_ws/install/micro_ros_msgs/share/micro_ros_msgs/cmake/export_micro_ros_msgs__rosidl_generator_cppExport.cmake
[3.792s] -- Up-to-date: /home/npicbot/robocon_ws/install/micro_ros_msgs/share/micro_ros_msgs/cmake/export_micro_ros_msgs__rosidl_typesupport_fastrtps_cppExport.cmake
[3.792s] -- Up-to-date: /home/npicbot/robocon_ws/install/micro_ros_msgs/share/micro_ros_msgs/cmake/export_micro_ros_msgs__rosidl_typesupport_fastrtps_cppExport-noconfig.cmake
[3.793s] -- Up-to-date: /home/npicbot/robocon_ws/install/micro_ros_msgs/share/micro_ros_msgs/cmake/micro_ros_msgs__rosidl_typesupport_introspection_cppExport.cmake
[3.793s] -- Up-to-date: /home/npicbot/robocon_ws/install/micro_ros_msgs/share/micro_ros_msgs/cmake/micro_ros_msgs__rosidl_typesupport_introspection_cppExport-noconfig.cmake
[3.793s] -- Up-to-date: /home/npicbot/robocon_ws/install/micro_ros_msgs/share/micro_ros_msgs/cmake/micro_ros_msgs__rosidl_typesupport_cppExport.cmake
[3.794s] -- Up-to-date: /home/npicbot/robocon_ws/install/micro_ros_msgs/share/micro_ros_msgs/cmake/micro_ros_msgs__rosidl_typesupport_cppExport-noconfig.cmake
[3.794s] -- Up-to-date: /home/npicbot/robocon_ws/install/micro_ros_msgs/share/micro_ros_msgs/cmake/export_micro_ros_msgs__rosidl_generator_pyExport.cmake
[3.795s] -- Up-to-date: /home/npicbot/robocon_ws/install/micro_ros_msgs/share/micro_ros_msgs/cmake/export_micro_ros_msgs__rosidl_generator_pyExport-noconfig.cmake
[3.795s] -- Up-to-date: /home/npicbot/robocon_ws/install/micro_ros_msgs/share/micro_ros_msgs/cmake/rosidl_cmake-extras.cmake
[3.796s] -- Up-to-date: /home/npicbot/robocon_ws/install/micro_ros_msgs/share/micro_ros_msgs/cmake/ament_cmake_export_include_directories-extras.cmake
[3.796s] -- Up-to-date: /home/npicbot/robocon_ws/install/micro_ros_msgs/share/micro_ros_msgs/cmake/ament_cmake_export_libraries-extras.cmake
[3.796s] -- Up-to-date: /home/npicbot/robocon_ws/install/micro_ros_msgs/share/micro_ros_msgs/cmake/ament_cmake_export_targets-extras.cmake
[3.797s] -- Up-to-date: /home/npicbot/robocon_ws/install/micro_ros_msgs/share/micro_ros_msgs/cmake/rosidl_cmake_export_typesupport_targets-extras.cmake
[3.797s] -- Up-to-date: /home/npicbot/robocon_ws/install/micro_ros_msgs/share/micro_ros_msgs/cmake/ament_cmake_export_dependencies-extras.cmake
[3.797s] -- Up-to-date: /home/npicbot/robocon_ws/install/micro_ros_msgs/share/micro_ros_msgs/cmake/rosidl_cmake_export_typesupport_libraries-extras.cmake
[3.798s] -- Up-to-date: /home/npicbot/robocon_ws/install/micro_ros_msgs/share/micro_ros_msgs/cmake/micro_ros_msgsConfig.cmake
[3.798s] -- Up-to-date: /home/npicbot/robocon_ws/install/micro_ros_msgs/share/micro_ros_msgs/cmake/micro_ros_msgsConfig-version.cmake
[3.798s] -- Up-to-date: /home/npicbot/robocon_ws/install/micro_ros_msgs/share/micro_ros_msgs/package.xml
[3.803s] Invoked command in '/home/npicbot/robocon_ws/build/micro_ros_msgs' returned '0': CMAKE_PREFIX_PATH=${CMAKE_PREFIX_PATH}:/opt/ros/humble /usr/bin/cmake --install /home/npicbot/robocon_ws/build/micro_ros_msgs
