[0.028s] Invoking command in '/home/npicbot/robocon_ws/build/robot_localization': CMAKE_PREFIX_PATH=/opt/ros/humble /usr/bin/cmake /home/npicbot/robocon_ws/src/robot_localization -DCMAKE_INSTALL_PREFIX=/home/npicbot/robocon_ws/install/robot_localization
[0.042s] -- Found ament_cmake: 1.3.10 (/opt/ros/humble/share/ament_cmake/cmake)
[0.262s] -- Found geometry_msgs: 4.2.4 (/opt/ros/humble/share/geometry_msgs/cmake)
[0.296s] -- Found rosidl_generator_c: 3.1.5 (/opt/ros/humble/share/rosidl_generator_c/cmake)
[0.300s] -- Found rosidl_adapter: 3.1.5 (/opt/ros/humble/share/rosidl_adapter/cmake)
[0.308s] -- Found rosidl_generator_cpp: 3.1.5 (/opt/ros/humble/share/rosidl_generator_cpp/cmake)
[0.321s] -- Using all available rosidl_typesupport_c: rosidl_typesupport_fastrtps_c;rosidl_typesupport_introspection_c
[0.339s] -- Using all available rosidl_typesupport_cpp: rosidl_typesupport_fastrtps_cpp;rosidl_typesupport_introspection_cpp
[0.386s] -- Found nav_msgs: 4.2.4 (/opt/ros/humble/share/nav_msgs/cmake)
[0.408s] -- Found tf2: 0.25.8 (/opt/ros/humble/share/tf2/cmake)
[0.413s] -- Found tf2_ros: 0.25.8 (/opt/ros/humble/share/tf2_ros/cmake)
[0.475s] -- Found rmw_implementation_cmake: 6.1.2 (/opt/ros/humble/share/rmw_implementation_cmake/cmake)
[0.477s] -- Found rmw_fastrtps_cpp: 6.2.7 (/opt/ros/humble/share/rmw_fastrtps_cpp/cmake)
[0.619s] -- Using RMW implementation 'rmw_fastrtps_cpp' as default
[0.753s] -- Found tf2_geometry_msgs: 0.25.8 (/opt/ros/humble/share/tf2_geometry_msgs/cmake)
[0.758s] -- Found eigen3_cmake_module: 0.1.1 (/opt/ros/humble/share/eigen3_cmake_module/cmake)
[0.760s] -- Ensuring Eigen3 include directory is part of orocos-kdl CMake target
[0.766s] -- Found ament_lint_auto: 0.12.11 (/opt/ros/humble/share/ament_lint_auto/cmake)
[0.882s] -- Added test 'cppcheck' to perform static code analysis on C / C++ code
[0.882s] -- Configured cppcheck include dirs: 
[0.882s] -- Configured cppcheck exclude dirs and/or files: 
[0.882s] -- Added test 'lint_cmake' to check CMake code style
[0.883s] -- Added test 'uncrustify' to check C / C++ code style
[0.883s] -- Configured uncrustify additional arguments: 
[0.884s] -- Added test 'xmllint' to check XML markup files
[0.885s] -- Configuring done
[0.895s] [31mCMake Error at CMakeLists.txt:18 (add_executable):
[0.895s]   Cannot find source file:
[0.896s] 
[0.896s]     src/odometry_publisher_ii.cpp
[0.896s] 
[0.896s]   Tried extensions .c .C .c++ .cc .cpp .cxx .cu .mpp .m .M .mm .ixx .cppm .h
[0.896s]   .hh .h++ .hm .hpp .hxx .in .txx .f .F .for .f77 .f90 .f95 .f03 .hip .ispc
[0.896s] 
[0.896s] [0m
[0.896s] [31mCMake Error at CMakeLists.txt:18 (add_executable):
[0.896s]   No SOURCES given to target: odometry_robot_ii
[0.896s] 
[0.896s] [0m
[0.897s] [0mCMake Generate step failed.  Build files cannot be regenerated correctly.[0m
