[0.068s] Invoking command in '/home/npicbot/robocon_ws/build/micro_ros_msgs': CMAKE_PREFIX_PATH=${CMAKE_PREFIX_PATH}:/opt/ros/humble /usr/bin/cmake --build /home/npicbot/robocon_ws/build/micro_ros_msgs -- -j12 -l12
[0.171s] [  4%] Built target micro_ros_msgs__cpp
[0.172s] [ 12%] Built target micro_ros_msgs__rosidl_generator_c
[0.193s] [ 12%] Built target ament_cmake_python_copy_micro_ros_msgs
[0.231s] [ 23%] Built target micro_ros_msgs__rosidl_typesupport_introspection_cpp
[0.233s] [ 34%] Built target micro_ros_msgs__rosidl_typesupport_fastrtps_cpp
[0.246s] [ 44%] Built target micro_ros_msgs__rosidl_typesupport_cpp
[0.256s] [ 55%] Built target micro_ros_msgs__rosidl_typesupport_fastrtps_c
[0.337s] [ 65%] Built target micro_ros_msgs__rosidl_typesupport_introspection_c
[0.338s] [ 76%] Built target micro_ros_msgs__rosidl_typesupport_c
[0.338s] [ 76%] Built target micro_ros_msgs
[0.365s] [ 78%] Built target micro_ros_msgs__py
[0.413s] [ 87%] Built target micro_ros_msgs__rosidl_generator_py
[0.461s] [ 91%] Built target micro_ros_msgs__rosidl_typesupport_fastrtps_c__pyext
[0.468s] [ 95%] Built target micro_ros_msgs__rosidl_typesupport_introspection_c__pyext
[0.478s] [100%] Built target micro_ros_msgs__rosidl_typesupport_c__pyext
[0.769s] running egg_info
[0.771s] writing micro_ros_msgs.egg-info/PKG-INFO
[0.772s] writing dependency_links to micro_ros_msgs.egg-info/dependency_links.txt
[0.772s] writing top-level names to micro_ros_msgs.egg-info/top_level.txt
[0.777s] reading manifest file 'micro_ros_msgs.egg-info/SOURCES.txt'
[0.778s] writing manifest file 'micro_ros_msgs.egg-info/SOURCES.txt'
[0.853s] [100%] Built target ament_cmake_python_build_micro_ros_msgs_egg
[0.878s] Invoked command in '/home/npicbot/robocon_ws/build/micro_ros_msgs' returned '0': CMAKE_PREFIX_PATH=${CMAKE_PREFIX_PATH}:/opt/ros/humble /usr/bin/cmake --build /home/npicbot/robocon_ws/build/micro_ros_msgs -- -j12 -l12
[1.055s] Invoking command in '/home/npicbot/robocon_ws/build/micro_ros_msgs': CMAKE_PREFIX_PATH=${CMAKE_PREFIX_PATH}:/opt/ros/humble /usr/bin/cmake --install /home/npicbot/robocon_ws/build/micro_ros_msgs
[1.073s] -- Install configuration: ""
[1.074s] -- Up-to-date: /home/npicbot/robocon_ws/install/micro_ros_msgs/share/ament_index/resource_index/rosidl_interfaces/micro_ros_msgs
[1.074s] -- Up-to-date: /home/npicbot/robocon_ws/install/micro_ros_msgs/include/micro_ros_msgs/micro_ros_msgs
[1.074s] -- Up-to-date: /home/npicbot/robocon_ws/install/micro_ros_msgs/include/micro_ros_msgs/micro_ros_msgs/msg
[1.074s] -- Up-to-date: /home/npicbot/robocon_ws/install/micro_ros_msgs/include/micro_ros_msgs/micro_ros_msgs/msg/detail
[1.074s] -- Up-to-date: /home/npicbot/robocon_ws/install/micro_ros_msgs/include/micro_ros_msgs/micro_ros_msgs/msg/detail/graph__functions.h
[1.074s] -- Up-to-date: /home/npicbot/robocon_ws/install/micro_ros_msgs/include/micro_ros_msgs/micro_ros_msgs/msg/detail/entity__struct.h
[1.075s] -- Up-to-date: /home/npicbot/robocon_ws/install/micro_ros_msgs/include/micro_ros_msgs/micro_ros_msgs/msg/detail/graph__struct.h
[1.075s] -- Up-to-date: /home/npicbot/robocon_ws/install/micro_ros_msgs/include/micro_ros_msgs/micro_ros_msgs/msg/detail/node__struct.h
[1.075s] -- Up-to-date: /home/npicbot/robocon_ws/install/micro_ros_msgs/include/micro_ros_msgs/micro_ros_msgs/msg/detail/node__functions.h
[1.075s] -- Up-to-date: /home/npicbot/robocon_ws/install/micro_ros_msgs/include/micro_ros_msgs/micro_ros_msgs/msg/detail/graph__type_support.h
[1.075s] -- Up-to-date: /home/npicbot/robocon_ws/install/micro_ros_msgs/include/micro_ros_msgs/micro_ros_msgs/msg/detail/entity__functions.h
[1.076s] -- Up-to-date: /home/npicbot/robocon_ws/install/micro_ros_msgs/include/micro_ros_msgs/micro_ros_msgs/msg/detail/node__functions.c
[1.076s] -- Up-to-date: /home/npicbot/robocon_ws/install/micro_ros_msgs/include/micro_ros_msgs/micro_ros_msgs/msg/detail/entity__type_support.h
[1.076s] -- Up-to-date: /home/npicbot/robocon_ws/install/micro_ros_msgs/include/micro_ros_msgs/micro_ros_msgs/msg/detail/node__type_support.h
[1.076s] -- Up-to-date: /home/npicbot/robocon_ws/install/micro_ros_msgs/include/micro_ros_msgs/micro_ros_msgs/msg/detail/entity__functions.c
[1.076s] -- Up-to-date: /home/npicbot/robocon_ws/install/micro_ros_msgs/include/micro_ros_msgs/micro_ros_msgs/msg/detail/graph__functions.c
[1.076s] -- Up-to-date: /home/npicbot/robocon_ws/install/micro_ros_msgs/include/micro_ros_msgs/micro_ros_msgs/msg/entity.h
[1.077s] -- Up-to-date: /home/npicbot/robocon_ws/install/micro_ros_msgs/include/micro_ros_msgs/micro_ros_msgs/msg/rosidl_generator_c__visibility_control.h
[1.077s] -- Up-to-date: /home/npicbot/robocon_ws/install/micro_ros_msgs/include/micro_ros_msgs/micro_ros_msgs/msg/node.h
[1.077s] -- Up-to-date: /home/npicbot/robocon_ws/install/micro_ros_msgs/include/micro_ros_msgs/micro_ros_msgs/msg/graph.h
[1.077s] -- Up-to-date: /home/npicbot/robocon_ws/install/micro_ros_msgs/share/micro_ros_msgs/environment/library_path.sh
[1.077s] -- Up-to-date: /home/npicbot/robocon_ws/install/micro_ros_msgs/share/micro_ros_msgs/environment/library_path.dsv
[1.077s] -- Up-to-date: /home/npicbot/robocon_ws/install/micro_ros_msgs/lib/libmicro_ros_msgs__rosidl_generator_c.so
[1.077s] -- Up-to-date: /home/npicbot/robocon_ws/install/micro_ros_msgs/include/micro_ros_msgs/micro_ros_msgs
[1.078s] -- Up-to-date: /home/npicbot/robocon_ws/install/micro_ros_msgs/include/micro_ros_msgs/micro_ros_msgs/msg
[1.078s] -- Up-to-date: /home/npicbot/robocon_ws/install/micro_ros_msgs/include/micro_ros_msgs/micro_ros_msgs/msg/detail
[1.078s] -- Up-to-date: /home/npicbot/robocon_ws/install/micro_ros_msgs/include/micro_ros_msgs/micro_ros_msgs/msg/detail/entity__rosidl_typesupport_fastrtps_c.h
[1.078s] -- Up-to-date: /home/npicbot/robocon_ws/install/micro_ros_msgs/include/micro_ros_msgs/micro_ros_msgs/msg/detail/graph__rosidl_typesupport_fastrtps_c.h
[1.078s] -- Up-to-date: /home/npicbot/robocon_ws/install/micro_ros_msgs/include/micro_ros_msgs/micro_ros_msgs/msg/detail/node__rosidl_typesupport_fastrtps_c.h
[1.079s] -- Up-to-date: /home/npicbot/robocon_ws/install/micro_ros_msgs/include/micro_ros_msgs/micro_ros_msgs/msg/rosidl_typesupport_fastrtps_c__visibility_control.h
[1.079s] -- Up-to-date: /home/npicbot/robocon_ws/install/micro_ros_msgs/lib/libmicro_ros_msgs__rosidl_typesupport_fastrtps_c.so
[1.079s] -- Up-to-date: /home/npicbot/robocon_ws/install/micro_ros_msgs/include/micro_ros_msgs/micro_ros_msgs
[1.079s] -- Up-to-date: /home/npicbot/robocon_ws/install/micro_ros_msgs/include/micro_ros_msgs/micro_ros_msgs/msg
[1.079s] -- Up-to-date: /home/npicbot/robocon_ws/install/micro_ros_msgs/include/micro_ros_msgs/micro_ros_msgs/msg/detail
[1.079s] -- Up-to-date: /home/npicbot/robocon_ws/install/micro_ros_msgs/include/micro_ros_msgs/micro_ros_msgs/msg/detail/node__rosidl_typesupport_introspection_c.h
[1.079s] -- Up-to-date: /home/npicbot/robocon_ws/install/micro_ros_msgs/include/micro_ros_msgs/micro_ros_msgs/msg/detail/entity__type_support.c
[1.080s] -- Up-to-date: /home/npicbot/robocon_ws/install/micro_ros_msgs/include/micro_ros_msgs/micro_ros_msgs/msg/detail/graph__rosidl_typesupport_introspection_c.h
[1.080s] -- Up-to-date: /home/npicbot/robocon_ws/install/micro_ros_msgs/include/micro_ros_msgs/micro_ros_msgs/msg/detail/graph__type_support.c
[1.080s] -- Up-to-date: /home/npicbot/robocon_ws/install/micro_ros_msgs/include/micro_ros_msgs/micro_ros_msgs/msg/detail/entity__rosidl_typesupport_introspection_c.h
[1.080s] -- Up-to-date: /home/npicbot/robocon_ws/install/micro_ros_msgs/include/micro_ros_msgs/micro_ros_msgs/msg/detail/node__type_support.c
[1.080s] -- Up-to-date: /home/npicbot/robocon_ws/install/micro_ros_msgs/include/micro_ros_msgs/micro_ros_msgs/msg/rosidl_typesupport_introspection_c__visibility_control.h
[1.080s] -- Up-to-date: /home/npicbot/robocon_ws/install/micro_ros_msgs/lib/libmicro_ros_msgs__rosidl_typesupport_introspection_c.so
[1.080s] -- Up-to-date: /home/npicbot/robocon_ws/install/micro_ros_msgs/lib/libmicro_ros_msgs__rosidl_typesupport_c.so
[1.080s] -- Up-to-date: /home/npicbot/robocon_ws/install/micro_ros_msgs/include/micro_ros_msgs/micro_ros_msgs
[1.081s] -- Up-to-date: /home/npicbot/robocon_ws/install/micro_ros_msgs/include/micro_ros_msgs/micro_ros_msgs/msg
[1.081s] -- Up-to-date: /home/npicbot/robocon_ws/install/micro_ros_msgs/include/micro_ros_msgs/micro_ros_msgs/msg/entity.hpp
[1.081s] -- Up-to-date: /home/npicbot/robocon_ws/install/micro_ros_msgs/include/micro_ros_msgs/micro_ros_msgs/msg/detail
[1.081s] -- Up-to-date: /home/npicbot/robocon_ws/install/micro_ros_msgs/include/micro_ros_msgs/micro_ros_msgs/msg/detail/entity__builder.hpp
[1.081s] -- Up-to-date: /home/npicbot/robocon_ws/install/micro_ros_msgs/include/micro_ros_msgs/micro_ros_msgs/msg/detail/graph__traits.hpp
[1.081s] -- Up-to-date: /home/npicbot/robocon_ws/install/micro_ros_msgs/include/micro_ros_msgs/micro_ros_msgs/msg/detail/node__builder.hpp
[1.081s] -- Up-to-date: /home/npicbot/robocon_ws/install/micro_ros_msgs/include/micro_ros_msgs/micro_ros_msgs/msg/detail/graph__struct.hpp
[1.082s] -- Up-to-date: /home/npicbot/robocon_ws/install/micro_ros_msgs/include/micro_ros_msgs/micro_ros_msgs/msg/detail/graph__builder.hpp
[1.082s] -- Up-to-date: /home/npicbot/robocon_ws/install/micro_ros_msgs/include/micro_ros_msgs/micro_ros_msgs/msg/detail/node__struct.hpp
[1.082s] -- Up-to-date: /home/npicbot/robocon_ws/install/micro_ros_msgs/include/micro_ros_msgs/micro_ros_msgs/msg/detail/entity__traits.hpp
[1.082s] -- Up-to-date: /home/npicbot/robocon_ws/install/micro_ros_msgs/include/micro_ros_msgs/micro_ros_msgs/msg/detail/entity__struct.hpp
[1.082s] -- Up-to-date: /home/npicbot/robocon_ws/install/micro_ros_msgs/include/micro_ros_msgs/micro_ros_msgs/msg/detail/node__traits.hpp
[1.082s] -- Up-to-date: /home/npicbot/robocon_ws/install/micro_ros_msgs/include/micro_ros_msgs/micro_ros_msgs/msg/node.hpp
[1.082s] -- Up-to-date: /home/npicbot/robocon_ws/install/micro_ros_msgs/include/micro_ros_msgs/micro_ros_msgs/msg/graph.hpp
[1.082s] -- Up-to-date: /home/npicbot/robocon_ws/install/micro_ros_msgs/include/micro_ros_msgs/micro_ros_msgs
[1.083s] -- Up-to-date: /home/npicbot/robocon_ws/install/micro_ros_msgs/include/micro_ros_msgs/micro_ros_msgs/msg
[1.083s] -- Up-to-date: /home/npicbot/robocon_ws/install/micro_ros_msgs/include/micro_ros_msgs/micro_ros_msgs/msg/detail
[1.083s] -- Up-to-date: /home/npicbot/robocon_ws/install/micro_ros_msgs/include/micro_ros_msgs/micro_ros_msgs/msg/detail/graph__rosidl_typesupport_fastrtps_cpp.hpp
[1.083s] -- Up-to-date: /home/npicbot/robocon_ws/install/micro_ros_msgs/include/micro_ros_msgs/micro_ros_msgs/msg/detail/node__rosidl_typesupport_fastrtps_cpp.hpp
[1.083s] -- Up-to-date: /home/npicbot/robocon_ws/install/micro_ros_msgs/include/micro_ros_msgs/micro_ros_msgs/msg/detail/entity__rosidl_typesupport_fastrtps_cpp.hpp
[1.083s] -- Up-to-date: /home/npicbot/robocon_ws/install/micro_ros_msgs/include/micro_ros_msgs/micro_ros_msgs/msg/detail/dds_fastrtps
[1.083s] -- Up-to-date: /home/npicbot/robocon_ws/install/micro_ros_msgs/include/micro_ros_msgs/micro_ros_msgs/msg/rosidl_typesupport_fastrtps_cpp__visibility_control.h
[1.084s] -- Up-to-date: /home/npicbot/robocon_ws/install/micro_ros_msgs/lib/libmicro_ros_msgs__rosidl_typesupport_fastrtps_cpp.so
[1.084s] -- Up-to-date: /home/npicbot/robocon_ws/install/micro_ros_msgs/include/micro_ros_msgs/micro_ros_msgs
[1.084s] -- Up-to-date: /home/npicbot/robocon_ws/install/micro_ros_msgs/include/micro_ros_msgs/micro_ros_msgs/msg
[1.084s] -- Up-to-date: /home/npicbot/robocon_ws/install/micro_ros_msgs/include/micro_ros_msgs/micro_ros_msgs/msg/detail
[1.084s] -- Up-to-date: /home/npicbot/robocon_ws/install/micro_ros_msgs/include/micro_ros_msgs/micro_ros_msgs/msg/detail/graph__rosidl_typesupport_introspection_cpp.hpp
[1.084s] -- Up-to-date: /home/npicbot/robocon_ws/install/micro_ros_msgs/include/micro_ros_msgs/micro_ros_msgs/msg/detail/entity__type_support.cpp
[1.084s] -- Up-to-date: /home/npicbot/robocon_ws/install/micro_ros_msgs/include/micro_ros_msgs/micro_ros_msgs/msg/detail/entity__rosidl_typesupport_introspection_cpp.hpp
[1.084s] -- Up-to-date: /home/npicbot/robocon_ws/install/micro_ros_msgs/include/micro_ros_msgs/micro_ros_msgs/msg/detail/graph__type_support.cpp
[1.085s] -- Up-to-date: /home/npicbot/robocon_ws/install/micro_ros_msgs/include/micro_ros_msgs/micro_ros_msgs/msg/detail/node__rosidl_typesupport_introspection_cpp.hpp
[1.085s] -- Up-to-date: /home/npicbot/robocon_ws/install/micro_ros_msgs/include/micro_ros_msgs/micro_ros_msgs/msg/detail/node__type_support.cpp
[1.085s] -- Up-to-date: /home/npicbot/robocon_ws/install/micro_ros_msgs/lib/libmicro_ros_msgs__rosidl_typesupport_introspection_cpp.so
[1.085s] -- Up-to-date: /home/npicbot/robocon_ws/install/micro_ros_msgs/lib/libmicro_ros_msgs__rosidl_typesupport_cpp.so
[1.085s] -- Up-to-date: /home/npicbot/robocon_ws/install/micro_ros_msgs/share/micro_ros_msgs/environment/pythonpath.sh
[1.085s] -- Up-to-date: /home/npicbot/robocon_ws/install/micro_ros_msgs/share/micro_ros_msgs/environment/pythonpath.dsv
[1.085s] -- Up-to-date: /home/npicbot/robocon_ws/install/micro_ros_msgs/local/lib/python3.10/dist-packages/micro_ros_msgs-3.0.1-py3.10.egg-info
[1.085s] -- Installing: /home/npicbot/robocon_ws/install/micro_ros_msgs/local/lib/python3.10/dist-packages/micro_ros_msgs-3.0.1-py3.10.egg-info/top_level.txt
[1.086s] -- Installing: /home/npicbot/robocon_ws/install/micro_ros_msgs/local/lib/python3.10/dist-packages/micro_ros_msgs-3.0.1-py3.10.egg-info/PKG-INFO
[1.086s] -- Installing: /home/npicbot/robocon_ws/install/micro_ros_msgs/local/lib/python3.10/dist-packages/micro_ros_msgs-3.0.1-py3.10.egg-info/SOURCES.txt
[1.086s] -- Installing: /home/npicbot/robocon_ws/install/micro_ros_msgs/local/lib/python3.10/dist-packages/micro_ros_msgs-3.0.1-py3.10.egg-info/dependency_links.txt
[1.086s] -- Up-to-date: /home/npicbot/robocon_ws/install/micro_ros_msgs/local/lib/python3.10/dist-packages/micro_ros_msgs
[1.086s] -- Up-to-date: /home/npicbot/robocon_ws/install/micro_ros_msgs/local/lib/python3.10/dist-packages/micro_ros_msgs/msg
[1.086s] -- Up-to-date: /home/npicbot/robocon_ws/install/micro_ros_msgs/local/lib/python3.10/dist-packages/micro_ros_msgs/msg/_node_s.c
[1.086s] -- Up-to-date: /home/npicbot/robocon_ws/install/micro_ros_msgs/local/lib/python3.10/dist-packages/micro_ros_msgs/msg/_graph.py
[1.087s] -- Up-to-date: /home/npicbot/robocon_ws/install/micro_ros_msgs/local/lib/python3.10/dist-packages/micro_ros_msgs/msg/_graph_s.c
[1.087s] -- Up-to-date: /home/npicbot/robocon_ws/install/micro_ros_msgs/local/lib/python3.10/dist-packages/micro_ros_msgs/msg/_entity_s.c
[1.087s] -- Up-to-date: /home/npicbot/robocon_ws/install/micro_ros_msgs/local/lib/python3.10/dist-packages/micro_ros_msgs/msg/_entity.py
[1.087s] -- Up-to-date: /home/npicbot/robocon_ws/install/micro_ros_msgs/local/lib/python3.10/dist-packages/micro_ros_msgs/msg/__init__.py
[1.087s] -- Up-to-date: /home/npicbot/robocon_ws/install/micro_ros_msgs/local/lib/python3.10/dist-packages/micro_ros_msgs/msg/_node.py
[1.087s] -- Up-to-date: /home/npicbot/robocon_ws/install/micro_ros_msgs/local/lib/python3.10/dist-packages/micro_ros_msgs/micro_ros_msgs_s__rosidl_typesupport_introspection_c.cpython-310-aarch64-linux-gnu.so
[1.087s] -- Up-to-date: /home/npicbot/robocon_ws/install/micro_ros_msgs/local/lib/python3.10/dist-packages/micro_ros_msgs/_micro_ros_msgs_s.ep.rosidl_typesupport_introspection_c.c
[1.087s] -- Up-to-date: /home/npicbot/robocon_ws/install/micro_ros_msgs/local/lib/python3.10/dist-packages/micro_ros_msgs/micro_ros_msgs_s__rosidl_typesupport_c.cpython-310-aarch64-linux-gnu.so
[1.088s] -- Up-to-date: /home/npicbot/robocon_ws/install/micro_ros_msgs/local/lib/python3.10/dist-packages/micro_ros_msgs/_micro_ros_msgs_s.ep.rosidl_typesupport_fastrtps_c.c
[1.088s] -- Up-to-date: /home/npicbot/robocon_ws/install/micro_ros_msgs/local/lib/python3.10/dist-packages/micro_ros_msgs/_micro_ros_msgs_s.ep.rosidl_typesupport_c.c
[1.088s] -- Up-to-date: /home/npicbot/robocon_ws/install/micro_ros_msgs/local/lib/python3.10/dist-packages/micro_ros_msgs/micro_ros_msgs_s__rosidl_typesupport_fastrtps_c.cpython-310-aarch64-linux-gnu.so
[1.088s] -- Up-to-date: /home/npicbot/robocon_ws/install/micro_ros_msgs/local/lib/python3.10/dist-packages/micro_ros_msgs/__init__.py
[1.088s] -- Up-to-date: /home/npicbot/robocon_ws/install/micro_ros_msgs/local/lib/python3.10/dist-packages/micro_ros_msgs/libmicro_ros_msgs__rosidl_generator_py.so
[1.152s] Listing '/home/npicbot/robocon_ws/install/micro_ros_msgs/local/lib/python3.10/dist-packages/micro_ros_msgs'...
[1.152s] Listing '/home/npicbot/robocon_ws/install/micro_ros_msgs/local/lib/python3.10/dist-packages/micro_ros_msgs/msg'...
[1.164s] -- Up-to-date: /home/npicbot/robocon_ws/install/micro_ros_msgs/local/lib/python3.10/dist-packages/micro_ros_msgs/micro_ros_msgs_s__rosidl_typesupport_fastrtps_c.cpython-310-aarch64-linux-gnu.so
[1.164s] -- Up-to-date: /home/npicbot/robocon_ws/install/micro_ros_msgs/local/lib/python3.10/dist-packages/micro_ros_msgs/micro_ros_msgs_s__rosidl_typesupport_introspection_c.cpython-310-aarch64-linux-gnu.so
[1.166s] -- Up-to-date: /home/npicbot/robocon_ws/install/micro_ros_msgs/local/lib/python3.10/dist-packages/micro_ros_msgs/micro_ros_msgs_s__rosidl_typesupport_c.cpython-310-aarch64-linux-gnu.so
[1.167s] -- Up-to-date: /home/npicbot/robocon_ws/install/micro_ros_msgs/lib/libmicro_ros_msgs__rosidl_generator_py.so
[1.170s] -- Up-to-date: /home/npicbot/robocon_ws/install/micro_ros_msgs/share/micro_ros_msgs/msg/Graph.idl
[1.170s] -- Up-to-date: /home/npicbot/robocon_ws/install/micro_ros_msgs/share/micro_ros_msgs/msg/Node.idl
[1.170s] -- Up-to-date: /home/npicbot/robocon_ws/install/micro_ros_msgs/share/micro_ros_msgs/msg/Entity.idl
[1.171s] -- Up-to-date: /home/npicbot/robocon_ws/install/micro_ros_msgs/share/micro_ros_msgs/msg/Graph.msg
[1.172s] -- Up-to-date: /home/npicbot/robocon_ws/install/micro_ros_msgs/share/micro_ros_msgs/msg/Node.msg
[1.172s] -- Up-to-date: /home/npicbot/robocon_ws/install/micro_ros_msgs/share/micro_ros_msgs/msg/Entity.msg
[1.173s] -- Up-to-date: /home/npicbot/robocon_ws/install/micro_ros_msgs/share/ament_index/resource_index/package_run_dependencies/micro_ros_msgs
[1.174s] -- Up-to-date: /home/npicbot/robocon_ws/install/micro_ros_msgs/share/ament_index/resource_index/parent_prefix_path/micro_ros_msgs
[1.174s] -- Up-to-date: /home/npicbot/robocon_ws/install/micro_ros_msgs/share/micro_ros_msgs/environment/ament_prefix_path.sh
[1.175s] -- Up-to-date: /home/npicbot/robocon_ws/install/micro_ros_msgs/share/micro_ros_msgs/environment/ament_prefix_path.dsv
[1.175s] -- Up-to-date: /home/npicbot/robocon_ws/install/micro_ros_msgs/share/micro_ros_msgs/environment/path.sh
[1.175s] -- Up-to-date: /home/npicbot/robocon_ws/install/micro_ros_msgs/share/micro_ros_msgs/environment/path.dsv
[1.176s] -- Up-to-date: /home/npicbot/robocon_ws/install/micro_ros_msgs/share/micro_ros_msgs/local_setup.bash
[1.176s] -- Up-to-date: /home/npicbot/robocon_ws/install/micro_ros_msgs/share/micro_ros_msgs/local_setup.sh
[1.177s] -- Up-to-date: /home/npicbot/robocon_ws/install/micro_ros_msgs/share/micro_ros_msgs/local_setup.zsh
[1.177s] -- Up-to-date: /home/npicbot/robocon_ws/install/micro_ros_msgs/share/micro_ros_msgs/local_setup.dsv
[1.177s] -- Installing: /home/npicbot/robocon_ws/install/micro_ros_msgs/share/micro_ros_msgs/package.dsv
[1.178s] -- Up-to-date: /home/npicbot/robocon_ws/install/micro_ros_msgs/share/ament_index/resource_index/packages/micro_ros_msgs
[1.179s] -- Up-to-date: /home/npicbot/robocon_ws/install/micro_ros_msgs/share/micro_ros_msgs/cmake/export_micro_ros_msgs__rosidl_generator_cExport.cmake
[1.180s] -- Up-to-date: /home/npicbot/robocon_ws/install/micro_ros_msgs/share/micro_ros_msgs/cmake/export_micro_ros_msgs__rosidl_generator_cExport-noconfig.cmake
[1.180s] -- Up-to-date: /home/npicbot/robocon_ws/install/micro_ros_msgs/share/micro_ros_msgs/cmake/export_micro_ros_msgs__rosidl_typesupport_fastrtps_cExport.cmake
[1.180s] -- Up-to-date: /home/npicbot/robocon_ws/install/micro_ros_msgs/share/micro_ros_msgs/cmake/export_micro_ros_msgs__rosidl_typesupport_fastrtps_cExport-noconfig.cmake
[1.181s] -- Up-to-date: /home/npicbot/robocon_ws/install/micro_ros_msgs/share/micro_ros_msgs/cmake/micro_ros_msgs__rosidl_typesupport_introspection_cExport.cmake
[1.181s] -- Up-to-date: /home/npicbot/robocon_ws/install/micro_ros_msgs/share/micro_ros_msgs/cmake/micro_ros_msgs__rosidl_typesupport_introspection_cExport-noconfig.cmake
[1.181s] -- Up-to-date: /home/npicbot/robocon_ws/install/micro_ros_msgs/share/micro_ros_msgs/cmake/micro_ros_msgs__rosidl_typesupport_cExport.cmake
[1.181s] -- Up-to-date: /home/npicbot/robocon_ws/install/micro_ros_msgs/share/micro_ros_msgs/cmake/micro_ros_msgs__rosidl_typesupport_cExport-noconfig.cmake
[1.183s] -- Up-to-date: /home/npicbot/robocon_ws/install/micro_ros_msgs/share/micro_ros_msgs/cmake/export_micro_ros_msgs__rosidl_generator_cppExport.cmake
[1.184s] -- Up-to-date: /home/npicbot/robocon_ws/install/micro_ros_msgs/share/micro_ros_msgs/cmake/export_micro_ros_msgs__rosidl_typesupport_fastrtps_cppExport.cmake
[1.185s] -- Up-to-date: /home/npicbot/robocon_ws/install/micro_ros_msgs/share/micro_ros_msgs/cmake/export_micro_ros_msgs__rosidl_typesupport_fastrtps_cppExport-noconfig.cmake
[1.186s] -- Up-to-date: /home/npicbot/robocon_ws/install/micro_ros_msgs/share/micro_ros_msgs/cmake/micro_ros_msgs__rosidl_typesupport_introspection_cppExport.cmake
[1.187s] -- Up-to-date: /home/npicbot/robocon_ws/install/micro_ros_msgs/share/micro_ros_msgs/cmake/micro_ros_msgs__rosidl_typesupport_introspection_cppExport-noconfig.cmake
[1.188s] -- Up-to-date: /home/npicbot/robocon_ws/install/micro_ros_msgs/share/micro_ros_msgs/cmake/micro_ros_msgs__rosidl_typesupport_cppExport.cmake
[1.188s] -- Up-to-date: /home/npicbot/robocon_ws/install/micro_ros_msgs/share/micro_ros_msgs/cmake/micro_ros_msgs__rosidl_typesupport_cppExport-noconfig.cmake
[1.188s] -- Up-to-date: /home/npicbot/robocon_ws/install/micro_ros_msgs/share/micro_ros_msgs/cmake/export_micro_ros_msgs__rosidl_generator_pyExport.cmake
[1.189s] -- Up-to-date: /home/npicbot/robocon_ws/install/micro_ros_msgs/share/micro_ros_msgs/cmake/export_micro_ros_msgs__rosidl_generator_pyExport-noconfig.cmake
[1.189s] -- Up-to-date: /home/npicbot/robocon_ws/install/micro_ros_msgs/share/micro_ros_msgs/cmake/rosidl_cmake-extras.cmake
[1.189s] -- Up-to-date: /home/npicbot/robocon_ws/install/micro_ros_msgs/share/micro_ros_msgs/cmake/ament_cmake_export_include_directories-extras.cmake
[1.189s] -- Up-to-date: /home/npicbot/robocon_ws/install/micro_ros_msgs/share/micro_ros_msgs/cmake/ament_cmake_export_libraries-extras.cmake
[1.190s] -- Up-to-date: /home/npicbot/robocon_ws/install/micro_ros_msgs/share/micro_ros_msgs/cmake/ament_cmake_export_targets-extras.cmake
[1.190s] -- Up-to-date: /home/npicbot/robocon_ws/install/micro_ros_msgs/share/micro_ros_msgs/cmake/rosidl_cmake_export_typesupport_targets-extras.cmake
[1.190s] -- Up-to-date: /home/npicbot/robocon_ws/install/micro_ros_msgs/share/micro_ros_msgs/cmake/ament_cmake_export_dependencies-extras.cmake
[1.191s] -- Up-to-date: /home/npicbot/robocon_ws/install/micro_ros_msgs/share/micro_ros_msgs/cmake/rosidl_cmake_export_typesupport_libraries-extras.cmake
[1.191s] -- Up-to-date: /home/npicbot/robocon_ws/install/micro_ros_msgs/share/micro_ros_msgs/cmake/micro_ros_msgsConfig.cmake
[1.191s] -- Up-to-date: /home/npicbot/robocon_ws/install/micro_ros_msgs/share/micro_ros_msgs/cmake/micro_ros_msgsConfig-version.cmake
[1.191s] -- Up-to-date: /home/npicbot/robocon_ws/install/micro_ros_msgs/share/micro_ros_msgs/package.xml
[1.192s] Invoked command in '/home/npicbot/robocon_ws/build/micro_ros_msgs' returned '0': CMAKE_PREFIX_PATH=${CMAKE_PREFIX_PATH}:/opt/ros/humble /usr/bin/cmake --install /home/npicbot/robocon_ws/build/micro_ros_msgs
