[0.038s] Invoking command in '/home/npicbot/robocon_ws/build/robot_command': CMAKE_PREFIX_PATH=${CMAKE_PREFIX_PATH}:/opt/ros/humble /usr/bin/cmake --build /home/npicbot/robocon_ws/build/robot_command -- -j12 -l12
[0.072s] -- Found ament_cmake: 1.3.10 (/opt/ros/humble/share/ament_cmake/cmake)
[0.321s] -- Found rclcpp: 16.0.10 (/opt/ros/humble/share/rclcpp/cmake)
[0.365s] -- Found rosidl_generator_c: 3.1.5 (/opt/ros/humble/share/rosidl_generator_c/cmake)
[0.370s] -- Found rosidl_adapter: 3.1.5 (/opt/ros/humble/share/rosidl_adapter/cmake)
[0.378s] -- Found rosidl_generator_cpp: 3.1.5 (/opt/ros/humble/share/rosidl_generator_cpp/cmake)
[0.392s] -- Using all available rosidl_typesupport_c: rosidl_typesupport_fastrtps_c;rosidl_typesupport_introspection_c
[0.410s] -- Using all available rosidl_typesupport_cpp: rosidl_typesupport_fastrtps_cpp;rosidl_typesupport_introspection_cpp
[0.453s] -- Found rmw_implementation_cmake: 6.1.2 (/opt/ros/humble/share/rmw_implementation_cmake/cmake)
[0.454s] -- Found rmw_fastrtps_cpp: 6.2.7 (/opt/ros/humble/share/rmw_fastrtps_cpp/cmake)
[0.597s] -- Using RMW implementation 'rmw_fastrtps_cpp' as default
[0.666s] -- Found sensor_msgs: 4.2.4 (/opt/ros/humble/share/sensor_msgs/cmake)
[0.706s] -- Found ament_lint_auto: 0.12.11 (/opt/ros/humble/share/ament_lint_auto/cmake)
[0.833s] -- Added test 'cppcheck' to perform static code analysis on C / C++ code
[0.835s] -- Configured cppcheck include dirs: 
[0.837s] -- Configured cppcheck exclude dirs and/or files: 
[0.837s] -- Added test 'flake8' to check Python code syntax and style conventions
[0.838s] -- Added test 'lint_cmake' to check CMake code style
[0.838s] -- Added test 'pep257' to check Python code against some of the docstring style conventions in PEP 257
[0.838s] -- Added test 'uncrustify' to check C / C++ code style
[0.838s] -- Configured uncrustify additional arguments: 
[0.838s] -- Added test 'xmllint' to check XML markup files
[0.838s] -- Configuring done
[0.857s] -- Generating done
[0.863s] -- Build files have been written to: /home/npicbot/robocon_ws/build/robot_command
[0.906s] [35m[1mConsolidate compiler generated dependencies of target ps2_controller[0m
[0.935s] [100%] Built target ps2_controller
[0.956s] Invoked command in '/home/npicbot/robocon_ws/build/robot_command' returned '0': CMAKE_PREFIX_PATH=${CMAKE_PREFIX_PATH}:/opt/ros/humble /usr/bin/cmake --build /home/npicbot/robocon_ws/build/robot_command -- -j12 -l12
[0.992s] Invoking command in '/home/npicbot/robocon_ws/build/robot_command': CMAKE_PREFIX_PATH=${CMAKE_PREFIX_PATH}:/opt/ros/humble /usr/bin/cmake --install /home/npicbot/robocon_ws/build/robot_command
[1.006s] -- Install configuration: ""
[1.006s] -- Up-to-date: /home/npicbot/robocon_ws/install/robot_command/share/robot_command/launch
[1.007s] -- Installing: /home/npicbot/robocon_ws/install/robot_command/share/robot_command/launch/call_node_v1.launch.py
[1.007s] -- Up-to-date: /home/npicbot/robocon_ws/install/robot_command/lib/robot_command/ps2_controller
[1.007s] -- Up-to-date: /home/npicbot/robocon_ws/install/robot_command/share/ament_index/resource_index/package_run_dependencies/robot_command
[1.007s] -- Up-to-date: /home/npicbot/robocon_ws/install/robot_command/share/ament_index/resource_index/parent_prefix_path/robot_command
[1.008s] -- Up-to-date: /home/npicbot/robocon_ws/install/robot_command/share/robot_command/environment/ament_prefix_path.sh
[1.008s] -- Installing: /home/npicbot/robocon_ws/install/robot_command/share/robot_command/environment/ament_prefix_path.dsv
[1.008s] -- Up-to-date: /home/npicbot/robocon_ws/install/robot_command/share/robot_command/environment/path.sh
[1.008s] -- Installing: /home/npicbot/robocon_ws/install/robot_command/share/robot_command/environment/path.dsv
[1.009s] -- Up-to-date: /home/npicbot/robocon_ws/install/robot_command/share/robot_command/local_setup.bash
[1.009s] -- Up-to-date: /home/npicbot/robocon_ws/install/robot_command/share/robot_command/local_setup.sh
[1.009s] -- Up-to-date: /home/npicbot/robocon_ws/install/robot_command/share/robot_command/local_setup.zsh
[1.009s] -- Installing: /home/npicbot/robocon_ws/install/robot_command/share/robot_command/local_setup.dsv
[1.010s] -- Installing: /home/npicbot/robocon_ws/install/robot_command/share/robot_command/package.dsv
[1.010s] -- Up-to-date: /home/npicbot/robocon_ws/install/robot_command/share/ament_index/resource_index/packages/robot_command
[1.010s] -- Up-to-date: /home/npicbot/robocon_ws/install/robot_command/share/robot_command/cmake/robot_commandConfig.cmake
[1.011s] -- Up-to-date: /home/npicbot/robocon_ws/install/robot_command/share/robot_command/cmake/robot_commandConfig-version.cmake
[1.011s] -- Up-to-date: /home/npicbot/robocon_ws/install/robot_command/share/robot_command/package.xml
[1.030s] Invoked command in '/home/npicbot/robocon_ws/build/robot_command' returned '0': CMAKE_PREFIX_PATH=${CMAKE_PREFIX_PATH}:/opt/ros/humble /usr/bin/cmake --install /home/npicbot/robocon_ws/build/robot_command
