[0.060s] Invoking command in '/home/npicbot/robocon_ws/build/robot_base': CMAKE_PREFIX_PATH=${CMAKE_PREFIX_PATH}:/opt/ros/humble /usr/bin/cmake --build /home/npicbot/robocon_ws/build/robot_base -- -j12 -l12
[0.172s] [ 10%] Built target robot_base__rosidl_generator_c
[0.173s] [ 12%] Built target robot_base__cpp
[0.232s] [ 12%] Built target ament_cmake_python_copy_robot_base
[0.235s] [ 23%] Built target robot_base__rosidl_typesupport_introspection_c
[0.243s] [ 33%] Built target robot_base__rosidl_typesupport_c
[0.265s] [ 43%] Built target robot_base__rosidl_typesupport_fastrtps_cpp
[0.273s] [ 53%] Built target robot_base__rosidl_typesupport_introspection_cpp
[0.324s] [ 64%] Built target robot_base__rosidl_typesupport_fastrtps_c
[0.324s] [ 74%] Built target robot_base__rosidl_typesupport_cpp
[0.350s] [ 74%] Built target robot_base
[0.393s] [ 76%] Built target robot_base__py
[0.451s] [ 84%] Built target robot_base__rosidl_generator_py
[0.499s] [ 89%] Built target robot_base__rosidl_typesupport_fastrtps_c__pyext
[0.526s] [ 97%] Built target robot_base__rosidl_typesupport_c__pyext
[0.528s] [100%] Built target robot_base__rosidl_typesupport_introspection_c__pyext
[0.854s] running egg_info
[0.856s] writing robot_base.egg-info/PKG-INFO
[0.856s] writing dependency_links to robot_base.egg-info/dependency_links.txt
[0.857s] writing top-level names to robot_base.egg-info/top_level.txt
[0.863s] reading manifest file 'robot_base.egg-info/SOURCES.txt'
[0.865s] writing manifest file 'robot_base.egg-info/SOURCES.txt'
[0.956s] [100%] Built target ament_cmake_python_build_robot_base_egg
[0.987s] Invoked command in '/home/npicbot/robocon_ws/build/robot_base' returned '0': CMAKE_PREFIX_PATH=${CMAKE_PREFIX_PATH}:/opt/ros/humble /usr/bin/cmake --build /home/npicbot/robocon_ws/build/robot_base -- -j12 -l12
[1.178s] Invoking command in '/home/npicbot/robocon_ws/build/robot_base': CMAKE_PREFIX_PATH=${CMAKE_PREFIX_PATH}:/opt/ros/humble /usr/bin/cmake --install /home/npicbot/robocon_ws/build/robot_base
[1.187s] -- Install configuration: ""
[1.187s] -- Up-to-date: /home/npicbot/robocon_ws/install/robot_base/share/ament_index/resource_index/rosidl_interfaces/robot_base
[1.188s] -- Up-to-date: /home/npicbot/robocon_ws/install/robot_base/include/robot_base/robot_base
[1.188s] -- Up-to-date: /home/npicbot/robocon_ws/install/robot_base/include/robot_base/robot_base/msg
[1.189s] -- Up-to-date: /home/npicbot/robocon_ws/install/robot_base/include/robot_base/robot_base/msg/detail
[1.189s] -- Up-to-date: /home/npicbot/robocon_ws/install/robot_base/include/robot_base/robot_base/msg/detail/position_message__type_support.h
[1.189s] -- Up-to-date: /home/npicbot/robocon_ws/install/robot_base/include/robot_base/robot_base/msg/detail/position_message__functions.h
[1.189s] -- Up-to-date: /home/npicbot/robocon_ws/install/robot_base/include/robot_base/robot_base/msg/detail/projectile_message__functions.c
[1.189s] -- Up-to-date: /home/npicbot/robocon_ws/install/robot_base/include/robot_base/robot_base/msg/detail/projectile_message__functions.h
[1.189s] -- Up-to-date: /home/npicbot/robocon_ws/install/robot_base/include/robot_base/robot_base/msg/detail/position_message__functions.c
[1.190s] -- Up-to-date: /home/npicbot/robocon_ws/install/robot_base/include/robot_base/robot_base/msg/detail/position_message__struct.h
[1.190s] -- Up-to-date: /home/npicbot/robocon_ws/install/robot_base/include/robot_base/robot_base/msg/detail/projectile_message__struct.h
[1.190s] -- Up-to-date: /home/npicbot/robocon_ws/install/robot_base/include/robot_base/robot_base/msg/detail/projectile_message__type_support.h
[1.190s] -- Up-to-date: /home/npicbot/robocon_ws/install/robot_base/include/robot_base/robot_base/msg/rosidl_generator_c__visibility_control.h
[1.190s] -- Up-to-date: /home/npicbot/robocon_ws/install/robot_base/include/robot_base/robot_base/msg/projectile_message.h
[1.190s] -- Up-to-date: /home/npicbot/robocon_ws/install/robot_base/include/robot_base/robot_base/msg/position_message.h
[1.191s] -- Up-to-date: /home/npicbot/robocon_ws/install/robot_base/share/robot_base/environment/library_path.sh
[1.191s] -- Up-to-date: /home/npicbot/robocon_ws/install/robot_base/share/robot_base/environment/library_path.dsv
[1.191s] -- Up-to-date: /home/npicbot/robocon_ws/install/robot_base/lib/librobot_base__rosidl_generator_c.so
[1.191s] -- Up-to-date: /home/npicbot/robocon_ws/install/robot_base/include/robot_base/robot_base
[1.191s] -- Up-to-date: /home/npicbot/robocon_ws/install/robot_base/include/robot_base/robot_base/msg
[1.191s] -- Up-to-date: /home/npicbot/robocon_ws/install/robot_base/include/robot_base/robot_base/msg/detail
[1.191s] -- Up-to-date: /home/npicbot/robocon_ws/install/robot_base/include/robot_base/robot_base/msg/detail/position_message__rosidl_typesupport_fastrtps_c.h
[1.192s] -- Up-to-date: /home/npicbot/robocon_ws/install/robot_base/include/robot_base/robot_base/msg/detail/projectile_message__rosidl_typesupport_fastrtps_c.h
[1.192s] -- Up-to-date: /home/npicbot/robocon_ws/install/robot_base/include/robot_base/robot_base/msg/rosidl_typesupport_fastrtps_c__visibility_control.h
[1.192s] -- Up-to-date: /home/npicbot/robocon_ws/install/robot_base/lib/librobot_base__rosidl_typesupport_fastrtps_c.so
[1.192s] -- Up-to-date: /home/npicbot/robocon_ws/install/robot_base/include/robot_base/robot_base
[1.193s] -- Up-to-date: /home/npicbot/robocon_ws/install/robot_base/include/robot_base/robot_base/msg
[1.193s] -- Up-to-date: /home/npicbot/robocon_ws/install/robot_base/include/robot_base/robot_base/msg/detail
[1.193s] -- Up-to-date: /home/npicbot/robocon_ws/install/robot_base/include/robot_base/robot_base/msg/detail/position_message__type_support.c
[1.193s] -- Up-to-date: /home/npicbot/robocon_ws/install/robot_base/include/robot_base/robot_base/msg/detail/position_message__rosidl_typesupport_introspection_c.h
[1.193s] -- Up-to-date: /home/npicbot/robocon_ws/install/robot_base/include/robot_base/robot_base/msg/detail/projectile_message__rosidl_typesupport_introspection_c.h
[1.193s] -- Up-to-date: /home/npicbot/robocon_ws/install/robot_base/include/robot_base/robot_base/msg/detail/projectile_message__type_support.c
[1.194s] -- Up-to-date: /home/npicbot/robocon_ws/install/robot_base/include/robot_base/robot_base/msg/rosidl_typesupport_introspection_c__visibility_control.h
[1.194s] -- Up-to-date: /home/npicbot/robocon_ws/install/robot_base/lib/librobot_base__rosidl_typesupport_introspection_c.so
[1.194s] -- Up-to-date: /home/npicbot/robocon_ws/install/robot_base/lib/librobot_base__rosidl_typesupport_c.so
[1.194s] -- Up-to-date: /home/npicbot/robocon_ws/install/robot_base/include/robot_base/robot_base
[1.195s] -- Up-to-date: /home/npicbot/robocon_ws/install/robot_base/include/robot_base/robot_base/msg
[1.195s] -- Up-to-date: /home/npicbot/robocon_ws/install/robot_base/include/robot_base/robot_base/msg/detail
[1.195s] -- Up-to-date: /home/npicbot/robocon_ws/install/robot_base/include/robot_base/robot_base/msg/detail/projectile_message__builder.hpp
[1.195s] -- Up-to-date: /home/npicbot/robocon_ws/install/robot_base/include/robot_base/robot_base/msg/detail/projectile_message__traits.hpp
[1.195s] -- Up-to-date: /home/npicbot/robocon_ws/install/robot_base/include/robot_base/robot_base/msg/detail/position_message__traits.hpp
[1.195s] -- Up-to-date: /home/npicbot/robocon_ws/install/robot_base/include/robot_base/robot_base/msg/detail/projectile_message__struct.hpp
[1.196s] -- Up-to-date: /home/npicbot/robocon_ws/install/robot_base/include/robot_base/robot_base/msg/detail/position_message__struct.hpp
[1.196s] -- Up-to-date: /home/npicbot/robocon_ws/install/robot_base/include/robot_base/robot_base/msg/detail/position_message__builder.hpp
[1.196s] -- Up-to-date: /home/npicbot/robocon_ws/install/robot_base/include/robot_base/robot_base/msg/projectile_message.hpp
[1.196s] -- Up-to-date: /home/npicbot/robocon_ws/install/robot_base/include/robot_base/robot_base/msg/position_message.hpp
[1.197s] -- Up-to-date: /home/npicbot/robocon_ws/install/robot_base/include/robot_base/robot_base
[1.197s] -- Up-to-date: /home/npicbot/robocon_ws/install/robot_base/include/robot_base/robot_base/msg
[1.197s] -- Up-to-date: /home/npicbot/robocon_ws/install/robot_base/include/robot_base/robot_base/msg/detail
[1.197s] -- Up-to-date: /home/npicbot/robocon_ws/install/robot_base/include/robot_base/robot_base/msg/detail/projectile_message__rosidl_typesupport_fastrtps_cpp.hpp
[1.197s] -- Up-to-date: /home/npicbot/robocon_ws/install/robot_base/include/robot_base/robot_base/msg/detail/position_message__rosidl_typesupport_fastrtps_cpp.hpp
[1.198s] -- Up-to-date: /home/npicbot/robocon_ws/install/robot_base/include/robot_base/robot_base/msg/detail/dds_fastrtps
[1.198s] -- Up-to-date: /home/npicbot/robocon_ws/install/robot_base/include/robot_base/robot_base/msg/rosidl_typesupport_fastrtps_cpp__visibility_control.h
[1.198s] -- Up-to-date: /home/npicbot/robocon_ws/install/robot_base/lib/librobot_base__rosidl_typesupport_fastrtps_cpp.so
[1.198s] -- Up-to-date: /home/npicbot/robocon_ws/install/robot_base/include/robot_base/robot_base
[1.198s] -- Up-to-date: /home/npicbot/robocon_ws/install/robot_base/include/robot_base/robot_base/msg
[1.198s] -- Up-to-date: /home/npicbot/robocon_ws/install/robot_base/include/robot_base/robot_base/msg/detail
[1.198s] -- Up-to-date: /home/npicbot/robocon_ws/install/robot_base/include/robot_base/robot_base/msg/detail/projectile_message__rosidl_typesupport_introspection_cpp.hpp
[1.199s] -- Up-to-date: /home/npicbot/robocon_ws/install/robot_base/include/robot_base/robot_base/msg/detail/position_message__type_support.cpp
[1.199s] -- Up-to-date: /home/npicbot/robocon_ws/install/robot_base/include/robot_base/robot_base/msg/detail/position_message__rosidl_typesupport_introspection_cpp.hpp
[1.199s] -- Up-to-date: /home/npicbot/robocon_ws/install/robot_base/include/robot_base/robot_base/msg/detail/projectile_message__type_support.cpp
[1.199s] -- Up-to-date: /home/npicbot/robocon_ws/install/robot_base/lib/librobot_base__rosidl_typesupport_introspection_cpp.so
[1.199s] -- Up-to-date: /home/npicbot/robocon_ws/install/robot_base/lib/librobot_base__rosidl_typesupport_cpp.so
[1.199s] -- Up-to-date: /home/npicbot/robocon_ws/install/robot_base/share/robot_base/environment/pythonpath.sh
[1.199s] -- Up-to-date: /home/npicbot/robocon_ws/install/robot_base/share/robot_base/environment/pythonpath.dsv
[1.200s] -- Up-to-date: /home/npicbot/robocon_ws/install/robot_base/local/lib/python3.10/dist-packages/robot_base-0.0.0-py3.10.egg-info
[1.200s] -- Installing: /home/npicbot/robocon_ws/install/robot_base/local/lib/python3.10/dist-packages/robot_base-0.0.0-py3.10.egg-info/top_level.txt
[1.200s] -- Installing: /home/npicbot/robocon_ws/install/robot_base/local/lib/python3.10/dist-packages/robot_base-0.0.0-py3.10.egg-info/PKG-INFO
[1.200s] -- Installing: /home/npicbot/robocon_ws/install/robot_base/local/lib/python3.10/dist-packages/robot_base-0.0.0-py3.10.egg-info/SOURCES.txt
[1.200s] -- Installing: /home/npicbot/robocon_ws/install/robot_base/local/lib/python3.10/dist-packages/robot_base-0.0.0-py3.10.egg-info/dependency_links.txt
[1.200s] -- Up-to-date: /home/npicbot/robocon_ws/install/robot_base/local/lib/python3.10/dist-packages/robot_base
[1.200s] -- Up-to-date: /home/npicbot/robocon_ws/install/robot_base/local/lib/python3.10/dist-packages/robot_base/msg
[1.200s] -- Up-to-date: /home/npicbot/robocon_ws/install/robot_base/local/lib/python3.10/dist-packages/robot_base/msg/_position_message_s.c
[1.201s] -- Up-to-date: /home/npicbot/robocon_ws/install/robot_base/local/lib/python3.10/dist-packages/robot_base/msg/_position_message.py
[1.201s] -- Up-to-date: /home/npicbot/robocon_ws/install/robot_base/local/lib/python3.10/dist-packages/robot_base/msg/_projectile_message.py
[1.201s] -- Up-to-date: /home/npicbot/robocon_ws/install/robot_base/local/lib/python3.10/dist-packages/robot_base/msg/__init__.py
[1.201s] -- Up-to-date: /home/npicbot/robocon_ws/install/robot_base/local/lib/python3.10/dist-packages/robot_base/msg/_projectile_message_s.c
[1.201s] -- Up-to-date: /home/npicbot/robocon_ws/install/robot_base/local/lib/python3.10/dist-packages/robot_base/_robot_base_s.ep.rosidl_typesupport_c.c
[1.201s] -- Up-to-date: /home/npicbot/robocon_ws/install/robot_base/local/lib/python3.10/dist-packages/robot_base/_robot_base_s.ep.rosidl_typesupport_fastrtps_c.c
[1.201s] -- Up-to-date: /home/npicbot/robocon_ws/install/robot_base/local/lib/python3.10/dist-packages/robot_base/librobot_base__rosidl_generator_py.so
[1.202s] -- Up-to-date: /home/npicbot/robocon_ws/install/robot_base/local/lib/python3.10/dist-packages/robot_base/_robot_base_s.ep.rosidl_typesupport_introspection_c.c
[1.202s] -- Up-to-date: /home/npicbot/robocon_ws/install/robot_base/local/lib/python3.10/dist-packages/robot_base/robot_base_s__rosidl_typesupport_fastrtps_c.cpython-310-aarch64-linux-gnu.so
[1.202s] -- Up-to-date: /home/npicbot/robocon_ws/install/robot_base/local/lib/python3.10/dist-packages/robot_base/__init__.py
[1.202s] -- Up-to-date: /home/npicbot/robocon_ws/install/robot_base/local/lib/python3.10/dist-packages/robot_base/robot_base_s__rosidl_typesupport_c.cpython-310-aarch64-linux-gnu.so
[1.202s] -- Up-to-date: /home/npicbot/robocon_ws/install/robot_base/local/lib/python3.10/dist-packages/robot_base/robot_base_s__rosidl_typesupport_introspection_c.cpython-310-aarch64-linux-gnu.so
[1.282s] Listing '/home/npicbot/robocon_ws/install/robot_base/local/lib/python3.10/dist-packages/robot_base'...
[1.283s] Listing '/home/npicbot/robocon_ws/install/robot_base/local/lib/python3.10/dist-packages/robot_base/msg'...
[1.293s] -- Up-to-date: /home/npicbot/robocon_ws/install/robot_base/local/lib/python3.10/dist-packages/robot_base/robot_base_s__rosidl_typesupport_fastrtps_c.cpython-310-aarch64-linux-gnu.so
[1.294s] -- Up-to-date: /home/npicbot/robocon_ws/install/robot_base/local/lib/python3.10/dist-packages/robot_base/robot_base_s__rosidl_typesupport_introspection_c.cpython-310-aarch64-linux-gnu.so
[1.295s] -- Up-to-date: /home/npicbot/robocon_ws/install/robot_base/local/lib/python3.10/dist-packages/robot_base/robot_base_s__rosidl_typesupport_c.cpython-310-aarch64-linux-gnu.so
[1.296s] -- Up-to-date: /home/npicbot/robocon_ws/install/robot_base/lib/librobot_base__rosidl_generator_py.so
[1.297s] -- Up-to-date: /home/npicbot/robocon_ws/install/robot_base/share/robot_base/msg/PositionMessage.idl
[1.297s] -- Up-to-date: /home/npicbot/robocon_ws/install/robot_base/share/robot_base/msg/ProjectileMessage.idl
[1.298s] -- Up-to-date: /home/npicbot/robocon_ws/install/robot_base/share/robot_base/msg/PositionMessage.msg
[1.298s] -- Up-to-date: /home/npicbot/robocon_ws/install/robot_base/share/robot_base/msg/ProjectileMessage.msg
[1.299s] -- Up-to-date: /home/npicbot/robocon_ws/install/robot_base/share/ament_index/resource_index/package_run_dependencies/robot_base
[1.299s] -- Up-to-date: /home/npicbot/robocon_ws/install/robot_base/share/ament_index/resource_index/parent_prefix_path/robot_base
[1.300s] -- Up-to-date: /home/npicbot/robocon_ws/install/robot_base/share/robot_base/environment/ament_prefix_path.sh
[1.300s] -- Up-to-date: /home/npicbot/robocon_ws/install/robot_base/share/robot_base/environment/ament_prefix_path.dsv
[1.300s] -- Up-to-date: /home/npicbot/robocon_ws/install/robot_base/share/robot_base/environment/path.sh
[1.301s] -- Up-to-date: /home/npicbot/robocon_ws/install/robot_base/share/robot_base/environment/path.dsv
[1.301s] -- Up-to-date: /home/npicbot/robocon_ws/install/robot_base/share/robot_base/local_setup.bash
[1.301s] -- Up-to-date: /home/npicbot/robocon_ws/install/robot_base/share/robot_base/local_setup.sh
[1.302s] -- Up-to-date: /home/npicbot/robocon_ws/install/robot_base/share/robot_base/local_setup.zsh
[1.302s] -- Up-to-date: /home/npicbot/robocon_ws/install/robot_base/share/robot_base/local_setup.dsv
[1.302s] -- Installing: /home/npicbot/robocon_ws/install/robot_base/share/robot_base/package.dsv
[1.302s] -- Up-to-date: /home/npicbot/robocon_ws/install/robot_base/share/ament_index/resource_index/packages/robot_base
[1.303s] -- Up-to-date: /home/npicbot/robocon_ws/install/robot_base/share/robot_base/cmake/export_robot_base__rosidl_generator_cExport.cmake
[1.303s] -- Up-to-date: /home/npicbot/robocon_ws/install/robot_base/share/robot_base/cmake/export_robot_base__rosidl_generator_cExport-noconfig.cmake
[1.304s] -- Up-to-date: /home/npicbot/robocon_ws/install/robot_base/share/robot_base/cmake/export_robot_base__rosidl_typesupport_fastrtps_cExport.cmake
[1.304s] -- Up-to-date: /home/npicbot/robocon_ws/install/robot_base/share/robot_base/cmake/export_robot_base__rosidl_typesupport_fastrtps_cExport-noconfig.cmake
[1.306s] -- Up-to-date: /home/npicbot/robocon_ws/install/robot_base/share/robot_base/cmake/robot_base__rosidl_typesupport_introspection_cExport.cmake
[1.306s] -- Up-to-date: /home/npicbot/robocon_ws/install/robot_base/share/robot_base/cmake/robot_base__rosidl_typesupport_introspection_cExport-noconfig.cmake
[1.306s] -- Up-to-date: /home/npicbot/robocon_ws/install/robot_base/share/robot_base/cmake/robot_base__rosidl_typesupport_cExport.cmake
[1.307s] -- Up-to-date: /home/npicbot/robocon_ws/install/robot_base/share/robot_base/cmake/robot_base__rosidl_typesupport_cExport-noconfig.cmake
[1.307s] -- Up-to-date: /home/npicbot/robocon_ws/install/robot_base/share/robot_base/cmake/export_robot_base__rosidl_generator_cppExport.cmake
[1.307s] -- Up-to-date: /home/npicbot/robocon_ws/install/robot_base/share/robot_base/cmake/export_robot_base__rosidl_typesupport_fastrtps_cppExport.cmake
[1.307s] -- Up-to-date: /home/npicbot/robocon_ws/install/robot_base/share/robot_base/cmake/export_robot_base__rosidl_typesupport_fastrtps_cppExport-noconfig.cmake
[1.307s] -- Up-to-date: /home/npicbot/robocon_ws/install/robot_base/share/robot_base/cmake/robot_base__rosidl_typesupport_introspection_cppExport.cmake
[1.308s] -- Up-to-date: /home/npicbot/robocon_ws/install/robot_base/share/robot_base/cmake/robot_base__rosidl_typesupport_introspection_cppExport-noconfig.cmake
[1.308s] -- Up-to-date: /home/npicbot/robocon_ws/install/robot_base/share/robot_base/cmake/robot_base__rosidl_typesupport_cppExport.cmake
[1.308s] -- Up-to-date: /home/npicbot/robocon_ws/install/robot_base/share/robot_base/cmake/robot_base__rosidl_typesupport_cppExport-noconfig.cmake
[1.308s] -- Up-to-date: /home/npicbot/robocon_ws/install/robot_base/share/robot_base/cmake/export_robot_base__rosidl_generator_pyExport.cmake
[1.308s] -- Up-to-date: /home/npicbot/robocon_ws/install/robot_base/share/robot_base/cmake/export_robot_base__rosidl_generator_pyExport-noconfig.cmake
[1.308s] -- Up-to-date: /home/npicbot/robocon_ws/install/robot_base/share/robot_base/cmake/rosidl_cmake-extras.cmake
[1.309s] -- Up-to-date: /home/npicbot/robocon_ws/install/robot_base/share/robot_base/cmake/ament_cmake_export_include_directories-extras.cmake
[1.309s] -- Up-to-date: /home/npicbot/robocon_ws/install/robot_base/share/robot_base/cmake/ament_cmake_export_libraries-extras.cmake
[1.310s] -- Up-to-date: /home/npicbot/robocon_ws/install/robot_base/share/robot_base/cmake/ament_cmake_export_targets-extras.cmake
[1.311s] -- Up-to-date: /home/npicbot/robocon_ws/install/robot_base/share/robot_base/cmake/rosidl_cmake_export_typesupport_targets-extras.cmake
[1.312s] -- Up-to-date: /home/npicbot/robocon_ws/install/robot_base/share/robot_base/cmake/ament_cmake_export_dependencies-extras.cmake
[1.314s] -- Up-to-date: /home/npicbot/robocon_ws/install/robot_base/share/robot_base/cmake/rosidl_cmake_export_typesupport_libraries-extras.cmake
[1.314s] -- Up-to-date: /home/npicbot/robocon_ws/install/robot_base/share/robot_base/cmake/robot_baseConfig.cmake
[1.314s] -- Up-to-date: /home/npicbot/robocon_ws/install/robot_base/share/robot_base/cmake/robot_baseConfig-version.cmake
[1.315s] -- Up-to-date: /home/npicbot/robocon_ws/install/robot_base/share/robot_base/package.xml
[1.315s] Invoked command in '/home/npicbot/robocon_ws/build/robot_base' returned '0': CMAKE_PREFIX_PATH=${CMAKE_PREFIX_PATH}:/opt/ros/humble /usr/bin/cmake --install /home/npicbot/robocon_ws/build/robot_base
