[ 25%] [32mBuilding CXX object CMakeFiles/odometry_robot_i.dir/src/odometry_publisher_i.cpp.o[0m
[ 50%] [32mBuilding CXX object CMakeFiles/odometry_robot_ii.dir/src/odometry_publisher_ii.cpp.o[0m
[ 75%] [32m[1mLinking CXX executable odometry_robot_ii[0m
[100%] [32m[1mLinking CXX executable odometry_robot_i[0m
[100%] Built target odometry_robot_ii
[100%] Built target odometry_robot_i
-- Install configuration: ""
-- Installing: /home/npicbot/robocon_ws/install/robot_localization/lib/robot_localization/odometry_robot_i
-- Set runtime path of "/home/npicbot/robocon_ws/install/robot_localization/lib/robot_localization/odometry_robot_i" to ""
-- Installing: /home/npicbot/robocon_ws/install/robot_localization/lib/robot_localization/odometry_robot_ii
-- Set runtime path of "/home/npicbot/robocon_ws/install/robot_localization/lib/robot_localization/odometry_robot_ii" to ""
-- Up-to-date: /home/npicbot/robocon_ws/install/robot_localization/share/ament_index/resource_index/package_run_dependencies/robot_localization
-- Up-to-date: /home/npicbot/robocon_ws/install/robot_localization/share/ament_index/resource_index/parent_prefix_path/robot_localization
-- Up-to-date: /home/npicbot/robocon_ws/install/robot_localization/share/robot_localization/environment/ament_prefix_path.sh
-- Up-to-date: /home/npicbot/robocon_ws/install/robot_localization/share/robot_localization/environment/ament_prefix_path.dsv
-- Up-to-date: /home/npicbot/robocon_ws/install/robot_localization/share/robot_localization/environment/path.sh
-- Up-to-date: /home/npicbot/robocon_ws/install/robot_localization/share/robot_localization/environment/path.dsv
-- Up-to-date: /home/npicbot/robocon_ws/install/robot_localization/share/robot_localization/local_setup.bash
-- Up-to-date: /home/npicbot/robocon_ws/install/robot_localization/share/robot_localization/local_setup.sh
-- Up-to-date: /home/npicbot/robocon_ws/install/robot_localization/share/robot_localization/local_setup.zsh
-- Up-to-date: /home/npicbot/robocon_ws/install/robot_localization/share/robot_localization/local_setup.dsv
-- Installing: /home/npicbot/robocon_ws/install/robot_localization/share/robot_localization/package.dsv
-- Up-to-date: /home/npicbot/robocon_ws/install/robot_localization/share/ament_index/resource_index/packages/robot_localization
-- Up-to-date: /home/npicbot/robocon_ws/install/robot_localization/share/robot_localization/cmake/robot_localizationConfig.cmake
-- Up-to-date: /home/npicbot/robocon_ws/install/robot_localization/share/robot_localization/cmake/robot_localizationConfig-version.cmake
-- Up-to-date: /home/npicbot/robocon_ws/install/robot_localization/share/robot_localization/package.xml
