[0.085s] Invoking command in '/home/npicbot/robocon_ws/build/robot_intelligent': CMAKE_PREFIX_PATH=${CMAKE_PREFIX_PATH}:/opt/ros/humble /usr/bin/cmake --build /home/npicbot/robocon_ws/build/robot_intelligent -- -j12 -l12
[0.214s] [ 25%] [32mBuilding CXX object CMakeFiles/robot_tracking.dir/src/robot_tracking.cpp.o[0m
[0.231s] [ 75%] Built target shooting
[29.465s] [100%] [32m[1mLinking CXX executable robot_tracking[0m
[30.525s] [100%] Built target robot_tracking
[30.547s] Invoked command in '/home/npicbot/robocon_ws/build/robot_intelligent' returned '0': CMAKE_PREFIX_PATH=${CMAKE_PREFIX_PATH}:/opt/ros/humble /usr/bin/cmake --build /home/npicbot/robocon_ws/build/robot_intelligent -- -j12 -l12
[30.598s] Invoking command in '/home/npicbot/robocon_ws/build/robot_intelligent': CMAKE_PREFIX_PATH=${CMAKE_PREFIX_PATH}:/opt/ros/humble /usr/bin/cmake --install /home/npicbot/robocon_ws/build/robot_intelligent
[30.612s] -- Install configuration: ""
[30.613s] -- Installing: /home/npicbot/robocon_ws/install/robot_intelligent/lib/robot_intelligent/robot_tracking
[30.629s] -- Set runtime path of "/home/npicbot/robocon_ws/install/robot_intelligent/lib/robot_intelligent/robot_tracking" to ""
[30.630s] -- Up-to-date: /home/npicbot/robocon_ws/install/robot_intelligent/lib/robot_intelligent/shooting
[30.630s] -- Up-to-date: /home/npicbot/robocon_ws/install/robot_intelligent/share/ament_index/resource_index/package_run_dependencies/robot_intelligent
[30.630s] -- Up-to-date: /home/npicbot/robocon_ws/install/robot_intelligent/share/ament_index/resource_index/parent_prefix_path/robot_intelligent
[30.631s] -- Up-to-date: /home/npicbot/robocon_ws/install/robot_intelligent/share/robot_intelligent/environment/ament_prefix_path.sh
[30.631s] -- Up-to-date: /home/npicbot/robocon_ws/install/robot_intelligent/share/robot_intelligent/environment/ament_prefix_path.dsv
[30.631s] -- Up-to-date: /home/npicbot/robocon_ws/install/robot_intelligent/share/robot_intelligent/environment/path.sh
[30.631s] -- Up-to-date: /home/npicbot/robocon_ws/install/robot_intelligent/share/robot_intelligent/environment/path.dsv
[30.631s] -- Up-to-date: /home/npicbot/robocon_ws/install/robot_intelligent/share/robot_intelligent/local_setup.bash
[30.631s] -- Up-to-date: /home/npicbot/robocon_ws/install/robot_intelligent/share/robot_intelligent/local_setup.sh
[30.632s] -- Up-to-date: /home/npicbot/robocon_ws/install/robot_intelligent/share/robot_intelligent/local_setup.zsh
[30.632s] -- Up-to-date: /home/npicbot/robocon_ws/install/robot_intelligent/share/robot_intelligent/local_setup.dsv
[30.632s] -- Installing: /home/npicbot/robocon_ws/install/robot_intelligent/share/robot_intelligent/package.dsv
[30.632s] -- Up-to-date: /home/npicbot/robocon_ws/install/robot_intelligent/share/ament_index/resource_index/packages/robot_intelligent
[30.632s] -- Up-to-date: /home/npicbot/robocon_ws/install/robot_intelligent/share/robot_intelligent/cmake/robot_intelligentConfig.cmake
[30.632s] -- Up-to-date: /home/npicbot/robocon_ws/install/robot_intelligent/share/robot_intelligent/cmake/robot_intelligentConfig-version.cmake
[30.633s] -- Up-to-date: /home/npicbot/robocon_ws/install/robot_intelligent/share/robot_intelligent/package.xml
[30.637s] Invoked command in '/home/npicbot/robocon_ws/build/robot_intelligent' returned '0': CMAKE_PREFIX_PATH=${CMAKE_PREFIX_PATH}:/opt/ros/humble /usr/bin/cmake --install /home/npicbot/robocon_ws/build/robot_intelligent
