[0.028s] Invoking command in '/home/npicbot/robocon_ws/build/robot_intelligent': CMAKE_PREFIX_PATH=/opt/ros/humble /usr/bin/cmake /home/npicbot/robocon_ws/src/robot_intelligent -DCMAKE_INSTALL_PREFIX=/home/npicbot/robocon_ws/install/robot_intelligent
[0.039s] -- Found ament_cmake: 1.3.10 (/opt/ros/humble/share/ament_cmake/cmake)
[0.256s] -- Found geometry_msgs: 4.2.4 (/opt/ros/humble/share/geometry_msgs/cmake)
[0.293s] -- Found rosidl_generator_c: 3.1.5 (/opt/ros/humble/share/rosidl_generator_c/cmake)
[0.297s] -- Found rosidl_adapter: 3.1.5 (/opt/ros/humble/share/rosidl_adapter/cmake)
[0.308s] -- Found rosidl_generator_cpp: 3.1.5 (/opt/ros/humble/share/rosidl_generator_cpp/cmake)
[0.324s] -- Using all available rosidl_typesupport_c: rosidl_typesupport_fastrtps_c;rosidl_typesupport_introspection_c
[0.341s] -- Using all available rosidl_typesupport_cpp: rosidl_typesupport_fastrtps_cpp;rosidl_typesupport_introspection_cpp
[0.399s] [31mCMake Error at CMakeLists.txt:11 (find_package):
[0.399s]   By not providing "Findrobot_base.cmake" in CMAKE_MODULE_PATH this project
[0.399s]   has asked CMake to find a package configuration file provided by
[0.400s]   "robot_base", but CMake did not find one.
[0.400s] 
[0.400s]   Could not find a package configuration file provided by "robot_base" with
[0.400s]   any of the following names:
[0.400s] 
[0.400s]     robot_baseConfig.cmake
[0.400s]     robot_base-config.cmake
[0.400s] 
[0.400s]   Add the installation prefix of "robot_base" to CMAKE_PREFIX_PATH or set
[0.400s]   "robot_base_DIR" to a directory containing one of the above files.  If
[0.400s]   "robot_base" provides a separate development package or SDK, be sure it has
[0.401s]   been installed.
[0.401s] 
[0.401s] [0m
[0.401s] -- Configuring incomplete, errors occurred!
[0.401s] See also "/home/npicbot/robocon_ws/build/robot_intelligent/CMakeFiles/CMakeOutput.log".
[0.409s] Invoked command in '/home/npicbot/robocon_ws/build/robot_intelligent' returned '1': CMAKE_PREFIX_PATH=/opt/ros/humble /usr/bin/cmake /home/npicbot/robocon_ws/src/robot_intelligent -DCMAKE_INSTALL_PREFIX=/home/npicbot/robocon_ws/install/robot_intelligent
