[0.065s] Invoking command in '/home/npicbot/robocon_ws/build/robot_localization': CMAKE_PREFIX_PATH=${CMAKE_PREFIX_PATH}:/opt/ros/humble /usr/bin/cmake --build /home/npicbot/robocon_ws/build/robot_localization -- -j12 -l12
[0.220s] [ 50%] Built target odometry_robot_i
[0.240s] [100%] Built target odometry_robot_ii
[0.332s] Invoked command in '/home/npicbot/robocon_ws/build/robot_localization' returned '0': CMAKE_PREFIX_PATH=${CMAKE_PREFIX_PATH}:/opt/ros/humble /usr/bin/cmake --build /home/npicbot/robocon_ws/build/robot_localization -- -j12 -l12
[0.391s] Invoking command in '/home/npicbot/robocon_ws/build/robot_localization': CMAKE_PREFIX_PATH=${CMAKE_PREFIX_PATH}:/opt/ros/humble /usr/bin/cmake --install /home/npicbot/robocon_ws/build/robot_localization
[0.408s] -- Install configuration: ""
[0.409s] -- Up-to-date: /home/npicbot/robocon_ws/install/robot_localization/lib/robot_localization/odometry_robot_i
[0.409s] -- Up-to-date: /home/npicbot/robocon_ws/install/robot_localization/lib/robot_localization/odometry_robot_ii
[0.409s] -- Up-to-date: /home/npicbot/robocon_ws/install/robot_localization/share/ament_index/resource_index/package_run_dependencies/robot_localization
[0.410s] -- Up-to-date: /home/npicbot/robocon_ws/install/robot_localization/share/ament_index/resource_index/parent_prefix_path/robot_localization
[0.410s] -- Up-to-date: /home/npicbot/robocon_ws/install/robot_localization/share/robot_localization/environment/ament_prefix_path.sh
[0.410s] -- Up-to-date: /home/npicbot/robocon_ws/install/robot_localization/share/robot_localization/environment/ament_prefix_path.dsv
[0.410s] -- Up-to-date: /home/npicbot/robocon_ws/install/robot_localization/share/robot_localization/environment/path.sh
[0.410s] -- Up-to-date: /home/npicbot/robocon_ws/install/robot_localization/share/robot_localization/environment/path.dsv
[0.411s] -- Up-to-date: /home/npicbot/robocon_ws/install/robot_localization/share/robot_localization/local_setup.bash
[0.411s] -- Up-to-date: /home/npicbot/robocon_ws/install/robot_localization/share/robot_localization/local_setup.sh
[0.411s] -- Up-to-date: /home/npicbot/robocon_ws/install/robot_localization/share/robot_localization/local_setup.zsh
[0.411s] -- Up-to-date: /home/npicbot/robocon_ws/install/robot_localization/share/robot_localization/local_setup.dsv
[0.411s] -- Installing: /home/npicbot/robocon_ws/install/robot_localization/share/robot_localization/package.dsv
[0.411s] -- Up-to-date: /home/npicbot/robocon_ws/install/robot_localization/share/ament_index/resource_index/packages/robot_localization
[0.412s] -- Up-to-date: /home/npicbot/robocon_ws/install/robot_localization/share/robot_localization/cmake/robot_localizationConfig.cmake
[0.412s] -- Up-to-date: /home/npicbot/robocon_ws/install/robot_localization/share/robot_localization/cmake/robot_localizationConfig-version.cmake
[0.412s] -- Up-to-date: /home/npicbot/robocon_ws/install/robot_localization/share/robot_localization/package.xml
[0.435s] Invoked command in '/home/npicbot/robocon_ws/build/robot_localization' returned '0': CMAKE_PREFIX_PATH=${CMAKE_PREFIX_PATH}:/opt/ros/humble /usr/bin/cmake --install /home/npicbot/robocon_ws/build/robot_localization
