[0.164s] DEBUG:colcon:Command line arguments: ['/usr/bin/colcon', 'build']
[0.165s] DEBUG:colcon:Parsed command line arguments: Namespace(log_base=None, log_level=None, verb_name='build', build_base='build', install_base='install', merge_install=False, symlink_install=False, test_result_base=None, continue_on_error=False, executor='parallel', parallel_workers=12, event_handlers=None, ignore_user_meta=False, metas=['./colcon.meta'], base_paths=['.'], packages_ignore=None, packages_ignore_regex=None, paths=None, packages_up_to=None, packages_up_to_regex=None, packages_above=None, packages_above_and_dependencies=None, packages_above_depth=None, packages_select_by_dep=None, packages_skip_by_dep=None, packages_skip_up_to=None, packages_select_build_failed=False, packages_skip_build_finished=False, packages_select_test_failures=False, packages_skip_test_passed=False, packages_select=None, packages_skip=None, packages_select_regex=None, packages_skip_regex=None, packages_start=None, packages_end=None, allow_overriding=[], cmake_args=None, cmake_target=None, cmake_target_skip_unavailable=False, cmake_clean_cache=False, cmake_clean_first=False, cmake_force_configure=False, ament_cmake_args=None, catkin_cmake_args=None, catkin_skip_building_tests=False, mixin_files=None, mixin=None, verb_parser=<colcon_mixin.mixin.mixin_argument.MixinArgumentDecorator object at 0xffff84916830>, verb_extension=<colcon_core.verb.build.BuildVerb object at 0xffff849162c0>, main=<bound method BuildVerb.main of <colcon_core.verb.build.BuildVerb object at 0xffff849162c0>>, mixin_verb=('build',))
[0.422s] Level 1:colcon.colcon_core.package_discovery:discover_packages(colcon_meta) check parameters
[0.422s] Level 1:colcon.colcon_core.package_discovery:discover_packages(recursive) check parameters
[0.422s] Level 1:colcon.colcon_core.package_discovery:discover_packages(ignore) check parameters
[0.422s] Level 1:colcon.colcon_core.package_discovery:discover_packages(path) check parameters
[0.422s] Level 1:colcon.colcon_core.package_discovery:discover_packages(colcon_meta) discover
[0.422s] Level 1:colcon.colcon_core.package_discovery:discover_packages(recursive) discover
[0.422s] INFO:colcon.colcon_core.package_discovery:Crawling recursively for packages in '/home/npicbot/robocon_ws'
[0.423s] Level 1:colcon.colcon_core.package_identification:_identify(.) by extensions ['ignore', 'ignore_ament_install']
[0.423s] Level 1:colcon.colcon_core.package_identification:_identify(.) by extension 'ignore'
[0.423s] Level 1:colcon.colcon_core.package_identification:_identify(.) by extension 'ignore_ament_install'
[0.423s] Level 1:colcon.colcon_core.package_identification:_identify(.) by extensions ['colcon_pkg']
[0.423s] Level 1:colcon.colcon_core.package_identification:_identify(.) by extension 'colcon_pkg'
[0.423s] Level 1:colcon.colcon_core.package_identification:_identify(.) by extensions ['colcon_meta']
[0.423s] Level 1:colcon.colcon_core.package_identification:_identify(.) by extension 'colcon_meta'
[0.423s] Level 1:colcon.colcon_core.package_identification:_identify(.) by extensions ['ros']
[0.423s] Level 1:colcon.colcon_core.package_identification:_identify(.) by extension 'ros'
[0.441s] Level 1:colcon.colcon_core.package_identification:_identify(.) by extensions ['cmake', 'python']
[0.441s] Level 1:colcon.colcon_core.package_identification:_identify(.) by extension 'cmake'
[0.441s] Level 1:colcon.colcon_core.package_identification:_identify(.) by extension 'python'
[0.441s] Level 1:colcon.colcon_core.package_identification:_identify(.) by extensions ['python_setup_py']
[0.441s] Level 1:colcon.colcon_core.package_identification:_identify(.) by extension 'python_setup_py'
[0.442s] Level 1:colcon.colcon_core.package_identification:_identify(build) by extensions ['ignore', 'ignore_ament_install']
[0.442s] Level 1:colcon.colcon_core.package_identification:_identify(build) by extension 'ignore'
[0.442s] Level 1:colcon.colcon_core.package_identification:_identify(build) ignored
[0.442s] Level 1:colcon.colcon_core.package_identification:_identify(install) by extensions ['ignore', 'ignore_ament_install']
[0.442s] Level 1:colcon.colcon_core.package_identification:_identify(install) by extension 'ignore'
[0.442s] Level 1:colcon.colcon_core.package_identification:_identify(install) ignored
[0.442s] Level 1:colcon.colcon_core.package_identification:_identify(log) by extensions ['ignore', 'ignore_ament_install']
[0.443s] Level 1:colcon.colcon_core.package_identification:_identify(log) by extension 'ignore'
[0.443s] Level 1:colcon.colcon_core.package_identification:_identify(log) ignored
[0.443s] Level 1:colcon.colcon_core.package_identification:_identify(src) by extensions ['ignore', 'ignore_ament_install']
[0.443s] Level 1:colcon.colcon_core.package_identification:_identify(src) by extension 'ignore'
[0.443s] Level 1:colcon.colcon_core.package_identification:_identify(src) by extension 'ignore_ament_install'
[0.443s] Level 1:colcon.colcon_core.package_identification:_identify(src) by extensions ['colcon_pkg']
[0.443s] Level 1:colcon.colcon_core.package_identification:_identify(src) by extension 'colcon_pkg'
[0.443s] Level 1:colcon.colcon_core.package_identification:_identify(src) by extensions ['colcon_meta']
[0.443s] Level 1:colcon.colcon_core.package_identification:_identify(src) by extension 'colcon_meta'
[0.443s] Level 1:colcon.colcon_core.package_identification:_identify(src) by extensions ['ros']
[0.443s] Level 1:colcon.colcon_core.package_identification:_identify(src) by extension 'ros'
[0.444s] Level 1:colcon.colcon_core.package_identification:_identify(src) by extensions ['cmake', 'python']
[0.444s] Level 1:colcon.colcon_core.package_identification:_identify(src) by extension 'cmake'
[0.444s] Level 1:colcon.colcon_core.package_identification:_identify(src) by extension 'python'
[0.444s] Level 1:colcon.colcon_core.package_identification:_identify(src) by extensions ['python_setup_py']
[0.444s] Level 1:colcon.colcon_core.package_identification:_identify(src) by extension 'python_setup_py'
[0.444s] Level 1:colcon.colcon_core.package_identification:_identify(src/micro_ros_setup) by extensions ['ignore', 'ignore_ament_install']
[0.444s] Level 1:colcon.colcon_core.package_identification:_identify(src/micro_ros_setup) by extension 'ignore'
[0.444s] Level 1:colcon.colcon_core.package_identification:_identify(src/micro_ros_setup) by extension 'ignore_ament_install'
[0.444s] Level 1:colcon.colcon_core.package_identification:_identify(src/micro_ros_setup) by extensions ['colcon_pkg']
[0.444s] Level 1:colcon.colcon_core.package_identification:_identify(src/micro_ros_setup) by extension 'colcon_pkg'
[0.444s] Level 1:colcon.colcon_core.package_identification:_identify(src/micro_ros_setup) by extensions ['colcon_meta']
[0.444s] Level 1:colcon.colcon_core.package_identification:_identify(src/micro_ros_setup) by extension 'colcon_meta'
[0.445s] Level 1:colcon.colcon_core.package_identification:_identify(src/micro_ros_setup) by extensions ['ros']
[0.445s] Level 1:colcon.colcon_core.package_identification:_identify(src/micro_ros_setup) by extension 'ros'
[0.449s] DEBUG:colcon.colcon_core.package_identification:Package 'src/micro_ros_setup' with type 'ros.ament_cmake' and name 'micro_ros_setup'
[0.449s] Level 1:colcon.colcon_core.package_identification:_identify(src/robot_base) by extensions ['ignore', 'ignore_ament_install']
[0.449s] Level 1:colcon.colcon_core.package_identification:_identify(src/robot_base) by extension 'ignore'
[0.449s] Level 1:colcon.colcon_core.package_identification:_identify(src/robot_base) by extension 'ignore_ament_install'
[0.449s] Level 1:colcon.colcon_core.package_identification:_identify(src/robot_base) by extensions ['colcon_pkg']
[0.450s] Level 1:colcon.colcon_core.package_identification:_identify(src/robot_base) by extension 'colcon_pkg'
[0.450s] Level 1:colcon.colcon_core.package_identification:_identify(src/robot_base) by extensions ['colcon_meta']
[0.450s] Level 1:colcon.colcon_core.package_identification:_identify(src/robot_base) by extension 'colcon_meta'
[0.450s] Level 1:colcon.colcon_core.package_identification:_identify(src/robot_base) by extensions ['ros']
[0.450s] Level 1:colcon.colcon_core.package_identification:_identify(src/robot_base) by extension 'ros'
[0.451s] DEBUG:colcon.colcon_core.package_identification:Package 'src/robot_base' with type 'ros.ament_cmake' and name 'robot_base'
[0.451s] Level 1:colcon.colcon_core.package_identification:_identify(src/robot_command) by extensions ['ignore', 'ignore_ament_install']
[0.451s] Level 1:colcon.colcon_core.package_identification:_identify(src/robot_command) by extension 'ignore'
[0.451s] Level 1:colcon.colcon_core.package_identification:_identify(src/robot_command) by extension 'ignore_ament_install'
[0.451s] Level 1:colcon.colcon_core.package_identification:_identify(src/robot_command) by extensions ['colcon_pkg']
[0.451s] Level 1:colcon.colcon_core.package_identification:_identify(src/robot_command) by extension 'colcon_pkg'
[0.451s] Level 1:colcon.colcon_core.package_identification:_identify(src/robot_command) by extensions ['colcon_meta']
[0.451s] Level 1:colcon.colcon_core.package_identification:_identify(src/robot_command) by extension 'colcon_meta'
[0.451s] Level 1:colcon.colcon_core.package_identification:_identify(src/robot_command) by extensions ['ros']
[0.451s] Level 1:colcon.colcon_core.package_identification:_identify(src/robot_command) by extension 'ros'
[0.452s] DEBUG:colcon.colcon_core.package_identification:Package 'src/robot_command' with type 'ros.ament_cmake' and name 'robot_command'
[0.452s] Level 1:colcon.colcon_core.package_identification:_identify(src/robot_intelligent) by extensions ['ignore', 'ignore_ament_install']
[0.452s] Level 1:colcon.colcon_core.package_identification:_identify(src/robot_intelligent) by extension 'ignore'
[0.452s] Level 1:colcon.colcon_core.package_identification:_identify(src/robot_intelligent) by extension 'ignore_ament_install'
[0.453s] Level 1:colcon.colcon_core.package_identification:_identify(src/robot_intelligent) by extensions ['colcon_pkg']
[0.453s] Level 1:colcon.colcon_core.package_identification:_identify(src/robot_intelligent) by extension 'colcon_pkg'
[0.453s] Level 1:colcon.colcon_core.package_identification:_identify(src/robot_intelligent) by extensions ['colcon_meta']
[0.453s] Level 1:colcon.colcon_core.package_identification:_identify(src/robot_intelligent) by extension 'colcon_meta'
[0.453s] Level 1:colcon.colcon_core.package_identification:_identify(src/robot_intelligent) by extensions ['ros']
[0.453s] Level 1:colcon.colcon_core.package_identification:_identify(src/robot_intelligent) by extension 'ros'
[0.454s] DEBUG:colcon.colcon_core.package_identification:Package 'src/robot_intelligent' with type 'ros.ament_cmake' and name 'robot_intelligent'
[0.454s] Level 1:colcon.colcon_core.package_identification:_identify(src/robot_localization) by extensions ['ignore', 'ignore_ament_install']
[0.454s] Level 1:colcon.colcon_core.package_identification:_identify(src/robot_localization) by extension 'ignore'
[0.454s] Level 1:colcon.colcon_core.package_identification:_identify(src/robot_localization) by extension 'ignore_ament_install'
[0.454s] Level 1:colcon.colcon_core.package_identification:_identify(src/robot_localization) by extensions ['colcon_pkg']
[0.454s] Level 1:colcon.colcon_core.package_identification:_identify(src/robot_localization) by extension 'colcon_pkg'
[0.454s] Level 1:colcon.colcon_core.package_identification:_identify(src/robot_localization) by extensions ['colcon_meta']
[0.454s] Level 1:colcon.colcon_core.package_identification:_identify(src/robot_localization) by extension 'colcon_meta'
[0.454s] Level 1:colcon.colcon_core.package_identification:_identify(src/robot_localization) by extensions ['ros']
[0.454s] Level 1:colcon.colcon_core.package_identification:_identify(src/robot_localization) by extension 'ros'
[0.455s] DEBUG:colcon.colcon_core.package_identification:Package 'src/robot_localization' with type 'ros.ament_cmake' and name 'robot_localization'
[0.455s] Level 1:colcon.colcon_core.package_identification:_identify(src/uros) by extensions ['ignore', 'ignore_ament_install']
[0.455s] Level 1:colcon.colcon_core.package_identification:_identify(src/uros) by extension 'ignore'
[0.455s] Level 1:colcon.colcon_core.package_identification:_identify(src/uros) by extension 'ignore_ament_install'
[0.455s] Level 1:colcon.colcon_core.package_identification:_identify(src/uros) by extensions ['colcon_pkg']
[0.455s] Level 1:colcon.colcon_core.package_identification:_identify(src/uros) by extension 'colcon_pkg'
[0.456s] Level 1:colcon.colcon_core.package_identification:_identify(src/uros) by extensions ['colcon_meta']
[0.456s] Level 1:colcon.colcon_core.package_identification:_identify(src/uros) by extension 'colcon_meta'
[0.456s] Level 1:colcon.colcon_core.package_identification:_identify(src/uros) by extensions ['ros']
[0.456s] Level 1:colcon.colcon_core.package_identification:_identify(src/uros) by extension 'ros'
[0.456s] Level 1:colcon.colcon_core.package_identification:_identify(src/uros) by extensions ['cmake', 'python']
[0.456s] Level 1:colcon.colcon_core.package_identification:_identify(src/uros) by extension 'cmake'
[0.456s] Level 1:colcon.colcon_core.package_identification:_identify(src/uros) by extension 'python'
[0.456s] Level 1:colcon.colcon_core.package_identification:_identify(src/uros) by extensions ['python_setup_py']
[0.456s] Level 1:colcon.colcon_core.package_identification:_identify(src/uros) by extension 'python_setup_py'
[0.456s] Level 1:colcon.colcon_core.package_identification:_identify(src/uros/micro-ROS-Agent) by extensions ['ignore', 'ignore_ament_install']
[0.456s] Level 1:colcon.colcon_core.package_identification:_identify(src/uros/micro-ROS-Agent) by extension 'ignore'
[0.456s] Level 1:colcon.colcon_core.package_identification:_identify(src/uros/micro-ROS-Agent) by extension 'ignore_ament_install'
[0.457s] Level 1:colcon.colcon_core.package_identification:_identify(src/uros/micro-ROS-Agent) by extensions ['colcon_pkg']
[0.457s] Level 1:colcon.colcon_core.package_identification:_identify(src/uros/micro-ROS-Agent) by extension 'colcon_pkg'
[0.457s] Level 1:colcon.colcon_core.package_identification:_identify(src/uros/micro-ROS-Agent) by extensions ['colcon_meta']
[0.457s] Level 1:colcon.colcon_core.package_identification:_identify(src/uros/micro-ROS-Agent) by extension 'colcon_meta'
[0.457s] Level 1:colcon.colcon_core.package_identification:_identify(src/uros/micro-ROS-Agent) by extensions ['ros']
[0.457s] Level 1:colcon.colcon_core.package_identification:_identify(src/uros/micro-ROS-Agent) by extension 'ros'
[0.457s] Level 1:colcon.colcon_core.package_identification:_identify(src/uros/micro-ROS-Agent) by extensions ['cmake', 'python']
[0.457s] Level 1:colcon.colcon_core.package_identification:_identify(src/uros/micro-ROS-Agent) by extension 'cmake'
[0.457s] Level 1:colcon.colcon_core.package_identification:_identify(src/uros/micro-ROS-Agent) by extension 'python'
[0.457s] Level 1:colcon.colcon_core.package_identification:_identify(src/uros/micro-ROS-Agent) by extensions ['python_setup_py']
[0.457s] Level 1:colcon.colcon_core.package_identification:_identify(src/uros/micro-ROS-Agent) by extension 'python_setup_py'
[0.457s] Level 1:colcon.colcon_core.package_identification:_identify(src/uros/micro-ROS-Agent/micro_ros_agent) by extensions ['ignore', 'ignore_ament_install']
[0.457s] Level 1:colcon.colcon_core.package_identification:_identify(src/uros/micro-ROS-Agent/micro_ros_agent) by extension 'ignore'
[0.458s] Level 1:colcon.colcon_core.package_identification:_identify(src/uros/micro-ROS-Agent/micro_ros_agent) by extension 'ignore_ament_install'
[0.458s] Level 1:colcon.colcon_core.package_identification:_identify(src/uros/micro-ROS-Agent/micro_ros_agent) by extensions ['colcon_pkg']
[0.458s] Level 1:colcon.colcon_core.package_identification:_identify(src/uros/micro-ROS-Agent/micro_ros_agent) by extension 'colcon_pkg'
[0.458s] Level 1:colcon.colcon_core.package_identification:_identify(src/uros/micro-ROS-Agent/micro_ros_agent) by extensions ['colcon_meta']
[0.458s] Level 1:colcon.colcon_core.package_identification:_identify(src/uros/micro-ROS-Agent/micro_ros_agent) by extension 'colcon_meta'
[0.458s] Level 1:colcon.colcon_core.package_identification:_identify(src/uros/micro-ROS-Agent/micro_ros_agent) by extensions ['ros']
[0.458s] Level 1:colcon.colcon_core.package_identification:_identify(src/uros/micro-ROS-Agent/micro_ros_agent) by extension 'ros'
[0.459s] DEBUG:colcon.colcon_core.package_identification:Package 'src/uros/micro-ROS-Agent/micro_ros_agent' with type 'ros.ament_cmake' and name 'micro_ros_agent'
[0.459s] Level 1:colcon.colcon_core.package_identification:_identify(src/uros/micro-ROS-Agent/snap) by extensions ['ignore', 'ignore_ament_install']
[0.459s] Level 1:colcon.colcon_core.package_identification:_identify(src/uros/micro-ROS-Agent/snap) by extension 'ignore'
[0.459s] Level 1:colcon.colcon_core.package_identification:_identify(src/uros/micro-ROS-Agent/snap) by extension 'ignore_ament_install'
[0.460s] Level 1:colcon.colcon_core.package_identification:_identify(src/uros/micro-ROS-Agent/snap) by extensions ['colcon_pkg']
[0.460s] Level 1:colcon.colcon_core.package_identification:_identify(src/uros/micro-ROS-Agent/snap) by extension 'colcon_pkg'
[0.460s] Level 1:colcon.colcon_core.package_identification:_identify(src/uros/micro-ROS-Agent/snap) by extensions ['colcon_meta']
[0.460s] Level 1:colcon.colcon_core.package_identification:_identify(src/uros/micro-ROS-Agent/snap) by extension 'colcon_meta'
[0.460s] Level 1:colcon.colcon_core.package_identification:_identify(src/uros/micro-ROS-Agent/snap) by extensions ['ros']
[0.460s] Level 1:colcon.colcon_core.package_identification:_identify(src/uros/micro-ROS-Agent/snap) by extension 'ros'
[0.460s] Level 1:colcon.colcon_core.package_identification:_identify(src/uros/micro-ROS-Agent/snap) by extensions ['cmake', 'python']
[0.460s] Level 1:colcon.colcon_core.package_identification:_identify(src/uros/micro-ROS-Agent/snap) by extension 'cmake'
[0.460s] Level 1:colcon.colcon_core.package_identification:_identify(src/uros/micro-ROS-Agent/snap) by extension 'python'
[0.460s] Level 1:colcon.colcon_core.package_identification:_identify(src/uros/micro-ROS-Agent/snap) by extensions ['python_setup_py']
[0.460s] Level 1:colcon.colcon_core.package_identification:_identify(src/uros/micro-ROS-Agent/snap) by extension 'python_setup_py'
[0.460s] Level 1:colcon.colcon_core.package_identification:_identify(src/uros/micro-ROS-Agent/snap/hooks) by extensions ['ignore', 'ignore_ament_install']
[0.461s] Level 1:colcon.colcon_core.package_identification:_identify(src/uros/micro-ROS-Agent/snap/hooks) by extension 'ignore'
[0.461s] Level 1:colcon.colcon_core.package_identification:_identify(src/uros/micro-ROS-Agent/snap/hooks) by extension 'ignore_ament_install'
[0.461s] Level 1:colcon.colcon_core.package_identification:_identify(src/uros/micro-ROS-Agent/snap/hooks) by extensions ['colcon_pkg']
[0.461s] Level 1:colcon.colcon_core.package_identification:_identify(src/uros/micro-ROS-Agent/snap/hooks) by extension 'colcon_pkg'
[0.461s] Level 1:colcon.colcon_core.package_identification:_identify(src/uros/micro-ROS-Agent/snap/hooks) by extensions ['colcon_meta']
[0.461s] Level 1:colcon.colcon_core.package_identification:_identify(src/uros/micro-ROS-Agent/snap/hooks) by extension 'colcon_meta'
[0.461s] Level 1:colcon.colcon_core.package_identification:_identify(src/uros/micro-ROS-Agent/snap/hooks) by extensions ['ros']
[0.461s] Level 1:colcon.colcon_core.package_identification:_identify(src/uros/micro-ROS-Agent/snap/hooks) by extension 'ros'
[0.461s] Level 1:colcon.colcon_core.package_identification:_identify(src/uros/micro-ROS-Agent/snap/hooks) by extensions ['cmake', 'python']
[0.461s] Level 1:colcon.colcon_core.package_identification:_identify(src/uros/micro-ROS-Agent/snap/hooks) by extension 'cmake'
[0.461s] Level 1:colcon.colcon_core.package_identification:_identify(src/uros/micro-ROS-Agent/snap/hooks) by extension 'python'
[0.461s] Level 1:colcon.colcon_core.package_identification:_identify(src/uros/micro-ROS-Agent/snap/hooks) by extensions ['python_setup_py']
[0.461s] Level 1:colcon.colcon_core.package_identification:_identify(src/uros/micro-ROS-Agent/snap/hooks) by extension 'python_setup_py'
[0.461s] Level 1:colcon.colcon_core.package_identification:_identify(src/uros/micro-ROS-Agent/snap/local) by extensions ['ignore', 'ignore_ament_install']
[0.462s] Level 1:colcon.colcon_core.package_identification:_identify(src/uros/micro-ROS-Agent/snap/local) by extension 'ignore'
[0.462s] Level 1:colcon.colcon_core.package_identification:_identify(src/uros/micro-ROS-Agent/snap/local) by extension 'ignore_ament_install'
[0.462s] Level 1:colcon.colcon_core.package_identification:_identify(src/uros/micro-ROS-Agent/snap/local) by extensions ['colcon_pkg']
[0.462s] Level 1:colcon.colcon_core.package_identification:_identify(src/uros/micro-ROS-Agent/snap/local) by extension 'colcon_pkg'
[0.462s] Level 1:colcon.colcon_core.package_identification:_identify(src/uros/micro-ROS-Agent/snap/local) by extensions ['colcon_meta']
[0.462s] Level 1:colcon.colcon_core.package_identification:_identify(src/uros/micro-ROS-Agent/snap/local) by extension 'colcon_meta'
[0.462s] Level 1:colcon.colcon_core.package_identification:_identify(src/uros/micro-ROS-Agent/snap/local) by extensions ['ros']
[0.462s] Level 1:colcon.colcon_core.package_identification:_identify(src/uros/micro-ROS-Agent/snap/local) by extension 'ros'
[0.462s] Level 1:colcon.colcon_core.package_identification:_identify(src/uros/micro-ROS-Agent/snap/local) by extensions ['cmake', 'python']
[0.462s] Level 1:colcon.colcon_core.package_identification:_identify(src/uros/micro-ROS-Agent/snap/local) by extension 'cmake'
[0.462s] Level 1:colcon.colcon_core.package_identification:_identify(src/uros/micro-ROS-Agent/snap/local) by extension 'python'
[0.462s] Level 1:colcon.colcon_core.package_identification:_identify(src/uros/micro-ROS-Agent/snap/local) by extensions ['python_setup_py']
[0.462s] Level 1:colcon.colcon_core.package_identification:_identify(src/uros/micro-ROS-Agent/snap/local) by extension 'python_setup_py'
[0.463s] Level 1:colcon.colcon_core.package_identification:_identify(src/uros/micro_ros_msgs) by extensions ['ignore', 'ignore_ament_install']
[0.463s] Level 1:colcon.colcon_core.package_identification:_identify(src/uros/micro_ros_msgs) by extension 'ignore'
[0.463s] Level 1:colcon.colcon_core.package_identification:_identify(src/uros/micro_ros_msgs) by extension 'ignore_ament_install'
[0.463s] Level 1:colcon.colcon_core.package_identification:_identify(src/uros/micro_ros_msgs) by extensions ['colcon_pkg']
[0.463s] Level 1:colcon.colcon_core.package_identification:_identify(src/uros/micro_ros_msgs) by extension 'colcon_pkg'
[0.463s] Level 1:colcon.colcon_core.package_identification:_identify(src/uros/micro_ros_msgs) by extensions ['colcon_meta']
[0.463s] Level 1:colcon.colcon_core.package_identification:_identify(src/uros/micro_ros_msgs) by extension 'colcon_meta'
[0.463s] Level 1:colcon.colcon_core.package_identification:_identify(src/uros/micro_ros_msgs) by extensions ['ros']
[0.463s] Level 1:colcon.colcon_core.package_identification:_identify(src/uros/micro_ros_msgs) by extension 'ros'
[0.464s] DEBUG:colcon.colcon_core.package_identification:Package 'src/uros/micro_ros_msgs' with type 'ros.ament_cmake' and name 'micro_ros_msgs'
[0.464s] Level 1:colcon.colcon_core.package_discovery:discover_packages(recursive) using defaults
[0.464s] Level 1:colcon.colcon_core.package_discovery:discover_packages(ignore) discover
[0.464s] Level 1:colcon.colcon_core.package_discovery:discover_packages(ignore) using defaults
[0.464s] Level 1:colcon.colcon_core.package_discovery:discover_packages(path) discover
[0.464s] Level 1:colcon.colcon_core.package_discovery:discover_packages(path) using defaults
[0.524s] Level 1:colcon.colcon_core.package_discovery:discover_packages(prefix_path) check parameters
[0.524s] Level 1:colcon.colcon_core.package_discovery:discover_packages(prefix_path) discover
[0.527s] DEBUG:colcon.colcon_installed_package_information.package_discovery:Found 7 installed packages in /home/npicbot/robocon_ws/install
[0.529s] DEBUG:colcon.colcon_installed_package_information.package_discovery:Found 274 installed packages in /opt/ros/humble
[0.531s] Level 1:colcon.colcon_core.package_discovery:discover_packages(prefix_path) using defaults
[0.585s] Level 5:colcon.colcon_core.verb:set package 'micro_ros_msgs' build argument 'cmake_args' from command line to 'None'
[0.585s] Level 5:colcon.colcon_core.verb:set package 'micro_ros_msgs' build argument 'cmake_target' from command line to 'None'
[0.585s] Level 5:colcon.colcon_core.verb:set package 'micro_ros_msgs' build argument 'cmake_target_skip_unavailable' from command line to 'False'
[0.585s] Level 5:colcon.colcon_core.verb:set package 'micro_ros_msgs' build argument 'cmake_clean_cache' from command line to 'False'
[0.585s] Level 5:colcon.colcon_core.verb:set package 'micro_ros_msgs' build argument 'cmake_clean_first' from command line to 'False'
[0.585s] Level 5:colcon.colcon_core.verb:set package 'micro_ros_msgs' build argument 'cmake_force_configure' from command line to 'False'
[0.585s] Level 5:colcon.colcon_core.verb:set package 'micro_ros_msgs' build argument 'ament_cmake_args' from command line to 'None'
[0.585s] Level 5:colcon.colcon_core.verb:set package 'micro_ros_msgs' build argument 'catkin_cmake_args' from command line to 'None'
[0.585s] Level 5:colcon.colcon_core.verb:set package 'micro_ros_msgs' build argument 'catkin_skip_building_tests' from command line to 'False'
[0.585s] DEBUG:colcon.colcon_core.verb:Building package 'micro_ros_msgs' with the following arguments: {'ament_cmake_args': None, 'build_base': '/home/npicbot/robocon_ws/build/micro_ros_msgs', 'catkin_cmake_args': None, 'catkin_skip_building_tests': False, 'cmake_args': None, 'cmake_clean_cache': False, 'cmake_clean_first': False, 'cmake_force_configure': False, 'cmake_target': None, 'cmake_target_skip_unavailable': False, 'install_base': '/home/npicbot/robocon_ws/install/micro_ros_msgs', 'merge_install': False, 'path': '/home/npicbot/robocon_ws/src/uros/micro_ros_msgs', 'symlink_install': False, 'test_result_base': None}
[0.586s] Level 5:colcon.colcon_core.verb:set package 'micro_ros_setup' build argument 'cmake_args' from command line to 'None'
[0.586s] Level 5:colcon.colcon_core.verb:set package 'micro_ros_setup' build argument 'cmake_target' from command line to 'None'
[0.586s] Level 5:colcon.colcon_core.verb:set package 'micro_ros_setup' build argument 'cmake_target_skip_unavailable' from command line to 'False'
[0.586s] Level 5:colcon.colcon_core.verb:set package 'micro_ros_setup' build argument 'cmake_clean_cache' from command line to 'False'
[0.586s] Level 5:colcon.colcon_core.verb:set package 'micro_ros_setup' build argument 'cmake_clean_first' from command line to 'False'
[0.586s] Level 5:colcon.colcon_core.verb:set package 'micro_ros_setup' build argument 'cmake_force_configure' from command line to 'False'
[0.586s] Level 5:colcon.colcon_core.verb:set package 'micro_ros_setup' build argument 'ament_cmake_args' from command line to 'None'
[0.586s] Level 5:colcon.colcon_core.verb:set package 'micro_ros_setup' build argument 'catkin_cmake_args' from command line to 'None'
[0.586s] Level 5:colcon.colcon_core.verb:set package 'micro_ros_setup' build argument 'catkin_skip_building_tests' from command line to 'False'
[0.586s] DEBUG:colcon.colcon_core.verb:Building package 'micro_ros_setup' with the following arguments: {'ament_cmake_args': None, 'build_base': '/home/npicbot/robocon_ws/build/micro_ros_setup', 'catkin_cmake_args': None, 'catkin_skip_building_tests': False, 'cmake_args': None, 'cmake_clean_cache': False, 'cmake_clean_first': False, 'cmake_force_configure': False, 'cmake_target': None, 'cmake_target_skip_unavailable': False, 'install_base': '/home/npicbot/robocon_ws/install/micro_ros_setup', 'merge_install': False, 'path': '/home/npicbot/robocon_ws/src/micro_ros_setup', 'symlink_install': False, 'test_result_base': None}
[0.586s] Level 5:colcon.colcon_core.verb:set package 'robot_base' build argument 'cmake_args' from command line to 'None'
[0.586s] Level 5:colcon.colcon_core.verb:set package 'robot_base' build argument 'cmake_target' from command line to 'None'
[0.587s] Level 5:colcon.colcon_core.verb:set package 'robot_base' build argument 'cmake_target_skip_unavailable' from command line to 'False'
[0.587s] Level 5:colcon.colcon_core.verb:set package 'robot_base' build argument 'cmake_clean_cache' from command line to 'False'
[0.587s] Level 5:colcon.colcon_core.verb:set package 'robot_base' build argument 'cmake_clean_first' from command line to 'False'
[0.587s] Level 5:colcon.colcon_core.verb:set package 'robot_base' build argument 'cmake_force_configure' from command line to 'False'
[0.587s] Level 5:colcon.colcon_core.verb:set package 'robot_base' build argument 'ament_cmake_args' from command line to 'None'
[0.587s] Level 5:colcon.colcon_core.verb:set package 'robot_base' build argument 'catkin_cmake_args' from command line to 'None'
[0.587s] Level 5:colcon.colcon_core.verb:set package 'robot_base' build argument 'catkin_skip_building_tests' from command line to 'False'
[0.587s] DEBUG:colcon.colcon_core.verb:Building package 'robot_base' with the following arguments: {'ament_cmake_args': None, 'build_base': '/home/npicbot/robocon_ws/build/robot_base', 'catkin_cmake_args': None, 'catkin_skip_building_tests': False, 'cmake_args': None, 'cmake_clean_cache': False, 'cmake_clean_first': False, 'cmake_force_configure': False, 'cmake_target': None, 'cmake_target_skip_unavailable': False, 'install_base': '/home/npicbot/robocon_ws/install/robot_base', 'merge_install': False, 'path': '/home/npicbot/robocon_ws/src/robot_base', 'symlink_install': False, 'test_result_base': None}
[0.587s] Level 5:colcon.colcon_core.verb:set package 'robot_command' build argument 'cmake_args' from command line to 'None'
[0.587s] Level 5:colcon.colcon_core.verb:set package 'robot_command' build argument 'cmake_target' from command line to 'None'
[0.587s] Level 5:colcon.colcon_core.verb:set package 'robot_command' build argument 'cmake_target_skip_unavailable' from command line to 'False'
[0.587s] Level 5:colcon.colcon_core.verb:set package 'robot_command' build argument 'cmake_clean_cache' from command line to 'False'
[0.587s] Level 5:colcon.colcon_core.verb:set package 'robot_command' build argument 'cmake_clean_first' from command line to 'False'
[0.587s] Level 5:colcon.colcon_core.verb:set package 'robot_command' build argument 'cmake_force_configure' from command line to 'False'
[0.588s] Level 5:colcon.colcon_core.verb:set package 'robot_command' build argument 'ament_cmake_args' from command line to 'None'
[0.588s] Level 5:colcon.colcon_core.verb:set package 'robot_command' build argument 'catkin_cmake_args' from command line to 'None'
[0.588s] Level 5:colcon.colcon_core.verb:set package 'robot_command' build argument 'catkin_skip_building_tests' from command line to 'False'
[0.588s] DEBUG:colcon.colcon_core.verb:Building package 'robot_command' with the following arguments: {'ament_cmake_args': None, 'build_base': '/home/npicbot/robocon_ws/build/robot_command', 'catkin_cmake_args': None, 'catkin_skip_building_tests': False, 'cmake_args': None, 'cmake_clean_cache': False, 'cmake_clean_first': False, 'cmake_force_configure': False, 'cmake_target': None, 'cmake_target_skip_unavailable': False, 'install_base': '/home/npicbot/robocon_ws/install/robot_command', 'merge_install': False, 'path': '/home/npicbot/robocon_ws/src/robot_command', 'symlink_install': False, 'test_result_base': None}
[0.588s] Level 5:colcon.colcon_core.verb:set package 'robot_intelligent' build argument 'cmake_args' from command line to 'None'
[0.588s] Level 5:colcon.colcon_core.verb:set package 'robot_intelligent' build argument 'cmake_target' from command line to 'None'
[0.588s] Level 5:colcon.colcon_core.verb:set package 'robot_intelligent' build argument 'cmake_target_skip_unavailable' from command line to 'False'
[0.588s] Level 5:colcon.colcon_core.verb:set package 'robot_intelligent' build argument 'cmake_clean_cache' from command line to 'False'
[0.588s] Level 5:colcon.colcon_core.verb:set package 'robot_intelligent' build argument 'cmake_clean_first' from command line to 'False'
[0.588s] Level 5:colcon.colcon_core.verb:set package 'robot_intelligent' build argument 'cmake_force_configure' from command line to 'False'
[0.588s] Level 5:colcon.colcon_core.verb:set package 'robot_intelligent' build argument 'ament_cmake_args' from command line to 'None'
[0.588s] Level 5:colcon.colcon_core.verb:set package 'robot_intelligent' build argument 'catkin_cmake_args' from command line to 'None'
[0.588s] Level 5:colcon.colcon_core.verb:set package 'robot_intelligent' build argument 'catkin_skip_building_tests' from command line to 'False'
[0.588s] DEBUG:colcon.colcon_core.verb:Building package 'robot_intelligent' with the following arguments: {'ament_cmake_args': None, 'build_base': '/home/npicbot/robocon_ws/build/robot_intelligent', 'catkin_cmake_args': None, 'catkin_skip_building_tests': False, 'cmake_args': None, 'cmake_clean_cache': False, 'cmake_clean_first': False, 'cmake_force_configure': False, 'cmake_target': None, 'cmake_target_skip_unavailable': False, 'install_base': '/home/npicbot/robocon_ws/install/robot_intelligent', 'merge_install': False, 'path': '/home/npicbot/robocon_ws/src/robot_intelligent', 'symlink_install': False, 'test_result_base': None}
[0.589s] Level 5:colcon.colcon_core.verb:set package 'robot_localization' build argument 'cmake_args' from command line to 'None'
[0.589s] Level 5:colcon.colcon_core.verb:set package 'robot_localization' build argument 'cmake_target' from command line to 'None'
[0.589s] Level 5:colcon.colcon_core.verb:set package 'robot_localization' build argument 'cmake_target_skip_unavailable' from command line to 'False'
[0.589s] Level 5:colcon.colcon_core.verb:set package 'robot_localization' build argument 'cmake_clean_cache' from command line to 'False'
[0.589s] Level 5:colcon.colcon_core.verb:set package 'robot_localization' build argument 'cmake_clean_first' from command line to 'False'
[0.589s] Level 5:colcon.colcon_core.verb:set package 'robot_localization' build argument 'cmake_force_configure' from command line to 'False'
[0.589s] Level 5:colcon.colcon_core.verb:set package 'robot_localization' build argument 'ament_cmake_args' from command line to 'None'
[0.589s] Level 5:colcon.colcon_core.verb:set package 'robot_localization' build argument 'catkin_cmake_args' from command line to 'None'
[0.589s] Level 5:colcon.colcon_core.verb:set package 'robot_localization' build argument 'catkin_skip_building_tests' from command line to 'False'
[0.589s] DEBUG:colcon.colcon_core.verb:Building package 'robot_localization' with the following arguments: {'ament_cmake_args': None, 'build_base': '/home/npicbot/robocon_ws/build/robot_localization', 'catkin_cmake_args': None, 'catkin_skip_building_tests': False, 'cmake_args': None, 'cmake_clean_cache': False, 'cmake_clean_first': False, 'cmake_force_configure': False, 'cmake_target': None, 'cmake_target_skip_unavailable': False, 'install_base': '/home/npicbot/robocon_ws/install/robot_localization', 'merge_install': False, 'path': '/home/npicbot/robocon_ws/src/robot_localization', 'symlink_install': False, 'test_result_base': None}
[0.590s] Level 5:colcon.colcon_core.verb:set package 'micro_ros_agent' build argument 'cmake_args' from command line to 'None'
[0.590s] Level 5:colcon.colcon_core.verb:set package 'micro_ros_agent' build argument 'cmake_target' from command line to 'None'
[0.590s] Level 5:colcon.colcon_core.verb:set package 'micro_ros_agent' build argument 'cmake_target_skip_unavailable' from command line to 'False'
[0.590s] Level 5:colcon.colcon_core.verb:set package 'micro_ros_agent' build argument 'cmake_clean_cache' from command line to 'False'
[0.590s] Level 5:colcon.colcon_core.verb:set package 'micro_ros_agent' build argument 'cmake_clean_first' from command line to 'False'
[0.590s] Level 5:colcon.colcon_core.verb:set package 'micro_ros_agent' build argument 'cmake_force_configure' from command line to 'False'
[0.590s] Level 5:colcon.colcon_core.verb:set package 'micro_ros_agent' build argument 'ament_cmake_args' from command line to 'None'
[0.590s] Level 5:colcon.colcon_core.verb:set package 'micro_ros_agent' build argument 'catkin_cmake_args' from command line to 'None'
[0.590s] Level 5:colcon.colcon_core.verb:set package 'micro_ros_agent' build argument 'catkin_skip_building_tests' from command line to 'False'
[0.590s] DEBUG:colcon.colcon_core.verb:Building package 'micro_ros_agent' with the following arguments: {'ament_cmake_args': None, 'build_base': '/home/npicbot/robocon_ws/build/micro_ros_agent', 'catkin_cmake_args': None, 'catkin_skip_building_tests': False, 'cmake_args': None, 'cmake_clean_cache': False, 'cmake_clean_first': False, 'cmake_force_configure': False, 'cmake_target': None, 'cmake_target_skip_unavailable': False, 'install_base': '/home/npicbot/robocon_ws/install/micro_ros_agent', 'merge_install': False, 'path': '/home/npicbot/robocon_ws/src/uros/micro-ROS-Agent/micro_ros_agent', 'symlink_install': False, 'test_result_base': None}
[0.590s] INFO:colcon.colcon_core.executor:Executing jobs using 'parallel' executor
[0.592s] DEBUG:colcon.colcon_parallel_executor.executor.parallel:run_until_complete
[0.593s] INFO:colcon.colcon_ros.task.ament_cmake.build:Building ROS package in '/home/npicbot/robocon_ws/src/uros/micro_ros_msgs' with build type 'ament_cmake'
[0.593s] INFO:colcon.colcon_cmake.task.cmake.build:Building CMake package in '/home/npicbot/robocon_ws/src/uros/micro_ros_msgs'
[0.597s] INFO:colcon.colcon_core.plugin_system:Skipping extension 'colcon_core.shell.bat': Not used on non-Windows systems
[0.597s] INFO:colcon.colcon_core.shell:Skip shell extension 'powershell' for command environment: Not usable outside of PowerShell
[0.598s] DEBUG:colcon.colcon_core.shell:Skip shell extension 'dsv' for command environment
[0.603s] INFO:colcon.colcon_ros.task.ament_cmake.build:Building ROS package in '/home/npicbot/robocon_ws/src/micro_ros_setup' with build type 'ament_cmake'
[0.604s] INFO:colcon.colcon_cmake.task.cmake.build:Building CMake package in '/home/npicbot/robocon_ws/src/micro_ros_setup'
[0.604s] INFO:colcon.colcon_core.shell:Skip shell extension 'powershell' for command environment: Not usable outside of PowerShell
[0.604s] DEBUG:colcon.colcon_core.shell:Skip shell extension 'dsv' for command environment
[0.610s] INFO:colcon.colcon_ros.task.ament_cmake.build:Building ROS package in '/home/npicbot/robocon_ws/src/robot_base' with build type 'ament_cmake'
[0.610s] INFO:colcon.colcon_cmake.task.cmake.build:Building CMake package in '/home/npicbot/robocon_ws/src/robot_base'
[0.611s] INFO:colcon.colcon_core.shell:Skip shell extension 'powershell' for command environment: Not usable outside of PowerShell
[0.611s] DEBUG:colcon.colcon_core.shell:Skip shell extension 'dsv' for command environment
[0.616s] INFO:colcon.colcon_ros.task.ament_cmake.build:Building ROS package in '/home/npicbot/robocon_ws/src/robot_command' with build type 'ament_cmake'
[0.616s] INFO:colcon.colcon_cmake.task.cmake.build:Building CMake package in '/home/npicbot/robocon_ws/src/robot_command'
[0.616s] INFO:colcon.colcon_core.shell:Skip shell extension 'powershell' for command environment: Not usable outside of PowerShell
[0.616s] DEBUG:colcon.colcon_core.shell:Skip shell extension 'dsv' for command environment
[0.621s] INFO:colcon.colcon_ros.task.ament_cmake.build:Building ROS package in '/home/npicbot/robocon_ws/src/robot_intelligent' with build type 'ament_cmake'
[0.622s] INFO:colcon.colcon_cmake.task.cmake.build:Building CMake package in '/home/npicbot/robocon_ws/src/robot_intelligent'
[0.622s] INFO:colcon.colcon_core.shell:Skip shell extension 'powershell' for command environment: Not usable outside of PowerShell
[0.622s] DEBUG:colcon.colcon_core.shell:Skip shell extension 'dsv' for command environment
[0.627s] INFO:colcon.colcon_ros.task.ament_cmake.build:Building ROS package in '/home/npicbot/robocon_ws/src/robot_localization' with build type 'ament_cmake'
[0.628s] INFO:colcon.colcon_cmake.task.cmake.build:Building CMake package in '/home/npicbot/robocon_ws/src/robot_localization'
[0.628s] INFO:colcon.colcon_core.shell:Skip shell extension 'powershell' for command environment: Not usable outside of PowerShell
[0.628s] DEBUG:colcon.colcon_core.shell:Skip shell extension 'dsv' for command environment
[0.645s] DEBUG:colcon.colcon_core.event_handler.log_command:Invoking command in '/home/npicbot/robocon_ws/build/micro_ros_msgs': CMAKE_PREFIX_PATH=${CMAKE_PREFIX_PATH}:/opt/ros/humble /usr/bin/cmake --build /home/npicbot/robocon_ws/build/micro_ros_msgs -- -j12 -l12
[0.650s] DEBUG:colcon.colcon_core.event_handler.log_command:Invoking command in '/home/npicbot/robocon_ws/build/micro_ros_setup': CMAKE_PREFIX_PATH=${CMAKE_PREFIX_PATH}:/opt/ros/humble /usr/bin/cmake --build /home/npicbot/robocon_ws/build/micro_ros_setup -- -j12 -l12
[0.655s] DEBUG:colcon.colcon_core.event_handler.log_command:Invoking command in '/home/npicbot/robocon_ws/build/robot_base': CMAKE_PREFIX_PATH=${CMAKE_PREFIX_PATH}:/opt/ros/humble /usr/bin/cmake --build /home/npicbot/robocon_ws/build/robot_base -- -j12 -l12
[0.661s] DEBUG:colcon.colcon_core.event_handler.log_command:Invoking command in '/home/npicbot/robocon_ws/build/robot_command': CMAKE_PREFIX_PATH=${CMAKE_PREFIX_PATH}:/opt/ros/humble /usr/bin/cmake --build /home/npicbot/robocon_ws/build/robot_command -- -j12 -l12
[0.668s] DEBUG:colcon.colcon_core.event_handler.log_command:Invoking command in '/home/npicbot/robocon_ws/build/robot_intelligent': CMAKE_PREFIX_PATH=${CMAKE_PREFIX_PATH}:/opt/ros/humble /usr/bin/cmake --build /home/npicbot/robocon_ws/build/robot_intelligent -- -j12 -l12
[0.676s] DEBUG:colcon.colcon_core.event_handler.log_command:Invoking command in '/home/npicbot/robocon_ws/build/robot_localization': CMAKE_PREFIX_PATH=${CMAKE_PREFIX_PATH}:/opt/ros/humble /usr/bin/cmake --build /home/npicbot/robocon_ws/build/robot_localization -- -j12 -l12
[0.709s] DEBUG:colcon.colcon_core.event_handler.log_command:Invoked command in '/home/npicbot/robocon_ws/build/micro_ros_setup' returned '0': CMAKE_PREFIX_PATH=${CMAKE_PREFIX_PATH}:/opt/ros/humble /usr/bin/cmake --build /home/npicbot/robocon_ws/build/micro_ros_setup -- -j12 -l12
[0.721s] DEBUG:colcon.colcon_core.event_handler.log_command:Invoked command in '/home/npicbot/robocon_ws/build/robot_command' returned '0': CMAKE_PREFIX_PATH=${CMAKE_PREFIX_PATH}:/opt/ros/humble /usr/bin/cmake --build /home/npicbot/robocon_ws/build/robot_command -- -j12 -l12
[0.785s] DEBUG:colcon.colcon_core.event_handler.log_command:Invoking command in '/home/npicbot/robocon_ws/build/robot_command': CMAKE_PREFIX_PATH=${CMAKE_PREFIX_PATH}:/opt/ros/humble /usr/bin/cmake --install /home/npicbot/robocon_ws/build/robot_command
[0.798s] DEBUG:colcon.colcon_core.event_handler.log_command:Invoking command in '/home/npicbot/robocon_ws/build/micro_ros_setup': CMAKE_PREFIX_PATH=${CMAKE_PREFIX_PATH}:/opt/ros/humble /usr/bin/cmake --install /home/npicbot/robocon_ws/build/micro_ros_setup
[0.804s] DEBUG:colcon.colcon_core.event_handler.log_command:Invoked command in '/home/npicbot/robocon_ws/build/robot_localization' returned '0': CMAKE_PREFIX_PATH=${CMAKE_PREFIX_PATH}:/opt/ros/humble /usr/bin/cmake --build /home/npicbot/robocon_ws/build/robot_localization -- -j12 -l12
[0.811s] Level 1:colcon.colcon_core.environment:create_environment_scripts_only(robot_command)
[0.816s] DEBUG:colcon.colcon_core.event_handler.log_command:Invoked command in '/home/npicbot/robocon_ws/build/robot_intelligent' returned '0': CMAKE_PREFIX_PATH=${CMAKE_PREFIX_PATH}:/opt/ros/humble /usr/bin/cmake --build /home/npicbot/robocon_ws/build/robot_intelligent -- -j12 -l12
[0.821s] DEBUG:colcon.colcon_core.event_handler.log_command:Invoked command in '/home/npicbot/robocon_ws/build/robot_command' returned '0': CMAKE_PREFIX_PATH=${CMAKE_PREFIX_PATH}:/opt/ros/humble /usr/bin/cmake --install /home/npicbot/robocon_ws/build/robot_command
[0.829s] Level 1:colcon.colcon_core.environment:checking '/home/npicbot/robocon_ws/install/robot_command' for CMake module files
[0.831s] Level 1:colcon.colcon_core.environment:checking '/home/npicbot/robocon_ws/install/robot_command' for CMake config files
[0.833s] Level 1:colcon.colcon_core.shell:create_environment_hook('robot_command', 'cmake_prefix_path')
[0.834s] INFO:colcon.colcon_core.shell:Creating environment hook '/home/npicbot/robocon_ws/install/robot_command/share/robot_command/hook/cmake_prefix_path.ps1'
[0.836s] INFO:colcon.colcon_core.shell:Creating environment descriptor '/home/npicbot/robocon_ws/install/robot_command/share/robot_command/hook/cmake_prefix_path.dsv'
[0.838s] INFO:colcon.colcon_core.shell:Creating environment hook '/home/npicbot/robocon_ws/install/robot_command/share/robot_command/hook/cmake_prefix_path.sh'
[0.842s] Level 1:colcon.colcon_core.environment:checking '/home/npicbot/robocon_ws/install/robot_command/bin'
[0.843s] Level 1:colcon.colcon_core.environment:checking '/home/npicbot/robocon_ws/install/robot_command/lib/pkgconfig/robot_command.pc'
[0.843s] Level 1:colcon.colcon_core.environment:checking '/home/npicbot/robocon_ws/install/robot_command/lib/python3.10/site-packages'
[0.844s] Level 1:colcon.colcon_core.environment:checking '/home/npicbot/robocon_ws/install/robot_command/bin'
[0.845s] INFO:colcon.colcon_core.shell:Creating package script '/home/npicbot/robocon_ws/install/robot_command/share/robot_command/package.ps1'
[0.848s] INFO:colcon.colcon_core.shell:Creating package descriptor '/home/npicbot/robocon_ws/install/robot_command/share/robot_command/package.dsv'
[0.850s] INFO:colcon.colcon_core.shell:Creating package script '/home/npicbot/robocon_ws/install/robot_command/share/robot_command/package.sh'
[0.852s] INFO:colcon.colcon_core.shell:Creating package script '/home/npicbot/robocon_ws/install/robot_command/share/robot_command/package.bash'
[0.854s] INFO:colcon.colcon_core.shell:Creating package script '/home/npicbot/robocon_ws/install/robot_command/share/robot_command/package.zsh'
[0.856s] Level 1:colcon.colcon_core.environment:create_file_with_runtime_dependencies(/home/npicbot/robocon_ws/install/robot_command/share/colcon-core/packages/robot_command)
[0.866s] Level 1:colcon.colcon_core.environment:create_environment_scripts_only(micro_ros_setup)
[0.867s] Level 1:colcon.colcon_core.environment:checking '/home/npicbot/robocon_ws/install/micro_ros_setup' for CMake module files
[0.870s] Level 1:colcon.colcon_core.environment:checking '/home/npicbot/robocon_ws/install/micro_ros_setup' for CMake config files
[0.873s] Level 1:colcon.colcon_core.shell:create_environment_hook('micro_ros_setup', 'cmake_prefix_path')
[0.874s] INFO:colcon.colcon_core.shell:Creating environment hook '/home/npicbot/robocon_ws/install/micro_ros_setup/share/micro_ros_setup/hook/cmake_prefix_path.ps1'
[0.875s] INFO:colcon.colcon_core.shell:Creating environment descriptor '/home/npicbot/robocon_ws/install/micro_ros_setup/share/micro_ros_setup/hook/cmake_prefix_path.dsv'
[0.877s] INFO:colcon.colcon_core.shell:Creating environment hook '/home/npicbot/robocon_ws/install/micro_ros_setup/share/micro_ros_setup/hook/cmake_prefix_path.sh'
[0.882s] Level 1:colcon.colcon_core.environment:checking '/home/npicbot/robocon_ws/install/micro_ros_setup/lib'
[0.883s] Level 1:colcon.colcon_core.environment:checking '/home/npicbot/robocon_ws/install/micro_ros_setup/bin'
[0.883s] Level 1:colcon.colcon_core.environment:checking '/home/npicbot/robocon_ws/install/micro_ros_setup/lib/pkgconfig/micro_ros_setup.pc'
[0.884s] Level 1:colcon.colcon_core.environment:checking '/home/npicbot/robocon_ws/install/micro_ros_setup/lib/python3.10/site-packages'
[0.884s] Level 1:colcon.colcon_core.environment:checking '/home/npicbot/robocon_ws/install/micro_ros_setup/bin'
[0.885s] INFO:colcon.colcon_core.shell:Creating package script '/home/npicbot/robocon_ws/install/micro_ros_setup/share/micro_ros_setup/package.ps1'
[0.886s] INFO:colcon.colcon_core.shell:Creating package descriptor '/home/npicbot/robocon_ws/install/micro_ros_setup/share/micro_ros_setup/package.dsv'
[0.888s] INFO:colcon.colcon_core.shell:Creating package script '/home/npicbot/robocon_ws/install/micro_ros_setup/share/micro_ros_setup/package.sh'
[0.889s] INFO:colcon.colcon_core.shell:Creating package script '/home/npicbot/robocon_ws/install/micro_ros_setup/share/micro_ros_setup/package.bash'
[0.890s] INFO:colcon.colcon_core.shell:Creating package script '/home/npicbot/robocon_ws/install/micro_ros_setup/share/micro_ros_setup/package.zsh'
[0.891s] DEBUG:colcon.colcon_core.event_handler.log_command:Invoking command in '/home/npicbot/robocon_ws/build/robot_localization': CMAKE_PREFIX_PATH=${CMAKE_PREFIX_PATH}:/opt/ros/humble /usr/bin/cmake --install /home/npicbot/robocon_ws/build/robot_localization
[0.891s] DEBUG:colcon.colcon_core.event_handler.log_command:Invoking command in '/home/npicbot/robocon_ws/build/robot_intelligent': CMAKE_PREFIX_PATH=${CMAKE_PREFIX_PATH}:/opt/ros/humble /usr/bin/cmake --install /home/npicbot/robocon_ws/build/robot_intelligent
[0.892s] Level 1:colcon.colcon_core.environment:create_file_with_runtime_dependencies(/home/npicbot/robocon_ws/install/micro_ros_setup/share/colcon-core/packages/micro_ros_setup)
[0.893s] DEBUG:colcon.colcon_core.event_handler.log_command:Invoked command in '/home/npicbot/robocon_ws/build/micro_ros_setup' returned '0': CMAKE_PREFIX_PATH=${CMAKE_PREFIX_PATH}:/opt/ros/humble /usr/bin/cmake --install /home/npicbot/robocon_ws/build/micro_ros_setup
[0.897s] Level 1:colcon.colcon_core.environment:create_environment_scripts_only(robot_localization)
[0.898s] Level 1:colcon.colcon_core.environment:checking '/home/npicbot/robocon_ws/install/robot_localization' for CMake module files
[0.900s] Level 1:colcon.colcon_core.environment:checking '/home/npicbot/robocon_ws/install/robot_localization' for CMake config files
[0.902s] Level 1:colcon.colcon_core.shell:create_environment_hook('robot_localization', 'cmake_prefix_path')
[0.903s] INFO:colcon.colcon_core.shell:Creating environment hook '/home/npicbot/robocon_ws/install/robot_localization/share/robot_localization/hook/cmake_prefix_path.ps1'
[0.904s] INFO:colcon.colcon_core.shell:Creating environment descriptor '/home/npicbot/robocon_ws/install/robot_localization/share/robot_localization/hook/cmake_prefix_path.dsv'
[0.906s] DEBUG:colcon.colcon_core.event_handler.log_command:Invoked command in '/home/npicbot/robocon_ws/build/robot_localization' returned '0': CMAKE_PREFIX_PATH=${CMAKE_PREFIX_PATH}:/opt/ros/humble /usr/bin/cmake --install /home/npicbot/robocon_ws/build/robot_localization
[0.907s] INFO:colcon.colcon_core.shell:Creating environment hook '/home/npicbot/robocon_ws/install/robot_localization/share/robot_localization/hook/cmake_prefix_path.sh'
[0.908s] Level 1:colcon.colcon_core.environment:checking '/home/npicbot/robocon_ws/install/robot_localization/lib'
[0.909s] Level 1:colcon.colcon_core.environment:checking '/home/npicbot/robocon_ws/install/robot_localization/bin'
[0.909s] Level 1:colcon.colcon_core.environment:checking '/home/npicbot/robocon_ws/install/robot_localization/lib/pkgconfig/robot_localization.pc'
[0.909s] Level 1:colcon.colcon_core.environment:checking '/home/npicbot/robocon_ws/install/robot_localization/lib/python3.10/site-packages'
[0.909s] Level 1:colcon.colcon_core.environment:checking '/home/npicbot/robocon_ws/install/robot_localization/bin'
[0.910s] INFO:colcon.colcon_core.shell:Creating package script '/home/npicbot/robocon_ws/install/robot_localization/share/robot_localization/package.ps1'
[0.912s] INFO:colcon.colcon_core.shell:Creating package descriptor '/home/npicbot/robocon_ws/install/robot_localization/share/robot_localization/package.dsv'
[0.913s] INFO:colcon.colcon_core.shell:Creating package script '/home/npicbot/robocon_ws/install/robot_localization/share/robot_localization/package.sh'
[0.913s] INFO:colcon.colcon_core.shell:Creating package script '/home/npicbot/robocon_ws/install/robot_localization/share/robot_localization/package.bash'
[0.914s] INFO:colcon.colcon_core.shell:Creating package script '/home/npicbot/robocon_ws/install/robot_localization/share/robot_localization/package.zsh'
[0.915s] Level 1:colcon.colcon_core.environment:create_file_with_runtime_dependencies(/home/npicbot/robocon_ws/install/robot_localization/share/colcon-core/packages/robot_localization)
[0.917s] Level 1:colcon.colcon_core.environment:create_environment_scripts_only(robot_intelligent)
[0.918s] Level 1:colcon.colcon_core.environment:checking '/home/npicbot/robocon_ws/install/robot_intelligent' for CMake module files
[0.919s] DEBUG:colcon.colcon_core.event_handler.log_command:Invoked command in '/home/npicbot/robocon_ws/build/robot_intelligent' returned '0': CMAKE_PREFIX_PATH=${CMAKE_PREFIX_PATH}:/opt/ros/humble /usr/bin/cmake --install /home/npicbot/robocon_ws/build/robot_intelligent
[0.920s] Level 1:colcon.colcon_core.environment:checking '/home/npicbot/robocon_ws/install/robot_intelligent' for CMake config files
[0.921s] Level 1:colcon.colcon_core.shell:create_environment_hook('robot_intelligent', 'cmake_prefix_path')
[0.921s] INFO:colcon.colcon_core.shell:Creating environment hook '/home/npicbot/robocon_ws/install/robot_intelligent/share/robot_intelligent/hook/cmake_prefix_path.ps1'
[0.923s] INFO:colcon.colcon_core.shell:Creating environment descriptor '/home/npicbot/robocon_ws/install/robot_intelligent/share/robot_intelligent/hook/cmake_prefix_path.dsv'
[0.926s] INFO:colcon.colcon_core.shell:Creating environment hook '/home/npicbot/robocon_ws/install/robot_intelligent/share/robot_intelligent/hook/cmake_prefix_path.sh'
[0.927s] Level 1:colcon.colcon_core.environment:checking '/home/npicbot/robocon_ws/install/robot_intelligent/lib'
[0.927s] Level 1:colcon.colcon_core.environment:checking '/home/npicbot/robocon_ws/install/robot_intelligent/bin'
[0.928s] Level 1:colcon.colcon_core.environment:checking '/home/npicbot/robocon_ws/install/robot_intelligent/lib/pkgconfig/robot_intelligent.pc'
[0.928s] Level 1:colcon.colcon_core.environment:checking '/home/npicbot/robocon_ws/install/robot_intelligent/lib/python3.10/site-packages'
[0.928s] Level 1:colcon.colcon_core.environment:checking '/home/npicbot/robocon_ws/install/robot_intelligent/bin'
[0.929s] INFO:colcon.colcon_core.shell:Creating package script '/home/npicbot/robocon_ws/install/robot_intelligent/share/robot_intelligent/package.ps1'
[0.930s] INFO:colcon.colcon_core.shell:Creating package descriptor '/home/npicbot/robocon_ws/install/robot_intelligent/share/robot_intelligent/package.dsv'
[0.931s] INFO:colcon.colcon_core.shell:Creating package script '/home/npicbot/robocon_ws/install/robot_intelligent/share/robot_intelligent/package.sh'
[0.932s] INFO:colcon.colcon_core.shell:Creating package script '/home/npicbot/robocon_ws/install/robot_intelligent/share/robot_intelligent/package.bash'
[0.933s] INFO:colcon.colcon_core.shell:Creating package script '/home/npicbot/robocon_ws/install/robot_intelligent/share/robot_intelligent/package.zsh'
[0.934s] Level 1:colcon.colcon_core.environment:create_file_with_runtime_dependencies(/home/npicbot/robocon_ws/install/robot_intelligent/share/colcon-core/packages/robot_intelligent)
[0.936s] Level 1:colcon.colcon_core.environment:create_environment_scripts_only(robot_command)
[0.937s] Level 1:colcon.colcon_core.environment:checking '/home/npicbot/robocon_ws/install/robot_command' for CMake module files
[0.939s] Level 1:colcon.colcon_core.environment:checking '/home/npicbot/robocon_ws/install/robot_command' for CMake config files
[0.939s] Level 1:colcon.colcon_core.shell:create_environment_hook('robot_command', 'cmake_prefix_path')
[0.940s] INFO:colcon.colcon_core.shell:Creating environment hook '/home/npicbot/robocon_ws/install/robot_command/share/robot_command/hook/cmake_prefix_path.ps1'
[0.941s] INFO:colcon.colcon_core.shell:Creating environment descriptor '/home/npicbot/robocon_ws/install/robot_command/share/robot_command/hook/cmake_prefix_path.dsv'
[0.942s] INFO:colcon.colcon_core.shell:Creating environment hook '/home/npicbot/robocon_ws/install/robot_command/share/robot_command/hook/cmake_prefix_path.sh'
[0.943s] Level 1:colcon.colcon_core.environment:checking '/home/npicbot/robocon_ws/install/robot_command/bin'
[0.944s] Level 1:colcon.colcon_core.environment:checking '/home/npicbot/robocon_ws/install/robot_command/lib/pkgconfig/robot_command.pc'
[0.944s] Level 1:colcon.colcon_core.environment:checking '/home/npicbot/robocon_ws/install/robot_command/lib/python3.10/site-packages'
[0.944s] Level 1:colcon.colcon_core.environment:checking '/home/npicbot/robocon_ws/install/robot_command/bin'
[0.945s] INFO:colcon.colcon_core.shell:Creating package script '/home/npicbot/robocon_ws/install/robot_command/share/robot_command/package.ps1'
[0.947s] INFO:colcon.colcon_core.shell:Creating package descriptor '/home/npicbot/robocon_ws/install/robot_command/share/robot_command/package.dsv'
[0.948s] INFO:colcon.colcon_core.shell:Creating package script '/home/npicbot/robocon_ws/install/robot_command/share/robot_command/package.sh'
[0.949s] INFO:colcon.colcon_core.shell:Creating package script '/home/npicbot/robocon_ws/install/robot_command/share/robot_command/package.bash'
[0.950s] INFO:colcon.colcon_core.shell:Creating package script '/home/npicbot/robocon_ws/install/robot_command/share/robot_command/package.zsh'
[0.950s] Level 1:colcon.colcon_core.environment:create_file_with_runtime_dependencies(/home/npicbot/robocon_ws/install/robot_command/share/colcon-core/packages/robot_command)
[0.953s] Level 1:colcon.colcon_core.environment:create_environment_scripts_only(micro_ros_setup)
[0.953s] Level 1:colcon.colcon_core.environment:checking '/home/npicbot/robocon_ws/install/micro_ros_setup' for CMake module files
[0.954s] Level 1:colcon.colcon_core.environment:checking '/home/npicbot/robocon_ws/install/micro_ros_setup' for CMake config files
[0.955s] Level 1:colcon.colcon_core.shell:create_environment_hook('micro_ros_setup', 'cmake_prefix_path')
[0.955s] INFO:colcon.colcon_core.shell:Creating environment hook '/home/npicbot/robocon_ws/install/micro_ros_setup/share/micro_ros_setup/hook/cmake_prefix_path.ps1'
[0.956s] INFO:colcon.colcon_core.shell:Creating environment descriptor '/home/npicbot/robocon_ws/install/micro_ros_setup/share/micro_ros_setup/hook/cmake_prefix_path.dsv'
[0.956s] INFO:colcon.colcon_core.shell:Creating environment hook '/home/npicbot/robocon_ws/install/micro_ros_setup/share/micro_ros_setup/hook/cmake_prefix_path.sh'
[0.957s] Level 1:colcon.colcon_core.environment:checking '/home/npicbot/robocon_ws/install/micro_ros_setup/lib'
[0.957s] Level 1:colcon.colcon_core.environment:checking '/home/npicbot/robocon_ws/install/micro_ros_setup/bin'
[0.957s] Level 1:colcon.colcon_core.environment:checking '/home/npicbot/robocon_ws/install/micro_ros_setup/lib/pkgconfig/micro_ros_setup.pc'
[0.958s] Level 1:colcon.colcon_core.environment:checking '/home/npicbot/robocon_ws/install/micro_ros_setup/lib/python3.10/site-packages'
[0.958s] Level 1:colcon.colcon_core.environment:checking '/home/npicbot/robocon_ws/install/micro_ros_setup/bin'
[0.959s] INFO:colcon.colcon_core.shell:Creating package script '/home/npicbot/robocon_ws/install/micro_ros_setup/share/micro_ros_setup/package.ps1'
[0.959s] INFO:colcon.colcon_core.shell:Creating package descriptor '/home/npicbot/robocon_ws/install/micro_ros_setup/share/micro_ros_setup/package.dsv'
[0.960s] INFO:colcon.colcon_core.shell:Creating package script '/home/npicbot/robocon_ws/install/micro_ros_setup/share/micro_ros_setup/package.sh'
[0.961s] INFO:colcon.colcon_core.shell:Creating package script '/home/npicbot/robocon_ws/install/micro_ros_setup/share/micro_ros_setup/package.bash'
[0.962s] INFO:colcon.colcon_core.shell:Creating package script '/home/npicbot/robocon_ws/install/micro_ros_setup/share/micro_ros_setup/package.zsh'
[0.962s] Level 1:colcon.colcon_core.environment:create_file_with_runtime_dependencies(/home/npicbot/robocon_ws/install/micro_ros_setup/share/colcon-core/packages/micro_ros_setup)
[0.964s] Level 1:colcon.colcon_core.environment:create_environment_scripts_only(robot_localization)
[0.965s] Level 1:colcon.colcon_core.environment:checking '/home/npicbot/robocon_ws/install/robot_localization' for CMake module files
[0.965s] Level 1:colcon.colcon_core.environment:checking '/home/npicbot/robocon_ws/install/robot_localization' for CMake config files
[0.966s] Level 1:colcon.colcon_core.shell:create_environment_hook('robot_localization', 'cmake_prefix_path')
[0.966s] INFO:colcon.colcon_core.shell:Creating environment hook '/home/npicbot/robocon_ws/install/robot_localization/share/robot_localization/hook/cmake_prefix_path.ps1'
[0.967s] INFO:colcon.colcon_core.shell:Creating environment descriptor '/home/npicbot/robocon_ws/install/robot_localization/share/robot_localization/hook/cmake_prefix_path.dsv'
[0.968s] INFO:colcon.colcon_core.shell:Creating environment hook '/home/npicbot/robocon_ws/install/robot_localization/share/robot_localization/hook/cmake_prefix_path.sh'
[0.969s] Level 1:colcon.colcon_core.environment:checking '/home/npicbot/robocon_ws/install/robot_localization/lib'
[0.969s] Level 1:colcon.colcon_core.environment:checking '/home/npicbot/robocon_ws/install/robot_localization/bin'
[0.969s] Level 1:colcon.colcon_core.environment:checking '/home/npicbot/robocon_ws/install/robot_localization/lib/pkgconfig/robot_localization.pc'
[0.969s] Level 1:colcon.colcon_core.environment:checking '/home/npicbot/robocon_ws/install/robot_localization/lib/python3.10/site-packages'
[0.969s] Level 1:colcon.colcon_core.environment:checking '/home/npicbot/robocon_ws/install/robot_localization/bin'
[0.970s] INFO:colcon.colcon_core.shell:Creating package script '/home/npicbot/robocon_ws/install/robot_localization/share/robot_localization/package.ps1'
[0.971s] INFO:colcon.colcon_core.shell:Creating package descriptor '/home/npicbot/robocon_ws/install/robot_localization/share/robot_localization/package.dsv'
[0.972s] INFO:colcon.colcon_core.shell:Creating package script '/home/npicbot/robocon_ws/install/robot_localization/share/robot_localization/package.sh'
[0.973s] INFO:colcon.colcon_core.shell:Creating package script '/home/npicbot/robocon_ws/install/robot_localization/share/robot_localization/package.bash'
[0.973s] INFO:colcon.colcon_core.shell:Creating package script '/home/npicbot/robocon_ws/install/robot_localization/share/robot_localization/package.zsh'
[0.974s] Level 1:colcon.colcon_core.environment:create_file_with_runtime_dependencies(/home/npicbot/robocon_ws/install/robot_localization/share/colcon-core/packages/robot_localization)
[0.976s] Level 1:colcon.colcon_core.environment:create_environment_scripts_only(robot_intelligent)
[0.976s] Level 1:colcon.colcon_core.environment:checking '/home/npicbot/robocon_ws/install/robot_intelligent' for CMake module files
[0.977s] Level 1:colcon.colcon_core.environment:checking '/home/npicbot/robocon_ws/install/robot_intelligent' for CMake config files
[0.977s] Level 1:colcon.colcon_core.shell:create_environment_hook('robot_intelligent', 'cmake_prefix_path')
[0.978s] INFO:colcon.colcon_core.shell:Creating environment hook '/home/npicbot/robocon_ws/install/robot_intelligent/share/robot_intelligent/hook/cmake_prefix_path.ps1'
[0.978s] INFO:colcon.colcon_core.shell:Creating environment descriptor '/home/npicbot/robocon_ws/install/robot_intelligent/share/robot_intelligent/hook/cmake_prefix_path.dsv'
[0.979s] INFO:colcon.colcon_core.shell:Creating environment hook '/home/npicbot/robocon_ws/install/robot_intelligent/share/robot_intelligent/hook/cmake_prefix_path.sh'
[0.980s] Level 1:colcon.colcon_core.environment:checking '/home/npicbot/robocon_ws/install/robot_intelligent/lib'
[0.980s] Level 1:colcon.colcon_core.environment:checking '/home/npicbot/robocon_ws/install/robot_intelligent/bin'
[0.980s] Level 1:colcon.colcon_core.environment:checking '/home/npicbot/robocon_ws/install/robot_intelligent/lib/pkgconfig/robot_intelligent.pc'
[0.981s] Level 1:colcon.colcon_core.environment:checking '/home/npicbot/robocon_ws/install/robot_intelligent/lib/python3.10/site-packages'
[0.981s] Level 1:colcon.colcon_core.environment:checking '/home/npicbot/robocon_ws/install/robot_intelligent/bin'
[0.981s] INFO:colcon.colcon_core.shell:Creating package script '/home/npicbot/robocon_ws/install/robot_intelligent/share/robot_intelligent/package.ps1'
[0.982s] INFO:colcon.colcon_core.shell:Creating package descriptor '/home/npicbot/robocon_ws/install/robot_intelligent/share/robot_intelligent/package.dsv'
[0.983s] INFO:colcon.colcon_core.shell:Creating package script '/home/npicbot/robocon_ws/install/robot_intelligent/share/robot_intelligent/package.sh'
[0.983s] INFO:colcon.colcon_core.shell:Creating package script '/home/npicbot/robocon_ws/install/robot_intelligent/share/robot_intelligent/package.bash'
[0.984s] INFO:colcon.colcon_core.shell:Creating package script '/home/npicbot/robocon_ws/install/robot_intelligent/share/robot_intelligent/package.zsh'
[0.985s] Level 1:colcon.colcon_core.environment:create_file_with_runtime_dependencies(/home/npicbot/robocon_ws/install/robot_intelligent/share/colcon-core/packages/robot_intelligent)
[1.265s] DEBUG:colcon.colcon_core.event_handler.log_command:Invoked command in '/home/npicbot/robocon_ws/build/micro_ros_msgs' returned '0': CMAKE_PREFIX_PATH=${CMAKE_PREFIX_PATH}:/opt/ros/humble /usr/bin/cmake --build /home/npicbot/robocon_ws/build/micro_ros_msgs -- -j12 -l12
[1.269s] DEBUG:colcon.colcon_core.event_handler.log_command:Invoked command in '/home/npicbot/robocon_ws/build/robot_base' returned '0': CMAKE_PREFIX_PATH=${CMAKE_PREFIX_PATH}:/opt/ros/humble /usr/bin/cmake --build /home/npicbot/robocon_ws/build/robot_base -- -j12 -l12
[1.397s] DEBUG:colcon.colcon_core.event_handler.log_command:Invoking command in '/home/npicbot/robocon_ws/build/robot_base': CMAKE_PREFIX_PATH=${CMAKE_PREFIX_PATH}:/opt/ros/humble /usr/bin/cmake --install /home/npicbot/robocon_ws/build/robot_base
[1.427s] DEBUG:colcon.colcon_core.event_handler.log_command:Invoking command in '/home/npicbot/robocon_ws/build/micro_ros_msgs': CMAKE_PREFIX_PATH=${CMAKE_PREFIX_PATH}:/opt/ros/humble /usr/bin/cmake --install /home/npicbot/robocon_ws/build/micro_ros_msgs
[1.494s] Level 1:colcon.colcon_core.environment:create_environment_scripts_only(robot_base)
[1.495s] Level 1:colcon.colcon_core.environment:checking '/home/npicbot/robocon_ws/install/robot_base' for CMake module files
[1.495s] DEBUG:colcon.colcon_core.event_handler.log_command:Invoked command in '/home/npicbot/robocon_ws/build/robot_base' returned '0': CMAKE_PREFIX_PATH=${CMAKE_PREFIX_PATH}:/opt/ros/humble /usr/bin/cmake --install /home/npicbot/robocon_ws/build/robot_base
[1.496s] Level 1:colcon.colcon_core.environment:checking '/home/npicbot/robocon_ws/install/robot_base' for CMake config files
[1.497s] Level 1:colcon.colcon_core.shell:create_environment_hook('robot_base', 'cmake_prefix_path')
[1.498s] INFO:colcon.colcon_core.shell:Creating environment hook '/home/npicbot/robocon_ws/install/robot_base/share/robot_base/hook/cmake_prefix_path.ps1'
[1.499s] INFO:colcon.colcon_core.shell:Creating environment descriptor '/home/npicbot/robocon_ws/install/robot_base/share/robot_base/hook/cmake_prefix_path.dsv'
[1.499s] INFO:colcon.colcon_core.shell:Creating environment hook '/home/npicbot/robocon_ws/install/robot_base/share/robot_base/hook/cmake_prefix_path.sh'
[1.501s] Level 1:colcon.colcon_core.environment:checking '/home/npicbot/robocon_ws/install/robot_base/lib'
[1.501s] Level 1:colcon.colcon_core.shell:create_environment_hook('robot_base', 'ld_library_path_lib')
[1.501s] INFO:colcon.colcon_core.shell:Creating environment hook '/home/npicbot/robocon_ws/install/robot_base/share/robot_base/hook/ld_library_path_lib.ps1'
[1.502s] INFO:colcon.colcon_core.shell:Creating environment descriptor '/home/npicbot/robocon_ws/install/robot_base/share/robot_base/hook/ld_library_path_lib.dsv'
[1.503s] INFO:colcon.colcon_core.shell:Creating environment hook '/home/npicbot/robocon_ws/install/robot_base/share/robot_base/hook/ld_library_path_lib.sh'
[1.503s] Level 1:colcon.colcon_core.environment:checking '/home/npicbot/robocon_ws/install/robot_base/bin'
[1.503s] Level 1:colcon.colcon_core.environment:checking '/home/npicbot/robocon_ws/install/robot_base/lib/pkgconfig/robot_base.pc'
[1.504s] Level 1:colcon.colcon_core.environment:checking '/home/npicbot/robocon_ws/install/robot_base/lib/python3.10/site-packages'
[1.504s] Level 1:colcon.colcon_core.environment:checking '/home/npicbot/robocon_ws/install/robot_base/bin'
[1.505s] INFO:colcon.colcon_core.shell:Creating package script '/home/npicbot/robocon_ws/install/robot_base/share/robot_base/package.ps1'
[1.506s] INFO:colcon.colcon_core.shell:Creating package descriptor '/home/npicbot/robocon_ws/install/robot_base/share/robot_base/package.dsv'
[1.506s] INFO:colcon.colcon_core.shell:Creating package script '/home/npicbot/robocon_ws/install/robot_base/share/robot_base/package.sh'
[1.507s] INFO:colcon.colcon_core.shell:Creating package script '/home/npicbot/robocon_ws/install/robot_base/share/robot_base/package.bash'
[1.508s] INFO:colcon.colcon_core.shell:Creating package script '/home/npicbot/robocon_ws/install/robot_base/share/robot_base/package.zsh'
[1.508s] Level 1:colcon.colcon_core.environment:create_file_with_runtime_dependencies(/home/npicbot/robocon_ws/install/robot_base/share/colcon-core/packages/robot_base)
[1.522s] Level 1:colcon.colcon_core.environment:create_environment_scripts_only(micro_ros_msgs)
[1.522s] Level 1:colcon.colcon_core.environment:checking '/home/npicbot/robocon_ws/install/micro_ros_msgs' for CMake module files
[1.523s] DEBUG:colcon.colcon_core.event_handler.log_command:Invoked command in '/home/npicbot/robocon_ws/build/micro_ros_msgs' returned '0': CMAKE_PREFIX_PATH=${CMAKE_PREFIX_PATH}:/opt/ros/humble /usr/bin/cmake --install /home/npicbot/robocon_ws/build/micro_ros_msgs
[1.524s] Level 1:colcon.colcon_core.environment:checking '/home/npicbot/robocon_ws/install/micro_ros_msgs' for CMake config files
[1.525s] Level 1:colcon.colcon_core.shell:create_environment_hook('micro_ros_msgs', 'cmake_prefix_path')
[1.525s] INFO:colcon.colcon_core.shell:Creating environment hook '/home/npicbot/robocon_ws/install/micro_ros_msgs/share/micro_ros_msgs/hook/cmake_prefix_path.ps1'
[1.526s] INFO:colcon.colcon_core.shell:Creating environment descriptor '/home/npicbot/robocon_ws/install/micro_ros_msgs/share/micro_ros_msgs/hook/cmake_prefix_path.dsv'
[1.527s] INFO:colcon.colcon_core.shell:Creating environment hook '/home/npicbot/robocon_ws/install/micro_ros_msgs/share/micro_ros_msgs/hook/cmake_prefix_path.sh'
[1.528s] Level 1:colcon.colcon_core.environment:checking '/home/npicbot/robocon_ws/install/micro_ros_msgs/lib'
[1.528s] Level 1:colcon.colcon_core.shell:create_environment_hook('micro_ros_msgs', 'ld_library_path_lib')
[1.529s] INFO:colcon.colcon_core.shell:Creating environment hook '/home/npicbot/robocon_ws/install/micro_ros_msgs/share/micro_ros_msgs/hook/ld_library_path_lib.ps1'
[1.529s] INFO:colcon.colcon_core.shell:Creating environment descriptor '/home/npicbot/robocon_ws/install/micro_ros_msgs/share/micro_ros_msgs/hook/ld_library_path_lib.dsv'
[1.530s] INFO:colcon.colcon_core.shell:Creating environment hook '/home/npicbot/robocon_ws/install/micro_ros_msgs/share/micro_ros_msgs/hook/ld_library_path_lib.sh'
[1.531s] Level 1:colcon.colcon_core.environment:checking '/home/npicbot/robocon_ws/install/micro_ros_msgs/bin'
[1.531s] Level 1:colcon.colcon_core.environment:checking '/home/npicbot/robocon_ws/install/micro_ros_msgs/lib/pkgconfig/micro_ros_msgs.pc'
[1.531s] Level 1:colcon.colcon_core.environment:checking '/home/npicbot/robocon_ws/install/micro_ros_msgs/lib/python3.10/site-packages'
[1.531s] Level 1:colcon.colcon_core.environment:checking '/home/npicbot/robocon_ws/install/micro_ros_msgs/bin'
[1.532s] INFO:colcon.colcon_core.shell:Creating package script '/home/npicbot/robocon_ws/install/micro_ros_msgs/share/micro_ros_msgs/package.ps1'
[1.533s] INFO:colcon.colcon_core.shell:Creating package descriptor '/home/npicbot/robocon_ws/install/micro_ros_msgs/share/micro_ros_msgs/package.dsv'
[1.533s] INFO:colcon.colcon_core.shell:Creating package script '/home/npicbot/robocon_ws/install/micro_ros_msgs/share/micro_ros_msgs/package.sh'
[1.534s] INFO:colcon.colcon_core.shell:Creating package script '/home/npicbot/robocon_ws/install/micro_ros_msgs/share/micro_ros_msgs/package.bash'
[1.535s] INFO:colcon.colcon_core.shell:Creating package script '/home/npicbot/robocon_ws/install/micro_ros_msgs/share/micro_ros_msgs/package.zsh'
[1.535s] Level 1:colcon.colcon_core.environment:create_file_with_runtime_dependencies(/home/npicbot/robocon_ws/install/micro_ros_msgs/share/colcon-core/packages/micro_ros_msgs)
[1.651s] Level 1:colcon.colcon_core.environment:create_environment_scripts_only(robot_base)
[1.652s] Level 1:colcon.colcon_core.environment:checking '/home/npicbot/robocon_ws/install/robot_base' for CMake module files
[1.653s] Level 1:colcon.colcon_core.environment:checking '/home/npicbot/robocon_ws/install/robot_base' for CMake config files
[1.654s] Level 1:colcon.colcon_core.shell:create_environment_hook('robot_base', 'cmake_prefix_path')
[1.654s] INFO:colcon.colcon_core.shell:Creating environment hook '/home/npicbot/robocon_ws/install/robot_base/share/robot_base/hook/cmake_prefix_path.ps1'
[1.655s] INFO:colcon.colcon_core.shell:Creating environment descriptor '/home/npicbot/robocon_ws/install/robot_base/share/robot_base/hook/cmake_prefix_path.dsv'
[1.656s] INFO:colcon.colcon_core.shell:Creating environment hook '/home/npicbot/robocon_ws/install/robot_base/share/robot_base/hook/cmake_prefix_path.sh'
[1.658s] Level 1:colcon.colcon_core.environment:checking '/home/npicbot/robocon_ws/install/robot_base/lib'
[1.658s] Level 1:colcon.colcon_core.shell:create_environment_hook('robot_base', 'ld_library_path_lib')
[1.658s] INFO:colcon.colcon_core.shell:Creating environment hook '/home/npicbot/robocon_ws/install/robot_base/share/robot_base/hook/ld_library_path_lib.ps1'
[1.659s] INFO:colcon.colcon_core.shell:Creating environment descriptor '/home/npicbot/robocon_ws/install/robot_base/share/robot_base/hook/ld_library_path_lib.dsv'
[1.660s] INFO:colcon.colcon_core.shell:Creating environment hook '/home/npicbot/robocon_ws/install/robot_base/share/robot_base/hook/ld_library_path_lib.sh'
[1.661s] Level 1:colcon.colcon_core.environment:checking '/home/npicbot/robocon_ws/install/robot_base/bin'
[1.661s] Level 1:colcon.colcon_core.environment:checking '/home/npicbot/robocon_ws/install/robot_base/lib/pkgconfig/robot_base.pc'
[1.661s] Level 1:colcon.colcon_core.environment:checking '/home/npicbot/robocon_ws/install/robot_base/lib/python3.10/site-packages'
[1.661s] Level 1:colcon.colcon_core.environment:checking '/home/npicbot/robocon_ws/install/robot_base/bin'
[1.662s] INFO:colcon.colcon_core.shell:Creating package script '/home/npicbot/robocon_ws/install/robot_base/share/robot_base/package.ps1'
[1.663s] INFO:colcon.colcon_core.shell:Creating package descriptor '/home/npicbot/robocon_ws/install/robot_base/share/robot_base/package.dsv'
[1.664s] INFO:colcon.colcon_core.shell:Creating package script '/home/npicbot/robocon_ws/install/robot_base/share/robot_base/package.sh'
[1.665s] INFO:colcon.colcon_core.shell:Creating package script '/home/npicbot/robocon_ws/install/robot_base/share/robot_base/package.bash'
[1.666s] INFO:colcon.colcon_core.shell:Creating package script '/home/npicbot/robocon_ws/install/robot_base/share/robot_base/package.zsh'
[1.667s] Level 1:colcon.colcon_core.environment:create_file_with_runtime_dependencies(/home/npicbot/robocon_ws/install/robot_base/share/colcon-core/packages/robot_base)
[1.701s] Level 1:colcon.colcon_core.environment:create_environment_scripts_only(micro_ros_msgs)
[1.702s] Level 1:colcon.colcon_core.environment:checking '/home/npicbot/robocon_ws/install/micro_ros_msgs' for CMake module files
[1.703s] Level 1:colcon.colcon_core.environment:checking '/home/npicbot/robocon_ws/install/micro_ros_msgs' for CMake config files
[1.704s] Level 1:colcon.colcon_core.shell:create_environment_hook('micro_ros_msgs', 'cmake_prefix_path')
[1.705s] INFO:colcon.colcon_core.shell:Creating environment hook '/home/npicbot/robocon_ws/install/micro_ros_msgs/share/micro_ros_msgs/hook/cmake_prefix_path.ps1'
[1.706s] INFO:colcon.colcon_core.shell:Creating environment descriptor '/home/npicbot/robocon_ws/install/micro_ros_msgs/share/micro_ros_msgs/hook/cmake_prefix_path.dsv'
[1.706s] INFO:colcon.colcon_core.shell:Creating environment hook '/home/npicbot/robocon_ws/install/micro_ros_msgs/share/micro_ros_msgs/hook/cmake_prefix_path.sh'
[1.707s] Level 1:colcon.colcon_core.environment:checking '/home/npicbot/robocon_ws/install/micro_ros_msgs/lib'
[1.708s] Level 1:colcon.colcon_core.shell:create_environment_hook('micro_ros_msgs', 'ld_library_path_lib')
[1.708s] INFO:colcon.colcon_core.shell:Creating environment hook '/home/npicbot/robocon_ws/install/micro_ros_msgs/share/micro_ros_msgs/hook/ld_library_path_lib.ps1'
[1.709s] INFO:colcon.colcon_core.shell:Creating environment descriptor '/home/npicbot/robocon_ws/install/micro_ros_msgs/share/micro_ros_msgs/hook/ld_library_path_lib.dsv'
[1.709s] INFO:colcon.colcon_core.shell:Creating environment hook '/home/npicbot/robocon_ws/install/micro_ros_msgs/share/micro_ros_msgs/hook/ld_library_path_lib.sh'
[1.710s] Level 1:colcon.colcon_core.environment:checking '/home/npicbot/robocon_ws/install/micro_ros_msgs/bin'
[1.710s] Level 1:colcon.colcon_core.environment:checking '/home/npicbot/robocon_ws/install/micro_ros_msgs/lib/pkgconfig/micro_ros_msgs.pc'
[1.711s] Level 1:colcon.colcon_core.environment:checking '/home/npicbot/robocon_ws/install/micro_ros_msgs/lib/python3.10/site-packages'
[1.711s] Level 1:colcon.colcon_core.environment:checking '/home/npicbot/robocon_ws/install/micro_ros_msgs/bin'
[1.712s] INFO:colcon.colcon_core.shell:Creating package script '/home/npicbot/robocon_ws/install/micro_ros_msgs/share/micro_ros_msgs/package.ps1'
[1.713s] INFO:colcon.colcon_core.shell:Creating package descriptor '/home/npicbot/robocon_ws/install/micro_ros_msgs/share/micro_ros_msgs/package.dsv'
[1.714s] INFO:colcon.colcon_core.shell:Creating package script '/home/npicbot/robocon_ws/install/micro_ros_msgs/share/micro_ros_msgs/package.sh'
[1.716s] INFO:colcon.colcon_core.shell:Creating package script '/home/npicbot/robocon_ws/install/micro_ros_msgs/share/micro_ros_msgs/package.bash'
[1.717s] INFO:colcon.colcon_core.shell:Creating package script '/home/npicbot/robocon_ws/install/micro_ros_msgs/share/micro_ros_msgs/package.zsh'
[1.718s] Level 1:colcon.colcon_core.environment:create_file_with_runtime_dependencies(/home/npicbot/robocon_ws/install/micro_ros_msgs/share/colcon-core/packages/micro_ros_msgs)
[1.720s] INFO:colcon.colcon_ros.task.ament_cmake.build:Building ROS package in '/home/npicbot/robocon_ws/src/uros/micro-ROS-Agent/micro_ros_agent' with build type 'ament_cmake'
[1.720s] INFO:colcon.colcon_cmake.task.cmake.build:Building CMake package in '/home/npicbot/robocon_ws/src/uros/micro-ROS-Agent/micro_ros_agent'
[1.721s] INFO:colcon.colcon_core.shell:Skip shell extension 'powershell' for command environment: Not usable outside of PowerShell
[1.721s] DEBUG:colcon.colcon_core.shell:Skip shell extension 'dsv' for command environment
[1.741s] DEBUG:colcon.colcon_core.event_handler.log_command:Invoking command in '/home/npicbot/robocon_ws/build/micro_ros_agent': CMAKE_PREFIX_PATH=/home/npicbot/robocon_ws/install/micro_ros_msgs:/home/npicbot/robocon_ws/install/robot_localization:/home/npicbot/robocon_ws/install/robot_intelligent:/home/npicbot/robocon_ws/install/robot_command:/home/npicbot/robocon_ws/install/robot_base:/home/npicbot/robocon_ws/install/micro_ros_setup:/home/npicbot/robocon_ws/install/micro_ros_agent:/opt/ros/humble LD_LIBRARY_PATH=/home/npicbot/robocon_ws/install/micro_ros_msgs/lib:/home/npicbot/robocon_ws/install/robot_base/lib:/home/npicbot/robocon_ws/install/micro_ros_agent/lib:/opt/ros/humble/opt/rviz_ogre_vendor/lib:/opt/ros/humble/lib/aarch64-linux-gnu:/opt/ros/humble/lib /usr/bin/cmake --build /home/npicbot/robocon_ws/build/micro_ros_agent -- -j12 -l12
[1.856s] DEBUG:colcon.colcon_core.event_handler.log_command:Invoked command in '/home/npicbot/robocon_ws/build/micro_ros_agent' returned '0': CMAKE_PREFIX_PATH=/home/npicbot/robocon_ws/install/micro_ros_msgs:/home/npicbot/robocon_ws/install/robot_localization:/home/npicbot/robocon_ws/install/robot_intelligent:/home/npicbot/robocon_ws/install/robot_command:/home/npicbot/robocon_ws/install/robot_base:/home/npicbot/robocon_ws/install/micro_ros_setup:/home/npicbot/robocon_ws/install/micro_ros_agent:/opt/ros/humble LD_LIBRARY_PATH=/home/npicbot/robocon_ws/install/micro_ros_msgs/lib:/home/npicbot/robocon_ws/install/robot_base/lib:/home/npicbot/robocon_ws/install/micro_ros_agent/lib:/opt/ros/humble/opt/rviz_ogre_vendor/lib:/opt/ros/humble/lib/aarch64-linux-gnu:/opt/ros/humble/lib /usr/bin/cmake --build /home/npicbot/robocon_ws/build/micro_ros_agent -- -j12 -l12
[1.918s] DEBUG:colcon.colcon_core.event_handler.log_command:Invoking command in '/home/npicbot/robocon_ws/build/micro_ros_agent': CMAKE_PREFIX_PATH=/home/npicbot/robocon_ws/install/micro_ros_msgs:/home/npicbot/robocon_ws/install/robot_localization:/home/npicbot/robocon_ws/install/robot_intelligent:/home/npicbot/robocon_ws/install/robot_command:/home/npicbot/robocon_ws/install/robot_base:/home/npicbot/robocon_ws/install/micro_ros_setup:/home/npicbot/robocon_ws/install/micro_ros_agent:/opt/ros/humble LD_LIBRARY_PATH=/home/npicbot/robocon_ws/install/micro_ros_msgs/lib:/home/npicbot/robocon_ws/install/robot_base/lib:/home/npicbot/robocon_ws/install/micro_ros_agent/lib:/opt/ros/humble/opt/rviz_ogre_vendor/lib:/opt/ros/humble/lib/aarch64-linux-gnu:/opt/ros/humble/lib /usr/bin/cmake --install /home/npicbot/robocon_ws/build/micro_ros_agent
[1.937s] Level 1:colcon.colcon_core.environment:create_environment_scripts_only(micro_ros_agent)
[1.938s] Level 1:colcon.colcon_core.environment:checking '/home/npicbot/robocon_ws/install/micro_ros_agent' for CMake module files
[1.940s] DEBUG:colcon.colcon_core.event_handler.log_command:Invoked command in '/home/npicbot/robocon_ws/build/micro_ros_agent' returned '0': CMAKE_PREFIX_PATH=/home/npicbot/robocon_ws/install/micro_ros_msgs:/home/npicbot/robocon_ws/install/robot_localization:/home/npicbot/robocon_ws/install/robot_intelligent:/home/npicbot/robocon_ws/install/robot_command:/home/npicbot/robocon_ws/install/robot_base:/home/npicbot/robocon_ws/install/micro_ros_setup:/home/npicbot/robocon_ws/install/micro_ros_agent:/opt/ros/humble LD_LIBRARY_PATH=/home/npicbot/robocon_ws/install/micro_ros_msgs/lib:/home/npicbot/robocon_ws/install/robot_base/lib:/home/npicbot/robocon_ws/install/micro_ros_agent/lib:/opt/ros/humble/opt/rviz_ogre_vendor/lib:/opt/ros/humble/lib/aarch64-linux-gnu:/opt/ros/humble/lib /usr/bin/cmake --install /home/npicbot/robocon_ws/build/micro_ros_agent
[1.941s] Level 1:colcon.colcon_core.environment:checking '/home/npicbot/robocon_ws/install/micro_ros_agent' for CMake config files
[1.944s] Level 1:colcon.colcon_core.shell:create_environment_hook('micro_ros_agent', 'cmake_prefix_path')
[1.945s] INFO:colcon.colcon_core.shell:Creating environment hook '/home/npicbot/robocon_ws/install/micro_ros_agent/share/micro_ros_agent/hook/cmake_prefix_path.ps1'
[1.947s] INFO:colcon.colcon_core.shell:Creating environment descriptor '/home/npicbot/robocon_ws/install/micro_ros_agent/share/micro_ros_agent/hook/cmake_prefix_path.dsv'
[1.948s] INFO:colcon.colcon_core.shell:Creating environment hook '/home/npicbot/robocon_ws/install/micro_ros_agent/share/micro_ros_agent/hook/cmake_prefix_path.sh'
[1.951s] Level 1:colcon.colcon_core.environment:checking '/home/npicbot/robocon_ws/install/micro_ros_agent/lib'
[1.951s] Level 1:colcon.colcon_core.shell:create_environment_hook('micro_ros_agent', 'ld_library_path_lib')
[1.952s] INFO:colcon.colcon_core.shell:Creating environment hook '/home/npicbot/robocon_ws/install/micro_ros_agent/share/micro_ros_agent/hook/ld_library_path_lib.ps1'
[1.953s] INFO:colcon.colcon_core.shell:Creating environment descriptor '/home/npicbot/robocon_ws/install/micro_ros_agent/share/micro_ros_agent/hook/ld_library_path_lib.dsv'
[1.954s] INFO:colcon.colcon_core.shell:Creating environment hook '/home/npicbot/robocon_ws/install/micro_ros_agent/share/micro_ros_agent/hook/ld_library_path_lib.sh'
[1.956s] Level 1:colcon.colcon_core.environment:checking '/home/npicbot/robocon_ws/install/micro_ros_agent/bin'
[1.956s] Level 1:colcon.colcon_core.environment:checking '/home/npicbot/robocon_ws/install/micro_ros_agent/lib/pkgconfig/micro_ros_agent.pc'
[1.957s] Level 1:colcon.colcon_core.environment:checking '/home/npicbot/robocon_ws/install/micro_ros_agent/lib/python3.10/site-packages'
[1.958s] Level 1:colcon.colcon_core.environment:checking '/home/npicbot/robocon_ws/install/micro_ros_agent/bin'
[1.959s] INFO:colcon.colcon_core.shell:Creating package script '/home/npicbot/robocon_ws/install/micro_ros_agent/share/micro_ros_agent/package.ps1'
[1.961s] INFO:colcon.colcon_core.shell:Creating package descriptor '/home/npicbot/robocon_ws/install/micro_ros_agent/share/micro_ros_agent/package.dsv'
[1.963s] INFO:colcon.colcon_core.shell:Creating package script '/home/npicbot/robocon_ws/install/micro_ros_agent/share/micro_ros_agent/package.sh'
[1.964s] INFO:colcon.colcon_core.shell:Creating package script '/home/npicbot/robocon_ws/install/micro_ros_agent/share/micro_ros_agent/package.bash'
[1.966s] INFO:colcon.colcon_core.shell:Creating package script '/home/npicbot/robocon_ws/install/micro_ros_agent/share/micro_ros_agent/package.zsh'
[1.967s] Level 1:colcon.colcon_core.environment:create_file_with_runtime_dependencies(/home/npicbot/robocon_ws/install/micro_ros_agent/share/colcon-core/packages/micro_ros_agent)
[2.022s] Level 1:colcon.colcon_core.environment:create_environment_scripts_only(micro_ros_agent)
[2.023s] Level 1:colcon.colcon_core.environment:checking '/home/npicbot/robocon_ws/install/micro_ros_agent' for CMake module files
[2.025s] Level 1:colcon.colcon_core.environment:checking '/home/npicbot/robocon_ws/install/micro_ros_agent' for CMake config files
[2.027s] Level 1:colcon.colcon_core.shell:create_environment_hook('micro_ros_agent', 'cmake_prefix_path')
[2.027s] INFO:colcon.colcon_core.shell:Creating environment hook '/home/npicbot/robocon_ws/install/micro_ros_agent/share/micro_ros_agent/hook/cmake_prefix_path.ps1'
[2.028s] INFO:colcon.colcon_core.shell:Creating environment descriptor '/home/npicbot/robocon_ws/install/micro_ros_agent/share/micro_ros_agent/hook/cmake_prefix_path.dsv'
[2.030s] INFO:colcon.colcon_core.shell:Creating environment hook '/home/npicbot/robocon_ws/install/micro_ros_agent/share/micro_ros_agent/hook/cmake_prefix_path.sh'
[2.032s] Level 1:colcon.colcon_core.environment:checking '/home/npicbot/robocon_ws/install/micro_ros_agent/lib'
[2.032s] Level 1:colcon.colcon_core.shell:create_environment_hook('micro_ros_agent', 'ld_library_path_lib')
[2.033s] INFO:colcon.colcon_core.shell:Creating environment hook '/home/npicbot/robocon_ws/install/micro_ros_agent/share/micro_ros_agent/hook/ld_library_path_lib.ps1'
[2.035s] INFO:colcon.colcon_core.shell:Creating environment descriptor '/home/npicbot/robocon_ws/install/micro_ros_agent/share/micro_ros_agent/hook/ld_library_path_lib.dsv'
[2.036s] INFO:colcon.colcon_core.shell:Creating environment hook '/home/npicbot/robocon_ws/install/micro_ros_agent/share/micro_ros_agent/hook/ld_library_path_lib.sh'
[2.036s] Level 1:colcon.colcon_core.environment:checking '/home/npicbot/robocon_ws/install/micro_ros_agent/bin'
[2.036s] Level 1:colcon.colcon_core.environment:checking '/home/npicbot/robocon_ws/install/micro_ros_agent/lib/pkgconfig/micro_ros_agent.pc'
[2.037s] Level 1:colcon.colcon_core.environment:checking '/home/npicbot/robocon_ws/install/micro_ros_agent/lib/python3.10/site-packages'
[2.037s] Level 1:colcon.colcon_core.environment:checking '/home/npicbot/robocon_ws/install/micro_ros_agent/bin'
[2.037s] INFO:colcon.colcon_core.shell:Creating package script '/home/npicbot/robocon_ws/install/micro_ros_agent/share/micro_ros_agent/package.ps1'
[2.039s] INFO:colcon.colcon_core.shell:Creating package descriptor '/home/npicbot/robocon_ws/install/micro_ros_agent/share/micro_ros_agent/package.dsv'
[2.041s] INFO:colcon.colcon_core.shell:Creating package script '/home/npicbot/robocon_ws/install/micro_ros_agent/share/micro_ros_agent/package.sh'
[2.043s] INFO:colcon.colcon_core.shell:Creating package script '/home/npicbot/robocon_ws/install/micro_ros_agent/share/micro_ros_agent/package.bash'
[2.044s] INFO:colcon.colcon_core.shell:Creating package script '/home/npicbot/robocon_ws/install/micro_ros_agent/share/micro_ros_agent/package.zsh'
[2.045s] Level 1:colcon.colcon_core.environment:create_file_with_runtime_dependencies(/home/npicbot/robocon_ws/install/micro_ros_agent/share/colcon-core/packages/micro_ros_agent)
[2.046s] DEBUG:colcon.colcon_parallel_executor.executor.parallel:closing loop
[2.047s] DEBUG:colcon.colcon_parallel_executor.executor.parallel:loop closed
[2.047s] DEBUG:colcon.colcon_parallel_executor.executor.parallel:run_until_complete finished with '0'
[2.048s] DEBUG:colcon.colcon_core.event_reactor:joining thread
[2.065s] INFO:colcon.colcon_core.plugin_system:Skipping extension 'colcon_notification.desktop_notification.terminal_notifier': Not used on non-Darwin systems
[2.066s] INFO:colcon.colcon_core.plugin_system:Skipping extension 'colcon_notification.desktop_notification.win32': Not used on non-Windows systems
[2.066s] INFO:colcon.colcon_notification.desktop_notification:Sending desktop notification using 'notify2'
[2.094s] DEBUG:colcon.colcon_core.event_reactor:joined thread
[2.096s] INFO:colcon.colcon_core.shell:Creating prefix script '/home/npicbot/robocon_ws/install/local_setup.ps1'
[2.099s] INFO:colcon.colcon_core.shell:Creating prefix util module '/home/npicbot/robocon_ws/install/_local_setup_util_ps1.py'
[2.101s] INFO:colcon.colcon_core.shell:Creating prefix chain script '/home/npicbot/robocon_ws/install/setup.ps1'
[2.106s] INFO:colcon.colcon_core.shell:Creating prefix script '/home/npicbot/robocon_ws/install/local_setup.sh'
[2.108s] INFO:colcon.colcon_core.shell:Creating prefix util module '/home/npicbot/robocon_ws/install/_local_setup_util_sh.py'
[2.110s] INFO:colcon.colcon_core.shell:Creating prefix chain script '/home/npicbot/robocon_ws/install/setup.sh'
[2.114s] INFO:colcon.colcon_core.shell:Creating prefix script '/home/npicbot/robocon_ws/install/local_setup.bash'
[2.116s] INFO:colcon.colcon_core.shell:Creating prefix chain script '/home/npicbot/robocon_ws/install/setup.bash'
[2.120s] INFO:colcon.colcon_core.shell:Creating prefix script '/home/npicbot/robocon_ws/install/local_setup.zsh'
[2.121s] INFO:colcon.colcon_core.shell:Creating prefix chain script '/home/npicbot/robocon_ws/install/setup.zsh'
