[0.061s] Invoking command in '/home/npicbot/robocon_ws/build/robot_localization': CMAKE_PREFIX_PATH=${CMAKE_PREFIX_PATH}:/opt/ros/humble /usr/bin/cmake --build /home/npicbot/robocon_ws/build/robot_localization -- -j12 -l12
[0.144s] [35m[1mConsolidate compiler generated dependencies of target odometry_pub_goal[0m
[0.206s] [ 33%] Built target odometry_robot_i
[0.209s] [ 66%] Built target odometry_robot_ii
[0.230s] [100%] Built target odometry_pub_goal
[0.313s] Invoked command in '/home/npicbot/robocon_ws/build/robot_localization' returned '0': CMAKE_PREFIX_PATH=${CMAKE_PREFIX_PATH}:/opt/ros/humble /usr/bin/cmake --build /home/npicbot/robocon_ws/build/robot_localization -- -j12 -l12
[0.370s] Invoking command in '/home/npicbot/robocon_ws/build/robot_localization': CMAKE_PREFIX_PATH=${CMAKE_PREFIX_PATH}:/opt/ros/humble /usr/bin/cmake --install /home/npicbot/robocon_ws/build/robot_localization
[0.401s] -- Install configuration: ""
[0.401s] -- Up-to-date: /home/npicbot/robocon_ws/install/robot_localization/lib/robot_localization/odometry_robot_i
[0.401s] -- Up-to-date: /home/npicbot/robocon_ws/install/robot_localization/lib/robot_localization/odometry_robot_ii
[0.401s] -- Up-to-date: /home/npicbot/robocon_ws/install/robot_localization/lib/robot_localization/odometry_pub_goal
[0.401s] -- Up-to-date: /home/npicbot/robocon_ws/install/robot_localization/share/ament_index/resource_index/package_run_dependencies/robot_localization
[0.402s] -- Up-to-date: /home/npicbot/robocon_ws/install/robot_localization/share/ament_index/resource_index/parent_prefix_path/robot_localization
[0.402s] -- Up-to-date: /home/npicbot/robocon_ws/install/robot_localization/share/robot_localization/environment/ament_prefix_path.sh
[0.402s] -- Up-to-date: /home/npicbot/robocon_ws/install/robot_localization/share/robot_localization/environment/ament_prefix_path.dsv
[0.402s] -- Up-to-date: /home/npicbot/robocon_ws/install/robot_localization/share/robot_localization/environment/path.sh
[0.402s] -- Up-to-date: /home/npicbot/robocon_ws/install/robot_localization/share/robot_localization/environment/path.dsv
[0.404s] -- Up-to-date: /home/npicbot/robocon_ws/install/robot_localization/share/robot_localization/local_setup.bash
[0.405s] -- Up-to-date: /home/npicbot/robocon_ws/install/robot_localization/share/robot_localization/local_setup.sh
[0.405s] -- Up-to-date: /home/npicbot/robocon_ws/install/robot_localization/share/robot_localization/local_setup.zsh
[0.405s] -- Up-to-date: /home/npicbot/robocon_ws/install/robot_localization/share/robot_localization/local_setup.dsv
[0.405s] -- Installing: /home/npicbot/robocon_ws/install/robot_localization/share/robot_localization/package.dsv
[0.405s] -- Up-to-date: /home/npicbot/robocon_ws/install/robot_localization/share/ament_index/resource_index/packages/robot_localization
[0.406s] -- Up-to-date: /home/npicbot/robocon_ws/install/robot_localization/share/robot_localization/cmake/robot_localizationConfig.cmake
[0.406s] -- Up-to-date: /home/npicbot/robocon_ws/install/robot_localization/share/robot_localization/cmake/robot_localizationConfig-version.cmake
[0.407s] -- Up-to-date: /home/npicbot/robocon_ws/install/robot_localization/share/robot_localization/package.xml
[0.423s] Invoked command in '/home/npicbot/robocon_ws/build/robot_localization' returned '0': CMAKE_PREFIX_PATH=${CMAKE_PREFIX_PATH}:/opt/ros/humble /usr/bin/cmake --install /home/npicbot/robocon_ws/build/robot_localization
