[0.052s] Invoking command in '/home/npicbot/robocon_ws/build/robot_intelligent': CMAKE_PREFIX_PATH=${CMAKE_PREFIX_PATH}:/opt/ros/humble /usr/bin/cmake --build /home/npicbot/robocon_ws/build/robot_intelligent -- -j12 -l12
[0.159s] [35m[1mConsolidate compiler generated dependencies of target robot_tracking[0m
[0.159s] [35m[1mConsolidate compiler generated dependencies of target shooting[0m
[0.188s] [ 50%] Built target shooting
[0.207s] [ 75%] [32mBuilding CXX object CMakeFiles/robot_tracking.dir/src/robot_tracking.cpp.o[0m
[15.064s] [100%] [32m[1mLinking CXX executable robot_tracking[0m
[17.679s] [100%] Built target robot_tracking
[17.706s] Invoked command in '/home/npicbot/robocon_ws/build/robot_intelligent' returned '0': CMAKE_PREFIX_PATH=${CMAKE_PREFIX_PATH}:/opt/ros/humble /usr/bin/cmake --build /home/npicbot/robocon_ws/build/robot_intelligent -- -j12 -l12
[17.775s] Invoking command in '/home/npicbot/robocon_ws/build/robot_intelligent': CMAKE_PREFIX_PATH=${CMAKE_PREFIX_PATH}:/opt/ros/humble /usr/bin/cmake --install /home/npicbot/robocon_ws/build/robot_intelligent
[17.798s] -- Install configuration: ""
[17.799s] -- Installing: /home/npicbot/robocon_ws/install/robot_intelligent/lib/robot_intelligent/robot_tracking
[17.812s] -- Set runtime path of "/home/npicbot/robocon_ws/install/robot_intelligent/lib/robot_intelligent/robot_tracking" to ""
[17.813s] -- Up-to-date: /home/npicbot/robocon_ws/install/robot_intelligent/lib/robot_intelligent/shooting
[17.814s] -- Up-to-date: /home/npicbot/robocon_ws/install/robot_intelligent/share/ament_index/resource_index/package_run_dependencies/robot_intelligent
[17.814s] -- Up-to-date: /home/npicbot/robocon_ws/install/robot_intelligent/share/ament_index/resource_index/parent_prefix_path/robot_intelligent
[17.815s] -- Up-to-date: /home/npicbot/robocon_ws/install/robot_intelligent/share/robot_intelligent/environment/ament_prefix_path.sh
[17.815s] -- Up-to-date: /home/npicbot/robocon_ws/install/robot_intelligent/share/robot_intelligent/environment/ament_prefix_path.dsv
[17.815s] -- Up-to-date: /home/npicbot/robocon_ws/install/robot_intelligent/share/robot_intelligent/environment/path.sh
[17.815s] -- Up-to-date: /home/npicbot/robocon_ws/install/robot_intelligent/share/robot_intelligent/environment/path.dsv
[17.816s] -- Up-to-date: /home/npicbot/robocon_ws/install/robot_intelligent/share/robot_intelligent/local_setup.bash
[17.816s] -- Up-to-date: /home/npicbot/robocon_ws/install/robot_intelligent/share/robot_intelligent/local_setup.sh
[17.816s] -- Up-to-date: /home/npicbot/robocon_ws/install/robot_intelligent/share/robot_intelligent/local_setup.zsh
[17.817s] -- Up-to-date: /home/npicbot/robocon_ws/install/robot_intelligent/share/robot_intelligent/local_setup.dsv
[17.817s] -- Installing: /home/npicbot/robocon_ws/install/robot_intelligent/share/robot_intelligent/package.dsv
[17.817s] -- Up-to-date: /home/npicbot/robocon_ws/install/robot_intelligent/share/ament_index/resource_index/packages/robot_intelligent
[17.817s] -- Up-to-date: /home/npicbot/robocon_ws/install/robot_intelligent/share/robot_intelligent/cmake/robot_intelligentConfig.cmake
[17.818s] -- Up-to-date: /home/npicbot/robocon_ws/install/robot_intelligent/share/robot_intelligent/cmake/robot_intelligentConfig-version.cmake
[17.818s] -- Up-to-date: /home/npicbot/robocon_ws/install/robot_intelligent/share/robot_intelligent/package.xml
[17.822s] Invoked command in '/home/npicbot/robocon_ws/build/robot_intelligent' returned '0': CMAKE_PREFIX_PATH=${CMAKE_PREFIX_PATH}:/opt/ros/humble /usr/bin/cmake --install /home/npicbot/robocon_ws/build/robot_intelligent
