[0.049s] Invoking command in '/home/npicbot/robocon_ws/build/robot_intelligent': CMAKE_PREFIX_PATH=${CMAKE_PREFIX_PATH}:/opt/ros/humble /usr/bin/cmake --build /home/npicbot/robocon_ws/build/robot_intelligent -- -j12 -l12
[0.116s] [35m[1mConsolidate compiler generated dependencies of target robot_tracking[0m
[0.140s] [ 25%] [32mBuilding CXX object CMakeFiles/shooting.dir/src/projectile_motion.cpp.o[0m
[0.158s] [ 75%] Built target robot_tracking
[14.351s] [100%] [32m[1mLinking CXX executable shooting[0m
[15.020s] [100%] Built target shooting
[15.045s] Invoked command in '/home/npicbot/robocon_ws/build/robot_intelligent' returned '0': CMAKE_PREFIX_PATH=${CMAKE_PREFIX_PATH}:/opt/ros/humble /usr/bin/cmake --build /home/npicbot/robocon_ws/build/robot_intelligent -- -j12 -l12
[15.109s] Invoking command in '/home/npicbot/robocon_ws/build/robot_intelligent': CMAKE_PREFIX_PATH=${CMAKE_PREFIX_PATH}:/opt/ros/humble /usr/bin/cmake --install /home/npicbot/robocon_ws/build/robot_intelligent
[15.127s] -- Install configuration: ""
[15.128s] -- Up-to-date: /home/npicbot/robocon_ws/install/robot_intelligent/lib/robot_intelligent/robot_tracking
[15.128s] -- Installing: /home/npicbot/robocon_ws/install/robot_intelligent/lib/robot_intelligent/shooting
[15.142s] -- Set runtime path of "/home/npicbot/robocon_ws/install/robot_intelligent/lib/robot_intelligent/shooting" to ""
[15.142s] -- Up-to-date: /home/npicbot/robocon_ws/install/robot_intelligent/share/ament_index/resource_index/package_run_dependencies/robot_intelligent
[15.142s] -- Up-to-date: /home/npicbot/robocon_ws/install/robot_intelligent/share/ament_index/resource_index/parent_prefix_path/robot_intelligent
[15.143s] -- Up-to-date: /home/npicbot/robocon_ws/install/robot_intelligent/share/robot_intelligent/environment/ament_prefix_path.sh
[15.143s] -- Up-to-date: /home/npicbot/robocon_ws/install/robot_intelligent/share/robot_intelligent/environment/ament_prefix_path.dsv
[15.143s] -- Up-to-date: /home/npicbot/robocon_ws/install/robot_intelligent/share/robot_intelligent/environment/path.sh
[15.143s] -- Up-to-date: /home/npicbot/robocon_ws/install/robot_intelligent/share/robot_intelligent/environment/path.dsv
[15.143s] -- Up-to-date: /home/npicbot/robocon_ws/install/robot_intelligent/share/robot_intelligent/local_setup.bash
[15.144s] -- Up-to-date: /home/npicbot/robocon_ws/install/robot_intelligent/share/robot_intelligent/local_setup.sh
[15.144s] -- Up-to-date: /home/npicbot/robocon_ws/install/robot_intelligent/share/robot_intelligent/local_setup.zsh
[15.144s] -- Up-to-date: /home/npicbot/robocon_ws/install/robot_intelligent/share/robot_intelligent/local_setup.dsv
[15.144s] -- Installing: /home/npicbot/robocon_ws/install/robot_intelligent/share/robot_intelligent/package.dsv
[15.145s] -- Up-to-date: /home/npicbot/robocon_ws/install/robot_intelligent/share/ament_index/resource_index/packages/robot_intelligent
[15.145s] -- Up-to-date: /home/npicbot/robocon_ws/install/robot_intelligent/share/robot_intelligent/cmake/robot_intelligentConfig.cmake
[15.145s] -- Up-to-date: /home/npicbot/robocon_ws/install/robot_intelligent/share/robot_intelligent/cmake/robot_intelligentConfig-version.cmake
[15.145s] -- Up-to-date: /home/npicbot/robocon_ws/install/robot_intelligent/share/robot_intelligent/package.xml
[15.151s] Invoked command in '/home/npicbot/robocon_ws/build/robot_intelligent' returned '0': CMAKE_PREFIX_PATH=${CMAKE_PREFIX_PATH}:/opt/ros/humble /usr/bin/cmake --install /home/npicbot/robocon_ws/build/robot_intelligent
