[0.060s] Invoking command in '/home/npicbot/robocon_ws/build/robot_localization': CMAKE_PREFIX_PATH=${CMAKE_PREFIX_PATH}:/opt/ros/humble /usr/bin/cmake --build /home/npicbot/robocon_ws/build/robot_localization -- -j12 -l12
[0.119s] -- Found ament_cmake: 1.3.10 (/opt/ros/humble/share/ament_cmake/cmake)
[0.501s] -- Found geometry_msgs: 4.2.4 (/opt/ros/humble/share/geometry_msgs/cmake)
[0.573s] -- Found rosidl_generator_c: 3.1.5 (/opt/ros/humble/share/rosidl_generator_c/cmake)
[0.580s] -- Found rosidl_adapter: 3.1.5 (/opt/ros/humble/share/rosidl_adapter/cmake)
[0.599s] -- Found rosidl_generator_cpp: 3.1.5 (/opt/ros/humble/share/rosidl_generator_cpp/cmake)
[0.629s] -- Using all available rosidl_typesupport_c: rosidl_typesupport_fastrtps_c;rosidl_typesupport_introspection_c
[0.664s] -- Using all available rosidl_typesupport_cpp: rosidl_typesupport_fastrtps_cpp;rosidl_typesupport_introspection_cpp
[0.758s] -- Found nav_msgs: 4.2.4 (/opt/ros/humble/share/nav_msgs/cmake)
[0.799s] -- Found tf2: 0.25.8 (/opt/ros/humble/share/tf2/cmake)
[0.811s] -- Found tf2_ros: 0.25.8 (/opt/ros/humble/share/tf2_ros/cmake)
[0.951s] -- Found rmw_implementation_cmake: 6.1.2 (/opt/ros/humble/share/rmw_implementation_cmake/cmake)
[0.958s] -- Found rmw_fastrtps_cpp: 6.2.7 (/opt/ros/humble/share/rmw_fastrtps_cpp/cmake)
[1.193s] -- Using RMW implementation 'rmw_fastrtps_cpp' as default
[1.458s] -- Found tf2_geometry_msgs: 0.25.8 (/opt/ros/humble/share/tf2_geometry_msgs/cmake)
[1.469s] -- Found eigen3_cmake_module: 0.1.1 (/opt/ros/humble/share/eigen3_cmake_module/cmake)
[1.472s] -- Ensuring Eigen3 include directory is part of orocos-kdl CMake target
[1.484s] [31mCMake Error at /opt/ros/humble/share/ament_cmake_target_dependencies/cmake/ament_target_dependencies.cmake:42 (message):
[1.484s]   ament_target_dependencies() the first argument must be a valid target name
[1.484s] Call Stack (most recent call first):
[1.484s]   CMakeLists.txt:23 (ament_target_dependencies)
[1.484s] 
[1.484s] [0m
[1.485s] -- Configuring incomplete, errors occurred!
[1.485s] See also "/home/npicbot/robocon_ws/build/robot_localization/CMakeFiles/CMakeOutput.log".
[1.507s] gmake: *** [Makefile:308: cmake_check_build_system] Error 1
[1.512s] Invoked command in '/home/npicbot/robocon_ws/build/robot_localization' returned '2': CMAKE_PREFIX_PATH=${CMAKE_PREFIX_PATH}:/opt/ros/humble /usr/bin/cmake --build /home/npicbot/robocon_ws/build/robot_localization -- -j12 -l12
