[35m[1mConsolidate compiler generated dependencies of target odometry_robot_ii[0m
[35m[1mConsolidate compiler generated dependencies of target odometry_robot_i[0m
[ 50%] Built target odometry_robot_i
[100%] Built target odometry_robot_ii
-- Install configuration: ""
-- Installing: /home/npicbot/robocon_ws/install/robot_localization/lib/robot_localization/odometry_robot_i
-- Set runtime path of "/home/npicbot/robocon_ws/install/robot_localization/lib/robot_localization/odometry_robot_i" to ""
-- Installing: /home/npicbot/robocon_ws/install/robot_localization/lib/robot_localization/odometry_robot_ii
-- Set runtime path of "/home/npicbot/robocon_ws/install/robot_localization/lib/robot_localization/odometry_robot_ii" to ""
-- Installing: /home/npicbot/robocon_ws/install/robot_localization/share/ament_index/resource_index/package_run_dependencies/robot_localization
-- Installing: /home/npicbot/robocon_ws/install/robot_localization/share/ament_index/resource_index/parent_prefix_path/robot_localization
-- Installing: /home/npicbot/robocon_ws/install/robot_localization/share/robot_localization/environment/ament_prefix_path.sh
-- Installing: /home/npicbot/robocon_ws/install/robot_localization/share/robot_localization/environment/ament_prefix_path.dsv
-- Installing: /home/npicbot/robocon_ws/install/robot_localization/share/robot_localization/environment/path.sh
-- Installing: /home/npicbot/robocon_ws/install/robot_localization/share/robot_localization/environment/path.dsv
-- Installing: /home/npicbot/robocon_ws/install/robot_localization/share/robot_localization/local_setup.bash
-- Installing: /home/npicbot/robocon_ws/install/robot_localization/share/robot_localization/local_setup.sh
-- Installing: /home/npicbot/robocon_ws/install/robot_localization/share/robot_localization/local_setup.zsh
-- Installing: /home/npicbot/robocon_ws/install/robot_localization/share/robot_localization/local_setup.dsv
-- Installing: /home/npicbot/robocon_ws/install/robot_localization/share/robot_localization/package.dsv
-- Installing: /home/npicbot/robocon_ws/install/robot_localization/share/ament_index/resource_index/packages/robot_localization
-- Installing: /home/npicbot/robocon_ws/install/robot_localization/share/robot_localization/cmake/robot_localizationConfig.cmake
-- Installing: /home/npicbot/robocon_ws/install/robot_localization/share/robot_localization/cmake/robot_localizationConfig-version.cmake
-- Installing: /home/npicbot/robocon_ws/install/robot_localization/share/robot_localization/package.xml
