[0.039s] Invoking command in '/home/npicbot/robocon_ws/build/robot_localization': CMAKE_PREFIX_PATH=${CMAKE_PREFIX_PATH}:/opt/ros/humble /usr/bin/cmake --build /home/npicbot/robocon_ws/build/robot_localization -- -j12 -l12
[0.095s] [35m[1mConsolidate compiler generated dependencies of target odometry_robot_ii[0m
[0.096s] [35m[1mConsolidate compiler generated dependencies of target odometry_robot_i[0m
[0.133s] [ 50%] Built target odometry_robot_i
[0.137s] [100%] Built target odometry_robot_ii
[0.181s] Invoked command in '/home/npicbot/robocon_ws/build/robot_localization' returned '0': CMAKE_PREFIX_PATH=${CMAKE_PREFIX_PATH}:/opt/ros/humble /usr/bin/cmake --build /home/npicbot/robocon_ws/build/robot_localization -- -j12 -l12
[0.226s] Invoking command in '/home/npicbot/robocon_ws/build/robot_localization': CMAKE_PREFIX_PATH=${CMAKE_PREFIX_PATH}:/opt/ros/humble /usr/bin/cmake --install /home/npicbot/robocon_ws/build/robot_localization
[0.240s] -- Install configuration: ""
[0.240s] -- Installing: /home/npicbot/robocon_ws/install/robot_localization/lib/robot_localization/odometry_robot_i
[0.249s] -- Set runtime path of "/home/npicbot/robocon_ws/install/robot_localization/lib/robot_localization/odometry_robot_i" to ""
[0.249s] -- Installing: /home/npicbot/robocon_ws/install/robot_localization/lib/robot_localization/odometry_robot_ii
[0.256s] -- Set runtime path of "/home/npicbot/robocon_ws/install/robot_localization/lib/robot_localization/odometry_robot_ii" to ""
[0.256s] -- Installing: /home/npicbot/robocon_ws/install/robot_localization/share/ament_index/resource_index/package_run_dependencies/robot_localization
[0.256s] -- Installing: /home/npicbot/robocon_ws/install/robot_localization/share/ament_index/resource_index/parent_prefix_path/robot_localization
[0.257s] -- Installing: /home/npicbot/robocon_ws/install/robot_localization/share/robot_localization/environment/ament_prefix_path.sh
[0.257s] -- Installing: /home/npicbot/robocon_ws/install/robot_localization/share/robot_localization/environment/ament_prefix_path.dsv
[0.257s] -- Installing: /home/npicbot/robocon_ws/install/robot_localization/share/robot_localization/environment/path.sh
[0.257s] -- Installing: /home/npicbot/robocon_ws/install/robot_localization/share/robot_localization/environment/path.dsv
[0.259s] -- Installing: /home/npicbot/robocon_ws/install/robot_localization/share/robot_localization/local_setup.bash
[0.259s] -- Installing: /home/npicbot/robocon_ws/install/robot_localization/share/robot_localization/local_setup.sh
[0.259s] -- Installing: /home/npicbot/robocon_ws/install/robot_localization/share/robot_localization/local_setup.zsh
[0.259s] -- Installing: /home/npicbot/robocon_ws/install/robot_localization/share/robot_localization/local_setup.dsv
[0.259s] -- Installing: /home/npicbot/robocon_ws/install/robot_localization/share/robot_localization/package.dsv
[0.259s] -- Installing: /home/npicbot/robocon_ws/install/robot_localization/share/ament_index/resource_index/packages/robot_localization
[0.260s] -- Installing: /home/npicbot/robocon_ws/install/robot_localization/share/robot_localization/cmake/robot_localizationConfig.cmake
[0.260s] -- Installing: /home/npicbot/robocon_ws/install/robot_localization/share/robot_localization/cmake/robot_localizationConfig-version.cmake
[0.260s] -- Installing: /home/npicbot/robocon_ws/install/robot_localization/share/robot_localization/package.xml
[0.265s] Invoked command in '/home/npicbot/robocon_ws/build/robot_localization' returned '0': CMAKE_PREFIX_PATH=${CMAKE_PREFIX_PATH}:/opt/ros/humble /usr/bin/cmake --install /home/npicbot/robocon_ws/build/robot_localization
