[0.044s] Invoking command in '/home/npicbot/robocon_ws/build/robot_command': CMAKE_PREFIX_PATH=${CMAKE_PREFIX_PATH}:/opt/ros/humble /usr/bin/cmake --build /home/npicbot/robocon_ws/build/robot_command -- -j12 -l12
[0.094s] -- Found ament_cmake: 1.3.10 (/opt/ros/humble/share/ament_cmake/cmake)
[0.420s] -- Found rclcpp: 16.0.10 (/opt/ros/humble/share/rclcpp/cmake)
[0.547s] -- Found rosidl_generator_c: 3.1.5 (/opt/ros/humble/share/rosidl_generator_c/cmake)
[0.565s] -- Found rosidl_adapter: 3.1.5 (/opt/ros/humble/share/rosidl_adapter/cmake)
[0.592s] -- Found rosidl_generator_cpp: 3.1.5 (/opt/ros/humble/share/rosidl_generator_cpp/cmake)
[0.623s] -- Using all available rosidl_typesupport_c: rosidl_typesupport_fastrtps_c;rosidl_typesupport_introspection_c
[0.660s] -- Using all available rosidl_typesupport_cpp: rosidl_typesupport_fastrtps_cpp;rosidl_typesupport_introspection_cpp
[0.760s] -- Found rmw_implementation_cmake: 6.1.2 (/opt/ros/humble/share/rmw_implementation_cmake/cmake)
[0.767s] -- Found rmw_fastrtps_cpp: 6.2.7 (/opt/ros/humble/share/rmw_fastrtps_cpp/cmake)
[0.929s] -- Found OpenSSL: /usr/lib/aarch64-linux-gnu/libcrypto.so (found version "3.0.2")  
[0.977s] -- Found FastRTPS: /opt/ros/humble/include  
[1.037s] -- Using RMW implementation 'rmw_fastrtps_cpp' as default
[1.056s] -- Looking for pthread.h
[1.232s] -- Looking for pthread.h - found
[1.233s] -- Performing Test CMAKE_HAVE_LIBC_PTHREAD
[1.347s] -- Performing Test CMAKE_HAVE_LIBC_PTHREAD - Success
[1.351s] -- Found Threads: TRUE  
[1.455s] -- Found sensor_msgs: 4.2.4 (/opt/ros/humble/share/sensor_msgs/cmake)
[1.516s] -- Found ament_lint_auto: 0.12.11 (/opt/ros/humble/share/ament_lint_auto/cmake)
[1.652s] -- Added test 'cppcheck' to perform static code analysis on C / C++ code
[1.652s] -- Configured cppcheck include dirs: 
[1.652s] -- Configured cppcheck exclude dirs and/or files: 
[1.653s] -- Added test 'flake8' to check Python code syntax and style conventions
[1.654s] -- Added test 'lint_cmake' to check CMake code style
[1.654s] -- Added test 'pep257' to check Python code against some of the docstring style conventions in PEP 257
[1.656s] -- Added test 'uncrustify' to check C / C++ code style
[1.656s] -- Configured uncrustify additional arguments: 
[1.657s] -- Added test 'xmllint' to check XML markup files
[1.660s] -- Configuring done
[1.680s] -- Generating done
[1.682s] -- Build files have been written to: /home/npicbot/robocon_ws/build/robot_command
[1.751s] [ 50%] [32mBuilding CXX object CMakeFiles/ps2_controller.dir/src/read_controller.cpp.o[0m
[16.331s] [100%] [32m[1mLinking CXX executable ps2_controller[0m
[17.011s] [100%] Built target ps2_controller
[17.035s] Invoked command in '/home/npicbot/robocon_ws/build/robot_command' returned '0': CMAKE_PREFIX_PATH=${CMAKE_PREFIX_PATH}:/opt/ros/humble /usr/bin/cmake --build /home/npicbot/robocon_ws/build/robot_command -- -j12 -l12
[17.088s] Invoking command in '/home/npicbot/robocon_ws/build/robot_command': CMAKE_PREFIX_PATH=${CMAKE_PREFIX_PATH}:/opt/ros/humble /usr/bin/cmake --install /home/npicbot/robocon_ws/build/robot_command
[17.104s] -- Install configuration: ""
[17.104s] -- Installing: /home/npicbot/robocon_ws/install/robot_command/lib/robot_command/ps2_controller
[17.112s] -- Set runtime path of "/home/npicbot/robocon_ws/install/robot_command/lib/robot_command/ps2_controller" to ""
[17.113s] -- Up-to-date: /home/npicbot/robocon_ws/install/robot_command/share/ament_index/resource_index/package_run_dependencies/robot_command
[17.113s] -- Installing: /home/npicbot/robocon_ws/install/robot_command/share/ament_index/resource_index/parent_prefix_path/robot_command
[17.113s] -- Up-to-date: /home/npicbot/robocon_ws/install/robot_command/share/robot_command/environment/ament_prefix_path.sh
[17.114s] -- Installing: /home/npicbot/robocon_ws/install/robot_command/share/robot_command/environment/ament_prefix_path.dsv
[17.114s] -- Up-to-date: /home/npicbot/robocon_ws/install/robot_command/share/robot_command/environment/path.sh
[17.114s] -- Installing: /home/npicbot/robocon_ws/install/robot_command/share/robot_command/environment/path.dsv
[17.115s] -- Up-to-date: /home/npicbot/robocon_ws/install/robot_command/share/robot_command/local_setup.bash
[17.115s] -- Up-to-date: /home/npicbot/robocon_ws/install/robot_command/share/robot_command/local_setup.sh
[17.115s] -- Up-to-date: /home/npicbot/robocon_ws/install/robot_command/share/robot_command/local_setup.zsh
[17.116s] -- Installing: /home/npicbot/robocon_ws/install/robot_command/share/robot_command/local_setup.dsv
[17.116s] -- Installing: /home/npicbot/robocon_ws/install/robot_command/share/robot_command/package.dsv
[17.116s] -- Up-to-date: /home/npicbot/robocon_ws/install/robot_command/share/ament_index/resource_index/packages/robot_command
[17.116s] -- Up-to-date: /home/npicbot/robocon_ws/install/robot_command/share/robot_command/cmake/robot_commandConfig.cmake
[17.117s] -- Up-to-date: /home/npicbot/robocon_ws/install/robot_command/share/robot_command/cmake/robot_commandConfig-version.cmake
[17.117s] -- Up-to-date: /home/npicbot/robocon_ws/install/robot_command/share/robot_command/package.xml
[17.121s] Invoked command in '/home/npicbot/robocon_ws/build/robot_command' returned '0': CMAKE_PREFIX_PATH=${CMAKE_PREFIX_PATH}:/opt/ros/humble /usr/bin/cmake --install /home/npicbot/robocon_ws/build/robot_command
