[0.163s] DEBUG:colcon:Command line arguments: ['/usr/bin/colcon', 'build']
[0.163s] DEBUG:colcon:Parsed command line arguments: Namespace(log_base=None, log_level=None, verb_name='build', build_base='build', install_base='install', merge_install=False, symlink_install=False, test_result_base=None, continue_on_error=False, executor='parallel', parallel_workers=12, event_handlers=None, ignore_user_meta=False, metas=['./colcon.meta'], base_paths=['.'], packages_ignore=None, packages_ignore_regex=None, paths=None, packages_up_to=None, packages_up_to_regex=None, packages_above=None, packages_above_and_dependencies=None, packages_above_depth=None, packages_select_by_dep=None, packages_skip_by_dep=None, packages_skip_up_to=None, packages_select_build_failed=False, packages_skip_build_finished=False, packages_select_test_failures=False, packages_skip_test_passed=False, packages_select=None, packages_skip=None, packages_select_regex=None, packages_skip_regex=None, packages_start=None, packages_end=None, allow_overriding=[], cmake_args=None, cmake_target=None, cmake_target_skip_unavailable=False, cmake_clean_cache=False, cmake_clean_first=False, cmake_force_configure=False, ament_cmake_args=None, catkin_cmake_args=None, catkin_skip_building_tests=False, mixin_files=None, mixin=None, verb_parser=<colcon_mixin.mixin.mixin_argument.MixinArgumentDecorator object at 0xffffbb96a5f0>, verb_extension=<colcon_core.verb.build.BuildVerb object at 0xffffbb96a080>, main=<bound method BuildVerb.main of <colcon_core.verb.build.BuildVerb object at 0xffffbb96a080>>, mixin_verb=('build',))
[0.418s] Level 1:colcon.colcon_core.package_discovery:discover_packages(colcon_meta) check parameters
[0.418s] Level 1:colcon.colcon_core.package_discovery:discover_packages(recursive) check parameters
[0.418s] Level 1:colcon.colcon_core.package_discovery:discover_packages(ignore) check parameters
[0.418s] Level 1:colcon.colcon_core.package_discovery:discover_packages(path) check parameters
[0.418s] Level 1:colcon.colcon_core.package_discovery:discover_packages(colcon_meta) discover
[0.419s] Level 1:colcon.colcon_core.package_discovery:discover_packages(recursive) discover
[0.419s] INFO:colcon.colcon_core.package_discovery:Crawling recursively for packages in '/home/npicbot/robocon_ws'
[0.419s] Level 1:colcon.colcon_core.package_identification:_identify(.) by extensions ['ignore', 'ignore_ament_install']
[0.419s] Level 1:colcon.colcon_core.package_identification:_identify(.) by extension 'ignore'
[0.419s] Level 1:colcon.colcon_core.package_identification:_identify(.) by extension 'ignore_ament_install'
[0.419s] Level 1:colcon.colcon_core.package_identification:_identify(.) by extensions ['colcon_pkg']
[0.419s] Level 1:colcon.colcon_core.package_identification:_identify(.) by extension 'colcon_pkg'
[0.419s] Level 1:colcon.colcon_core.package_identification:_identify(.) by extensions ['colcon_meta']
[0.420s] Level 1:colcon.colcon_core.package_identification:_identify(.) by extension 'colcon_meta'
[0.420s] Level 1:colcon.colcon_core.package_identification:_identify(.) by extensions ['ros']
[0.420s] Level 1:colcon.colcon_core.package_identification:_identify(.) by extension 'ros'
[0.438s] Level 1:colcon.colcon_core.package_identification:_identify(.) by extensions ['cmake', 'python']
[0.438s] Level 1:colcon.colcon_core.package_identification:_identify(.) by extension 'cmake'
[0.438s] Level 1:colcon.colcon_core.package_identification:_identify(.) by extension 'python'
[0.438s] Level 1:colcon.colcon_core.package_identification:_identify(.) by extensions ['python_setup_py']
[0.438s] Level 1:colcon.colcon_core.package_identification:_identify(.) by extension 'python_setup_py'
[0.438s] Level 1:colcon.colcon_core.package_identification:_identify(build) by extensions ['ignore', 'ignore_ament_install']
[0.439s] Level 1:colcon.colcon_core.package_identification:_identify(build) by extension 'ignore'
[0.439s] Level 1:colcon.colcon_core.package_identification:_identify(build) ignored
[0.439s] Level 1:colcon.colcon_core.package_identification:_identify(install) by extensions ['ignore', 'ignore_ament_install']
[0.439s] Level 1:colcon.colcon_core.package_identification:_identify(install) by extension 'ignore'
[0.439s] Level 1:colcon.colcon_core.package_identification:_identify(install) ignored
[0.439s] Level 1:colcon.colcon_core.package_identification:_identify(log) by extensions ['ignore', 'ignore_ament_install']
[0.439s] Level 1:colcon.colcon_core.package_identification:_identify(log) by extension 'ignore'
[0.440s] Level 1:colcon.colcon_core.package_identification:_identify(log) ignored
[0.440s] Level 1:colcon.colcon_core.package_identification:_identify(src) by extensions ['ignore', 'ignore_ament_install']
[0.440s] Level 1:colcon.colcon_core.package_identification:_identify(src) by extension 'ignore'
[0.440s] Level 1:colcon.colcon_core.package_identification:_identify(src) by extension 'ignore_ament_install'
[0.440s] Level 1:colcon.colcon_core.package_identification:_identify(src) by extensions ['colcon_pkg']
[0.440s] Level 1:colcon.colcon_core.package_identification:_identify(src) by extension 'colcon_pkg'
[0.440s] Level 1:colcon.colcon_core.package_identification:_identify(src) by extensions ['colcon_meta']
[0.440s] Level 1:colcon.colcon_core.package_identification:_identify(src) by extension 'colcon_meta'
[0.440s] Level 1:colcon.colcon_core.package_identification:_identify(src) by extensions ['ros']
[0.440s] Level 1:colcon.colcon_core.package_identification:_identify(src) by extension 'ros'
[0.440s] Level 1:colcon.colcon_core.package_identification:_identify(src) by extensions ['cmake', 'python']
[0.440s] Level 1:colcon.colcon_core.package_identification:_identify(src) by extension 'cmake'
[0.441s] Level 1:colcon.colcon_core.package_identification:_identify(src) by extension 'python'
[0.441s] Level 1:colcon.colcon_core.package_identification:_identify(src) by extensions ['python_setup_py']
[0.441s] Level 1:colcon.colcon_core.package_identification:_identify(src) by extension 'python_setup_py'
[0.441s] Level 1:colcon.colcon_core.package_identification:_identify(src/micro_ros_setup) by extensions ['ignore', 'ignore_ament_install']
[0.441s] Level 1:colcon.colcon_core.package_identification:_identify(src/micro_ros_setup) by extension 'ignore'
[0.441s] Level 1:colcon.colcon_core.package_identification:_identify(src/micro_ros_setup) by extension 'ignore_ament_install'
[0.441s] Level 1:colcon.colcon_core.package_identification:_identify(src/micro_ros_setup) by extensions ['colcon_pkg']
[0.441s] Level 1:colcon.colcon_core.package_identification:_identify(src/micro_ros_setup) by extension 'colcon_pkg'
[0.441s] Level 1:colcon.colcon_core.package_identification:_identify(src/micro_ros_setup) by extensions ['colcon_meta']
[0.441s] Level 1:colcon.colcon_core.package_identification:_identify(src/micro_ros_setup) by extension 'colcon_meta'
[0.441s] Level 1:colcon.colcon_core.package_identification:_identify(src/micro_ros_setup) by extensions ['ros']
[0.441s] Level 1:colcon.colcon_core.package_identification:_identify(src/micro_ros_setup) by extension 'ros'
[0.446s] DEBUG:colcon.colcon_core.package_identification:Package 'src/micro_ros_setup' with type 'ros.ament_cmake' and name 'micro_ros_setup'
[0.446s] Level 1:colcon.colcon_core.package_identification:_identify(src/robot_base) by extensions ['ignore', 'ignore_ament_install']
[0.446s] Level 1:colcon.colcon_core.package_identification:_identify(src/robot_base) by extension 'ignore'
[0.446s] Level 1:colcon.colcon_core.package_identification:_identify(src/robot_base) by extension 'ignore_ament_install'
[0.446s] Level 1:colcon.colcon_core.package_identification:_identify(src/robot_base) by extensions ['colcon_pkg']
[0.446s] Level 1:colcon.colcon_core.package_identification:_identify(src/robot_base) by extension 'colcon_pkg'
[0.446s] Level 1:colcon.colcon_core.package_identification:_identify(src/robot_base) by extensions ['colcon_meta']
[0.447s] Level 1:colcon.colcon_core.package_identification:_identify(src/robot_base) by extension 'colcon_meta'
[0.447s] Level 1:colcon.colcon_core.package_identification:_identify(src/robot_base) by extensions ['ros']
[0.447s] Level 1:colcon.colcon_core.package_identification:_identify(src/robot_base) by extension 'ros'
[0.448s] DEBUG:colcon.colcon_core.package_identification:Package 'src/robot_base' with type 'ros.ament_cmake' and name 'robot_base'
[0.448s] Level 1:colcon.colcon_core.package_identification:_identify(src/robot_command) by extensions ['ignore', 'ignore_ament_install']
[0.448s] Level 1:colcon.colcon_core.package_identification:_identify(src/robot_command) by extension 'ignore'
[0.448s] Level 1:colcon.colcon_core.package_identification:_identify(src/robot_command) by extension 'ignore_ament_install'
[0.448s] Level 1:colcon.colcon_core.package_identification:_identify(src/robot_command) by extensions ['colcon_pkg']
[0.448s] Level 1:colcon.colcon_core.package_identification:_identify(src/robot_command) by extension 'colcon_pkg'
[0.448s] Level 1:colcon.colcon_core.package_identification:_identify(src/robot_command) by extensions ['colcon_meta']
[0.448s] Level 1:colcon.colcon_core.package_identification:_identify(src/robot_command) by extension 'colcon_meta'
[0.449s] Level 1:colcon.colcon_core.package_identification:_identify(src/robot_command) by extensions ['ros']
[0.449s] Level 1:colcon.colcon_core.package_identification:_identify(src/robot_command) by extension 'ros'
[0.449s] DEBUG:colcon.colcon_core.package_identification:Package 'src/robot_command' with type 'ros.ament_cmake' and name 'robot_command'
[0.450s] Level 1:colcon.colcon_core.package_identification:_identify(src/robot_intelligent) by extensions ['ignore', 'ignore_ament_install']
[0.450s] Level 1:colcon.colcon_core.package_identification:_identify(src/robot_intelligent) by extension 'ignore'
[0.450s] Level 1:colcon.colcon_core.package_identification:_identify(src/robot_intelligent) by extension 'ignore_ament_install'
[0.450s] Level 1:colcon.colcon_core.package_identification:_identify(src/robot_intelligent) by extensions ['colcon_pkg']
[0.450s] Level 1:colcon.colcon_core.package_identification:_identify(src/robot_intelligent) by extension 'colcon_pkg'
[0.450s] Level 1:colcon.colcon_core.package_identification:_identify(src/robot_intelligent) by extensions ['colcon_meta']
[0.450s] Level 1:colcon.colcon_core.package_identification:_identify(src/robot_intelligent) by extension 'colcon_meta'
[0.450s] Level 1:colcon.colcon_core.package_identification:_identify(src/robot_intelligent) by extensions ['ros']
[0.450s] Level 1:colcon.colcon_core.package_identification:_identify(src/robot_intelligent) by extension 'ros'
[0.451s] DEBUG:colcon.colcon_core.package_identification:Package 'src/robot_intelligent' with type 'ros.ament_cmake' and name 'robot_intelligent'
[0.451s] Level 1:colcon.colcon_core.package_identification:_identify(src/robot_localization) by extensions ['ignore', 'ignore_ament_install']
[0.451s] Level 1:colcon.colcon_core.package_identification:_identify(src/robot_localization) by extension 'ignore'
[0.451s] Level 1:colcon.colcon_core.package_identification:_identify(src/robot_localization) by extension 'ignore_ament_install'
[0.451s] Level 1:colcon.colcon_core.package_identification:_identify(src/robot_localization) by extensions ['colcon_pkg']
[0.451s] Level 1:colcon.colcon_core.package_identification:_identify(src/robot_localization) by extension 'colcon_pkg'
[0.452s] Level 1:colcon.colcon_core.package_identification:_identify(src/robot_localization) by extensions ['colcon_meta']
[0.452s] Level 1:colcon.colcon_core.package_identification:_identify(src/robot_localization) by extension 'colcon_meta'
[0.452s] Level 1:colcon.colcon_core.package_identification:_identify(src/robot_localization) by extensions ['ros']
[0.452s] Level 1:colcon.colcon_core.package_identification:_identify(src/robot_localization) by extension 'ros'
[0.452s] DEBUG:colcon.colcon_core.package_identification:Package 'src/robot_localization' with type 'ros.ament_cmake' and name 'robot_localization'
[0.453s] Level 1:colcon.colcon_core.package_identification:_identify(src/uros) by extensions ['ignore', 'ignore_ament_install']
[0.453s] Level 1:colcon.colcon_core.package_identification:_identify(src/uros) by extension 'ignore'
[0.453s] Level 1:colcon.colcon_core.package_identification:_identify(src/uros) by extension 'ignore_ament_install'
[0.453s] Level 1:colcon.colcon_core.package_identification:_identify(src/uros) by extensions ['colcon_pkg']
[0.453s] Level 1:colcon.colcon_core.package_identification:_identify(src/uros) by extension 'colcon_pkg'
[0.453s] Level 1:colcon.colcon_core.package_identification:_identify(src/uros) by extensions ['colcon_meta']
[0.453s] Level 1:colcon.colcon_core.package_identification:_identify(src/uros) by extension 'colcon_meta'
[0.453s] Level 1:colcon.colcon_core.package_identification:_identify(src/uros) by extensions ['ros']
[0.453s] Level 1:colcon.colcon_core.package_identification:_identify(src/uros) by extension 'ros'
[0.453s] Level 1:colcon.colcon_core.package_identification:_identify(src/uros) by extensions ['cmake', 'python']
[0.453s] Level 1:colcon.colcon_core.package_identification:_identify(src/uros) by extension 'cmake'
[0.453s] Level 1:colcon.colcon_core.package_identification:_identify(src/uros) by extension 'python'
[0.453s] Level 1:colcon.colcon_core.package_identification:_identify(src/uros) by extensions ['python_setup_py']
[0.454s] Level 1:colcon.colcon_core.package_identification:_identify(src/uros) by extension 'python_setup_py'
[0.454s] Level 1:colcon.colcon_core.package_identification:_identify(src/uros/micro-ROS-Agent) by extensions ['ignore', 'ignore_ament_install']
[0.454s] Level 1:colcon.colcon_core.package_identification:_identify(src/uros/micro-ROS-Agent) by extension 'ignore'
[0.454s] Level 1:colcon.colcon_core.package_identification:_identify(src/uros/micro-ROS-Agent) by extension 'ignore_ament_install'
[0.454s] Level 1:colcon.colcon_core.package_identification:_identify(src/uros/micro-ROS-Agent) by extensions ['colcon_pkg']
[0.454s] Level 1:colcon.colcon_core.package_identification:_identify(src/uros/micro-ROS-Agent) by extension 'colcon_pkg'
[0.454s] Level 1:colcon.colcon_core.package_identification:_identify(src/uros/micro-ROS-Agent) by extensions ['colcon_meta']
[0.454s] Level 1:colcon.colcon_core.package_identification:_identify(src/uros/micro-ROS-Agent) by extension 'colcon_meta'
[0.454s] Level 1:colcon.colcon_core.package_identification:_identify(src/uros/micro-ROS-Agent) by extensions ['ros']
[0.454s] Level 1:colcon.colcon_core.package_identification:_identify(src/uros/micro-ROS-Agent) by extension 'ros'
[0.454s] Level 1:colcon.colcon_core.package_identification:_identify(src/uros/micro-ROS-Agent) by extensions ['cmake', 'python']
[0.454s] Level 1:colcon.colcon_core.package_identification:_identify(src/uros/micro-ROS-Agent) by extension 'cmake'
[0.454s] Level 1:colcon.colcon_core.package_identification:_identify(src/uros/micro-ROS-Agent) by extension 'python'
[0.455s] Level 1:colcon.colcon_core.package_identification:_identify(src/uros/micro-ROS-Agent) by extensions ['python_setup_py']
[0.455s] Level 1:colcon.colcon_core.package_identification:_identify(src/uros/micro-ROS-Agent) by extension 'python_setup_py'
[0.455s] Level 1:colcon.colcon_core.package_identification:_identify(src/uros/micro-ROS-Agent/micro_ros_agent) by extensions ['ignore', 'ignore_ament_install']
[0.455s] Level 1:colcon.colcon_core.package_identification:_identify(src/uros/micro-ROS-Agent/micro_ros_agent) by extension 'ignore'
[0.455s] Level 1:colcon.colcon_core.package_identification:_identify(src/uros/micro-ROS-Agent/micro_ros_agent) by extension 'ignore_ament_install'
[0.455s] Level 1:colcon.colcon_core.package_identification:_identify(src/uros/micro-ROS-Agent/micro_ros_agent) by extensions ['colcon_pkg']
[0.455s] Level 1:colcon.colcon_core.package_identification:_identify(src/uros/micro-ROS-Agent/micro_ros_agent) by extension 'colcon_pkg'
[0.455s] Level 1:colcon.colcon_core.package_identification:_identify(src/uros/micro-ROS-Agent/micro_ros_agent) by extensions ['colcon_meta']
[0.455s] Level 1:colcon.colcon_core.package_identification:_identify(src/uros/micro-ROS-Agent/micro_ros_agent) by extension 'colcon_meta'
[0.455s] Level 1:colcon.colcon_core.package_identification:_identify(src/uros/micro-ROS-Agent/micro_ros_agent) by extensions ['ros']
[0.455s] Level 1:colcon.colcon_core.package_identification:_identify(src/uros/micro-ROS-Agent/micro_ros_agent) by extension 'ros'
[0.457s] DEBUG:colcon.colcon_core.package_identification:Package 'src/uros/micro-ROS-Agent/micro_ros_agent' with type 'ros.ament_cmake' and name 'micro_ros_agent'
[0.457s] Level 1:colcon.colcon_core.package_identification:_identify(src/uros/micro-ROS-Agent/snap) by extensions ['ignore', 'ignore_ament_install']
[0.457s] Level 1:colcon.colcon_core.package_identification:_identify(src/uros/micro-ROS-Agent/snap) by extension 'ignore'
[0.457s] Level 1:colcon.colcon_core.package_identification:_identify(src/uros/micro-ROS-Agent/snap) by extension 'ignore_ament_install'
[0.457s] Level 1:colcon.colcon_core.package_identification:_identify(src/uros/micro-ROS-Agent/snap) by extensions ['colcon_pkg']
[0.457s] Level 1:colcon.colcon_core.package_identification:_identify(src/uros/micro-ROS-Agent/snap) by extension 'colcon_pkg'
[0.457s] Level 1:colcon.colcon_core.package_identification:_identify(src/uros/micro-ROS-Agent/snap) by extensions ['colcon_meta']
[0.457s] Level 1:colcon.colcon_core.package_identification:_identify(src/uros/micro-ROS-Agent/snap) by extension 'colcon_meta'
[0.457s] Level 1:colcon.colcon_core.package_identification:_identify(src/uros/micro-ROS-Agent/snap) by extensions ['ros']
[0.457s] Level 1:colcon.colcon_core.package_identification:_identify(src/uros/micro-ROS-Agent/snap) by extension 'ros'
[0.457s] Level 1:colcon.colcon_core.package_identification:_identify(src/uros/micro-ROS-Agent/snap) by extensions ['cmake', 'python']
[0.458s] Level 1:colcon.colcon_core.package_identification:_identify(src/uros/micro-ROS-Agent/snap) by extension 'cmake'
[0.458s] Level 1:colcon.colcon_core.package_identification:_identify(src/uros/micro-ROS-Agent/snap) by extension 'python'
[0.458s] Level 1:colcon.colcon_core.package_identification:_identify(src/uros/micro-ROS-Agent/snap) by extensions ['python_setup_py']
[0.458s] Level 1:colcon.colcon_core.package_identification:_identify(src/uros/micro-ROS-Agent/snap) by extension 'python_setup_py'
[0.458s] Level 1:colcon.colcon_core.package_identification:_identify(src/uros/micro-ROS-Agent/snap/hooks) by extensions ['ignore', 'ignore_ament_install']
[0.458s] Level 1:colcon.colcon_core.package_identification:_identify(src/uros/micro-ROS-Agent/snap/hooks) by extension 'ignore'
[0.458s] Level 1:colcon.colcon_core.package_identification:_identify(src/uros/micro-ROS-Agent/snap/hooks) by extension 'ignore_ament_install'
[0.458s] Level 1:colcon.colcon_core.package_identification:_identify(src/uros/micro-ROS-Agent/snap/hooks) by extensions ['colcon_pkg']
[0.458s] Level 1:colcon.colcon_core.package_identification:_identify(src/uros/micro-ROS-Agent/snap/hooks) by extension 'colcon_pkg'
[0.458s] Level 1:colcon.colcon_core.package_identification:_identify(src/uros/micro-ROS-Agent/snap/hooks) by extensions ['colcon_meta']
[0.458s] Level 1:colcon.colcon_core.package_identification:_identify(src/uros/micro-ROS-Agent/snap/hooks) by extension 'colcon_meta'
[0.458s] Level 1:colcon.colcon_core.package_identification:_identify(src/uros/micro-ROS-Agent/snap/hooks) by extensions ['ros']
[0.458s] Level 1:colcon.colcon_core.package_identification:_identify(src/uros/micro-ROS-Agent/snap/hooks) by extension 'ros'
[0.459s] Level 1:colcon.colcon_core.package_identification:_identify(src/uros/micro-ROS-Agent/snap/hooks) by extensions ['cmake', 'python']
[0.459s] Level 1:colcon.colcon_core.package_identification:_identify(src/uros/micro-ROS-Agent/snap/hooks) by extension 'cmake'
[0.459s] Level 1:colcon.colcon_core.package_identification:_identify(src/uros/micro-ROS-Agent/snap/hooks) by extension 'python'
[0.459s] Level 1:colcon.colcon_core.package_identification:_identify(src/uros/micro-ROS-Agent/snap/hooks) by extensions ['python_setup_py']
[0.459s] Level 1:colcon.colcon_core.package_identification:_identify(src/uros/micro-ROS-Agent/snap/hooks) by extension 'python_setup_py'
[0.459s] Level 1:colcon.colcon_core.package_identification:_identify(src/uros/micro-ROS-Agent/snap/local) by extensions ['ignore', 'ignore_ament_install']
[0.459s] Level 1:colcon.colcon_core.package_identification:_identify(src/uros/micro-ROS-Agent/snap/local) by extension 'ignore'
[0.459s] Level 1:colcon.colcon_core.package_identification:_identify(src/uros/micro-ROS-Agent/snap/local) by extension 'ignore_ament_install'
[0.459s] Level 1:colcon.colcon_core.package_identification:_identify(src/uros/micro-ROS-Agent/snap/local) by extensions ['colcon_pkg']
[0.459s] Level 1:colcon.colcon_core.package_identification:_identify(src/uros/micro-ROS-Agent/snap/local) by extension 'colcon_pkg'
[0.459s] Level 1:colcon.colcon_core.package_identification:_identify(src/uros/micro-ROS-Agent/snap/local) by extensions ['colcon_meta']
[0.459s] Level 1:colcon.colcon_core.package_identification:_identify(src/uros/micro-ROS-Agent/snap/local) by extension 'colcon_meta'
[0.460s] Level 1:colcon.colcon_core.package_identification:_identify(src/uros/micro-ROS-Agent/snap/local) by extensions ['ros']
[0.460s] Level 1:colcon.colcon_core.package_identification:_identify(src/uros/micro-ROS-Agent/snap/local) by extension 'ros'
[0.460s] Level 1:colcon.colcon_core.package_identification:_identify(src/uros/micro-ROS-Agent/snap/local) by extensions ['cmake', 'python']
[0.460s] Level 1:colcon.colcon_core.package_identification:_identify(src/uros/micro-ROS-Agent/snap/local) by extension 'cmake'
[0.460s] Level 1:colcon.colcon_core.package_identification:_identify(src/uros/micro-ROS-Agent/snap/local) by extension 'python'
[0.460s] Level 1:colcon.colcon_core.package_identification:_identify(src/uros/micro-ROS-Agent/snap/local) by extensions ['python_setup_py']
[0.460s] Level 1:colcon.colcon_core.package_identification:_identify(src/uros/micro-ROS-Agent/snap/local) by extension 'python_setup_py'
[0.460s] Level 1:colcon.colcon_core.package_identification:_identify(src/uros/micro_ros_msgs) by extensions ['ignore', 'ignore_ament_install']
[0.460s] Level 1:colcon.colcon_core.package_identification:_identify(src/uros/micro_ros_msgs) by extension 'ignore'
[0.460s] Level 1:colcon.colcon_core.package_identification:_identify(src/uros/micro_ros_msgs) by extension 'ignore_ament_install'
[0.460s] Level 1:colcon.colcon_core.package_identification:_identify(src/uros/micro_ros_msgs) by extensions ['colcon_pkg']
[0.460s] Level 1:colcon.colcon_core.package_identification:_identify(src/uros/micro_ros_msgs) by extension 'colcon_pkg'
[0.460s] Level 1:colcon.colcon_core.package_identification:_identify(src/uros/micro_ros_msgs) by extensions ['colcon_meta']
[0.461s] Level 1:colcon.colcon_core.package_identification:_identify(src/uros/micro_ros_msgs) by extension 'colcon_meta'
[0.461s] Level 1:colcon.colcon_core.package_identification:_identify(src/uros/micro_ros_msgs) by extensions ['ros']
[0.461s] Level 1:colcon.colcon_core.package_identification:_identify(src/uros/micro_ros_msgs) by extension 'ros'
[0.461s] DEBUG:colcon.colcon_core.package_identification:Package 'src/uros/micro_ros_msgs' with type 'ros.ament_cmake' and name 'micro_ros_msgs'
[0.462s] Level 1:colcon.colcon_core.package_discovery:discover_packages(recursive) using defaults
[0.462s] Level 1:colcon.colcon_core.package_discovery:discover_packages(ignore) discover
[0.462s] Level 1:colcon.colcon_core.package_discovery:discover_packages(ignore) using defaults
[0.462s] Level 1:colcon.colcon_core.package_discovery:discover_packages(path) discover
[0.462s] Level 1:colcon.colcon_core.package_discovery:discover_packages(path) using defaults
[0.525s] Level 1:colcon.colcon_core.package_discovery:discover_packages(prefix_path) check parameters
[0.525s] Level 1:colcon.colcon_core.package_discovery:discover_packages(prefix_path) discover
[0.528s] DEBUG:colcon.colcon_installed_package_information.package_discovery:Found 7 installed packages in /home/npicbot/robocon_ws/install
[0.530s] DEBUG:colcon.colcon_installed_package_information.package_discovery:Found 274 installed packages in /opt/ros/humble
[0.532s] Level 1:colcon.colcon_core.package_discovery:discover_packages(prefix_path) using defaults
[0.587s] Level 5:colcon.colcon_core.verb:set package 'micro_ros_msgs' build argument 'cmake_args' from command line to 'None'
[0.588s] Level 5:colcon.colcon_core.verb:set package 'micro_ros_msgs' build argument 'cmake_target' from command line to 'None'
[0.588s] Level 5:colcon.colcon_core.verb:set package 'micro_ros_msgs' build argument 'cmake_target_skip_unavailable' from command line to 'False'
[0.588s] Level 5:colcon.colcon_core.verb:set package 'micro_ros_msgs' build argument 'cmake_clean_cache' from command line to 'False'
[0.588s] Level 5:colcon.colcon_core.verb:set package 'micro_ros_msgs' build argument 'cmake_clean_first' from command line to 'False'
[0.588s] Level 5:colcon.colcon_core.verb:set package 'micro_ros_msgs' build argument 'cmake_force_configure' from command line to 'False'
[0.588s] Level 5:colcon.colcon_core.verb:set package 'micro_ros_msgs' build argument 'ament_cmake_args' from command line to 'None'
[0.588s] Level 5:colcon.colcon_core.verb:set package 'micro_ros_msgs' build argument 'catkin_cmake_args' from command line to 'None'
[0.588s] Level 5:colcon.colcon_core.verb:set package 'micro_ros_msgs' build argument 'catkin_skip_building_tests' from command line to 'False'
[0.588s] DEBUG:colcon.colcon_core.verb:Building package 'micro_ros_msgs' with the following arguments: {'ament_cmake_args': None, 'build_base': '/home/npicbot/robocon_ws/build/micro_ros_msgs', 'catkin_cmake_args': None, 'catkin_skip_building_tests': False, 'cmake_args': None, 'cmake_clean_cache': False, 'cmake_clean_first': False, 'cmake_force_configure': False, 'cmake_target': None, 'cmake_target_skip_unavailable': False, 'install_base': '/home/npicbot/robocon_ws/install/micro_ros_msgs', 'merge_install': False, 'path': '/home/npicbot/robocon_ws/src/uros/micro_ros_msgs', 'symlink_install': False, 'test_result_base': None}
[0.588s] Level 5:colcon.colcon_core.verb:set package 'micro_ros_setup' build argument 'cmake_args' from command line to 'None'
[0.588s] Level 5:colcon.colcon_core.verb:set package 'micro_ros_setup' build argument 'cmake_target' from command line to 'None'
[0.589s] Level 5:colcon.colcon_core.verb:set package 'micro_ros_setup' build argument 'cmake_target_skip_unavailable' from command line to 'False'
[0.589s] Level 5:colcon.colcon_core.verb:set package 'micro_ros_setup' build argument 'cmake_clean_cache' from command line to 'False'
[0.589s] Level 5:colcon.colcon_core.verb:set package 'micro_ros_setup' build argument 'cmake_clean_first' from command line to 'False'
[0.589s] Level 5:colcon.colcon_core.verb:set package 'micro_ros_setup' build argument 'cmake_force_configure' from command line to 'False'
[0.589s] Level 5:colcon.colcon_core.verb:set package 'micro_ros_setup' build argument 'ament_cmake_args' from command line to 'None'
[0.589s] Level 5:colcon.colcon_core.verb:set package 'micro_ros_setup' build argument 'catkin_cmake_args' from command line to 'None'
[0.589s] Level 5:colcon.colcon_core.verb:set package 'micro_ros_setup' build argument 'catkin_skip_building_tests' from command line to 'False'
[0.589s] DEBUG:colcon.colcon_core.verb:Building package 'micro_ros_setup' with the following arguments: {'ament_cmake_args': None, 'build_base': '/home/npicbot/robocon_ws/build/micro_ros_setup', 'catkin_cmake_args': None, 'catkin_skip_building_tests': False, 'cmake_args': None, 'cmake_clean_cache': False, 'cmake_clean_first': False, 'cmake_force_configure': False, 'cmake_target': None, 'cmake_target_skip_unavailable': False, 'install_base': '/home/npicbot/robocon_ws/install/micro_ros_setup', 'merge_install': False, 'path': '/home/npicbot/robocon_ws/src/micro_ros_setup', 'symlink_install': False, 'test_result_base': None}
[0.589s] Level 5:colcon.colcon_core.verb:set package 'robot_base' build argument 'cmake_args' from command line to 'None'
[0.589s] Level 5:colcon.colcon_core.verb:set package 'robot_base' build argument 'cmake_target' from command line to 'None'
[0.589s] Level 5:colcon.colcon_core.verb:set package 'robot_base' build argument 'cmake_target_skip_unavailable' from command line to 'False'
[0.589s] Level 5:colcon.colcon_core.verb:set package 'robot_base' build argument 'cmake_clean_cache' from command line to 'False'
[0.589s] Level 5:colcon.colcon_core.verb:set package 'robot_base' build argument 'cmake_clean_first' from command line to 'False'
[0.589s] Level 5:colcon.colcon_core.verb:set package 'robot_base' build argument 'cmake_force_configure' from command line to 'False'
[0.590s] Level 5:colcon.colcon_core.verb:set package 'robot_base' build argument 'ament_cmake_args' from command line to 'None'
[0.590s] Level 5:colcon.colcon_core.verb:set package 'robot_base' build argument 'catkin_cmake_args' from command line to 'None'
[0.590s] Level 5:colcon.colcon_core.verb:set package 'robot_base' build argument 'catkin_skip_building_tests' from command line to 'False'
[0.590s] DEBUG:colcon.colcon_core.verb:Building package 'robot_base' with the following arguments: {'ament_cmake_args': None, 'build_base': '/home/npicbot/robocon_ws/build/robot_base', 'catkin_cmake_args': None, 'catkin_skip_building_tests': False, 'cmake_args': None, 'cmake_clean_cache': False, 'cmake_clean_first': False, 'cmake_force_configure': False, 'cmake_target': None, 'cmake_target_skip_unavailable': False, 'install_base': '/home/npicbot/robocon_ws/install/robot_base', 'merge_install': False, 'path': '/home/npicbot/robocon_ws/src/robot_base', 'symlink_install': False, 'test_result_base': None}
[0.590s] Level 5:colcon.colcon_core.verb:set package 'robot_command' build argument 'cmake_args' from command line to 'None'
[0.590s] Level 5:colcon.colcon_core.verb:set package 'robot_command' build argument 'cmake_target' from command line to 'None'
[0.590s] Level 5:colcon.colcon_core.verb:set package 'robot_command' build argument 'cmake_target_skip_unavailable' from command line to 'False'
[0.590s] Level 5:colcon.colcon_core.verb:set package 'robot_command' build argument 'cmake_clean_cache' from command line to 'False'
[0.590s] Level 5:colcon.colcon_core.verb:set package 'robot_command' build argument 'cmake_clean_first' from command line to 'False'
[0.590s] Level 5:colcon.colcon_core.verb:set package 'robot_command' build argument 'cmake_force_configure' from command line to 'False'
[0.590s] Level 5:colcon.colcon_core.verb:set package 'robot_command' build argument 'ament_cmake_args' from command line to 'None'
[0.590s] Level 5:colcon.colcon_core.verb:set package 'robot_command' build argument 'catkin_cmake_args' from command line to 'None'
[0.590s] Level 5:colcon.colcon_core.verb:set package 'robot_command' build argument 'catkin_skip_building_tests' from command line to 'False'
[0.590s] DEBUG:colcon.colcon_core.verb:Building package 'robot_command' with the following arguments: {'ament_cmake_args': None, 'build_base': '/home/npicbot/robocon_ws/build/robot_command', 'catkin_cmake_args': None, 'catkin_skip_building_tests': False, 'cmake_args': None, 'cmake_clean_cache': False, 'cmake_clean_first': False, 'cmake_force_configure': False, 'cmake_target': None, 'cmake_target_skip_unavailable': False, 'install_base': '/home/npicbot/robocon_ws/install/robot_command', 'merge_install': False, 'path': '/home/npicbot/robocon_ws/src/robot_command', 'symlink_install': False, 'test_result_base': None}
[0.591s] Level 5:colcon.colcon_core.verb:set package 'robot_intelligent' build argument 'cmake_args' from command line to 'None'
[0.591s] Level 5:colcon.colcon_core.verb:set package 'robot_intelligent' build argument 'cmake_target' from command line to 'None'
[0.591s] Level 5:colcon.colcon_core.verb:set package 'robot_intelligent' build argument 'cmake_target_skip_unavailable' from command line to 'False'
[0.591s] Level 5:colcon.colcon_core.verb:set package 'robot_intelligent' build argument 'cmake_clean_cache' from command line to 'False'
[0.591s] Level 5:colcon.colcon_core.verb:set package 'robot_intelligent' build argument 'cmake_clean_first' from command line to 'False'
[0.591s] Level 5:colcon.colcon_core.verb:set package 'robot_intelligent' build argument 'cmake_force_configure' from command line to 'False'
[0.591s] Level 5:colcon.colcon_core.verb:set package 'robot_intelligent' build argument 'ament_cmake_args' from command line to 'None'
[0.591s] Level 5:colcon.colcon_core.verb:set package 'robot_intelligent' build argument 'catkin_cmake_args' from command line to 'None'
[0.591s] Level 5:colcon.colcon_core.verb:set package 'robot_intelligent' build argument 'catkin_skip_building_tests' from command line to 'False'
[0.591s] DEBUG:colcon.colcon_core.verb:Building package 'robot_intelligent' with the following arguments: {'ament_cmake_args': None, 'build_base': '/home/npicbot/robocon_ws/build/robot_intelligent', 'catkin_cmake_args': None, 'catkin_skip_building_tests': False, 'cmake_args': None, 'cmake_clean_cache': False, 'cmake_clean_first': False, 'cmake_force_configure': False, 'cmake_target': None, 'cmake_target_skip_unavailable': False, 'install_base': '/home/npicbot/robocon_ws/install/robot_intelligent', 'merge_install': False, 'path': '/home/npicbot/robocon_ws/src/robot_intelligent', 'symlink_install': False, 'test_result_base': None}
[0.592s] Level 5:colcon.colcon_core.verb:set package 'robot_localization' build argument 'cmake_args' from command line to 'None'
[0.592s] Level 5:colcon.colcon_core.verb:set package 'robot_localization' build argument 'cmake_target' from command line to 'None'
[0.592s] Level 5:colcon.colcon_core.verb:set package 'robot_localization' build argument 'cmake_target_skip_unavailable' from command line to 'False'
[0.592s] Level 5:colcon.colcon_core.verb:set package 'robot_localization' build argument 'cmake_clean_cache' from command line to 'False'
[0.592s] Level 5:colcon.colcon_core.verb:set package 'robot_localization' build argument 'cmake_clean_first' from command line to 'False'
[0.592s] Level 5:colcon.colcon_core.verb:set package 'robot_localization' build argument 'cmake_force_configure' from command line to 'False'
[0.592s] Level 5:colcon.colcon_core.verb:set package 'robot_localization' build argument 'ament_cmake_args' from command line to 'None'
[0.592s] Level 5:colcon.colcon_core.verb:set package 'robot_localization' build argument 'catkin_cmake_args' from command line to 'None'
[0.592s] Level 5:colcon.colcon_core.verb:set package 'robot_localization' build argument 'catkin_skip_building_tests' from command line to 'False'
[0.592s] DEBUG:colcon.colcon_core.verb:Building package 'robot_localization' with the following arguments: {'ament_cmake_args': None, 'build_base': '/home/npicbot/robocon_ws/build/robot_localization', 'catkin_cmake_args': None, 'catkin_skip_building_tests': False, 'cmake_args': None, 'cmake_clean_cache': False, 'cmake_clean_first': False, 'cmake_force_configure': False, 'cmake_target': None, 'cmake_target_skip_unavailable': False, 'install_base': '/home/npicbot/robocon_ws/install/robot_localization', 'merge_install': False, 'path': '/home/npicbot/robocon_ws/src/robot_localization', 'symlink_install': False, 'test_result_base': None}
[0.592s] Level 5:colcon.colcon_core.verb:set package 'micro_ros_agent' build argument 'cmake_args' from command line to 'None'
[0.593s] Level 5:colcon.colcon_core.verb:set package 'micro_ros_agent' build argument 'cmake_target' from command line to 'None'
[0.593s] Level 5:colcon.colcon_core.verb:set package 'micro_ros_agent' build argument 'cmake_target_skip_unavailable' from command line to 'False'
[0.593s] Level 5:colcon.colcon_core.verb:set package 'micro_ros_agent' build argument 'cmake_clean_cache' from command line to 'False'
[0.593s] Level 5:colcon.colcon_core.verb:set package 'micro_ros_agent' build argument 'cmake_clean_first' from command line to 'False'
[0.593s] Level 5:colcon.colcon_core.verb:set package 'micro_ros_agent' build argument 'cmake_force_configure' from command line to 'False'
[0.593s] Level 5:colcon.colcon_core.verb:set package 'micro_ros_agent' build argument 'ament_cmake_args' from command line to 'None'
[0.593s] Level 5:colcon.colcon_core.verb:set package 'micro_ros_agent' build argument 'catkin_cmake_args' from command line to 'None'
[0.593s] Level 5:colcon.colcon_core.verb:set package 'micro_ros_agent' build argument 'catkin_skip_building_tests' from command line to 'False'
[0.593s] DEBUG:colcon.colcon_core.verb:Building package 'micro_ros_agent' with the following arguments: {'ament_cmake_args': None, 'build_base': '/home/npicbot/robocon_ws/build/micro_ros_agent', 'catkin_cmake_args': None, 'catkin_skip_building_tests': False, 'cmake_args': None, 'cmake_clean_cache': False, 'cmake_clean_first': False, 'cmake_force_configure': False, 'cmake_target': None, 'cmake_target_skip_unavailable': False, 'install_base': '/home/npicbot/robocon_ws/install/micro_ros_agent', 'merge_install': False, 'path': '/home/npicbot/robocon_ws/src/uros/micro-ROS-Agent/micro_ros_agent', 'symlink_install': False, 'test_result_base': None}
[0.593s] INFO:colcon.colcon_core.executor:Executing jobs using 'parallel' executor
[0.595s] DEBUG:colcon.colcon_parallel_executor.executor.parallel:run_until_complete
[0.596s] INFO:colcon.colcon_ros.task.ament_cmake.build:Building ROS package in '/home/npicbot/robocon_ws/src/uros/micro_ros_msgs' with build type 'ament_cmake'
[0.596s] INFO:colcon.colcon_cmake.task.cmake.build:Building CMake package in '/home/npicbot/robocon_ws/src/uros/micro_ros_msgs'
[0.601s] INFO:colcon.colcon_core.plugin_system:Skipping extension 'colcon_core.shell.bat': Not used on non-Windows systems
[0.601s] INFO:colcon.colcon_core.shell:Skip shell extension 'powershell' for command environment: Not usable outside of PowerShell
[0.601s] DEBUG:colcon.colcon_core.shell:Skip shell extension 'dsv' for command environment
[0.608s] INFO:colcon.colcon_ros.task.ament_cmake.build:Building ROS package in '/home/npicbot/robocon_ws/src/micro_ros_setup' with build type 'ament_cmake'
[0.609s] INFO:colcon.colcon_cmake.task.cmake.build:Building CMake package in '/home/npicbot/robocon_ws/src/micro_ros_setup'
[0.609s] INFO:colcon.colcon_core.shell:Skip shell extension 'powershell' for command environment: Not usable outside of PowerShell
[0.610s] DEBUG:colcon.colcon_core.shell:Skip shell extension 'dsv' for command environment
[0.616s] INFO:colcon.colcon_ros.task.ament_cmake.build:Building ROS package in '/home/npicbot/robocon_ws/src/robot_base' with build type 'ament_cmake'
[0.617s] INFO:colcon.colcon_cmake.task.cmake.build:Building CMake package in '/home/npicbot/robocon_ws/src/robot_base'
[0.617s] INFO:colcon.colcon_core.shell:Skip shell extension 'powershell' for command environment: Not usable outside of PowerShell
[0.617s] DEBUG:colcon.colcon_core.shell:Skip shell extension 'dsv' for command environment
[0.625s] INFO:colcon.colcon_ros.task.ament_cmake.build:Building ROS package in '/home/npicbot/robocon_ws/src/robot_command' with build type 'ament_cmake'
[0.626s] INFO:colcon.colcon_cmake.task.cmake.build:Building CMake package in '/home/npicbot/robocon_ws/src/robot_command'
[0.626s] INFO:colcon.colcon_core.shell:Skip shell extension 'powershell' for command environment: Not usable outside of PowerShell
[0.626s] DEBUG:colcon.colcon_core.shell:Skip shell extension 'dsv' for command environment
[0.633s] INFO:colcon.colcon_ros.task.ament_cmake.build:Building ROS package in '/home/npicbot/robocon_ws/src/robot_intelligent' with build type 'ament_cmake'
[0.634s] INFO:colcon.colcon_cmake.task.cmake.build:Building CMake package in '/home/npicbot/robocon_ws/src/robot_intelligent'
[0.634s] INFO:colcon.colcon_core.shell:Skip shell extension 'powershell' for command environment: Not usable outside of PowerShell
[0.634s] DEBUG:colcon.colcon_core.shell:Skip shell extension 'dsv' for command environment
[0.639s] INFO:colcon.colcon_ros.task.ament_cmake.build:Building ROS package in '/home/npicbot/robocon_ws/src/robot_localization' with build type 'ament_cmake'
[0.640s] INFO:colcon.colcon_cmake.task.cmake.build:Building CMake package in '/home/npicbot/robocon_ws/src/robot_localization'
[0.640s] INFO:colcon.colcon_core.shell:Skip shell extension 'powershell' for command environment: Not usable outside of PowerShell
[0.640s] DEBUG:colcon.colcon_core.shell:Skip shell extension 'dsv' for command environment
[0.659s] DEBUG:colcon.colcon_core.event_handler.log_command:Invoking command in '/home/npicbot/robocon_ws/build/micro_ros_msgs': CMAKE_PREFIX_PATH=${CMAKE_PREFIX_PATH}:/opt/ros/humble /usr/bin/cmake --build /home/npicbot/robocon_ws/build/micro_ros_msgs -- -j12 -l12
[0.665s] DEBUG:colcon.colcon_core.event_handler.log_command:Invoking command in '/home/npicbot/robocon_ws/build/micro_ros_setup': CMAKE_PREFIX_PATH=${CMAKE_PREFIX_PATH}:/opt/ros/humble /usr/bin/cmake --build /home/npicbot/robocon_ws/build/micro_ros_setup -- -j12 -l12
[0.670s] DEBUG:colcon.colcon_core.event_handler.log_command:Invoking command in '/home/npicbot/robocon_ws/build/robot_base': CMAKE_PREFIX_PATH=${CMAKE_PREFIX_PATH}:/opt/ros/humble /usr/bin/cmake --build /home/npicbot/robocon_ws/build/robot_base -- -j12 -l12
[0.676s] DEBUG:colcon.colcon_core.event_handler.log_command:Invoking command in '/home/npicbot/robocon_ws/build/robot_command': CMAKE_PREFIX_PATH=${CMAKE_PREFIX_PATH}:/opt/ros/humble /usr/bin/cmake --build /home/npicbot/robocon_ws/build/robot_command -- -j12 -l12
[0.684s] DEBUG:colcon.colcon_core.event_handler.log_command:Invoking command in '/home/npicbot/robocon_ws/build/robot_intelligent': CMAKE_PREFIX_PATH=${CMAKE_PREFIX_PATH}:/opt/ros/humble /usr/bin/cmake --build /home/npicbot/robocon_ws/build/robot_intelligent -- -j12 -l12
[0.695s] DEBUG:colcon.colcon_core.event_handler.log_command:Invoking command in '/home/npicbot/robocon_ws/build/robot_localization': CMAKE_PREFIX_PATH=${CMAKE_PREFIX_PATH}:/opt/ros/humble /usr/bin/cmake --build /home/npicbot/robocon_ws/build/robot_localization -- -j12 -l12
[0.726s] DEBUG:colcon.colcon_core.event_handler.log_command:Invoked command in '/home/npicbot/robocon_ws/build/micro_ros_setup' returned '0': CMAKE_PREFIX_PATH=${CMAKE_PREFIX_PATH}:/opt/ros/humble /usr/bin/cmake --build /home/npicbot/robocon_ws/build/micro_ros_setup -- -j12 -l12
[0.742s] DEBUG:colcon.colcon_core.event_handler.log_command:Invoked command in '/home/npicbot/robocon_ws/build/robot_command' returned '0': CMAKE_PREFIX_PATH=${CMAKE_PREFIX_PATH}:/opt/ros/humble /usr/bin/cmake --build /home/npicbot/robocon_ws/build/robot_command -- -j12 -l12
[0.815s] DEBUG:colcon.colcon_core.event_handler.log_command:Invoking command in '/home/npicbot/robocon_ws/build/micro_ros_setup': CMAKE_PREFIX_PATH=${CMAKE_PREFIX_PATH}:/opt/ros/humble /usr/bin/cmake --install /home/npicbot/robocon_ws/build/micro_ros_setup
[0.830s] DEBUG:colcon.colcon_core.event_handler.log_command:Invoking command in '/home/npicbot/robocon_ws/build/robot_command': CMAKE_PREFIX_PATH=${CMAKE_PREFIX_PATH}:/opt/ros/humble /usr/bin/cmake --install /home/npicbot/robocon_ws/build/robot_command
[0.835s] DEBUG:colcon.colcon_core.event_handler.log_command:Invoked command in '/home/npicbot/robocon_ws/build/robot_localization' returned '0': CMAKE_PREFIX_PATH=${CMAKE_PREFIX_PATH}:/opt/ros/humble /usr/bin/cmake --build /home/npicbot/robocon_ws/build/robot_localization -- -j12 -l12
[0.843s] Level 1:colcon.colcon_core.environment:create_environment_scripts_only(micro_ros_setup)
[0.853s] Level 1:colcon.colcon_core.environment:checking '/home/npicbot/robocon_ws/install/micro_ros_setup' for CMake module files
[0.854s] Level 1:colcon.colcon_core.environment:checking '/home/npicbot/robocon_ws/install/micro_ros_setup' for CMake config files
[0.855s] Level 1:colcon.colcon_core.shell:create_environment_hook('micro_ros_setup', 'cmake_prefix_path')
[0.855s] INFO:colcon.colcon_core.shell:Creating environment hook '/home/npicbot/robocon_ws/install/micro_ros_setup/share/micro_ros_setup/hook/cmake_prefix_path.ps1'
[0.857s] INFO:colcon.colcon_core.shell:Creating environment descriptor '/home/npicbot/robocon_ws/install/micro_ros_setup/share/micro_ros_setup/hook/cmake_prefix_path.dsv'
[0.858s] INFO:colcon.colcon_core.shell:Creating environment hook '/home/npicbot/robocon_ws/install/micro_ros_setup/share/micro_ros_setup/hook/cmake_prefix_path.sh'
[0.861s] Level 1:colcon.colcon_core.environment:checking '/home/npicbot/robocon_ws/install/micro_ros_setup/lib'
[0.861s] Level 1:colcon.colcon_core.environment:checking '/home/npicbot/robocon_ws/install/micro_ros_setup/bin'
[0.861s] Level 1:colcon.colcon_core.environment:checking '/home/npicbot/robocon_ws/install/micro_ros_setup/lib/pkgconfig/micro_ros_setup.pc'
[0.862s] Level 1:colcon.colcon_core.environment:checking '/home/npicbot/robocon_ws/install/micro_ros_setup/lib/python3.10/site-packages'
[0.862s] Level 1:colcon.colcon_core.environment:checking '/home/npicbot/robocon_ws/install/micro_ros_setup/bin'
[0.863s] INFO:colcon.colcon_core.shell:Creating package script '/home/npicbot/robocon_ws/install/micro_ros_setup/share/micro_ros_setup/package.ps1'
[0.865s] INFO:colcon.colcon_core.shell:Creating package descriptor '/home/npicbot/robocon_ws/install/micro_ros_setup/share/micro_ros_setup/package.dsv'
[0.867s] INFO:colcon.colcon_core.shell:Creating package script '/home/npicbot/robocon_ws/install/micro_ros_setup/share/micro_ros_setup/package.sh'
[0.869s] INFO:colcon.colcon_core.shell:Creating package script '/home/npicbot/robocon_ws/install/micro_ros_setup/share/micro_ros_setup/package.bash'
[0.871s] INFO:colcon.colcon_core.shell:Creating package script '/home/npicbot/robocon_ws/install/micro_ros_setup/share/micro_ros_setup/package.zsh'
[0.873s] Level 1:colcon.colcon_core.environment:create_file_with_runtime_dependencies(/home/npicbot/robocon_ws/install/micro_ros_setup/share/colcon-core/packages/micro_ros_setup)
[0.880s] Level 1:colcon.colcon_core.environment:create_environment_scripts_only(robot_command)
[0.880s] Level 1:colcon.colcon_core.environment:checking '/home/npicbot/robocon_ws/install/robot_command' for CMake module files
[0.882s] Level 1:colcon.colcon_core.environment:checking '/home/npicbot/robocon_ws/install/robot_command' for CMake config files
[0.884s] Level 1:colcon.colcon_core.shell:create_environment_hook('robot_command', 'cmake_prefix_path')
[0.885s] INFO:colcon.colcon_core.shell:Creating environment hook '/home/npicbot/robocon_ws/install/robot_command/share/robot_command/hook/cmake_prefix_path.ps1'
[0.887s] INFO:colcon.colcon_core.shell:Creating environment descriptor '/home/npicbot/robocon_ws/install/robot_command/share/robot_command/hook/cmake_prefix_path.dsv'
[0.888s] INFO:colcon.colcon_core.shell:Creating environment hook '/home/npicbot/robocon_ws/install/robot_command/share/robot_command/hook/cmake_prefix_path.sh'
[0.890s] Level 1:colcon.colcon_core.environment:checking '/home/npicbot/robocon_ws/install/robot_command/bin'
[0.891s] Level 1:colcon.colcon_core.environment:checking '/home/npicbot/robocon_ws/install/robot_command/lib/pkgconfig/robot_command.pc'
[0.891s] Level 1:colcon.colcon_core.environment:checking '/home/npicbot/robocon_ws/install/robot_command/lib/python3.10/site-packages'
[0.892s] Level 1:colcon.colcon_core.environment:checking '/home/npicbot/robocon_ws/install/robot_command/bin'
[0.892s] INFO:colcon.colcon_core.shell:Creating package script '/home/npicbot/robocon_ws/install/robot_command/share/robot_command/package.ps1'
[0.894s] INFO:colcon.colcon_core.shell:Creating package descriptor '/home/npicbot/robocon_ws/install/robot_command/share/robot_command/package.dsv'
[0.895s] INFO:colcon.colcon_core.shell:Creating package script '/home/npicbot/robocon_ws/install/robot_command/share/robot_command/package.sh'
[0.896s] INFO:colcon.colcon_core.shell:Creating package script '/home/npicbot/robocon_ws/install/robot_command/share/robot_command/package.bash'
[0.899s] INFO:colcon.colcon_core.shell:Creating package script '/home/npicbot/robocon_ws/install/robot_command/share/robot_command/package.zsh'
[0.900s] Level 1:colcon.colcon_core.environment:create_file_with_runtime_dependencies(/home/npicbot/robocon_ws/install/robot_command/share/colcon-core/packages/robot_command)
[0.907s] Level 1:colcon.colcon_core.environment:create_environment_scripts_only(micro_ros_setup)
[0.908s] Level 1:colcon.colcon_core.environment:checking '/home/npicbot/robocon_ws/install/micro_ros_setup' for CMake module files
[0.912s] Level 1:colcon.colcon_core.environment:checking '/home/npicbot/robocon_ws/install/micro_ros_setup' for CMake config files
[0.912s] Level 1:colcon.colcon_core.shell:create_environment_hook('micro_ros_setup', 'cmake_prefix_path')
[0.913s] INFO:colcon.colcon_core.shell:Creating environment hook '/home/npicbot/robocon_ws/install/micro_ros_setup/share/micro_ros_setup/hook/cmake_prefix_path.ps1'
[0.914s] INFO:colcon.colcon_core.shell:Creating environment descriptor '/home/npicbot/robocon_ws/install/micro_ros_setup/share/micro_ros_setup/hook/cmake_prefix_path.dsv'
[0.915s] INFO:colcon.colcon_core.shell:Creating environment hook '/home/npicbot/robocon_ws/install/micro_ros_setup/share/micro_ros_setup/hook/cmake_prefix_path.sh'
[0.917s] Level 1:colcon.colcon_core.environment:checking '/home/npicbot/robocon_ws/install/micro_ros_setup/lib'
[0.917s] Level 1:colcon.colcon_core.environment:checking '/home/npicbot/robocon_ws/install/micro_ros_setup/bin'
[0.918s] Level 1:colcon.colcon_core.environment:checking '/home/npicbot/robocon_ws/install/micro_ros_setup/lib/pkgconfig/micro_ros_setup.pc'
[0.918s] Level 1:colcon.colcon_core.environment:checking '/home/npicbot/robocon_ws/install/micro_ros_setup/lib/python3.10/site-packages'
[0.918s] Level 1:colcon.colcon_core.environment:checking '/home/npicbot/robocon_ws/install/micro_ros_setup/bin'
[0.919s] INFO:colcon.colcon_core.shell:Creating package script '/home/npicbot/robocon_ws/install/micro_ros_setup/share/micro_ros_setup/package.ps1'
[0.921s] INFO:colcon.colcon_core.shell:Creating package descriptor '/home/npicbot/robocon_ws/install/micro_ros_setup/share/micro_ros_setup/package.dsv'
[0.922s] INFO:colcon.colcon_core.shell:Creating package script '/home/npicbot/robocon_ws/install/micro_ros_setup/share/micro_ros_setup/package.sh'
[0.924s] INFO:colcon.colcon_core.shell:Creating package script '/home/npicbot/robocon_ws/install/micro_ros_setup/share/micro_ros_setup/package.bash'
[0.925s] INFO:colcon.colcon_core.shell:Creating package script '/home/npicbot/robocon_ws/install/micro_ros_setup/share/micro_ros_setup/package.zsh'
[0.926s] DEBUG:colcon.colcon_core.event_handler.log_command:Invoked command in '/home/npicbot/robocon_ws/build/micro_ros_setup' returned '0': CMAKE_PREFIX_PATH=${CMAKE_PREFIX_PATH}:/opt/ros/humble /usr/bin/cmake --install /home/npicbot/robocon_ws/build/micro_ros_setup
[0.929s] DEBUG:colcon.colcon_core.event_handler.log_command:Invoked command in '/home/npicbot/robocon_ws/build/robot_command' returned '0': CMAKE_PREFIX_PATH=${CMAKE_PREFIX_PATH}:/opt/ros/humble /usr/bin/cmake --install /home/npicbot/robocon_ws/build/robot_command
[0.930s] DEBUG:colcon.colcon_core.event_handler.log_command:Invoking command in '/home/npicbot/robocon_ws/build/robot_localization': CMAKE_PREFIX_PATH=${CMAKE_PREFIX_PATH}:/opt/ros/humble /usr/bin/cmake --install /home/npicbot/robocon_ws/build/robot_localization
[0.931s] Level 1:colcon.colcon_core.environment:create_file_with_runtime_dependencies(/home/npicbot/robocon_ws/install/micro_ros_setup/share/colcon-core/packages/micro_ros_setup)
[0.933s] Level 1:colcon.colcon_core.environment:create_environment_scripts_only(robot_localization)
[0.934s] Level 1:colcon.colcon_core.environment:checking '/home/npicbot/robocon_ws/install/robot_localization' for CMake module files
[0.936s] Level 1:colcon.colcon_core.environment:checking '/home/npicbot/robocon_ws/install/robot_localization' for CMake config files
[0.937s] DEBUG:colcon.colcon_core.event_handler.log_command:Invoked command in '/home/npicbot/robocon_ws/build/robot_localization' returned '0': CMAKE_PREFIX_PATH=${CMAKE_PREFIX_PATH}:/opt/ros/humble /usr/bin/cmake --install /home/npicbot/robocon_ws/build/robot_localization
[0.938s] Level 1:colcon.colcon_core.shell:create_environment_hook('robot_localization', 'cmake_prefix_path')
[0.939s] INFO:colcon.colcon_core.shell:Creating environment hook '/home/npicbot/robocon_ws/install/robot_localization/share/robot_localization/hook/cmake_prefix_path.ps1'
[0.940s] INFO:colcon.colcon_core.shell:Creating environment descriptor '/home/npicbot/robocon_ws/install/robot_localization/share/robot_localization/hook/cmake_prefix_path.dsv'
[0.941s] INFO:colcon.colcon_core.shell:Creating environment hook '/home/npicbot/robocon_ws/install/robot_localization/share/robot_localization/hook/cmake_prefix_path.sh'
[0.942s] Level 1:colcon.colcon_core.environment:checking '/home/npicbot/robocon_ws/install/robot_localization/lib'
[0.942s] Level 1:colcon.colcon_core.environment:checking '/home/npicbot/robocon_ws/install/robot_localization/bin'
[0.942s] Level 1:colcon.colcon_core.environment:checking '/home/npicbot/robocon_ws/install/robot_localization/lib/pkgconfig/robot_localization.pc'
[0.943s] Level 1:colcon.colcon_core.environment:checking '/home/npicbot/robocon_ws/install/robot_localization/lib/python3.10/site-packages'
[0.943s] Level 1:colcon.colcon_core.environment:checking '/home/npicbot/robocon_ws/install/robot_localization/bin'
[0.944s] INFO:colcon.colcon_core.shell:Creating package script '/home/npicbot/robocon_ws/install/robot_localization/share/robot_localization/package.ps1'
[0.945s] INFO:colcon.colcon_core.shell:Creating package descriptor '/home/npicbot/robocon_ws/install/robot_localization/share/robot_localization/package.dsv'
[0.946s] INFO:colcon.colcon_core.shell:Creating package script '/home/npicbot/robocon_ws/install/robot_localization/share/robot_localization/package.sh'
[0.947s] INFO:colcon.colcon_core.shell:Creating package script '/home/npicbot/robocon_ws/install/robot_localization/share/robot_localization/package.bash'
[0.948s] INFO:colcon.colcon_core.shell:Creating package script '/home/npicbot/robocon_ws/install/robot_localization/share/robot_localization/package.zsh'
[0.948s] Level 1:colcon.colcon_core.environment:create_file_with_runtime_dependencies(/home/npicbot/robocon_ws/install/robot_localization/share/colcon-core/packages/robot_localization)
[0.964s] Level 1:colcon.colcon_core.environment:create_environment_scripts_only(robot_command)
[0.965s] Level 1:colcon.colcon_core.environment:checking '/home/npicbot/robocon_ws/install/robot_command' for CMake module files
[0.965s] Level 1:colcon.colcon_core.environment:checking '/home/npicbot/robocon_ws/install/robot_command' for CMake config files
[0.966s] Level 1:colcon.colcon_core.shell:create_environment_hook('robot_command', 'cmake_prefix_path')
[0.966s] INFO:colcon.colcon_core.shell:Creating environment hook '/home/npicbot/robocon_ws/install/robot_command/share/robot_command/hook/cmake_prefix_path.ps1'
[0.967s] INFO:colcon.colcon_core.shell:Creating environment descriptor '/home/npicbot/robocon_ws/install/robot_command/share/robot_command/hook/cmake_prefix_path.dsv'
[0.968s] INFO:colcon.colcon_core.shell:Creating environment hook '/home/npicbot/robocon_ws/install/robot_command/share/robot_command/hook/cmake_prefix_path.sh'
[0.971s] Level 1:colcon.colcon_core.environment:checking '/home/npicbot/robocon_ws/install/robot_command/bin'
[0.971s] Level 1:colcon.colcon_core.environment:checking '/home/npicbot/robocon_ws/install/robot_command/lib/pkgconfig/robot_command.pc'
[0.972s] Level 1:colcon.colcon_core.environment:checking '/home/npicbot/robocon_ws/install/robot_command/lib/python3.10/site-packages'
[0.972s] Level 1:colcon.colcon_core.environment:checking '/home/npicbot/robocon_ws/install/robot_command/bin'
[0.973s] INFO:colcon.colcon_core.shell:Creating package script '/home/npicbot/robocon_ws/install/robot_command/share/robot_command/package.ps1'
[0.974s] INFO:colcon.colcon_core.shell:Creating package descriptor '/home/npicbot/robocon_ws/install/robot_command/share/robot_command/package.dsv'
[0.975s] INFO:colcon.colcon_core.shell:Creating package script '/home/npicbot/robocon_ws/install/robot_command/share/robot_command/package.sh'
[0.976s] INFO:colcon.colcon_core.shell:Creating package script '/home/npicbot/robocon_ws/install/robot_command/share/robot_command/package.bash'
[0.979s] INFO:colcon.colcon_core.shell:Creating package script '/home/npicbot/robocon_ws/install/robot_command/share/robot_command/package.zsh'
[0.980s] Level 1:colcon.colcon_core.environment:create_file_with_runtime_dependencies(/home/npicbot/robocon_ws/install/robot_command/share/colcon-core/packages/robot_command)
[0.995s] Level 1:colcon.colcon_core.environment:create_environment_scripts_only(robot_localization)
[0.995s] Level 1:colcon.colcon_core.environment:checking '/home/npicbot/robocon_ws/install/robot_localization' for CMake module files
[0.997s] Level 1:colcon.colcon_core.environment:checking '/home/npicbot/robocon_ws/install/robot_localization' for CMake config files
[0.997s] Level 1:colcon.colcon_core.shell:create_environment_hook('robot_localization', 'cmake_prefix_path')
[0.997s] INFO:colcon.colcon_core.shell:Creating environment hook '/home/npicbot/robocon_ws/install/robot_localization/share/robot_localization/hook/cmake_prefix_path.ps1'
[0.998s] INFO:colcon.colcon_core.shell:Creating environment descriptor '/home/npicbot/robocon_ws/install/robot_localization/share/robot_localization/hook/cmake_prefix_path.dsv'
[0.999s] INFO:colcon.colcon_core.shell:Creating environment hook '/home/npicbot/robocon_ws/install/robot_localization/share/robot_localization/hook/cmake_prefix_path.sh'
[1.000s] Level 1:colcon.colcon_core.environment:checking '/home/npicbot/robocon_ws/install/robot_localization/lib'
[1.000s] Level 1:colcon.colcon_core.environment:checking '/home/npicbot/robocon_ws/install/robot_localization/bin'
[1.001s] Level 1:colcon.colcon_core.environment:checking '/home/npicbot/robocon_ws/install/robot_localization/lib/pkgconfig/robot_localization.pc'
[1.001s] Level 1:colcon.colcon_core.environment:checking '/home/npicbot/robocon_ws/install/robot_localization/lib/python3.10/site-packages'
[1.001s] Level 1:colcon.colcon_core.environment:checking '/home/npicbot/robocon_ws/install/robot_localization/bin'
[1.002s] INFO:colcon.colcon_core.shell:Creating package script '/home/npicbot/robocon_ws/install/robot_localization/share/robot_localization/package.ps1'
[1.003s] INFO:colcon.colcon_core.shell:Creating package descriptor '/home/npicbot/robocon_ws/install/robot_localization/share/robot_localization/package.dsv'
[1.003s] INFO:colcon.colcon_core.shell:Creating package script '/home/npicbot/robocon_ws/install/robot_localization/share/robot_localization/package.sh'
[1.004s] INFO:colcon.colcon_core.shell:Creating package script '/home/npicbot/robocon_ws/install/robot_localization/share/robot_localization/package.bash'
[1.005s] INFO:colcon.colcon_core.shell:Creating package script '/home/npicbot/robocon_ws/install/robot_localization/share/robot_localization/package.zsh'
[1.006s] Level 1:colcon.colcon_core.environment:create_file_with_runtime_dependencies(/home/npicbot/robocon_ws/install/robot_localization/share/colcon-core/packages/robot_localization)
[1.270s] DEBUG:colcon.colcon_core.event_handler.log_command:Invoked command in '/home/npicbot/robocon_ws/build/robot_base' returned '0': CMAKE_PREFIX_PATH=${CMAKE_PREFIX_PATH}:/opt/ros/humble /usr/bin/cmake --build /home/npicbot/robocon_ws/build/robot_base -- -j12 -l12
[1.355s] DEBUG:colcon.colcon_core.event_handler.log_command:Invoked command in '/home/npicbot/robocon_ws/build/micro_ros_msgs' returned '0': CMAKE_PREFIX_PATH=${CMAKE_PREFIX_PATH}:/opt/ros/humble /usr/bin/cmake --build /home/npicbot/robocon_ws/build/micro_ros_msgs -- -j12 -l12
[1.381s] DEBUG:colcon.colcon_core.event_handler.log_command:Invoking command in '/home/npicbot/robocon_ws/build/robot_base': CMAKE_PREFIX_PATH=${CMAKE_PREFIX_PATH}:/opt/ros/humble /usr/bin/cmake --install /home/npicbot/robocon_ws/build/robot_base
[1.473s] Level 1:colcon.colcon_core.environment:create_environment_scripts_only(robot_base)
[1.474s] Level 1:colcon.colcon_core.environment:checking '/home/npicbot/robocon_ws/install/robot_base' for CMake module files
[1.475s] DEBUG:colcon.colcon_core.event_handler.log_command:Invoked command in '/home/npicbot/robocon_ws/build/robot_base' returned '0': CMAKE_PREFIX_PATH=${CMAKE_PREFIX_PATH}:/opt/ros/humble /usr/bin/cmake --install /home/npicbot/robocon_ws/build/robot_base
[1.476s] Level 1:colcon.colcon_core.environment:checking '/home/npicbot/robocon_ws/install/robot_base' for CMake config files
[1.477s] Level 1:colcon.colcon_core.shell:create_environment_hook('robot_base', 'cmake_prefix_path')
[1.477s] INFO:colcon.colcon_core.shell:Creating environment hook '/home/npicbot/robocon_ws/install/robot_base/share/robot_base/hook/cmake_prefix_path.ps1'
[1.479s] INFO:colcon.colcon_core.shell:Creating environment descriptor '/home/npicbot/robocon_ws/install/robot_base/share/robot_base/hook/cmake_prefix_path.dsv'
[1.480s] INFO:colcon.colcon_core.shell:Creating environment hook '/home/npicbot/robocon_ws/install/robot_base/share/robot_base/hook/cmake_prefix_path.sh'
[1.482s] Level 1:colcon.colcon_core.environment:checking '/home/npicbot/robocon_ws/install/robot_base/lib'
[1.482s] Level 1:colcon.colcon_core.shell:create_environment_hook('robot_base', 'ld_library_path_lib')
[1.483s] INFO:colcon.colcon_core.shell:Creating environment hook '/home/npicbot/robocon_ws/install/robot_base/share/robot_base/hook/ld_library_path_lib.ps1'
[1.484s] INFO:colcon.colcon_core.shell:Creating environment descriptor '/home/npicbot/robocon_ws/install/robot_base/share/robot_base/hook/ld_library_path_lib.dsv'
[1.485s] INFO:colcon.colcon_core.shell:Creating environment hook '/home/npicbot/robocon_ws/install/robot_base/share/robot_base/hook/ld_library_path_lib.sh'
[1.486s] Level 1:colcon.colcon_core.environment:checking '/home/npicbot/robocon_ws/install/robot_base/bin'
[1.487s] Level 1:colcon.colcon_core.environment:checking '/home/npicbot/robocon_ws/install/robot_base/lib/pkgconfig/robot_base.pc'
[1.488s] Level 1:colcon.colcon_core.environment:checking '/home/npicbot/robocon_ws/install/robot_base/lib/python3.10/site-packages'
[1.488s] Level 1:colcon.colcon_core.environment:checking '/home/npicbot/robocon_ws/install/robot_base/bin'
[1.489s] INFO:colcon.colcon_core.shell:Creating package script '/home/npicbot/robocon_ws/install/robot_base/share/robot_base/package.ps1'
[1.490s] INFO:colcon.colcon_core.shell:Creating package descriptor '/home/npicbot/robocon_ws/install/robot_base/share/robot_base/package.dsv'
[1.492s] INFO:colcon.colcon_core.shell:Creating package script '/home/npicbot/robocon_ws/install/robot_base/share/robot_base/package.sh'
[1.493s] INFO:colcon.colcon_core.shell:Creating package script '/home/npicbot/robocon_ws/install/robot_base/share/robot_base/package.bash'
[1.494s] INFO:colcon.colcon_core.shell:Creating package script '/home/npicbot/robocon_ws/install/robot_base/share/robot_base/package.zsh'
[1.495s] Level 1:colcon.colcon_core.environment:create_file_with_runtime_dependencies(/home/npicbot/robocon_ws/install/robot_base/share/colcon-core/packages/robot_base)
[1.511s] DEBUG:colcon.colcon_core.event_handler.log_command:Invoking command in '/home/npicbot/robocon_ws/build/micro_ros_msgs': CMAKE_PREFIX_PATH=${CMAKE_PREFIX_PATH}:/opt/ros/humble /usr/bin/cmake --install /home/npicbot/robocon_ws/build/micro_ros_msgs
[1.608s] Level 1:colcon.colcon_core.environment:create_environment_scripts_only(robot_base)
[1.608s] Level 1:colcon.colcon_core.environment:checking '/home/npicbot/robocon_ws/install/robot_base' for CMake module files
[1.614s] Level 1:colcon.colcon_core.environment:checking '/home/npicbot/robocon_ws/install/robot_base' for CMake config files
[1.622s] Level 1:colcon.colcon_core.shell:create_environment_hook('robot_base', 'cmake_prefix_path')
[1.623s] INFO:colcon.colcon_core.shell:Creating environment hook '/home/npicbot/robocon_ws/install/robot_base/share/robot_base/hook/cmake_prefix_path.ps1'
[1.625s] INFO:colcon.colcon_core.shell:Creating environment descriptor '/home/npicbot/robocon_ws/install/robot_base/share/robot_base/hook/cmake_prefix_path.dsv'
[1.627s] INFO:colcon.colcon_core.shell:Creating environment hook '/home/npicbot/robocon_ws/install/robot_base/share/robot_base/hook/cmake_prefix_path.sh'
[1.629s] Level 1:colcon.colcon_core.environment:checking '/home/npicbot/robocon_ws/install/robot_base/lib'
[1.629s] Level 1:colcon.colcon_core.shell:create_environment_hook('robot_base', 'ld_library_path_lib')
[1.630s] INFO:colcon.colcon_core.shell:Creating environment hook '/home/npicbot/robocon_ws/install/robot_base/share/robot_base/hook/ld_library_path_lib.ps1'
[1.632s] INFO:colcon.colcon_core.shell:Creating environment descriptor '/home/npicbot/robocon_ws/install/robot_base/share/robot_base/hook/ld_library_path_lib.dsv'
[1.633s] INFO:colcon.colcon_core.shell:Creating environment hook '/home/npicbot/robocon_ws/install/robot_base/share/robot_base/hook/ld_library_path_lib.sh'
[1.634s] Level 1:colcon.colcon_core.environment:checking '/home/npicbot/robocon_ws/install/robot_base/bin'
[1.634s] Level 1:colcon.colcon_core.environment:checking '/home/npicbot/robocon_ws/install/robot_base/lib/pkgconfig/robot_base.pc'
[1.635s] Level 1:colcon.colcon_core.environment:checking '/home/npicbot/robocon_ws/install/robot_base/lib/python3.10/site-packages'
[1.636s] Level 1:colcon.colcon_core.environment:checking '/home/npicbot/robocon_ws/install/robot_base/bin'
[1.637s] INFO:colcon.colcon_core.shell:Creating package script '/home/npicbot/robocon_ws/install/robot_base/share/robot_base/package.ps1'
[1.638s] INFO:colcon.colcon_core.shell:Creating package descriptor '/home/npicbot/robocon_ws/install/robot_base/share/robot_base/package.dsv'
[1.640s] INFO:colcon.colcon_core.shell:Creating package script '/home/npicbot/robocon_ws/install/robot_base/share/robot_base/package.sh'
[1.641s] INFO:colcon.colcon_core.shell:Creating package script '/home/npicbot/robocon_ws/install/robot_base/share/robot_base/package.bash'
[1.642s] INFO:colcon.colcon_core.shell:Creating package script '/home/npicbot/robocon_ws/install/robot_base/share/robot_base/package.zsh'
[1.644s] Level 1:colcon.colcon_core.environment:create_file_with_runtime_dependencies(/home/npicbot/robocon_ws/install/robot_base/share/colcon-core/packages/robot_base)
[1.647s] Level 1:colcon.colcon_core.environment:create_environment_scripts_only(micro_ros_msgs)
[1.648s] Level 1:colcon.colcon_core.environment:checking '/home/npicbot/robocon_ws/install/micro_ros_msgs' for CMake module files
[1.650s] DEBUG:colcon.colcon_core.event_handler.log_command:Invoked command in '/home/npicbot/robocon_ws/build/micro_ros_msgs' returned '0': CMAKE_PREFIX_PATH=${CMAKE_PREFIX_PATH}:/opt/ros/humble /usr/bin/cmake --install /home/npicbot/robocon_ws/build/micro_ros_msgs
[1.652s] Level 1:colcon.colcon_core.environment:checking '/home/npicbot/robocon_ws/install/micro_ros_msgs' for CMake config files
[1.654s] Level 1:colcon.colcon_core.shell:create_environment_hook('micro_ros_msgs', 'cmake_prefix_path')
[1.655s] INFO:colcon.colcon_core.shell:Creating environment hook '/home/npicbot/robocon_ws/install/micro_ros_msgs/share/micro_ros_msgs/hook/cmake_prefix_path.ps1'
[1.657s] INFO:colcon.colcon_core.shell:Creating environment descriptor '/home/npicbot/robocon_ws/install/micro_ros_msgs/share/micro_ros_msgs/hook/cmake_prefix_path.dsv'
[1.658s] INFO:colcon.colcon_core.shell:Creating environment hook '/home/npicbot/robocon_ws/install/micro_ros_msgs/share/micro_ros_msgs/hook/cmake_prefix_path.sh'
[1.660s] Level 1:colcon.colcon_core.environment:checking '/home/npicbot/robocon_ws/install/micro_ros_msgs/lib'
[1.660s] Level 1:colcon.colcon_core.shell:create_environment_hook('micro_ros_msgs', 'ld_library_path_lib')
[1.661s] INFO:colcon.colcon_core.shell:Creating environment hook '/home/npicbot/robocon_ws/install/micro_ros_msgs/share/micro_ros_msgs/hook/ld_library_path_lib.ps1'
[1.662s] INFO:colcon.colcon_core.shell:Creating environment descriptor '/home/npicbot/robocon_ws/install/micro_ros_msgs/share/micro_ros_msgs/hook/ld_library_path_lib.dsv'
[1.663s] INFO:colcon.colcon_core.shell:Creating environment hook '/home/npicbot/robocon_ws/install/micro_ros_msgs/share/micro_ros_msgs/hook/ld_library_path_lib.sh'
[1.665s] Level 1:colcon.colcon_core.environment:checking '/home/npicbot/robocon_ws/install/micro_ros_msgs/bin'
[1.665s] Level 1:colcon.colcon_core.environment:checking '/home/npicbot/robocon_ws/install/micro_ros_msgs/lib/pkgconfig/micro_ros_msgs.pc'
[1.666s] Level 1:colcon.colcon_core.environment:checking '/home/npicbot/robocon_ws/install/micro_ros_msgs/lib/python3.10/site-packages'
[1.666s] Level 1:colcon.colcon_core.environment:checking '/home/npicbot/robocon_ws/install/micro_ros_msgs/bin'
[1.667s] INFO:colcon.colcon_core.shell:Creating package script '/home/npicbot/robocon_ws/install/micro_ros_msgs/share/micro_ros_msgs/package.ps1'
[1.669s] INFO:colcon.colcon_core.shell:Creating package descriptor '/home/npicbot/robocon_ws/install/micro_ros_msgs/share/micro_ros_msgs/package.dsv'
[1.670s] INFO:colcon.colcon_core.shell:Creating package script '/home/npicbot/robocon_ws/install/micro_ros_msgs/share/micro_ros_msgs/package.sh'
[1.672s] INFO:colcon.colcon_core.shell:Creating package script '/home/npicbot/robocon_ws/install/micro_ros_msgs/share/micro_ros_msgs/package.bash'
[1.673s] INFO:colcon.colcon_core.shell:Creating package script '/home/npicbot/robocon_ws/install/micro_ros_msgs/share/micro_ros_msgs/package.zsh'
[1.674s] Level 1:colcon.colcon_core.environment:create_file_with_runtime_dependencies(/home/npicbot/robocon_ws/install/micro_ros_msgs/share/colcon-core/packages/micro_ros_msgs)
[1.845s] Level 1:colcon.colcon_core.environment:create_environment_scripts_only(micro_ros_msgs)
[1.846s] Level 1:colcon.colcon_core.environment:checking '/home/npicbot/robocon_ws/install/micro_ros_msgs' for CMake module files
[1.848s] Level 1:colcon.colcon_core.environment:checking '/home/npicbot/robocon_ws/install/micro_ros_msgs' for CMake config files
[1.851s] Level 1:colcon.colcon_core.shell:create_environment_hook('micro_ros_msgs', 'cmake_prefix_path')
[1.851s] INFO:colcon.colcon_core.shell:Creating environment hook '/home/npicbot/robocon_ws/install/micro_ros_msgs/share/micro_ros_msgs/hook/cmake_prefix_path.ps1'
[1.853s] INFO:colcon.colcon_core.shell:Creating environment descriptor '/home/npicbot/robocon_ws/install/micro_ros_msgs/share/micro_ros_msgs/hook/cmake_prefix_path.dsv'
[1.855s] INFO:colcon.colcon_core.shell:Creating environment hook '/home/npicbot/robocon_ws/install/micro_ros_msgs/share/micro_ros_msgs/hook/cmake_prefix_path.sh'
[1.857s] Level 1:colcon.colcon_core.environment:checking '/home/npicbot/robocon_ws/install/micro_ros_msgs/lib'
[1.857s] Level 1:colcon.colcon_core.shell:create_environment_hook('micro_ros_msgs', 'ld_library_path_lib')
[1.858s] INFO:colcon.colcon_core.shell:Creating environment hook '/home/npicbot/robocon_ws/install/micro_ros_msgs/share/micro_ros_msgs/hook/ld_library_path_lib.ps1'
[1.859s] INFO:colcon.colcon_core.shell:Creating environment descriptor '/home/npicbot/robocon_ws/install/micro_ros_msgs/share/micro_ros_msgs/hook/ld_library_path_lib.dsv'
[1.861s] INFO:colcon.colcon_core.shell:Creating environment hook '/home/npicbot/robocon_ws/install/micro_ros_msgs/share/micro_ros_msgs/hook/ld_library_path_lib.sh'
[1.862s] Level 1:colcon.colcon_core.environment:checking '/home/npicbot/robocon_ws/install/micro_ros_msgs/bin'
[1.862s] Level 1:colcon.colcon_core.environment:checking '/home/npicbot/robocon_ws/install/micro_ros_msgs/lib/pkgconfig/micro_ros_msgs.pc'
[1.863s] Level 1:colcon.colcon_core.environment:checking '/home/npicbot/robocon_ws/install/micro_ros_msgs/lib/python3.10/site-packages'
[1.864s] Level 1:colcon.colcon_core.environment:checking '/home/npicbot/robocon_ws/install/micro_ros_msgs/bin'
[1.865s] INFO:colcon.colcon_core.shell:Creating package script '/home/npicbot/robocon_ws/install/micro_ros_msgs/share/micro_ros_msgs/package.ps1'
[1.867s] INFO:colcon.colcon_core.shell:Creating package descriptor '/home/npicbot/robocon_ws/install/micro_ros_msgs/share/micro_ros_msgs/package.dsv'
[1.869s] INFO:colcon.colcon_core.shell:Creating package script '/home/npicbot/robocon_ws/install/micro_ros_msgs/share/micro_ros_msgs/package.sh'
[1.871s] INFO:colcon.colcon_core.shell:Creating package script '/home/npicbot/robocon_ws/install/micro_ros_msgs/share/micro_ros_msgs/package.bash'
[1.872s] INFO:colcon.colcon_core.shell:Creating package script '/home/npicbot/robocon_ws/install/micro_ros_msgs/share/micro_ros_msgs/package.zsh'
[1.874s] Level 1:colcon.colcon_core.environment:create_file_with_runtime_dependencies(/home/npicbot/robocon_ws/install/micro_ros_msgs/share/colcon-core/packages/micro_ros_msgs)
[1.875s] INFO:colcon.colcon_ros.task.ament_cmake.build:Building ROS package in '/home/npicbot/robocon_ws/src/uros/micro-ROS-Agent/micro_ros_agent' with build type 'ament_cmake'
[1.876s] INFO:colcon.colcon_cmake.task.cmake.build:Building CMake package in '/home/npicbot/robocon_ws/src/uros/micro-ROS-Agent/micro_ros_agent'
[1.877s] INFO:colcon.colcon_core.shell:Skip shell extension 'powershell' for command environment: Not usable outside of PowerShell
[1.877s] DEBUG:colcon.colcon_core.shell:Skip shell extension 'dsv' for command environment
[1.904s] DEBUG:colcon.colcon_core.event_handler.log_command:Invoking command in '/home/npicbot/robocon_ws/build/micro_ros_agent': CMAKE_PREFIX_PATH=/home/npicbot/robocon_ws/install/micro_ros_msgs:/home/npicbot/robocon_ws/install/micro_ros_agent:/home/npicbot/robocon_ws/install/micro_ros_setup:/home/npicbot/robocon_ws/install/robot_localization:/home/npicbot/robocon_ws/install/robot_intelligent:/home/npicbot/robocon_ws/install/robot_command:/home/npicbot/robocon_ws/install/robot_base:/opt/ros/humble LD_LIBRARY_PATH=/home/npicbot/robocon_ws/install/micro_ros_msgs/lib:/home/npicbot/robocon_ws/install/micro_ros_agent/lib:/home/npicbot/robocon_ws/install/robot_base/lib:/opt/ros/humble/opt/rviz_ogre_vendor/lib:/opt/ros/humble/lib/aarch64-linux-gnu:/opt/ros/humble/lib /usr/bin/cmake --build /home/npicbot/robocon_ws/build/micro_ros_agent -- -j12 -l12
[2.034s] DEBUG:colcon.colcon_core.event_handler.log_command:Invoked command in '/home/npicbot/robocon_ws/build/micro_ros_agent' returned '0': CMAKE_PREFIX_PATH=/home/npicbot/robocon_ws/install/micro_ros_msgs:/home/npicbot/robocon_ws/install/micro_ros_agent:/home/npicbot/robocon_ws/install/micro_ros_setup:/home/npicbot/robocon_ws/install/robot_localization:/home/npicbot/robocon_ws/install/robot_intelligent:/home/npicbot/robocon_ws/install/robot_command:/home/npicbot/robocon_ws/install/robot_base:/opt/ros/humble LD_LIBRARY_PATH=/home/npicbot/robocon_ws/install/micro_ros_msgs/lib:/home/npicbot/robocon_ws/install/micro_ros_agent/lib:/home/npicbot/robocon_ws/install/robot_base/lib:/opt/ros/humble/opt/rviz_ogre_vendor/lib:/opt/ros/humble/lib/aarch64-linux-gnu:/opt/ros/humble/lib /usr/bin/cmake --build /home/npicbot/robocon_ws/build/micro_ros_agent -- -j12 -l12
[2.095s] DEBUG:colcon.colcon_core.event_handler.log_command:Invoking command in '/home/npicbot/robocon_ws/build/micro_ros_agent': CMAKE_PREFIX_PATH=/home/npicbot/robocon_ws/install/micro_ros_msgs:/home/npicbot/robocon_ws/install/micro_ros_agent:/home/npicbot/robocon_ws/install/micro_ros_setup:/home/npicbot/robocon_ws/install/robot_localization:/home/npicbot/robocon_ws/install/robot_intelligent:/home/npicbot/robocon_ws/install/robot_command:/home/npicbot/robocon_ws/install/robot_base:/opt/ros/humble LD_LIBRARY_PATH=/home/npicbot/robocon_ws/install/micro_ros_msgs/lib:/home/npicbot/robocon_ws/install/micro_ros_agent/lib:/home/npicbot/robocon_ws/install/robot_base/lib:/opt/ros/humble/opt/rviz_ogre_vendor/lib:/opt/ros/humble/lib/aarch64-linux-gnu:/opt/ros/humble/lib /usr/bin/cmake --install /home/npicbot/robocon_ws/build/micro_ros_agent
[2.114s] Level 1:colcon.colcon_core.environment:create_environment_scripts_only(micro_ros_agent)
[2.115s] Level 1:colcon.colcon_core.environment:checking '/home/npicbot/robocon_ws/install/micro_ros_agent' for CMake module files
[2.117s] DEBUG:colcon.colcon_core.event_handler.log_command:Invoked command in '/home/npicbot/robocon_ws/build/micro_ros_agent' returned '0': CMAKE_PREFIX_PATH=/home/npicbot/robocon_ws/install/micro_ros_msgs:/home/npicbot/robocon_ws/install/micro_ros_agent:/home/npicbot/robocon_ws/install/micro_ros_setup:/home/npicbot/robocon_ws/install/robot_localization:/home/npicbot/robocon_ws/install/robot_intelligent:/home/npicbot/robocon_ws/install/robot_command:/home/npicbot/robocon_ws/install/robot_base:/opt/ros/humble LD_LIBRARY_PATH=/home/npicbot/robocon_ws/install/micro_ros_msgs/lib:/home/npicbot/robocon_ws/install/micro_ros_agent/lib:/home/npicbot/robocon_ws/install/robot_base/lib:/opt/ros/humble/opt/rviz_ogre_vendor/lib:/opt/ros/humble/lib/aarch64-linux-gnu:/opt/ros/humble/lib /usr/bin/cmake --install /home/npicbot/robocon_ws/build/micro_ros_agent
[2.118s] Level 1:colcon.colcon_core.environment:checking '/home/npicbot/robocon_ws/install/micro_ros_agent' for CMake config files
[2.121s] Level 1:colcon.colcon_core.shell:create_environment_hook('micro_ros_agent', 'cmake_prefix_path')
[2.122s] INFO:colcon.colcon_core.shell:Creating environment hook '/home/npicbot/robocon_ws/install/micro_ros_agent/share/micro_ros_agent/hook/cmake_prefix_path.ps1'
[2.124s] INFO:colcon.colcon_core.shell:Creating environment descriptor '/home/npicbot/robocon_ws/install/micro_ros_agent/share/micro_ros_agent/hook/cmake_prefix_path.dsv'
[2.126s] INFO:colcon.colcon_core.shell:Creating environment hook '/home/npicbot/robocon_ws/install/micro_ros_agent/share/micro_ros_agent/hook/cmake_prefix_path.sh'
[2.128s] Level 1:colcon.colcon_core.environment:checking '/home/npicbot/robocon_ws/install/micro_ros_agent/lib'
[2.128s] Level 1:colcon.colcon_core.shell:create_environment_hook('micro_ros_agent', 'ld_library_path_lib')
[2.129s] INFO:colcon.colcon_core.shell:Creating environment hook '/home/npicbot/robocon_ws/install/micro_ros_agent/share/micro_ros_agent/hook/ld_library_path_lib.ps1'
[2.130s] INFO:colcon.colcon_core.shell:Creating environment descriptor '/home/npicbot/robocon_ws/install/micro_ros_agent/share/micro_ros_agent/hook/ld_library_path_lib.dsv'
[2.132s] INFO:colcon.colcon_core.shell:Creating environment hook '/home/npicbot/robocon_ws/install/micro_ros_agent/share/micro_ros_agent/hook/ld_library_path_lib.sh'
[2.133s] Level 1:colcon.colcon_core.environment:checking '/home/npicbot/robocon_ws/install/micro_ros_agent/bin'
[2.134s] Level 1:colcon.colcon_core.environment:checking '/home/npicbot/robocon_ws/install/micro_ros_agent/lib/pkgconfig/micro_ros_agent.pc'
[2.135s] Level 1:colcon.colcon_core.environment:checking '/home/npicbot/robocon_ws/install/micro_ros_agent/lib/python3.10/site-packages'
[2.135s] Level 1:colcon.colcon_core.environment:checking '/home/npicbot/robocon_ws/install/micro_ros_agent/bin'
[2.137s] INFO:colcon.colcon_core.shell:Creating package script '/home/npicbot/robocon_ws/install/micro_ros_agent/share/micro_ros_agent/package.ps1'
[2.139s] INFO:colcon.colcon_core.shell:Creating package descriptor '/home/npicbot/robocon_ws/install/micro_ros_agent/share/micro_ros_agent/package.dsv'
[2.140s] INFO:colcon.colcon_core.shell:Creating package script '/home/npicbot/robocon_ws/install/micro_ros_agent/share/micro_ros_agent/package.sh'
[2.142s] INFO:colcon.colcon_core.shell:Creating package script '/home/npicbot/robocon_ws/install/micro_ros_agent/share/micro_ros_agent/package.bash'
[2.143s] INFO:colcon.colcon_core.shell:Creating package script '/home/npicbot/robocon_ws/install/micro_ros_agent/share/micro_ros_agent/package.zsh'
[2.145s] Level 1:colcon.colcon_core.environment:create_file_with_runtime_dependencies(/home/npicbot/robocon_ws/install/micro_ros_agent/share/colcon-core/packages/micro_ros_agent)
[2.208s] Level 1:colcon.colcon_core.environment:create_environment_scripts_only(micro_ros_agent)
[2.208s] Level 1:colcon.colcon_core.environment:checking '/home/npicbot/robocon_ws/install/micro_ros_agent' for CMake module files
[2.209s] Level 1:colcon.colcon_core.environment:checking '/home/npicbot/robocon_ws/install/micro_ros_agent' for CMake config files
[2.211s] Level 1:colcon.colcon_core.shell:create_environment_hook('micro_ros_agent', 'cmake_prefix_path')
[2.212s] INFO:colcon.colcon_core.shell:Creating environment hook '/home/npicbot/robocon_ws/install/micro_ros_agent/share/micro_ros_agent/hook/cmake_prefix_path.ps1'
[2.213s] INFO:colcon.colcon_core.shell:Creating environment descriptor '/home/npicbot/robocon_ws/install/micro_ros_agent/share/micro_ros_agent/hook/cmake_prefix_path.dsv'
[2.214s] INFO:colcon.colcon_core.shell:Creating environment hook '/home/npicbot/robocon_ws/install/micro_ros_agent/share/micro_ros_agent/hook/cmake_prefix_path.sh'
[2.215s] Level 1:colcon.colcon_core.environment:checking '/home/npicbot/robocon_ws/install/micro_ros_agent/lib'
[2.215s] Level 1:colcon.colcon_core.shell:create_environment_hook('micro_ros_agent', 'ld_library_path_lib')
[2.216s] INFO:colcon.colcon_core.shell:Creating environment hook '/home/npicbot/robocon_ws/install/micro_ros_agent/share/micro_ros_agent/hook/ld_library_path_lib.ps1'
[2.217s] INFO:colcon.colcon_core.shell:Creating environment descriptor '/home/npicbot/robocon_ws/install/micro_ros_agent/share/micro_ros_agent/hook/ld_library_path_lib.dsv'
[2.217s] INFO:colcon.colcon_core.shell:Creating environment hook '/home/npicbot/robocon_ws/install/micro_ros_agent/share/micro_ros_agent/hook/ld_library_path_lib.sh'
[2.218s] Level 1:colcon.colcon_core.environment:checking '/home/npicbot/robocon_ws/install/micro_ros_agent/bin'
[2.218s] Level 1:colcon.colcon_core.environment:checking '/home/npicbot/robocon_ws/install/micro_ros_agent/lib/pkgconfig/micro_ros_agent.pc'
[2.219s] Level 1:colcon.colcon_core.environment:checking '/home/npicbot/robocon_ws/install/micro_ros_agent/lib/python3.10/site-packages'
[2.219s] Level 1:colcon.colcon_core.environment:checking '/home/npicbot/robocon_ws/install/micro_ros_agent/bin'
[2.220s] INFO:colcon.colcon_core.shell:Creating package script '/home/npicbot/robocon_ws/install/micro_ros_agent/share/micro_ros_agent/package.ps1'
[2.221s] INFO:colcon.colcon_core.shell:Creating package descriptor '/home/npicbot/robocon_ws/install/micro_ros_agent/share/micro_ros_agent/package.dsv'
[2.222s] INFO:colcon.colcon_core.shell:Creating package script '/home/npicbot/robocon_ws/install/micro_ros_agent/share/micro_ros_agent/package.sh'
[2.223s] INFO:colcon.colcon_core.shell:Creating package script '/home/npicbot/robocon_ws/install/micro_ros_agent/share/micro_ros_agent/package.bash'
[2.224s] INFO:colcon.colcon_core.shell:Creating package script '/home/npicbot/robocon_ws/install/micro_ros_agent/share/micro_ros_agent/package.zsh'
[2.225s] Level 1:colcon.colcon_core.environment:create_file_with_runtime_dependencies(/home/npicbot/robocon_ws/install/micro_ros_agent/share/colcon-core/packages/micro_ros_agent)
[16.261s] DEBUG:colcon.colcon_core.event_handler.log_command:Invoked command in '/home/npicbot/robocon_ws/build/robot_intelligent' returned '0': CMAKE_PREFIX_PATH=${CMAKE_PREFIX_PATH}:/opt/ros/humble /usr/bin/cmake --build /home/npicbot/robocon_ws/build/robot_intelligent -- -j12 -l12
[16.322s] DEBUG:colcon.colcon_core.event_handler.log_command:Invoking command in '/home/npicbot/robocon_ws/build/robot_intelligent': CMAKE_PREFIX_PATH=${CMAKE_PREFIX_PATH}:/opt/ros/humble /usr/bin/cmake --install /home/npicbot/robocon_ws/build/robot_intelligent
[16.355s] Level 1:colcon.colcon_core.environment:create_environment_scripts_only(robot_intelligent)
[16.356s] Level 1:colcon.colcon_core.environment:checking '/home/npicbot/robocon_ws/install/robot_intelligent' for CMake module files
[16.359s] DEBUG:colcon.colcon_core.event_handler.log_command:Invoked command in '/home/npicbot/robocon_ws/build/robot_intelligent' returned '0': CMAKE_PREFIX_PATH=${CMAKE_PREFIX_PATH}:/opt/ros/humble /usr/bin/cmake --install /home/npicbot/robocon_ws/build/robot_intelligent
[16.361s] Level 1:colcon.colcon_core.environment:checking '/home/npicbot/robocon_ws/install/robot_intelligent' for CMake config files
[16.362s] Level 1:colcon.colcon_core.shell:create_environment_hook('robot_intelligent', 'cmake_prefix_path')
[16.363s] INFO:colcon.colcon_core.shell:Creating environment hook '/home/npicbot/robocon_ws/install/robot_intelligent/share/robot_intelligent/hook/cmake_prefix_path.ps1'
[16.366s] INFO:colcon.colcon_core.shell:Creating environment descriptor '/home/npicbot/robocon_ws/install/robot_intelligent/share/robot_intelligent/hook/cmake_prefix_path.dsv'
[16.367s] INFO:colcon.colcon_core.shell:Creating environment hook '/home/npicbot/robocon_ws/install/robot_intelligent/share/robot_intelligent/hook/cmake_prefix_path.sh'
[16.369s] Level 1:colcon.colcon_core.environment:checking '/home/npicbot/robocon_ws/install/robot_intelligent/lib'
[16.369s] Level 1:colcon.colcon_core.environment:checking '/home/npicbot/robocon_ws/install/robot_intelligent/bin'
[16.370s] Level 1:colcon.colcon_core.environment:checking '/home/npicbot/robocon_ws/install/robot_intelligent/lib/pkgconfig/robot_intelligent.pc'
[16.370s] Level 1:colcon.colcon_core.environment:checking '/home/npicbot/robocon_ws/install/robot_intelligent/lib/python3.10/site-packages'
[16.370s] Level 1:colcon.colcon_core.environment:checking '/home/npicbot/robocon_ws/install/robot_intelligent/bin'
[16.371s] INFO:colcon.colcon_core.shell:Creating package script '/home/npicbot/robocon_ws/install/robot_intelligent/share/robot_intelligent/package.ps1'
[16.373s] INFO:colcon.colcon_core.shell:Creating package descriptor '/home/npicbot/robocon_ws/install/robot_intelligent/share/robot_intelligent/package.dsv'
[16.374s] INFO:colcon.colcon_core.shell:Creating package script '/home/npicbot/robocon_ws/install/robot_intelligent/share/robot_intelligent/package.sh'
[16.375s] INFO:colcon.colcon_core.shell:Creating package script '/home/npicbot/robocon_ws/install/robot_intelligent/share/robot_intelligent/package.bash'
[16.375s] INFO:colcon.colcon_core.shell:Creating package script '/home/npicbot/robocon_ws/install/robot_intelligent/share/robot_intelligent/package.zsh'
[16.376s] Level 1:colcon.colcon_core.environment:create_file_with_runtime_dependencies(/home/npicbot/robocon_ws/install/robot_intelligent/share/colcon-core/packages/robot_intelligent)
[16.438s] Level 1:colcon.colcon_core.environment:create_environment_scripts_only(robot_intelligent)
[16.439s] Level 1:colcon.colcon_core.environment:checking '/home/npicbot/robocon_ws/install/robot_intelligent' for CMake module files
[16.440s] Level 1:colcon.colcon_core.environment:checking '/home/npicbot/robocon_ws/install/robot_intelligent' for CMake config files
[16.441s] Level 1:colcon.colcon_core.shell:create_environment_hook('robot_intelligent', 'cmake_prefix_path')
[16.441s] INFO:colcon.colcon_core.shell:Creating environment hook '/home/npicbot/robocon_ws/install/robot_intelligent/share/robot_intelligent/hook/cmake_prefix_path.ps1'
[16.443s] INFO:colcon.colcon_core.shell:Creating environment descriptor '/home/npicbot/robocon_ws/install/robot_intelligent/share/robot_intelligent/hook/cmake_prefix_path.dsv'
[16.444s] INFO:colcon.colcon_core.shell:Creating environment hook '/home/npicbot/robocon_ws/install/robot_intelligent/share/robot_intelligent/hook/cmake_prefix_path.sh'
[16.446s] Level 1:colcon.colcon_core.environment:checking '/home/npicbot/robocon_ws/install/robot_intelligent/lib'
[16.447s] Level 1:colcon.colcon_core.environment:checking '/home/npicbot/robocon_ws/install/robot_intelligent/bin'
[16.447s] Level 1:colcon.colcon_core.environment:checking '/home/npicbot/robocon_ws/install/robot_intelligent/lib/pkgconfig/robot_intelligent.pc'
[16.448s] Level 1:colcon.colcon_core.environment:checking '/home/npicbot/robocon_ws/install/robot_intelligent/lib/python3.10/site-packages'
[16.448s] Level 1:colcon.colcon_core.environment:checking '/home/npicbot/robocon_ws/install/robot_intelligent/bin'
[16.449s] INFO:colcon.colcon_core.shell:Creating package script '/home/npicbot/robocon_ws/install/robot_intelligent/share/robot_intelligent/package.ps1'
[16.451s] INFO:colcon.colcon_core.shell:Creating package descriptor '/home/npicbot/robocon_ws/install/robot_intelligent/share/robot_intelligent/package.dsv'
[16.452s] INFO:colcon.colcon_core.shell:Creating package script '/home/npicbot/robocon_ws/install/robot_intelligent/share/robot_intelligent/package.sh'
[16.453s] INFO:colcon.colcon_core.shell:Creating package script '/home/npicbot/robocon_ws/install/robot_intelligent/share/robot_intelligent/package.bash'
[16.453s] INFO:colcon.colcon_core.shell:Creating package script '/home/npicbot/robocon_ws/install/robot_intelligent/share/robot_intelligent/package.zsh'
[16.454s] Level 1:colcon.colcon_core.environment:create_file_with_runtime_dependencies(/home/npicbot/robocon_ws/install/robot_intelligent/share/colcon-core/packages/robot_intelligent)
[16.455s] DEBUG:colcon.colcon_parallel_executor.executor.parallel:closing loop
[16.456s] DEBUG:colcon.colcon_parallel_executor.executor.parallel:loop closed
[16.456s] DEBUG:colcon.colcon_parallel_executor.executor.parallel:run_until_complete finished with '0'
[16.456s] DEBUG:colcon.colcon_core.event_reactor:joining thread
[16.471s] INFO:colcon.colcon_core.plugin_system:Skipping extension 'colcon_notification.desktop_notification.terminal_notifier': Not used on non-Darwin systems
[16.472s] INFO:colcon.colcon_core.plugin_system:Skipping extension 'colcon_notification.desktop_notification.win32': Not used on non-Windows systems
[16.472s] INFO:colcon.colcon_notification.desktop_notification:Sending desktop notification using 'notify2'
[16.518s] DEBUG:colcon.colcon_core.event_reactor:joined thread
[16.519s] INFO:colcon.colcon_core.shell:Creating prefix script '/home/npicbot/robocon_ws/install/local_setup.ps1'
[16.523s] INFO:colcon.colcon_core.shell:Creating prefix util module '/home/npicbot/robocon_ws/install/_local_setup_util_ps1.py'
[16.529s] INFO:colcon.colcon_core.shell:Creating prefix chain script '/home/npicbot/robocon_ws/install/setup.ps1'
[16.535s] INFO:colcon.colcon_core.shell:Creating prefix script '/home/npicbot/robocon_ws/install/local_setup.sh'
[16.537s] INFO:colcon.colcon_core.shell:Creating prefix util module '/home/npicbot/robocon_ws/install/_local_setup_util_sh.py'
[16.539s] INFO:colcon.colcon_core.shell:Creating prefix chain script '/home/npicbot/robocon_ws/install/setup.sh'
[16.544s] INFO:colcon.colcon_core.shell:Creating prefix script '/home/npicbot/robocon_ws/install/local_setup.bash'
[16.546s] INFO:colcon.colcon_core.shell:Creating prefix chain script '/home/npicbot/robocon_ws/install/setup.bash'
[16.550s] INFO:colcon.colcon_core.shell:Creating prefix script '/home/npicbot/robocon_ws/install/local_setup.zsh'
[16.552s] INFO:colcon.colcon_core.shell:Creating prefix chain script '/home/npicbot/robocon_ws/install/setup.zsh'
