[0.042s] Invoking command in '/home/npicbot/robocon_ws/build/robot_intelligent': CMAKE_PREFIX_PATH=${CMAKE_PREFIX_PATH}:/opt/ros/humble /usr/bin/cmake --build /home/npicbot/robocon_ws/build/robot_intelligent -- -j12 -l12
[0.105s] [35m[1mConsolidate compiler generated dependencies of target robot_tracking[0m
[0.145s] [ 50%] Built target robot_tracking
[0.155s] [100%] Built target shooting
[0.186s] Invoked command in '/home/npicbot/robocon_ws/build/robot_intelligent' returned '0': CMAKE_PREFIX_PATH=${CMAKE_PREFIX_PATH}:/opt/ros/humble /usr/bin/cmake --build /home/npicbot/robocon_ws/build/robot_intelligent -- -j12 -l12
[0.271s] Invoking command in '/home/npicbot/robocon_ws/build/robot_intelligent': CMAKE_PREFIX_PATH=${CMAKE_PREFIX_PATH}:/opt/ros/humble /usr/bin/cmake --install /home/npicbot/robocon_ws/build/robot_intelligent
[0.286s] -- Install configuration: ""
[0.291s] -- Up-to-date: /home/npicbot/robocon_ws/install/robot_intelligent/lib/robot_intelligent/robot_tracking
[0.292s] -- Up-to-date: /home/npicbot/robocon_ws/install/robot_intelligent/lib/robot_intelligent/shooting
[0.293s] -- Up-to-date: /home/npicbot/robocon_ws/install/robot_intelligent/share/ament_index/resource_index/package_run_dependencies/robot_intelligent
[0.294s] -- Up-to-date: /home/npicbot/robocon_ws/install/robot_intelligent/share/ament_index/resource_index/parent_prefix_path/robot_intelligent
[0.294s] -- Up-to-date: /home/npicbot/robocon_ws/install/robot_intelligent/share/robot_intelligent/environment/ament_prefix_path.sh
[0.295s] -- Up-to-date: /home/npicbot/robocon_ws/install/robot_intelligent/share/robot_intelligent/environment/ament_prefix_path.dsv
[0.295s] -- Up-to-date: /home/npicbot/robocon_ws/install/robot_intelligent/share/robot_intelligent/environment/path.sh
[0.295s] -- Up-to-date: /home/npicbot/robocon_ws/install/robot_intelligent/share/robot_intelligent/environment/path.dsv
[0.295s] -- Up-to-date: /home/npicbot/robocon_ws/install/robot_intelligent/share/robot_intelligent/local_setup.bash
[0.295s] -- Up-to-date: /home/npicbot/robocon_ws/install/robot_intelligent/share/robot_intelligent/local_setup.sh
[0.295s] -- Up-to-date: /home/npicbot/robocon_ws/install/robot_intelligent/share/robot_intelligent/local_setup.zsh
[0.298s] -- Up-to-date: /home/npicbot/robocon_ws/install/robot_intelligent/share/robot_intelligent/local_setup.dsv
[0.298s] -- Installing: /home/npicbot/robocon_ws/install/robot_intelligent/share/robot_intelligent/package.dsv
[0.298s] -- Up-to-date: /home/npicbot/robocon_ws/install/robot_intelligent/share/ament_index/resource_index/packages/robot_intelligent
[0.300s] -- Up-to-date: /home/npicbot/robocon_ws/install/robot_intelligent/share/robot_intelligent/cmake/robot_intelligentConfig.cmake
[0.301s] -- Up-to-date: /home/npicbot/robocon_ws/install/robot_intelligent/share/robot_intelligent/cmake/robot_intelligentConfig-version.cmake
[0.302s] -- Up-to-date: /home/npicbot/robocon_ws/install/robot_intelligent/share/robot_intelligent/package.xml
[0.310s] Invoked command in '/home/npicbot/robocon_ws/build/robot_intelligent' returned '0': CMAKE_PREFIX_PATH=${CMAKE_PREFIX_PATH}:/opt/ros/humble /usr/bin/cmake --install /home/npicbot/robocon_ws/build/robot_intelligent
