[0.164s] DEBUG:colcon:Command line arguments: ['/usr/bin/colcon', 'build']
[0.165s] DEBUG:colcon:Parsed command line arguments: Namespace(log_base=None, log_level=None, verb_name='build', build_base='build', install_base='install', merge_install=False, symlink_install=False, test_result_base=None, continue_on_error=False, executor='parallel', parallel_workers=12, event_handlers=None, ignore_user_meta=False, metas=['./colcon.meta'], base_paths=['.'], packages_ignore=None, packages_ignore_regex=None, paths=None, packages_up_to=None, packages_up_to_regex=None, packages_above=None, packages_above_and_dependencies=None, packages_above_depth=None, packages_select_by_dep=None, packages_skip_by_dep=None, packages_skip_up_to=None, packages_select_build_failed=False, packages_skip_build_finished=False, packages_select_test_failures=False, packages_skip_test_passed=False, packages_select=None, packages_skip=None, packages_select_regex=None, packages_skip_regex=None, packages_start=None, packages_end=None, allow_overriding=[], cmake_args=None, cmake_target=None, cmake_target_skip_unavailable=False, cmake_clean_cache=False, cmake_clean_first=False, cmake_force_configure=False, ament_cmake_args=None, catkin_cmake_args=None, catkin_skip_building_tests=False, mixin_files=None, mixin=None, verb_parser=<colcon_mixin.mixin.mixin_argument.MixinArgumentDecorator object at 0xffffb51f6830>, verb_extension=<colcon_core.verb.build.BuildVerb object at 0xffffb51f62c0>, main=<bound method BuildVerb.main of <colcon_core.verb.build.BuildVerb object at 0xffffb51f62c0>>, mixin_verb=('build',))
[0.418s] Level 1:colcon.colcon_core.package_discovery:discover_packages(colcon_meta) check parameters
[0.418s] Level 1:colcon.colcon_core.package_discovery:discover_packages(recursive) check parameters
[0.419s] Level 1:colcon.colcon_core.package_discovery:discover_packages(ignore) check parameters
[0.419s] Level 1:colcon.colcon_core.package_discovery:discover_packages(path) check parameters
[0.419s] Level 1:colcon.colcon_core.package_discovery:discover_packages(colcon_meta) discover
[0.419s] Level 1:colcon.colcon_core.package_discovery:discover_packages(recursive) discover
[0.419s] INFO:colcon.colcon_core.package_discovery:Crawling recursively for packages in '/home/npicbot/robocon_ws'
[0.419s] Level 1:colcon.colcon_core.package_identification:_identify(.) by extensions ['ignore', 'ignore_ament_install']
[0.419s] Level 1:colcon.colcon_core.package_identification:_identify(.) by extension 'ignore'
[0.419s] Level 1:colcon.colcon_core.package_identification:_identify(.) by extension 'ignore_ament_install'
[0.420s] Level 1:colcon.colcon_core.package_identification:_identify(.) by extensions ['colcon_pkg']
[0.420s] Level 1:colcon.colcon_core.package_identification:_identify(.) by extension 'colcon_pkg'
[0.420s] Level 1:colcon.colcon_core.package_identification:_identify(.) by extensions ['colcon_meta']
[0.420s] Level 1:colcon.colcon_core.package_identification:_identify(.) by extension 'colcon_meta'
[0.420s] Level 1:colcon.colcon_core.package_identification:_identify(.) by extensions ['ros']
[0.420s] Level 1:colcon.colcon_core.package_identification:_identify(.) by extension 'ros'
[0.438s] Level 1:colcon.colcon_core.package_identification:_identify(.) by extensions ['cmake', 'python']
[0.438s] Level 1:colcon.colcon_core.package_identification:_identify(.) by extension 'cmake'
[0.438s] Level 1:colcon.colcon_core.package_identification:_identify(.) by extension 'python'
[0.438s] Level 1:colcon.colcon_core.package_identification:_identify(.) by extensions ['python_setup_py']
[0.438s] Level 1:colcon.colcon_core.package_identification:_identify(.) by extension 'python_setup_py'
[0.438s] Level 1:colcon.colcon_core.package_identification:_identify(build) by extensions ['ignore', 'ignore_ament_install']
[0.438s] Level 1:colcon.colcon_core.package_identification:_identify(build) by extension 'ignore'
[0.439s] Level 1:colcon.colcon_core.package_identification:_identify(build) ignored
[0.439s] Level 1:colcon.colcon_core.package_identification:_identify(install) by extensions ['ignore', 'ignore_ament_install']
[0.439s] Level 1:colcon.colcon_core.package_identification:_identify(install) by extension 'ignore'
[0.439s] Level 1:colcon.colcon_core.package_identification:_identify(install) ignored
[0.439s] Level 1:colcon.colcon_core.package_identification:_identify(log) by extensions ['ignore', 'ignore_ament_install']
[0.439s] Level 1:colcon.colcon_core.package_identification:_identify(log) by extension 'ignore'
[0.440s] Level 1:colcon.colcon_core.package_identification:_identify(log) ignored
[0.440s] Level 1:colcon.colcon_core.package_identification:_identify(src) by extensions ['ignore', 'ignore_ament_install']
[0.440s] Level 1:colcon.colcon_core.package_identification:_identify(src) by extension 'ignore'
[0.440s] Level 1:colcon.colcon_core.package_identification:_identify(src) by extension 'ignore_ament_install'
[0.440s] Level 1:colcon.colcon_core.package_identification:_identify(src) by extensions ['colcon_pkg']
[0.440s] Level 1:colcon.colcon_core.package_identification:_identify(src) by extension 'colcon_pkg'
[0.440s] Level 1:colcon.colcon_core.package_identification:_identify(src) by extensions ['colcon_meta']
[0.440s] Level 1:colcon.colcon_core.package_identification:_identify(src) by extension 'colcon_meta'
[0.440s] Level 1:colcon.colcon_core.package_identification:_identify(src) by extensions ['ros']
[0.440s] Level 1:colcon.colcon_core.package_identification:_identify(src) by extension 'ros'
[0.440s] Level 1:colcon.colcon_core.package_identification:_identify(src) by extensions ['cmake', 'python']
[0.440s] Level 1:colcon.colcon_core.package_identification:_identify(src) by extension 'cmake'
[0.440s] Level 1:colcon.colcon_core.package_identification:_identify(src) by extension 'python'
[0.441s] Level 1:colcon.colcon_core.package_identification:_identify(src) by extensions ['python_setup_py']
[0.441s] Level 1:colcon.colcon_core.package_identification:_identify(src) by extension 'python_setup_py'
[0.441s] Level 1:colcon.colcon_core.package_identification:_identify(src/micro_ros_setup) by extensions ['ignore', 'ignore_ament_install']
[0.441s] Level 1:colcon.colcon_core.package_identification:_identify(src/micro_ros_setup) by extension 'ignore'
[0.441s] Level 1:colcon.colcon_core.package_identification:_identify(src/micro_ros_setup) by extension 'ignore_ament_install'
[0.441s] Level 1:colcon.colcon_core.package_identification:_identify(src/micro_ros_setup) by extensions ['colcon_pkg']
[0.441s] Level 1:colcon.colcon_core.package_identification:_identify(src/micro_ros_setup) by extension 'colcon_pkg'
[0.441s] Level 1:colcon.colcon_core.package_identification:_identify(src/micro_ros_setup) by extensions ['colcon_meta']
[0.441s] Level 1:colcon.colcon_core.package_identification:_identify(src/micro_ros_setup) by extension 'colcon_meta'
[0.441s] Level 1:colcon.colcon_core.package_identification:_identify(src/micro_ros_setup) by extensions ['ros']
[0.441s] Level 1:colcon.colcon_core.package_identification:_identify(src/micro_ros_setup) by extension 'ros'
[0.446s] DEBUG:colcon.colcon_core.package_identification:Package 'src/micro_ros_setup' with type 'ros.ament_cmake' and name 'micro_ros_setup'
[0.446s] Level 1:colcon.colcon_core.package_identification:_identify(src/robot_base) by extensions ['ignore', 'ignore_ament_install']
[0.446s] Level 1:colcon.colcon_core.package_identification:_identify(src/robot_base) by extension 'ignore'
[0.446s] Level 1:colcon.colcon_core.package_identification:_identify(src/robot_base) by extension 'ignore_ament_install'
[0.446s] Level 1:colcon.colcon_core.package_identification:_identify(src/robot_base) by extensions ['colcon_pkg']
[0.446s] Level 1:colcon.colcon_core.package_identification:_identify(src/robot_base) by extension 'colcon_pkg'
[0.447s] Level 1:colcon.colcon_core.package_identification:_identify(src/robot_base) by extensions ['colcon_meta']
[0.447s] Level 1:colcon.colcon_core.package_identification:_identify(src/robot_base) by extension 'colcon_meta'
[0.447s] Level 1:colcon.colcon_core.package_identification:_identify(src/robot_base) by extensions ['ros']
[0.447s] Level 1:colcon.colcon_core.package_identification:_identify(src/robot_base) by extension 'ros'
[0.448s] DEBUG:colcon.colcon_core.package_identification:Package 'src/robot_base' with type 'ros.ament_cmake' and name 'robot_base'
[0.448s] Level 1:colcon.colcon_core.package_identification:_identify(src/robot_command) by extensions ['ignore', 'ignore_ament_install']
[0.448s] Level 1:colcon.colcon_core.package_identification:_identify(src/robot_command) by extension 'ignore'
[0.448s] Level 1:colcon.colcon_core.package_identification:_identify(src/robot_command) by extension 'ignore_ament_install'
[0.448s] Level 1:colcon.colcon_core.package_identification:_identify(src/robot_command) by extensions ['colcon_pkg']
[0.448s] Level 1:colcon.colcon_core.package_identification:_identify(src/robot_command) by extension 'colcon_pkg'
[0.448s] Level 1:colcon.colcon_core.package_identification:_identify(src/robot_command) by extensions ['colcon_meta']
[0.448s] Level 1:colcon.colcon_core.package_identification:_identify(src/robot_command) by extension 'colcon_meta'
[0.448s] Level 1:colcon.colcon_core.package_identification:_identify(src/robot_command) by extensions ['ros']
[0.448s] Level 1:colcon.colcon_core.package_identification:_identify(src/robot_command) by extension 'ros'
[0.449s] DEBUG:colcon.colcon_core.package_identification:Package 'src/robot_command' with type 'ros.ament_cmake' and name 'robot_command'
[0.449s] Level 1:colcon.colcon_core.package_identification:_identify(src/robot_intelligent) by extensions ['ignore', 'ignore_ament_install']
[0.449s] Level 1:colcon.colcon_core.package_identification:_identify(src/robot_intelligent) by extension 'ignore'
[0.449s] Level 1:colcon.colcon_core.package_identification:_identify(src/robot_intelligent) by extension 'ignore_ament_install'
[0.449s] Level 1:colcon.colcon_core.package_identification:_identify(src/robot_intelligent) by extensions ['colcon_pkg']
[0.450s] Level 1:colcon.colcon_core.package_identification:_identify(src/robot_intelligent) by extension 'colcon_pkg'
[0.450s] Level 1:colcon.colcon_core.package_identification:_identify(src/robot_intelligent) by extensions ['colcon_meta']
[0.450s] Level 1:colcon.colcon_core.package_identification:_identify(src/robot_intelligent) by extension 'colcon_meta'
[0.450s] Level 1:colcon.colcon_core.package_identification:_identify(src/robot_intelligent) by extensions ['ros']
[0.450s] Level 1:colcon.colcon_core.package_identification:_identify(src/robot_intelligent) by extension 'ros'
[0.450s] DEBUG:colcon.colcon_core.package_identification:Package 'src/robot_intelligent' with type 'ros.ament_cmake' and name 'robot_intelligent'
[0.451s] Level 1:colcon.colcon_core.package_identification:_identify(src/robot_localization) by extensions ['ignore', 'ignore_ament_install']
[0.451s] Level 1:colcon.colcon_core.package_identification:_identify(src/robot_localization) by extension 'ignore'
[0.451s] Level 1:colcon.colcon_core.package_identification:_identify(src/robot_localization) by extension 'ignore_ament_install'
[0.451s] Level 1:colcon.colcon_core.package_identification:_identify(src/robot_localization) by extensions ['colcon_pkg']
[0.451s] Level 1:colcon.colcon_core.package_identification:_identify(src/robot_localization) by extension 'colcon_pkg'
[0.451s] Level 1:colcon.colcon_core.package_identification:_identify(src/robot_localization) by extensions ['colcon_meta']
[0.451s] Level 1:colcon.colcon_core.package_identification:_identify(src/robot_localization) by extension 'colcon_meta'
[0.451s] Level 1:colcon.colcon_core.package_identification:_identify(src/robot_localization) by extensions ['ros']
[0.451s] Level 1:colcon.colcon_core.package_identification:_identify(src/robot_localization) by extension 'ros'
[0.452s] DEBUG:colcon.colcon_core.package_identification:Package 'src/robot_localization' with type 'ros.ament_cmake' and name 'robot_localization'
[0.452s] Level 1:colcon.colcon_core.package_identification:_identify(src/uros) by extensions ['ignore', 'ignore_ament_install']
[0.452s] Level 1:colcon.colcon_core.package_identification:_identify(src/uros) by extension 'ignore'
[0.452s] Level 1:colcon.colcon_core.package_identification:_identify(src/uros) by extension 'ignore_ament_install'
[0.452s] Level 1:colcon.colcon_core.package_identification:_identify(src/uros) by extensions ['colcon_pkg']
[0.452s] Level 1:colcon.colcon_core.package_identification:_identify(src/uros) by extension 'colcon_pkg'
[0.452s] Level 1:colcon.colcon_core.package_identification:_identify(src/uros) by extensions ['colcon_meta']
[0.452s] Level 1:colcon.colcon_core.package_identification:_identify(src/uros) by extension 'colcon_meta'
[0.452s] Level 1:colcon.colcon_core.package_identification:_identify(src/uros) by extensions ['ros']
[0.453s] Level 1:colcon.colcon_core.package_identification:_identify(src/uros) by extension 'ros'
[0.453s] Level 1:colcon.colcon_core.package_identification:_identify(src/uros) by extensions ['cmake', 'python']
[0.453s] Level 1:colcon.colcon_core.package_identification:_identify(src/uros) by extension 'cmake'
[0.453s] Level 1:colcon.colcon_core.package_identification:_identify(src/uros) by extension 'python'
[0.453s] Level 1:colcon.colcon_core.package_identification:_identify(src/uros) by extensions ['python_setup_py']
[0.453s] Level 1:colcon.colcon_core.package_identification:_identify(src/uros) by extension 'python_setup_py'
[0.453s] Level 1:colcon.colcon_core.package_identification:_identify(src/uros/micro-ROS-Agent) by extensions ['ignore', 'ignore_ament_install']
[0.453s] Level 1:colcon.colcon_core.package_identification:_identify(src/uros/micro-ROS-Agent) by extension 'ignore'
[0.453s] Level 1:colcon.colcon_core.package_identification:_identify(src/uros/micro-ROS-Agent) by extension 'ignore_ament_install'
[0.453s] Level 1:colcon.colcon_core.package_identification:_identify(src/uros/micro-ROS-Agent) by extensions ['colcon_pkg']
[0.453s] Level 1:colcon.colcon_core.package_identification:_identify(src/uros/micro-ROS-Agent) by extension 'colcon_pkg'
[0.453s] Level 1:colcon.colcon_core.package_identification:_identify(src/uros/micro-ROS-Agent) by extensions ['colcon_meta']
[0.453s] Level 1:colcon.colcon_core.package_identification:_identify(src/uros/micro-ROS-Agent) by extension 'colcon_meta'
[0.454s] Level 1:colcon.colcon_core.package_identification:_identify(src/uros/micro-ROS-Agent) by extensions ['ros']
[0.454s] Level 1:colcon.colcon_core.package_identification:_identify(src/uros/micro-ROS-Agent) by extension 'ros'
[0.454s] Level 1:colcon.colcon_core.package_identification:_identify(src/uros/micro-ROS-Agent) by extensions ['cmake', 'python']
[0.454s] Level 1:colcon.colcon_core.package_identification:_identify(src/uros/micro-ROS-Agent) by extension 'cmake'
[0.454s] Level 1:colcon.colcon_core.package_identification:_identify(src/uros/micro-ROS-Agent) by extension 'python'
[0.454s] Level 1:colcon.colcon_core.package_identification:_identify(src/uros/micro-ROS-Agent) by extensions ['python_setup_py']
[0.454s] Level 1:colcon.colcon_core.package_identification:_identify(src/uros/micro-ROS-Agent) by extension 'python_setup_py'
[0.454s] Level 1:colcon.colcon_core.package_identification:_identify(src/uros/micro-ROS-Agent/micro_ros_agent) by extensions ['ignore', 'ignore_ament_install']
[0.454s] Level 1:colcon.colcon_core.package_identification:_identify(src/uros/micro-ROS-Agent/micro_ros_agent) by extension 'ignore'
[0.454s] Level 1:colcon.colcon_core.package_identification:_identify(src/uros/micro-ROS-Agent/micro_ros_agent) by extension 'ignore_ament_install'
[0.454s] Level 1:colcon.colcon_core.package_identification:_identify(src/uros/micro-ROS-Agent/micro_ros_agent) by extensions ['colcon_pkg']
[0.454s] Level 1:colcon.colcon_core.package_identification:_identify(src/uros/micro-ROS-Agent/micro_ros_agent) by extension 'colcon_pkg'
[0.455s] Level 1:colcon.colcon_core.package_identification:_identify(src/uros/micro-ROS-Agent/micro_ros_agent) by extensions ['colcon_meta']
[0.455s] Level 1:colcon.colcon_core.package_identification:_identify(src/uros/micro-ROS-Agent/micro_ros_agent) by extension 'colcon_meta'
[0.455s] Level 1:colcon.colcon_core.package_identification:_identify(src/uros/micro-ROS-Agent/micro_ros_agent) by extensions ['ros']
[0.455s] Level 1:colcon.colcon_core.package_identification:_identify(src/uros/micro-ROS-Agent/micro_ros_agent) by extension 'ros'
[0.456s] DEBUG:colcon.colcon_core.package_identification:Package 'src/uros/micro-ROS-Agent/micro_ros_agent' with type 'ros.ament_cmake' and name 'micro_ros_agent'
[0.456s] Level 1:colcon.colcon_core.package_identification:_identify(src/uros/micro-ROS-Agent/snap) by extensions ['ignore', 'ignore_ament_install']
[0.456s] Level 1:colcon.colcon_core.package_identification:_identify(src/uros/micro-ROS-Agent/snap) by extension 'ignore'
[0.456s] Level 1:colcon.colcon_core.package_identification:_identify(src/uros/micro-ROS-Agent/snap) by extension 'ignore_ament_install'
[0.457s] Level 1:colcon.colcon_core.package_identification:_identify(src/uros/micro-ROS-Agent/snap) by extensions ['colcon_pkg']
[0.457s] Level 1:colcon.colcon_core.package_identification:_identify(src/uros/micro-ROS-Agent/snap) by extension 'colcon_pkg'
[0.457s] Level 1:colcon.colcon_core.package_identification:_identify(src/uros/micro-ROS-Agent/snap) by extensions ['colcon_meta']
[0.457s] Level 1:colcon.colcon_core.package_identification:_identify(src/uros/micro-ROS-Agent/snap) by extension 'colcon_meta'
[0.457s] Level 1:colcon.colcon_core.package_identification:_identify(src/uros/micro-ROS-Agent/snap) by extensions ['ros']
[0.457s] Level 1:colcon.colcon_core.package_identification:_identify(src/uros/micro-ROS-Agent/snap) by extension 'ros'
[0.457s] Level 1:colcon.colcon_core.package_identification:_identify(src/uros/micro-ROS-Agent/snap) by extensions ['cmake', 'python']
[0.457s] Level 1:colcon.colcon_core.package_identification:_identify(src/uros/micro-ROS-Agent/snap) by extension 'cmake'
[0.457s] Level 1:colcon.colcon_core.package_identification:_identify(src/uros/micro-ROS-Agent/snap) by extension 'python'
[0.457s] Level 1:colcon.colcon_core.package_identification:_identify(src/uros/micro-ROS-Agent/snap) by extensions ['python_setup_py']
[0.457s] Level 1:colcon.colcon_core.package_identification:_identify(src/uros/micro-ROS-Agent/snap) by extension 'python_setup_py'
[0.457s] Level 1:colcon.colcon_core.package_identification:_identify(src/uros/micro-ROS-Agent/snap/hooks) by extensions ['ignore', 'ignore_ament_install']
[0.458s] Level 1:colcon.colcon_core.package_identification:_identify(src/uros/micro-ROS-Agent/snap/hooks) by extension 'ignore'
[0.458s] Level 1:colcon.colcon_core.package_identification:_identify(src/uros/micro-ROS-Agent/snap/hooks) by extension 'ignore_ament_install'
[0.458s] Level 1:colcon.colcon_core.package_identification:_identify(src/uros/micro-ROS-Agent/snap/hooks) by extensions ['colcon_pkg']
[0.458s] Level 1:colcon.colcon_core.package_identification:_identify(src/uros/micro-ROS-Agent/snap/hooks) by extension 'colcon_pkg'
[0.458s] Level 1:colcon.colcon_core.package_identification:_identify(src/uros/micro-ROS-Agent/snap/hooks) by extensions ['colcon_meta']
[0.458s] Level 1:colcon.colcon_core.package_identification:_identify(src/uros/micro-ROS-Agent/snap/hooks) by extension 'colcon_meta'
[0.458s] Level 1:colcon.colcon_core.package_identification:_identify(src/uros/micro-ROS-Agent/snap/hooks) by extensions ['ros']
[0.458s] Level 1:colcon.colcon_core.package_identification:_identify(src/uros/micro-ROS-Agent/snap/hooks) by extension 'ros'
[0.458s] Level 1:colcon.colcon_core.package_identification:_identify(src/uros/micro-ROS-Agent/snap/hooks) by extensions ['cmake', 'python']
[0.458s] Level 1:colcon.colcon_core.package_identification:_identify(src/uros/micro-ROS-Agent/snap/hooks) by extension 'cmake'
[0.458s] Level 1:colcon.colcon_core.package_identification:_identify(src/uros/micro-ROS-Agent/snap/hooks) by extension 'python'
[0.458s] Level 1:colcon.colcon_core.package_identification:_identify(src/uros/micro-ROS-Agent/snap/hooks) by extensions ['python_setup_py']
[0.458s] Level 1:colcon.colcon_core.package_identification:_identify(src/uros/micro-ROS-Agent/snap/hooks) by extension 'python_setup_py'
[0.458s] Level 1:colcon.colcon_core.package_identification:_identify(src/uros/micro-ROS-Agent/snap/local) by extensions ['ignore', 'ignore_ament_install']
[0.459s] Level 1:colcon.colcon_core.package_identification:_identify(src/uros/micro-ROS-Agent/snap/local) by extension 'ignore'
[0.459s] Level 1:colcon.colcon_core.package_identification:_identify(src/uros/micro-ROS-Agent/snap/local) by extension 'ignore_ament_install'
[0.459s] Level 1:colcon.colcon_core.package_identification:_identify(src/uros/micro-ROS-Agent/snap/local) by extensions ['colcon_pkg']
[0.459s] Level 1:colcon.colcon_core.package_identification:_identify(src/uros/micro-ROS-Agent/snap/local) by extension 'colcon_pkg'
[0.459s] Level 1:colcon.colcon_core.package_identification:_identify(src/uros/micro-ROS-Agent/snap/local) by extensions ['colcon_meta']
[0.459s] Level 1:colcon.colcon_core.package_identification:_identify(src/uros/micro-ROS-Agent/snap/local) by extension 'colcon_meta'
[0.459s] Level 1:colcon.colcon_core.package_identification:_identify(src/uros/micro-ROS-Agent/snap/local) by extensions ['ros']
[0.459s] Level 1:colcon.colcon_core.package_identification:_identify(src/uros/micro-ROS-Agent/snap/local) by extension 'ros'
[0.459s] Level 1:colcon.colcon_core.package_identification:_identify(src/uros/micro-ROS-Agent/snap/local) by extensions ['cmake', 'python']
[0.459s] Level 1:colcon.colcon_core.package_identification:_identify(src/uros/micro-ROS-Agent/snap/local) by extension 'cmake'
[0.459s] Level 1:colcon.colcon_core.package_identification:_identify(src/uros/micro-ROS-Agent/snap/local) by extension 'python'
[0.459s] Level 1:colcon.colcon_core.package_identification:_identify(src/uros/micro-ROS-Agent/snap/local) by extensions ['python_setup_py']
[0.459s] Level 1:colcon.colcon_core.package_identification:_identify(src/uros/micro-ROS-Agent/snap/local) by extension 'python_setup_py'
[0.460s] Level 1:colcon.colcon_core.package_identification:_identify(src/uros/micro_ros_msgs) by extensions ['ignore', 'ignore_ament_install']
[0.460s] Level 1:colcon.colcon_core.package_identification:_identify(src/uros/micro_ros_msgs) by extension 'ignore'
[0.460s] Level 1:colcon.colcon_core.package_identification:_identify(src/uros/micro_ros_msgs) by extension 'ignore_ament_install'
[0.460s] Level 1:colcon.colcon_core.package_identification:_identify(src/uros/micro_ros_msgs) by extensions ['colcon_pkg']
[0.460s] Level 1:colcon.colcon_core.package_identification:_identify(src/uros/micro_ros_msgs) by extension 'colcon_pkg'
[0.460s] Level 1:colcon.colcon_core.package_identification:_identify(src/uros/micro_ros_msgs) by extensions ['colcon_meta']
[0.460s] Level 1:colcon.colcon_core.package_identification:_identify(src/uros/micro_ros_msgs) by extension 'colcon_meta'
[0.460s] Level 1:colcon.colcon_core.package_identification:_identify(src/uros/micro_ros_msgs) by extensions ['ros']
[0.460s] Level 1:colcon.colcon_core.package_identification:_identify(src/uros/micro_ros_msgs) by extension 'ros'
[0.461s] DEBUG:colcon.colcon_core.package_identification:Package 'src/uros/micro_ros_msgs' with type 'ros.ament_cmake' and name 'micro_ros_msgs'
[0.461s] Level 1:colcon.colcon_core.package_discovery:discover_packages(recursive) using defaults
[0.461s] Level 1:colcon.colcon_core.package_discovery:discover_packages(ignore) discover
[0.461s] Level 1:colcon.colcon_core.package_discovery:discover_packages(ignore) using defaults
[0.461s] Level 1:colcon.colcon_core.package_discovery:discover_packages(path) discover
[0.462s] Level 1:colcon.colcon_core.package_discovery:discover_packages(path) using defaults
[0.522s] Level 1:colcon.colcon_core.package_discovery:discover_packages(prefix_path) check parameters
[0.522s] Level 1:colcon.colcon_core.package_discovery:discover_packages(prefix_path) discover
[0.526s] DEBUG:colcon.colcon_installed_package_information.package_discovery:Found 7 installed packages in /home/npicbot/robocon_ws/install
[0.528s] DEBUG:colcon.colcon_installed_package_information.package_discovery:Found 274 installed packages in /opt/ros/humble
[0.530s] Level 1:colcon.colcon_core.package_discovery:discover_packages(prefix_path) using defaults
[0.586s] Level 5:colcon.colcon_core.verb:set package 'micro_ros_msgs' build argument 'cmake_args' from command line to 'None'
[0.586s] Level 5:colcon.colcon_core.verb:set package 'micro_ros_msgs' build argument 'cmake_target' from command line to 'None'
[0.586s] Level 5:colcon.colcon_core.verb:set package 'micro_ros_msgs' build argument 'cmake_target_skip_unavailable' from command line to 'False'
[0.586s] Level 5:colcon.colcon_core.verb:set package 'micro_ros_msgs' build argument 'cmake_clean_cache' from command line to 'False'
[0.586s] Level 5:colcon.colcon_core.verb:set package 'micro_ros_msgs' build argument 'cmake_clean_first' from command line to 'False'
[0.586s] Level 5:colcon.colcon_core.verb:set package 'micro_ros_msgs' build argument 'cmake_force_configure' from command line to 'False'
[0.586s] Level 5:colcon.colcon_core.verb:set package 'micro_ros_msgs' build argument 'ament_cmake_args' from command line to 'None'
[0.586s] Level 5:colcon.colcon_core.verb:set package 'micro_ros_msgs' build argument 'catkin_cmake_args' from command line to 'None'
[0.586s] Level 5:colcon.colcon_core.verb:set package 'micro_ros_msgs' build argument 'catkin_skip_building_tests' from command line to 'False'
[0.586s] DEBUG:colcon.colcon_core.verb:Building package 'micro_ros_msgs' with the following arguments: {'ament_cmake_args': None, 'build_base': '/home/npicbot/robocon_ws/build/micro_ros_msgs', 'catkin_cmake_args': None, 'catkin_skip_building_tests': False, 'cmake_args': None, 'cmake_clean_cache': False, 'cmake_clean_first': False, 'cmake_force_configure': False, 'cmake_target': None, 'cmake_target_skip_unavailable': False, 'install_base': '/home/npicbot/robocon_ws/install/micro_ros_msgs', 'merge_install': False, 'path': '/home/npicbot/robocon_ws/src/uros/micro_ros_msgs', 'symlink_install': False, 'test_result_base': None}
[0.587s] Level 5:colcon.colcon_core.verb:set package 'micro_ros_setup' build argument 'cmake_args' from command line to 'None'
[0.587s] Level 5:colcon.colcon_core.verb:set package 'micro_ros_setup' build argument 'cmake_target' from command line to 'None'
[0.587s] Level 5:colcon.colcon_core.verb:set package 'micro_ros_setup' build argument 'cmake_target_skip_unavailable' from command line to 'False'
[0.587s] Level 5:colcon.colcon_core.verb:set package 'micro_ros_setup' build argument 'cmake_clean_cache' from command line to 'False'
[0.587s] Level 5:colcon.colcon_core.verb:set package 'micro_ros_setup' build argument 'cmake_clean_first' from command line to 'False'
[0.587s] Level 5:colcon.colcon_core.verb:set package 'micro_ros_setup' build argument 'cmake_force_configure' from command line to 'False'
[0.587s] Level 5:colcon.colcon_core.verb:set package 'micro_ros_setup' build argument 'ament_cmake_args' from command line to 'None'
[0.587s] Level 5:colcon.colcon_core.verb:set package 'micro_ros_setup' build argument 'catkin_cmake_args' from command line to 'None'
[0.587s] Level 5:colcon.colcon_core.verb:set package 'micro_ros_setup' build argument 'catkin_skip_building_tests' from command line to 'False'
[0.587s] DEBUG:colcon.colcon_core.verb:Building package 'micro_ros_setup' with the following arguments: {'ament_cmake_args': None, 'build_base': '/home/npicbot/robocon_ws/build/micro_ros_setup', 'catkin_cmake_args': None, 'catkin_skip_building_tests': False, 'cmake_args': None, 'cmake_clean_cache': False, 'cmake_clean_first': False, 'cmake_force_configure': False, 'cmake_target': None, 'cmake_target_skip_unavailable': False, 'install_base': '/home/npicbot/robocon_ws/install/micro_ros_setup', 'merge_install': False, 'path': '/home/npicbot/robocon_ws/src/micro_ros_setup', 'symlink_install': False, 'test_result_base': None}
[0.588s] Level 5:colcon.colcon_core.verb:set package 'robot_base' build argument 'cmake_args' from command line to 'None'
[0.588s] Level 5:colcon.colcon_core.verb:set package 'robot_base' build argument 'cmake_target' from command line to 'None'
[0.588s] Level 5:colcon.colcon_core.verb:set package 'robot_base' build argument 'cmake_target_skip_unavailable' from command line to 'False'
[0.588s] Level 5:colcon.colcon_core.verb:set package 'robot_base' build argument 'cmake_clean_cache' from command line to 'False'
[0.588s] Level 5:colcon.colcon_core.verb:set package 'robot_base' build argument 'cmake_clean_first' from command line to 'False'
[0.588s] Level 5:colcon.colcon_core.verb:set package 'robot_base' build argument 'cmake_force_configure' from command line to 'False'
[0.588s] Level 5:colcon.colcon_core.verb:set package 'robot_base' build argument 'ament_cmake_args' from command line to 'None'
[0.588s] Level 5:colcon.colcon_core.verb:set package 'robot_base' build argument 'catkin_cmake_args' from command line to 'None'
[0.588s] Level 5:colcon.colcon_core.verb:set package 'robot_base' build argument 'catkin_skip_building_tests' from command line to 'False'
[0.588s] DEBUG:colcon.colcon_core.verb:Building package 'robot_base' with the following arguments: {'ament_cmake_args': None, 'build_base': '/home/npicbot/robocon_ws/build/robot_base', 'catkin_cmake_args': None, 'catkin_skip_building_tests': False, 'cmake_args': None, 'cmake_clean_cache': False, 'cmake_clean_first': False, 'cmake_force_configure': False, 'cmake_target': None, 'cmake_target_skip_unavailable': False, 'install_base': '/home/npicbot/robocon_ws/install/robot_base', 'merge_install': False, 'path': '/home/npicbot/robocon_ws/src/robot_base', 'symlink_install': False, 'test_result_base': None}
[0.589s] Level 5:colcon.colcon_core.verb:set package 'robot_command' build argument 'cmake_args' from command line to 'None'
[0.589s] Level 5:colcon.colcon_core.verb:set package 'robot_command' build argument 'cmake_target' from command line to 'None'
[0.589s] Level 5:colcon.colcon_core.verb:set package 'robot_command' build argument 'cmake_target_skip_unavailable' from command line to 'False'
[0.589s] Level 5:colcon.colcon_core.verb:set package 'robot_command' build argument 'cmake_clean_cache' from command line to 'False'
[0.589s] Level 5:colcon.colcon_core.verb:set package 'robot_command' build argument 'cmake_clean_first' from command line to 'False'
[0.589s] Level 5:colcon.colcon_core.verb:set package 'robot_command' build argument 'cmake_force_configure' from command line to 'False'
[0.589s] Level 5:colcon.colcon_core.verb:set package 'robot_command' build argument 'ament_cmake_args' from command line to 'None'
[0.589s] Level 5:colcon.colcon_core.verb:set package 'robot_command' build argument 'catkin_cmake_args' from command line to 'None'
[0.589s] Level 5:colcon.colcon_core.verb:set package 'robot_command' build argument 'catkin_skip_building_tests' from command line to 'False'
[0.589s] DEBUG:colcon.colcon_core.verb:Building package 'robot_command' with the following arguments: {'ament_cmake_args': None, 'build_base': '/home/npicbot/robocon_ws/build/robot_command', 'catkin_cmake_args': None, 'catkin_skip_building_tests': False, 'cmake_args': None, 'cmake_clean_cache': False, 'cmake_clean_first': False, 'cmake_force_configure': False, 'cmake_target': None, 'cmake_target_skip_unavailable': False, 'install_base': '/home/npicbot/robocon_ws/install/robot_command', 'merge_install': False, 'path': '/home/npicbot/robocon_ws/src/robot_command', 'symlink_install': False, 'test_result_base': None}
[0.590s] Level 5:colcon.colcon_core.verb:set package 'robot_intelligent' build argument 'cmake_args' from command line to 'None'
[0.590s] Level 5:colcon.colcon_core.verb:set package 'robot_intelligent' build argument 'cmake_target' from command line to 'None'
[0.590s] Level 5:colcon.colcon_core.verb:set package 'robot_intelligent' build argument 'cmake_target_skip_unavailable' from command line to 'False'
[0.590s] Level 5:colcon.colcon_core.verb:set package 'robot_intelligent' build argument 'cmake_clean_cache' from command line to 'False'
[0.590s] Level 5:colcon.colcon_core.verb:set package 'robot_intelligent' build argument 'cmake_clean_first' from command line to 'False'
[0.590s] Level 5:colcon.colcon_core.verb:set package 'robot_intelligent' build argument 'cmake_force_configure' from command line to 'False'
[0.590s] Level 5:colcon.colcon_core.verb:set package 'robot_intelligent' build argument 'ament_cmake_args' from command line to 'None'
[0.590s] Level 5:colcon.colcon_core.verb:set package 'robot_intelligent' build argument 'catkin_cmake_args' from command line to 'None'
[0.590s] Level 5:colcon.colcon_core.verb:set package 'robot_intelligent' build argument 'catkin_skip_building_tests' from command line to 'False'
[0.590s] DEBUG:colcon.colcon_core.verb:Building package 'robot_intelligent' with the following arguments: {'ament_cmake_args': None, 'build_base': '/home/npicbot/robocon_ws/build/robot_intelligent', 'catkin_cmake_args': None, 'catkin_skip_building_tests': False, 'cmake_args': None, 'cmake_clean_cache': False, 'cmake_clean_first': False, 'cmake_force_configure': False, 'cmake_target': None, 'cmake_target_skip_unavailable': False, 'install_base': '/home/npicbot/robocon_ws/install/robot_intelligent', 'merge_install': False, 'path': '/home/npicbot/robocon_ws/src/robot_intelligent', 'symlink_install': False, 'test_result_base': None}
[0.590s] Level 5:colcon.colcon_core.verb:set package 'robot_localization' build argument 'cmake_args' from command line to 'None'
[0.590s] Level 5:colcon.colcon_core.verb:set package 'robot_localization' build argument 'cmake_target' from command line to 'None'
[0.590s] Level 5:colcon.colcon_core.verb:set package 'robot_localization' build argument 'cmake_target_skip_unavailable' from command line to 'False'
[0.591s] Level 5:colcon.colcon_core.verb:set package 'robot_localization' build argument 'cmake_clean_cache' from command line to 'False'
[0.591s] Level 5:colcon.colcon_core.verb:set package 'robot_localization' build argument 'cmake_clean_first' from command line to 'False'
[0.591s] Level 5:colcon.colcon_core.verb:set package 'robot_localization' build argument 'cmake_force_configure' from command line to 'False'
[0.591s] Level 5:colcon.colcon_core.verb:set package 'robot_localization' build argument 'ament_cmake_args' from command line to 'None'
[0.591s] Level 5:colcon.colcon_core.verb:set package 'robot_localization' build argument 'catkin_cmake_args' from command line to 'None'
[0.591s] Level 5:colcon.colcon_core.verb:set package 'robot_localization' build argument 'catkin_skip_building_tests' from command line to 'False'
[0.591s] DEBUG:colcon.colcon_core.verb:Building package 'robot_localization' with the following arguments: {'ament_cmake_args': None, 'build_base': '/home/npicbot/robocon_ws/build/robot_localization', 'catkin_cmake_args': None, 'catkin_skip_building_tests': False, 'cmake_args': None, 'cmake_clean_cache': False, 'cmake_clean_first': False, 'cmake_force_configure': False, 'cmake_target': None, 'cmake_target_skip_unavailable': False, 'install_base': '/home/npicbot/robocon_ws/install/robot_localization', 'merge_install': False, 'path': '/home/npicbot/robocon_ws/src/robot_localization', 'symlink_install': False, 'test_result_base': None}
[0.591s] Level 5:colcon.colcon_core.verb:set package 'micro_ros_agent' build argument 'cmake_args' from command line to 'None'
[0.591s] Level 5:colcon.colcon_core.verb:set package 'micro_ros_agent' build argument 'cmake_target' from command line to 'None'
[0.591s] Level 5:colcon.colcon_core.verb:set package 'micro_ros_agent' build argument 'cmake_target_skip_unavailable' from command line to 'False'
[0.591s] Level 5:colcon.colcon_core.verb:set package 'micro_ros_agent' build argument 'cmake_clean_cache' from command line to 'False'
[0.591s] Level 5:colcon.colcon_core.verb:set package 'micro_ros_agent' build argument 'cmake_clean_first' from command line to 'False'
[0.591s] Level 5:colcon.colcon_core.verb:set package 'micro_ros_agent' build argument 'cmake_force_configure' from command line to 'False'
[0.591s] Level 5:colcon.colcon_core.verb:set package 'micro_ros_agent' build argument 'ament_cmake_args' from command line to 'None'
[0.592s] Level 5:colcon.colcon_core.verb:set package 'micro_ros_agent' build argument 'catkin_cmake_args' from command line to 'None'
[0.592s] Level 5:colcon.colcon_core.verb:set package 'micro_ros_agent' build argument 'catkin_skip_building_tests' from command line to 'False'
[0.592s] DEBUG:colcon.colcon_core.verb:Building package 'micro_ros_agent' with the following arguments: {'ament_cmake_args': None, 'build_base': '/home/npicbot/robocon_ws/build/micro_ros_agent', 'catkin_cmake_args': None, 'catkin_skip_building_tests': False, 'cmake_args': None, 'cmake_clean_cache': False, 'cmake_clean_first': False, 'cmake_force_configure': False, 'cmake_target': None, 'cmake_target_skip_unavailable': False, 'install_base': '/home/npicbot/robocon_ws/install/micro_ros_agent', 'merge_install': False, 'path': '/home/npicbot/robocon_ws/src/uros/micro-ROS-Agent/micro_ros_agent', 'symlink_install': False, 'test_result_base': None}
[0.592s] INFO:colcon.colcon_core.executor:Executing jobs using 'parallel' executor
[0.594s] DEBUG:colcon.colcon_parallel_executor.executor.parallel:run_until_complete
[0.595s] INFO:colcon.colcon_ros.task.ament_cmake.build:Building ROS package in '/home/npicbot/robocon_ws/src/uros/micro_ros_msgs' with build type 'ament_cmake'
[0.595s] INFO:colcon.colcon_cmake.task.cmake.build:Building CMake package in '/home/npicbot/robocon_ws/src/uros/micro_ros_msgs'
[0.599s] INFO:colcon.colcon_core.plugin_system:Skipping extension 'colcon_core.shell.bat': Not used on non-Windows systems
[0.599s] INFO:colcon.colcon_core.shell:Skip shell extension 'powershell' for command environment: Not usable outside of PowerShell
[0.599s] DEBUG:colcon.colcon_core.shell:Skip shell extension 'dsv' for command environment
[0.605s] INFO:colcon.colcon_ros.task.ament_cmake.build:Building ROS package in '/home/npicbot/robocon_ws/src/micro_ros_setup' with build type 'ament_cmake'
[0.606s] INFO:colcon.colcon_cmake.task.cmake.build:Building CMake package in '/home/npicbot/robocon_ws/src/micro_ros_setup'
[0.606s] INFO:colcon.colcon_core.shell:Skip shell extension 'powershell' for command environment: Not usable outside of PowerShell
[0.606s] DEBUG:colcon.colcon_core.shell:Skip shell extension 'dsv' for command environment
[0.612s] INFO:colcon.colcon_ros.task.ament_cmake.build:Building ROS package in '/home/npicbot/robocon_ws/src/robot_base' with build type 'ament_cmake'
[0.613s] INFO:colcon.colcon_cmake.task.cmake.build:Building CMake package in '/home/npicbot/robocon_ws/src/robot_base'
[0.613s] INFO:colcon.colcon_core.shell:Skip shell extension 'powershell' for command environment: Not usable outside of PowerShell
[0.613s] DEBUG:colcon.colcon_core.shell:Skip shell extension 'dsv' for command environment
[0.619s] INFO:colcon.colcon_ros.task.ament_cmake.build:Building ROS package in '/home/npicbot/robocon_ws/src/robot_command' with build type 'ament_cmake'
[0.619s] INFO:colcon.colcon_cmake.task.cmake.build:Building CMake package in '/home/npicbot/robocon_ws/src/robot_command'
[0.619s] INFO:colcon.colcon_core.shell:Skip shell extension 'powershell' for command environment: Not usable outside of PowerShell
[0.620s] DEBUG:colcon.colcon_core.shell:Skip shell extension 'dsv' for command environment
[0.625s] INFO:colcon.colcon_ros.task.ament_cmake.build:Building ROS package in '/home/npicbot/robocon_ws/src/robot_intelligent' with build type 'ament_cmake'
[0.626s] INFO:colcon.colcon_cmake.task.cmake.build:Building CMake package in '/home/npicbot/robocon_ws/src/robot_intelligent'
[0.626s] INFO:colcon.colcon_core.shell:Skip shell extension 'powershell' for command environment: Not usable outside of PowerShell
[0.626s] DEBUG:colcon.colcon_core.shell:Skip shell extension 'dsv' for command environment
[0.632s] INFO:colcon.colcon_ros.task.ament_cmake.build:Building ROS package in '/home/npicbot/robocon_ws/src/robot_localization' with build type 'ament_cmake'
[0.633s] INFO:colcon.colcon_cmake.task.cmake.build:Building CMake package in '/home/npicbot/robocon_ws/src/robot_localization'
[0.633s] INFO:colcon.colcon_core.shell:Skip shell extension 'powershell' for command environment: Not usable outside of PowerShell
[0.634s] DEBUG:colcon.colcon_core.shell:Skip shell extension 'dsv' for command environment
[0.650s] DEBUG:colcon.colcon_core.event_handler.log_command:Invoking command in '/home/npicbot/robocon_ws/build/micro_ros_msgs': CMAKE_PREFIX_PATH=${CMAKE_PREFIX_PATH}:/opt/ros/humble /usr/bin/cmake --build /home/npicbot/robocon_ws/build/micro_ros_msgs -- -j12 -l12
[0.656s] DEBUG:colcon.colcon_core.event_handler.log_command:Invoking command in '/home/npicbot/robocon_ws/build/micro_ros_setup': CMAKE_PREFIX_PATH=${CMAKE_PREFIX_PATH}:/opt/ros/humble /usr/bin/cmake --build /home/npicbot/robocon_ws/build/micro_ros_setup -- -j12 -l12
[0.662s] DEBUG:colcon.colcon_core.event_handler.log_command:Invoking command in '/home/npicbot/robocon_ws/build/robot_base': CMAKE_PREFIX_PATH=${CMAKE_PREFIX_PATH}:/opt/ros/humble /usr/bin/cmake --build /home/npicbot/robocon_ws/build/robot_base -- -j12 -l12
[0.667s] DEBUG:colcon.colcon_core.event_handler.log_command:Invoking command in '/home/npicbot/robocon_ws/build/robot_command': CMAKE_PREFIX_PATH=${CMAKE_PREFIX_PATH}:/opt/ros/humble /usr/bin/cmake --build /home/npicbot/robocon_ws/build/robot_command -- -j12 -l12
[0.675s] DEBUG:colcon.colcon_core.event_handler.log_command:Invoking command in '/home/npicbot/robocon_ws/build/robot_intelligent': CMAKE_PREFIX_PATH=${CMAKE_PREFIX_PATH}:/opt/ros/humble /usr/bin/cmake --build /home/npicbot/robocon_ws/build/robot_intelligent -- -j12 -l12
[0.685s] DEBUG:colcon.colcon_core.event_handler.log_command:Invoking command in '/home/npicbot/robocon_ws/build/robot_localization': CMAKE_PREFIX_PATH=${CMAKE_PREFIX_PATH}:/opt/ros/humble /usr/bin/cmake --build /home/npicbot/robocon_ws/build/robot_localization -- -j12 -l12
[0.713s] DEBUG:colcon.colcon_core.event_handler.log_command:Invoked command in '/home/npicbot/robocon_ws/build/micro_ros_setup' returned '0': CMAKE_PREFIX_PATH=${CMAKE_PREFIX_PATH}:/opt/ros/humble /usr/bin/cmake --build /home/npicbot/robocon_ws/build/micro_ros_setup -- -j12 -l12
[0.808s] DEBUG:colcon.colcon_core.event_handler.log_command:Invoking command in '/home/npicbot/robocon_ws/build/micro_ros_setup': CMAKE_PREFIX_PATH=${CMAKE_PREFIX_PATH}:/opt/ros/humble /usr/bin/cmake --install /home/npicbot/robocon_ws/build/micro_ros_setup
[0.816s] DEBUG:colcon.colcon_core.event_handler.log_command:Invoked command in '/home/npicbot/robocon_ws/build/robot_intelligent' returned '0': CMAKE_PREFIX_PATH=${CMAKE_PREFIX_PATH}:/opt/ros/humble /usr/bin/cmake --build /home/npicbot/robocon_ws/build/robot_intelligent -- -j12 -l12
[0.848s] Level 1:colcon.colcon_core.environment:create_environment_scripts_only(micro_ros_setup)
[0.856s] Level 1:colcon.colcon_core.environment:checking '/home/npicbot/robocon_ws/install/micro_ros_setup' for CMake module files
[0.859s] Level 1:colcon.colcon_core.environment:checking '/home/npicbot/robocon_ws/install/micro_ros_setup' for CMake config files
[0.860s] Level 1:colcon.colcon_core.shell:create_environment_hook('micro_ros_setup', 'cmake_prefix_path')
[0.861s] INFO:colcon.colcon_core.shell:Creating environment hook '/home/npicbot/robocon_ws/install/micro_ros_setup/share/micro_ros_setup/hook/cmake_prefix_path.ps1'
[0.863s] DEBUG:colcon.colcon_core.event_handler.log_command:Invoked command in '/home/npicbot/robocon_ws/build/robot_localization' returned '0': CMAKE_PREFIX_PATH=${CMAKE_PREFIX_PATH}:/opt/ros/humble /usr/bin/cmake --build /home/npicbot/robocon_ws/build/robot_localization -- -j12 -l12
[0.866s] INFO:colcon.colcon_core.shell:Creating environment descriptor '/home/npicbot/robocon_ws/install/micro_ros_setup/share/micro_ros_setup/hook/cmake_prefix_path.dsv'
[0.868s] DEBUG:colcon.colcon_core.event_handler.log_command:Invoked command in '/home/npicbot/robocon_ws/build/micro_ros_setup' returned '0': CMAKE_PREFIX_PATH=${CMAKE_PREFIX_PATH}:/opt/ros/humble /usr/bin/cmake --install /home/npicbot/robocon_ws/build/micro_ros_setup
[0.870s] INFO:colcon.colcon_core.shell:Creating environment hook '/home/npicbot/robocon_ws/install/micro_ros_setup/share/micro_ros_setup/hook/cmake_prefix_path.sh'
[0.873s] Level 1:colcon.colcon_core.environment:checking '/home/npicbot/robocon_ws/install/micro_ros_setup/lib'
[0.874s] Level 1:colcon.colcon_core.environment:checking '/home/npicbot/robocon_ws/install/micro_ros_setup/bin'
[0.874s] Level 1:colcon.colcon_core.environment:checking '/home/npicbot/robocon_ws/install/micro_ros_setup/lib/pkgconfig/micro_ros_setup.pc'
[0.875s] Level 1:colcon.colcon_core.environment:checking '/home/npicbot/robocon_ws/install/micro_ros_setup/lib/python3.10/site-packages'
[0.875s] Level 1:colcon.colcon_core.environment:checking '/home/npicbot/robocon_ws/install/micro_ros_setup/bin'
[0.876s] INFO:colcon.colcon_core.shell:Creating package script '/home/npicbot/robocon_ws/install/micro_ros_setup/share/micro_ros_setup/package.ps1'
[0.878s] INFO:colcon.colcon_core.shell:Creating package descriptor '/home/npicbot/robocon_ws/install/micro_ros_setup/share/micro_ros_setup/package.dsv'
[0.879s] INFO:colcon.colcon_core.shell:Creating package script '/home/npicbot/robocon_ws/install/micro_ros_setup/share/micro_ros_setup/package.sh'
[0.880s] INFO:colcon.colcon_core.shell:Creating package script '/home/npicbot/robocon_ws/install/micro_ros_setup/share/micro_ros_setup/package.bash'
[0.882s] INFO:colcon.colcon_core.shell:Creating package script '/home/npicbot/robocon_ws/install/micro_ros_setup/share/micro_ros_setup/package.zsh'
[0.883s] Level 1:colcon.colcon_core.environment:create_file_with_runtime_dependencies(/home/npicbot/robocon_ws/install/micro_ros_setup/share/colcon-core/packages/micro_ros_setup)
[0.891s] DEBUG:colcon.colcon_core.event_handler.log_command:Invoking command in '/home/npicbot/robocon_ws/build/robot_intelligent': CMAKE_PREFIX_PATH=${CMAKE_PREFIX_PATH}:/opt/ros/humble /usr/bin/cmake --install /home/npicbot/robocon_ws/build/robot_intelligent
[0.893s] DEBUG:colcon.colcon_core.event_handler.log_command:Invoking command in '/home/npicbot/robocon_ws/build/robot_localization': CMAKE_PREFIX_PATH=${CMAKE_PREFIX_PATH}:/opt/ros/humble /usr/bin/cmake --install /home/npicbot/robocon_ws/build/robot_localization
[0.913s] Level 1:colcon.colcon_core.environment:create_environment_scripts_only(robot_localization)
[0.913s] Level 1:colcon.colcon_core.environment:checking '/home/npicbot/robocon_ws/install/robot_localization' for CMake module files
[0.914s] Level 1:colcon.colcon_core.environment:checking '/home/npicbot/robocon_ws/install/robot_localization' for CMake config files
[0.915s] DEBUG:colcon.colcon_core.event_handler.log_command:Invoked command in '/home/npicbot/robocon_ws/build/robot_localization' returned '0': CMAKE_PREFIX_PATH=${CMAKE_PREFIX_PATH}:/opt/ros/humble /usr/bin/cmake --install /home/npicbot/robocon_ws/build/robot_localization
[0.916s] Level 1:colcon.colcon_core.shell:create_environment_hook('robot_localization', 'cmake_prefix_path')
[0.917s] INFO:colcon.colcon_core.shell:Creating environment hook '/home/npicbot/robocon_ws/install/robot_localization/share/robot_localization/hook/cmake_prefix_path.ps1'
[0.919s] INFO:colcon.colcon_core.shell:Creating environment descriptor '/home/npicbot/robocon_ws/install/robot_localization/share/robot_localization/hook/cmake_prefix_path.dsv'
[0.919s] INFO:colcon.colcon_core.shell:Creating environment hook '/home/npicbot/robocon_ws/install/robot_localization/share/robot_localization/hook/cmake_prefix_path.sh'
[0.922s] Level 1:colcon.colcon_core.environment:checking '/home/npicbot/robocon_ws/install/robot_localization/lib'
[0.922s] Level 1:colcon.colcon_core.environment:checking '/home/npicbot/robocon_ws/install/robot_localization/bin'
[0.922s] Level 1:colcon.colcon_core.environment:checking '/home/npicbot/robocon_ws/install/robot_localization/lib/pkgconfig/robot_localization.pc'
[0.923s] Level 1:colcon.colcon_core.environment:checking '/home/npicbot/robocon_ws/install/robot_localization/lib/python3.10/site-packages'
[0.923s] Level 1:colcon.colcon_core.environment:checking '/home/npicbot/robocon_ws/install/robot_localization/bin'
[0.924s] INFO:colcon.colcon_core.shell:Creating package script '/home/npicbot/robocon_ws/install/robot_localization/share/robot_localization/package.ps1'
[0.925s] INFO:colcon.colcon_core.shell:Creating package descriptor '/home/npicbot/robocon_ws/install/robot_localization/share/robot_localization/package.dsv'
[0.926s] INFO:colcon.colcon_core.shell:Creating package script '/home/npicbot/robocon_ws/install/robot_localization/share/robot_localization/package.sh'
[0.927s] INFO:colcon.colcon_core.shell:Creating package script '/home/npicbot/robocon_ws/install/robot_localization/share/robot_localization/package.bash'
[0.928s] INFO:colcon.colcon_core.shell:Creating package script '/home/npicbot/robocon_ws/install/robot_localization/share/robot_localization/package.zsh'
[0.928s] Level 1:colcon.colcon_core.environment:create_file_with_runtime_dependencies(/home/npicbot/robocon_ws/install/robot_localization/share/colcon-core/packages/robot_localization)
[0.934s] Level 1:colcon.colcon_core.environment:create_environment_scripts_only(robot_intelligent)
[0.935s] Level 1:colcon.colcon_core.environment:checking '/home/npicbot/robocon_ws/install/robot_intelligent' for CMake module files
[0.936s] DEBUG:colcon.colcon_core.event_handler.log_command:Invoked command in '/home/npicbot/robocon_ws/build/robot_intelligent' returned '0': CMAKE_PREFIX_PATH=${CMAKE_PREFIX_PATH}:/opt/ros/humble /usr/bin/cmake --install /home/npicbot/robocon_ws/build/robot_intelligent
[0.936s] Level 1:colcon.colcon_core.environment:checking '/home/npicbot/robocon_ws/install/robot_intelligent' for CMake config files
[0.937s] Level 1:colcon.colcon_core.shell:create_environment_hook('robot_intelligent', 'cmake_prefix_path')
[0.937s] INFO:colcon.colcon_core.shell:Creating environment hook '/home/npicbot/robocon_ws/install/robot_intelligent/share/robot_intelligent/hook/cmake_prefix_path.ps1'
[0.938s] INFO:colcon.colcon_core.shell:Creating environment descriptor '/home/npicbot/robocon_ws/install/robot_intelligent/share/robot_intelligent/hook/cmake_prefix_path.dsv'
[0.939s] INFO:colcon.colcon_core.shell:Creating environment hook '/home/npicbot/robocon_ws/install/robot_intelligent/share/robot_intelligent/hook/cmake_prefix_path.sh'
[0.941s] Level 1:colcon.colcon_core.environment:checking '/home/npicbot/robocon_ws/install/robot_intelligent/lib'
[0.941s] Level 1:colcon.colcon_core.environment:checking '/home/npicbot/robocon_ws/install/robot_intelligent/bin'
[0.941s] Level 1:colcon.colcon_core.environment:checking '/home/npicbot/robocon_ws/install/robot_intelligent/lib/pkgconfig/robot_intelligent.pc'
[0.941s] Level 1:colcon.colcon_core.environment:checking '/home/npicbot/robocon_ws/install/robot_intelligent/lib/python3.10/site-packages'
[0.942s] Level 1:colcon.colcon_core.environment:checking '/home/npicbot/robocon_ws/install/robot_intelligent/bin'
[0.942s] INFO:colcon.colcon_core.shell:Creating package script '/home/npicbot/robocon_ws/install/robot_intelligent/share/robot_intelligent/package.ps1'
[0.943s] INFO:colcon.colcon_core.shell:Creating package descriptor '/home/npicbot/robocon_ws/install/robot_intelligent/share/robot_intelligent/package.dsv'
[0.945s] INFO:colcon.colcon_core.shell:Creating package script '/home/npicbot/robocon_ws/install/robot_intelligent/share/robot_intelligent/package.sh'
[0.945s] INFO:colcon.colcon_core.shell:Creating package script '/home/npicbot/robocon_ws/install/robot_intelligent/share/robot_intelligent/package.bash'
[0.946s] INFO:colcon.colcon_core.shell:Creating package script '/home/npicbot/robocon_ws/install/robot_intelligent/share/robot_intelligent/package.zsh'
[0.947s] Level 1:colcon.colcon_core.environment:create_file_with_runtime_dependencies(/home/npicbot/robocon_ws/install/robot_intelligent/share/colcon-core/packages/robot_intelligent)
[0.950s] Level 1:colcon.colcon_core.environment:create_environment_scripts_only(micro_ros_setup)
[0.950s] Level 1:colcon.colcon_core.environment:checking '/home/npicbot/robocon_ws/install/micro_ros_setup' for CMake module files
[0.951s] Level 1:colcon.colcon_core.environment:checking '/home/npicbot/robocon_ws/install/micro_ros_setup' for CMake config files
[0.951s] Level 1:colcon.colcon_core.shell:create_environment_hook('micro_ros_setup', 'cmake_prefix_path')
[0.952s] INFO:colcon.colcon_core.shell:Creating environment hook '/home/npicbot/robocon_ws/install/micro_ros_setup/share/micro_ros_setup/hook/cmake_prefix_path.ps1'
[0.953s] INFO:colcon.colcon_core.shell:Creating environment descriptor '/home/npicbot/robocon_ws/install/micro_ros_setup/share/micro_ros_setup/hook/cmake_prefix_path.dsv'
[0.954s] INFO:colcon.colcon_core.shell:Creating environment hook '/home/npicbot/robocon_ws/install/micro_ros_setup/share/micro_ros_setup/hook/cmake_prefix_path.sh'
[0.955s] Level 1:colcon.colcon_core.environment:checking '/home/npicbot/robocon_ws/install/micro_ros_setup/lib'
[0.956s] Level 1:colcon.colcon_core.environment:checking '/home/npicbot/robocon_ws/install/micro_ros_setup/bin'
[0.956s] Level 1:colcon.colcon_core.environment:checking '/home/npicbot/robocon_ws/install/micro_ros_setup/lib/pkgconfig/micro_ros_setup.pc'
[0.956s] Level 1:colcon.colcon_core.environment:checking '/home/npicbot/robocon_ws/install/micro_ros_setup/lib/python3.10/site-packages'
[0.957s] Level 1:colcon.colcon_core.environment:checking '/home/npicbot/robocon_ws/install/micro_ros_setup/bin'
[0.957s] INFO:colcon.colcon_core.shell:Creating package script '/home/npicbot/robocon_ws/install/micro_ros_setup/share/micro_ros_setup/package.ps1'
[0.959s] INFO:colcon.colcon_core.shell:Creating package descriptor '/home/npicbot/robocon_ws/install/micro_ros_setup/share/micro_ros_setup/package.dsv'
[0.960s] INFO:colcon.colcon_core.shell:Creating package script '/home/npicbot/robocon_ws/install/micro_ros_setup/share/micro_ros_setup/package.sh'
[0.961s] INFO:colcon.colcon_core.shell:Creating package script '/home/npicbot/robocon_ws/install/micro_ros_setup/share/micro_ros_setup/package.bash'
[0.962s] INFO:colcon.colcon_core.shell:Creating package script '/home/npicbot/robocon_ws/install/micro_ros_setup/share/micro_ros_setup/package.zsh'
[0.963s] Level 1:colcon.colcon_core.environment:create_file_with_runtime_dependencies(/home/npicbot/robocon_ws/install/micro_ros_setup/share/colcon-core/packages/micro_ros_setup)
[0.996s] Level 1:colcon.colcon_core.environment:create_environment_scripts_only(robot_intelligent)
[0.996s] Level 1:colcon.colcon_core.environment:checking '/home/npicbot/robocon_ws/install/robot_intelligent' for CMake module files
[0.997s] Level 1:colcon.colcon_core.environment:checking '/home/npicbot/robocon_ws/install/robot_intelligent' for CMake config files
[0.998s] Level 1:colcon.colcon_core.shell:create_environment_hook('robot_intelligent', 'cmake_prefix_path')
[0.998s] INFO:colcon.colcon_core.shell:Creating environment hook '/home/npicbot/robocon_ws/install/robot_intelligent/share/robot_intelligent/hook/cmake_prefix_path.ps1'
[0.999s] INFO:colcon.colcon_core.shell:Creating environment descriptor '/home/npicbot/robocon_ws/install/robot_intelligent/share/robot_intelligent/hook/cmake_prefix_path.dsv'
[1.000s] INFO:colcon.colcon_core.shell:Creating environment hook '/home/npicbot/robocon_ws/install/robot_intelligent/share/robot_intelligent/hook/cmake_prefix_path.sh'
[1.003s] Level 1:colcon.colcon_core.environment:checking '/home/npicbot/robocon_ws/install/robot_intelligent/lib'
[1.003s] Level 1:colcon.colcon_core.environment:checking '/home/npicbot/robocon_ws/install/robot_intelligent/bin'
[1.004s] Level 1:colcon.colcon_core.environment:checking '/home/npicbot/robocon_ws/install/robot_intelligent/lib/pkgconfig/robot_intelligent.pc'
[1.004s] Level 1:colcon.colcon_core.environment:checking '/home/npicbot/robocon_ws/install/robot_intelligent/lib/python3.10/site-packages'
[1.005s] Level 1:colcon.colcon_core.environment:checking '/home/npicbot/robocon_ws/install/robot_intelligent/bin'
[1.006s] INFO:colcon.colcon_core.shell:Creating package script '/home/npicbot/robocon_ws/install/robot_intelligent/share/robot_intelligent/package.ps1'
[1.007s] INFO:colcon.colcon_core.shell:Creating package descriptor '/home/npicbot/robocon_ws/install/robot_intelligent/share/robot_intelligent/package.dsv'
[1.009s] INFO:colcon.colcon_core.shell:Creating package script '/home/npicbot/robocon_ws/install/robot_intelligent/share/robot_intelligent/package.sh'
[1.010s] INFO:colcon.colcon_core.shell:Creating package script '/home/npicbot/robocon_ws/install/robot_intelligent/share/robot_intelligent/package.bash'
[1.011s] INFO:colcon.colcon_core.shell:Creating package script '/home/npicbot/robocon_ws/install/robot_intelligent/share/robot_intelligent/package.zsh'
[1.012s] Level 1:colcon.colcon_core.environment:create_file_with_runtime_dependencies(/home/npicbot/robocon_ws/install/robot_intelligent/share/colcon-core/packages/robot_intelligent)
[1.014s] Level 1:colcon.colcon_core.environment:create_environment_scripts_only(robot_localization)
[1.014s] Level 1:colcon.colcon_core.environment:checking '/home/npicbot/robocon_ws/install/robot_localization' for CMake module files
[1.015s] Level 1:colcon.colcon_core.environment:checking '/home/npicbot/robocon_ws/install/robot_localization' for CMake config files
[1.016s] Level 1:colcon.colcon_core.shell:create_environment_hook('robot_localization', 'cmake_prefix_path')
[1.016s] INFO:colcon.colcon_core.shell:Creating environment hook '/home/npicbot/robocon_ws/install/robot_localization/share/robot_localization/hook/cmake_prefix_path.ps1'
[1.017s] INFO:colcon.colcon_core.shell:Creating environment descriptor '/home/npicbot/robocon_ws/install/robot_localization/share/robot_localization/hook/cmake_prefix_path.dsv'
[1.018s] INFO:colcon.colcon_core.shell:Creating environment hook '/home/npicbot/robocon_ws/install/robot_localization/share/robot_localization/hook/cmake_prefix_path.sh'
[1.019s] Level 1:colcon.colcon_core.environment:checking '/home/npicbot/robocon_ws/install/robot_localization/lib'
[1.019s] Level 1:colcon.colcon_core.environment:checking '/home/npicbot/robocon_ws/install/robot_localization/bin'
[1.019s] Level 1:colcon.colcon_core.environment:checking '/home/npicbot/robocon_ws/install/robot_localization/lib/pkgconfig/robot_localization.pc'
[1.020s] Level 1:colcon.colcon_core.environment:checking '/home/npicbot/robocon_ws/install/robot_localization/lib/python3.10/site-packages'
[1.020s] Level 1:colcon.colcon_core.environment:checking '/home/npicbot/robocon_ws/install/robot_localization/bin'
[1.021s] INFO:colcon.colcon_core.shell:Creating package script '/home/npicbot/robocon_ws/install/robot_localization/share/robot_localization/package.ps1'
[1.022s] INFO:colcon.colcon_core.shell:Creating package descriptor '/home/npicbot/robocon_ws/install/robot_localization/share/robot_localization/package.dsv'
[1.022s] INFO:colcon.colcon_core.shell:Creating package script '/home/npicbot/robocon_ws/install/robot_localization/share/robot_localization/package.sh'
[1.023s] INFO:colcon.colcon_core.shell:Creating package script '/home/npicbot/robocon_ws/install/robot_localization/share/robot_localization/package.bash'
[1.024s] INFO:colcon.colcon_core.shell:Creating package script '/home/npicbot/robocon_ws/install/robot_localization/share/robot_localization/package.zsh'
[1.025s] Level 1:colcon.colcon_core.environment:create_file_with_runtime_dependencies(/home/npicbot/robocon_ws/install/robot_localization/share/colcon-core/packages/robot_localization)
[1.277s] DEBUG:colcon.colcon_core.event_handler.log_command:Invoked command in '/home/npicbot/robocon_ws/build/robot_base' returned '0': CMAKE_PREFIX_PATH=${CMAKE_PREFIX_PATH}:/opt/ros/humble /usr/bin/cmake --build /home/npicbot/robocon_ws/build/robot_base -- -j12 -l12
[1.317s] DEBUG:colcon.colcon_core.event_handler.log_command:Invoked command in '/home/npicbot/robocon_ws/build/micro_ros_msgs' returned '0': CMAKE_PREFIX_PATH=${CMAKE_PREFIX_PATH}:/opt/ros/humble /usr/bin/cmake --build /home/npicbot/robocon_ws/build/micro_ros_msgs -- -j12 -l12
[1.392s] DEBUG:colcon.colcon_core.event_handler.log_command:Invoking command in '/home/npicbot/robocon_ws/build/robot_base': CMAKE_PREFIX_PATH=${CMAKE_PREFIX_PATH}:/opt/ros/humble /usr/bin/cmake --install /home/npicbot/robocon_ws/build/robot_base
[1.473s] DEBUG:colcon.colcon_core.event_handler.log_command:Invoking command in '/home/npicbot/robocon_ws/build/micro_ros_msgs': CMAKE_PREFIX_PATH=${CMAKE_PREFIX_PATH}:/opt/ros/humble /usr/bin/cmake --install /home/npicbot/robocon_ws/build/micro_ros_msgs
[1.500s] Level 1:colcon.colcon_core.environment:create_environment_scripts_only(robot_base)
[1.501s] Level 1:colcon.colcon_core.environment:checking '/home/npicbot/robocon_ws/install/robot_base' for CMake module files
[1.503s] Level 1:colcon.colcon_core.environment:checking '/home/npicbot/robocon_ws/install/robot_base' for CMake config files
[1.507s] Level 1:colcon.colcon_core.shell:create_environment_hook('robot_base', 'cmake_prefix_path')
[1.508s] INFO:colcon.colcon_core.shell:Creating environment hook '/home/npicbot/robocon_ws/install/robot_base/share/robot_base/hook/cmake_prefix_path.ps1'
[1.509s] INFO:colcon.colcon_core.shell:Creating environment descriptor '/home/npicbot/robocon_ws/install/robot_base/share/robot_base/hook/cmake_prefix_path.dsv'
[1.511s] INFO:colcon.colcon_core.shell:Creating environment hook '/home/npicbot/robocon_ws/install/robot_base/share/robot_base/hook/cmake_prefix_path.sh'
[1.513s] Level 1:colcon.colcon_core.environment:checking '/home/npicbot/robocon_ws/install/robot_base/lib'
[1.513s] Level 1:colcon.colcon_core.shell:create_environment_hook('robot_base', 'ld_library_path_lib')
[1.513s] INFO:colcon.colcon_core.shell:Creating environment hook '/home/npicbot/robocon_ws/install/robot_base/share/robot_base/hook/ld_library_path_lib.ps1'
[1.515s] INFO:colcon.colcon_core.shell:Creating environment descriptor '/home/npicbot/robocon_ws/install/robot_base/share/robot_base/hook/ld_library_path_lib.dsv'
[1.516s] INFO:colcon.colcon_core.shell:Creating environment hook '/home/npicbot/robocon_ws/install/robot_base/share/robot_base/hook/ld_library_path_lib.sh'
[1.517s] Level 1:colcon.colcon_core.environment:checking '/home/npicbot/robocon_ws/install/robot_base/bin'
[1.518s] Level 1:colcon.colcon_core.environment:checking '/home/npicbot/robocon_ws/install/robot_base/lib/pkgconfig/robot_base.pc'
[1.518s] Level 1:colcon.colcon_core.environment:checking '/home/npicbot/robocon_ws/install/robot_base/lib/python3.10/site-packages'
[1.518s] Level 1:colcon.colcon_core.environment:checking '/home/npicbot/robocon_ws/install/robot_base/bin'
[1.519s] INFO:colcon.colcon_core.shell:Creating package script '/home/npicbot/robocon_ws/install/robot_base/share/robot_base/package.ps1'
[1.521s] INFO:colcon.colcon_core.shell:Creating package descriptor '/home/npicbot/robocon_ws/install/robot_base/share/robot_base/package.dsv'
[1.522s] INFO:colcon.colcon_core.shell:Creating package script '/home/npicbot/robocon_ws/install/robot_base/share/robot_base/package.sh'
[1.523s] DEBUG:colcon.colcon_core.event_handler.log_command:Invoked command in '/home/npicbot/robocon_ws/build/robot_base' returned '0': CMAKE_PREFIX_PATH=${CMAKE_PREFIX_PATH}:/opt/ros/humble /usr/bin/cmake --install /home/npicbot/robocon_ws/build/robot_base
[1.524s] INFO:colcon.colcon_core.shell:Creating package script '/home/npicbot/robocon_ws/install/robot_base/share/robot_base/package.bash'
[1.525s] INFO:colcon.colcon_core.shell:Creating package script '/home/npicbot/robocon_ws/install/robot_base/share/robot_base/package.zsh'
[1.527s] Level 1:colcon.colcon_core.environment:create_file_with_runtime_dependencies(/home/npicbot/robocon_ws/install/robot_base/share/colcon-core/packages/robot_base)
[1.576s] Level 1:colcon.colcon_core.environment:create_environment_scripts_only(micro_ros_msgs)
[1.577s] Level 1:colcon.colcon_core.environment:checking '/home/npicbot/robocon_ws/install/micro_ros_msgs' for CMake module files
[1.578s] DEBUG:colcon.colcon_core.event_handler.log_command:Invoked command in '/home/npicbot/robocon_ws/build/micro_ros_msgs' returned '0': CMAKE_PREFIX_PATH=${CMAKE_PREFIX_PATH}:/opt/ros/humble /usr/bin/cmake --install /home/npicbot/robocon_ws/build/micro_ros_msgs
[1.578s] Level 1:colcon.colcon_core.environment:checking '/home/npicbot/robocon_ws/install/micro_ros_msgs' for CMake config files
[1.579s] Level 1:colcon.colcon_core.shell:create_environment_hook('micro_ros_msgs', 'cmake_prefix_path')
[1.580s] INFO:colcon.colcon_core.shell:Creating environment hook '/home/npicbot/robocon_ws/install/micro_ros_msgs/share/micro_ros_msgs/hook/cmake_prefix_path.ps1'
[1.581s] INFO:colcon.colcon_core.shell:Creating environment descriptor '/home/npicbot/robocon_ws/install/micro_ros_msgs/share/micro_ros_msgs/hook/cmake_prefix_path.dsv'
[1.581s] INFO:colcon.colcon_core.shell:Creating environment hook '/home/npicbot/robocon_ws/install/micro_ros_msgs/share/micro_ros_msgs/hook/cmake_prefix_path.sh'
[1.582s] Level 1:colcon.colcon_core.environment:checking '/home/npicbot/robocon_ws/install/micro_ros_msgs/lib'
[1.583s] Level 1:colcon.colcon_core.shell:create_environment_hook('micro_ros_msgs', 'ld_library_path_lib')
[1.583s] INFO:colcon.colcon_core.shell:Creating environment hook '/home/npicbot/robocon_ws/install/micro_ros_msgs/share/micro_ros_msgs/hook/ld_library_path_lib.ps1'
[1.584s] INFO:colcon.colcon_core.shell:Creating environment descriptor '/home/npicbot/robocon_ws/install/micro_ros_msgs/share/micro_ros_msgs/hook/ld_library_path_lib.dsv'
[1.584s] INFO:colcon.colcon_core.shell:Creating environment hook '/home/npicbot/robocon_ws/install/micro_ros_msgs/share/micro_ros_msgs/hook/ld_library_path_lib.sh'
[1.585s] Level 1:colcon.colcon_core.environment:checking '/home/npicbot/robocon_ws/install/micro_ros_msgs/bin'
[1.585s] Level 1:colcon.colcon_core.environment:checking '/home/npicbot/robocon_ws/install/micro_ros_msgs/lib/pkgconfig/micro_ros_msgs.pc'
[1.585s] Level 1:colcon.colcon_core.environment:checking '/home/npicbot/robocon_ws/install/micro_ros_msgs/lib/python3.10/site-packages'
[1.586s] Level 1:colcon.colcon_core.environment:checking '/home/npicbot/robocon_ws/install/micro_ros_msgs/bin'
[1.586s] INFO:colcon.colcon_core.shell:Creating package script '/home/npicbot/robocon_ws/install/micro_ros_msgs/share/micro_ros_msgs/package.ps1'
[1.587s] INFO:colcon.colcon_core.shell:Creating package descriptor '/home/npicbot/robocon_ws/install/micro_ros_msgs/share/micro_ros_msgs/package.dsv'
[1.588s] INFO:colcon.colcon_core.shell:Creating package script '/home/npicbot/robocon_ws/install/micro_ros_msgs/share/micro_ros_msgs/package.sh'
[1.588s] INFO:colcon.colcon_core.shell:Creating package script '/home/npicbot/robocon_ws/install/micro_ros_msgs/share/micro_ros_msgs/package.bash'
[1.589s] INFO:colcon.colcon_core.shell:Creating package script '/home/npicbot/robocon_ws/install/micro_ros_msgs/share/micro_ros_msgs/package.zsh'
[1.590s] Level 1:colcon.colcon_core.environment:create_file_with_runtime_dependencies(/home/npicbot/robocon_ws/install/micro_ros_msgs/share/colcon-core/packages/micro_ros_msgs)
[1.635s] Level 1:colcon.colcon_core.environment:create_environment_scripts_only(robot_base)
[1.636s] Level 1:colcon.colcon_core.environment:checking '/home/npicbot/robocon_ws/install/robot_base' for CMake module files
[1.637s] Level 1:colcon.colcon_core.environment:checking '/home/npicbot/robocon_ws/install/robot_base' for CMake config files
[1.638s] Level 1:colcon.colcon_core.shell:create_environment_hook('robot_base', 'cmake_prefix_path')
[1.638s] INFO:colcon.colcon_core.shell:Creating environment hook '/home/npicbot/robocon_ws/install/robot_base/share/robot_base/hook/cmake_prefix_path.ps1'
[1.639s] INFO:colcon.colcon_core.shell:Creating environment descriptor '/home/npicbot/robocon_ws/install/robot_base/share/robot_base/hook/cmake_prefix_path.dsv'
[1.640s] INFO:colcon.colcon_core.shell:Creating environment hook '/home/npicbot/robocon_ws/install/robot_base/share/robot_base/hook/cmake_prefix_path.sh'
[1.641s] Level 1:colcon.colcon_core.environment:checking '/home/npicbot/robocon_ws/install/robot_base/lib'
[1.641s] Level 1:colcon.colcon_core.shell:create_environment_hook('robot_base', 'ld_library_path_lib')
[1.642s] INFO:colcon.colcon_core.shell:Creating environment hook '/home/npicbot/robocon_ws/install/robot_base/share/robot_base/hook/ld_library_path_lib.ps1'
[1.643s] INFO:colcon.colcon_core.shell:Creating environment descriptor '/home/npicbot/robocon_ws/install/robot_base/share/robot_base/hook/ld_library_path_lib.dsv'
[1.643s] INFO:colcon.colcon_core.shell:Creating environment hook '/home/npicbot/robocon_ws/install/robot_base/share/robot_base/hook/ld_library_path_lib.sh'
[1.644s] Level 1:colcon.colcon_core.environment:checking '/home/npicbot/robocon_ws/install/robot_base/bin'
[1.644s] Level 1:colcon.colcon_core.environment:checking '/home/npicbot/robocon_ws/install/robot_base/lib/pkgconfig/robot_base.pc'
[1.645s] Level 1:colcon.colcon_core.environment:checking '/home/npicbot/robocon_ws/install/robot_base/lib/python3.10/site-packages'
[1.645s] Level 1:colcon.colcon_core.environment:checking '/home/npicbot/robocon_ws/install/robot_base/bin'
[1.646s] INFO:colcon.colcon_core.shell:Creating package script '/home/npicbot/robocon_ws/install/robot_base/share/robot_base/package.ps1'
[1.647s] INFO:colcon.colcon_core.shell:Creating package descriptor '/home/npicbot/robocon_ws/install/robot_base/share/robot_base/package.dsv'
[1.647s] INFO:colcon.colcon_core.shell:Creating package script '/home/npicbot/robocon_ws/install/robot_base/share/robot_base/package.sh'
[1.648s] INFO:colcon.colcon_core.shell:Creating package script '/home/npicbot/robocon_ws/install/robot_base/share/robot_base/package.bash'
[1.649s] INFO:colcon.colcon_core.shell:Creating package script '/home/npicbot/robocon_ws/install/robot_base/share/robot_base/package.zsh'
[1.650s] Level 1:colcon.colcon_core.environment:create_file_with_runtime_dependencies(/home/npicbot/robocon_ws/install/robot_base/share/colcon-core/packages/robot_base)
[1.736s] Level 1:colcon.colcon_core.environment:create_environment_scripts_only(micro_ros_msgs)
[1.737s] Level 1:colcon.colcon_core.environment:checking '/home/npicbot/robocon_ws/install/micro_ros_msgs' for CMake module files
[1.738s] Level 1:colcon.colcon_core.environment:checking '/home/npicbot/robocon_ws/install/micro_ros_msgs' for CMake config files
[1.739s] Level 1:colcon.colcon_core.shell:create_environment_hook('micro_ros_msgs', 'cmake_prefix_path')
[1.739s] INFO:colcon.colcon_core.shell:Creating environment hook '/home/npicbot/robocon_ws/install/micro_ros_msgs/share/micro_ros_msgs/hook/cmake_prefix_path.ps1'
[1.741s] INFO:colcon.colcon_core.shell:Creating environment descriptor '/home/npicbot/robocon_ws/install/micro_ros_msgs/share/micro_ros_msgs/hook/cmake_prefix_path.dsv'
[1.744s] INFO:colcon.colcon_core.shell:Creating environment hook '/home/npicbot/robocon_ws/install/micro_ros_msgs/share/micro_ros_msgs/hook/cmake_prefix_path.sh'
[1.746s] Level 1:colcon.colcon_core.environment:checking '/home/npicbot/robocon_ws/install/micro_ros_msgs/lib'
[1.746s] Level 1:colcon.colcon_core.shell:create_environment_hook('micro_ros_msgs', 'ld_library_path_lib')
[1.746s] INFO:colcon.colcon_core.shell:Creating environment hook '/home/npicbot/robocon_ws/install/micro_ros_msgs/share/micro_ros_msgs/hook/ld_library_path_lib.ps1'
[1.747s] INFO:colcon.colcon_core.shell:Creating environment descriptor '/home/npicbot/robocon_ws/install/micro_ros_msgs/share/micro_ros_msgs/hook/ld_library_path_lib.dsv'
[1.748s] INFO:colcon.colcon_core.shell:Creating environment hook '/home/npicbot/robocon_ws/install/micro_ros_msgs/share/micro_ros_msgs/hook/ld_library_path_lib.sh'
[1.749s] Level 1:colcon.colcon_core.environment:checking '/home/npicbot/robocon_ws/install/micro_ros_msgs/bin'
[1.749s] Level 1:colcon.colcon_core.environment:checking '/home/npicbot/robocon_ws/install/micro_ros_msgs/lib/pkgconfig/micro_ros_msgs.pc'
[1.749s] Level 1:colcon.colcon_core.environment:checking '/home/npicbot/robocon_ws/install/micro_ros_msgs/lib/python3.10/site-packages'
[1.749s] Level 1:colcon.colcon_core.environment:checking '/home/npicbot/robocon_ws/install/micro_ros_msgs/bin'
[1.750s] INFO:colcon.colcon_core.shell:Creating package script '/home/npicbot/robocon_ws/install/micro_ros_msgs/share/micro_ros_msgs/package.ps1'
[1.751s] INFO:colcon.colcon_core.shell:Creating package descriptor '/home/npicbot/robocon_ws/install/micro_ros_msgs/share/micro_ros_msgs/package.dsv'
[1.752s] INFO:colcon.colcon_core.shell:Creating package script '/home/npicbot/robocon_ws/install/micro_ros_msgs/share/micro_ros_msgs/package.sh'
[1.753s] INFO:colcon.colcon_core.shell:Creating package script '/home/npicbot/robocon_ws/install/micro_ros_msgs/share/micro_ros_msgs/package.bash'
[1.753s] INFO:colcon.colcon_core.shell:Creating package script '/home/npicbot/robocon_ws/install/micro_ros_msgs/share/micro_ros_msgs/package.zsh'
[1.754s] Level 1:colcon.colcon_core.environment:create_file_with_runtime_dependencies(/home/npicbot/robocon_ws/install/micro_ros_msgs/share/colcon-core/packages/micro_ros_msgs)
[1.755s] INFO:colcon.colcon_ros.task.ament_cmake.build:Building ROS package in '/home/npicbot/robocon_ws/src/uros/micro-ROS-Agent/micro_ros_agent' with build type 'ament_cmake'
[1.755s] INFO:colcon.colcon_cmake.task.cmake.build:Building CMake package in '/home/npicbot/robocon_ws/src/uros/micro-ROS-Agent/micro_ros_agent'
[1.756s] INFO:colcon.colcon_core.shell:Skip shell extension 'powershell' for command environment: Not usable outside of PowerShell
[1.756s] DEBUG:colcon.colcon_core.shell:Skip shell extension 'dsv' for command environment
[1.776s] DEBUG:colcon.colcon_core.event_handler.log_command:Invoking command in '/home/npicbot/robocon_ws/build/micro_ros_agent': CMAKE_PREFIX_PATH=/home/npicbot/robocon_ws/install/micro_ros_msgs:/home/npicbot/robocon_ws/install/robot_localization:/home/npicbot/robocon_ws/install/robot_intelligent:/home/npicbot/robocon_ws/install/robot_command:/home/npicbot/robocon_ws/install/robot_base:/home/npicbot/robocon_ws/install/micro_ros_setup:/home/npicbot/robocon_ws/install/micro_ros_agent:/opt/ros/humble LD_LIBRARY_PATH=/home/npicbot/robocon_ws/install/micro_ros_msgs/lib:/home/npicbot/robocon_ws/install/robot_base/lib:/home/npicbot/robocon_ws/install/micro_ros_agent/lib:/opt/ros/humble/opt/rviz_ogre_vendor/lib:/opt/ros/humble/lib/aarch64-linux-gnu:/opt/ros/humble/lib /usr/bin/cmake --build /home/npicbot/robocon_ws/build/micro_ros_agent -- -j12 -l12
[1.892s] DEBUG:colcon.colcon_core.event_handler.log_command:Invoked command in '/home/npicbot/robocon_ws/build/micro_ros_agent' returned '0': CMAKE_PREFIX_PATH=/home/npicbot/robocon_ws/install/micro_ros_msgs:/home/npicbot/robocon_ws/install/robot_localization:/home/npicbot/robocon_ws/install/robot_intelligent:/home/npicbot/robocon_ws/install/robot_command:/home/npicbot/robocon_ws/install/robot_base:/home/npicbot/robocon_ws/install/micro_ros_setup:/home/npicbot/robocon_ws/install/micro_ros_agent:/opt/ros/humble LD_LIBRARY_PATH=/home/npicbot/robocon_ws/install/micro_ros_msgs/lib:/home/npicbot/robocon_ws/install/robot_base/lib:/home/npicbot/robocon_ws/install/micro_ros_agent/lib:/opt/ros/humble/opt/rviz_ogre_vendor/lib:/opt/ros/humble/lib/aarch64-linux-gnu:/opt/ros/humble/lib /usr/bin/cmake --build /home/npicbot/robocon_ws/build/micro_ros_agent -- -j12 -l12
[1.942s] DEBUG:colcon.colcon_core.event_handler.log_command:Invoking command in '/home/npicbot/robocon_ws/build/micro_ros_agent': CMAKE_PREFIX_PATH=/home/npicbot/robocon_ws/install/micro_ros_msgs:/home/npicbot/robocon_ws/install/robot_localization:/home/npicbot/robocon_ws/install/robot_intelligent:/home/npicbot/robocon_ws/install/robot_command:/home/npicbot/robocon_ws/install/robot_base:/home/npicbot/robocon_ws/install/micro_ros_setup:/home/npicbot/robocon_ws/install/micro_ros_agent:/opt/ros/humble LD_LIBRARY_PATH=/home/npicbot/robocon_ws/install/micro_ros_msgs/lib:/home/npicbot/robocon_ws/install/robot_base/lib:/home/npicbot/robocon_ws/install/micro_ros_agent/lib:/opt/ros/humble/opt/rviz_ogre_vendor/lib:/opt/ros/humble/lib/aarch64-linux-gnu:/opt/ros/humble/lib /usr/bin/cmake --install /home/npicbot/robocon_ws/build/micro_ros_agent
[1.961s] Level 1:colcon.colcon_core.environment:create_environment_scripts_only(micro_ros_agent)
[1.962s] Level 1:colcon.colcon_core.environment:checking '/home/npicbot/robocon_ws/install/micro_ros_agent' for CMake module files
[1.963s] DEBUG:colcon.colcon_core.event_handler.log_command:Invoked command in '/home/npicbot/robocon_ws/build/micro_ros_agent' returned '0': CMAKE_PREFIX_PATH=/home/npicbot/robocon_ws/install/micro_ros_msgs:/home/npicbot/robocon_ws/install/robot_localization:/home/npicbot/robocon_ws/install/robot_intelligent:/home/npicbot/robocon_ws/install/robot_command:/home/npicbot/robocon_ws/install/robot_base:/home/npicbot/robocon_ws/install/micro_ros_setup:/home/npicbot/robocon_ws/install/micro_ros_agent:/opt/ros/humble LD_LIBRARY_PATH=/home/npicbot/robocon_ws/install/micro_ros_msgs/lib:/home/npicbot/robocon_ws/install/robot_base/lib:/home/npicbot/robocon_ws/install/micro_ros_agent/lib:/opt/ros/humble/opt/rviz_ogre_vendor/lib:/opt/ros/humble/lib/aarch64-linux-gnu:/opt/ros/humble/lib /usr/bin/cmake --install /home/npicbot/robocon_ws/build/micro_ros_agent
[1.963s] Level 1:colcon.colcon_core.environment:checking '/home/npicbot/robocon_ws/install/micro_ros_agent' for CMake config files
[1.965s] Level 1:colcon.colcon_core.shell:create_environment_hook('micro_ros_agent', 'cmake_prefix_path')
[1.965s] INFO:colcon.colcon_core.shell:Creating environment hook '/home/npicbot/robocon_ws/install/micro_ros_agent/share/micro_ros_agent/hook/cmake_prefix_path.ps1'
[1.966s] INFO:colcon.colcon_core.shell:Creating environment descriptor '/home/npicbot/robocon_ws/install/micro_ros_agent/share/micro_ros_agent/hook/cmake_prefix_path.dsv'
[1.967s] INFO:colcon.colcon_core.shell:Creating environment hook '/home/npicbot/robocon_ws/install/micro_ros_agent/share/micro_ros_agent/hook/cmake_prefix_path.sh'
[1.968s] Level 1:colcon.colcon_core.environment:checking '/home/npicbot/robocon_ws/install/micro_ros_agent/lib'
[1.968s] Level 1:colcon.colcon_core.shell:create_environment_hook('micro_ros_agent', 'ld_library_path_lib')
[1.968s] INFO:colcon.colcon_core.shell:Creating environment hook '/home/npicbot/robocon_ws/install/micro_ros_agent/share/micro_ros_agent/hook/ld_library_path_lib.ps1'
[1.969s] INFO:colcon.colcon_core.shell:Creating environment descriptor '/home/npicbot/robocon_ws/install/micro_ros_agent/share/micro_ros_agent/hook/ld_library_path_lib.dsv'
[1.969s] INFO:colcon.colcon_core.shell:Creating environment hook '/home/npicbot/robocon_ws/install/micro_ros_agent/share/micro_ros_agent/hook/ld_library_path_lib.sh'
[1.970s] Level 1:colcon.colcon_core.environment:checking '/home/npicbot/robocon_ws/install/micro_ros_agent/bin'
[1.970s] Level 1:colcon.colcon_core.environment:checking '/home/npicbot/robocon_ws/install/micro_ros_agent/lib/pkgconfig/micro_ros_agent.pc'
[1.971s] Level 1:colcon.colcon_core.environment:checking '/home/npicbot/robocon_ws/install/micro_ros_agent/lib/python3.10/site-packages'
[1.971s] Level 1:colcon.colcon_core.environment:checking '/home/npicbot/robocon_ws/install/micro_ros_agent/bin'
[1.971s] INFO:colcon.colcon_core.shell:Creating package script '/home/npicbot/robocon_ws/install/micro_ros_agent/share/micro_ros_agent/package.ps1'
[1.972s] INFO:colcon.colcon_core.shell:Creating package descriptor '/home/npicbot/robocon_ws/install/micro_ros_agent/share/micro_ros_agent/package.dsv'
[1.973s] INFO:colcon.colcon_core.shell:Creating package script '/home/npicbot/robocon_ws/install/micro_ros_agent/share/micro_ros_agent/package.sh'
[1.974s] INFO:colcon.colcon_core.shell:Creating package script '/home/npicbot/robocon_ws/install/micro_ros_agent/share/micro_ros_agent/package.bash'
[1.975s] INFO:colcon.colcon_core.shell:Creating package script '/home/npicbot/robocon_ws/install/micro_ros_agent/share/micro_ros_agent/package.zsh'
[1.976s] Level 1:colcon.colcon_core.environment:create_file_with_runtime_dependencies(/home/npicbot/robocon_ws/install/micro_ros_agent/share/colcon-core/packages/micro_ros_agent)
[2.029s] Level 1:colcon.colcon_core.environment:create_environment_scripts_only(micro_ros_agent)
[2.029s] Level 1:colcon.colcon_core.environment:checking '/home/npicbot/robocon_ws/install/micro_ros_agent' for CMake module files
[2.030s] Level 1:colcon.colcon_core.environment:checking '/home/npicbot/robocon_ws/install/micro_ros_agent' for CMake config files
[2.032s] Level 1:colcon.colcon_core.shell:create_environment_hook('micro_ros_agent', 'cmake_prefix_path')
[2.032s] INFO:colcon.colcon_core.shell:Creating environment hook '/home/npicbot/robocon_ws/install/micro_ros_agent/share/micro_ros_agent/hook/cmake_prefix_path.ps1'
[2.034s] INFO:colcon.colcon_core.shell:Creating environment descriptor '/home/npicbot/robocon_ws/install/micro_ros_agent/share/micro_ros_agent/hook/cmake_prefix_path.dsv'
[2.035s] INFO:colcon.colcon_core.shell:Creating environment hook '/home/npicbot/robocon_ws/install/micro_ros_agent/share/micro_ros_agent/hook/cmake_prefix_path.sh'
[2.036s] Level 1:colcon.colcon_core.environment:checking '/home/npicbot/robocon_ws/install/micro_ros_agent/lib'
[2.036s] Level 1:colcon.colcon_core.shell:create_environment_hook('micro_ros_agent', 'ld_library_path_lib')
[2.036s] INFO:colcon.colcon_core.shell:Creating environment hook '/home/npicbot/robocon_ws/install/micro_ros_agent/share/micro_ros_agent/hook/ld_library_path_lib.ps1'
[2.037s] INFO:colcon.colcon_core.shell:Creating environment descriptor '/home/npicbot/robocon_ws/install/micro_ros_agent/share/micro_ros_agent/hook/ld_library_path_lib.dsv'
[2.038s] INFO:colcon.colcon_core.shell:Creating environment hook '/home/npicbot/robocon_ws/install/micro_ros_agent/share/micro_ros_agent/hook/ld_library_path_lib.sh'
[2.040s] Level 1:colcon.colcon_core.environment:checking '/home/npicbot/robocon_ws/install/micro_ros_agent/bin'
[2.040s] Level 1:colcon.colcon_core.environment:checking '/home/npicbot/robocon_ws/install/micro_ros_agent/lib/pkgconfig/micro_ros_agent.pc'
[2.041s] Level 1:colcon.colcon_core.environment:checking '/home/npicbot/robocon_ws/install/micro_ros_agent/lib/python3.10/site-packages'
[2.041s] Level 1:colcon.colcon_core.environment:checking '/home/npicbot/robocon_ws/install/micro_ros_agent/bin'
[2.042s] INFO:colcon.colcon_core.shell:Creating package script '/home/npicbot/robocon_ws/install/micro_ros_agent/share/micro_ros_agent/package.ps1'
[2.043s] INFO:colcon.colcon_core.shell:Creating package descriptor '/home/npicbot/robocon_ws/install/micro_ros_agent/share/micro_ros_agent/package.dsv'
[2.044s] INFO:colcon.colcon_core.shell:Creating package script '/home/npicbot/robocon_ws/install/micro_ros_agent/share/micro_ros_agent/package.sh'
[2.045s] INFO:colcon.colcon_core.shell:Creating package script '/home/npicbot/robocon_ws/install/micro_ros_agent/share/micro_ros_agent/package.bash'
[2.046s] INFO:colcon.colcon_core.shell:Creating package script '/home/npicbot/robocon_ws/install/micro_ros_agent/share/micro_ros_agent/package.zsh'
[2.047s] Level 1:colcon.colcon_core.environment:create_file_with_runtime_dependencies(/home/npicbot/robocon_ws/install/micro_ros_agent/share/colcon-core/packages/micro_ros_agent)
[16.143s] DEBUG:colcon.colcon_core.event_handler.log_command:Invoked command in '/home/npicbot/robocon_ws/build/robot_command' returned '0': CMAKE_PREFIX_PATH=${CMAKE_PREFIX_PATH}:/opt/ros/humble /usr/bin/cmake --build /home/npicbot/robocon_ws/build/robot_command -- -j12 -l12
[16.188s] DEBUG:colcon.colcon_core.event_handler.log_command:Invoking command in '/home/npicbot/robocon_ws/build/robot_command': CMAKE_PREFIX_PATH=${CMAKE_PREFIX_PATH}:/opt/ros/humble /usr/bin/cmake --install /home/npicbot/robocon_ws/build/robot_command
[16.216s] Level 1:colcon.colcon_core.environment:create_environment_scripts_only(robot_command)
[16.217s] Level 1:colcon.colcon_core.environment:checking '/home/npicbot/robocon_ws/install/robot_command' for CMake module files
[16.218s] DEBUG:colcon.colcon_core.event_handler.log_command:Invoked command in '/home/npicbot/robocon_ws/build/robot_command' returned '0': CMAKE_PREFIX_PATH=${CMAKE_PREFIX_PATH}:/opt/ros/humble /usr/bin/cmake --install /home/npicbot/robocon_ws/build/robot_command
[16.219s] Level 1:colcon.colcon_core.environment:checking '/home/npicbot/robocon_ws/install/robot_command' for CMake config files
[16.220s] Level 1:colcon.colcon_core.shell:create_environment_hook('robot_command', 'cmake_prefix_path')
[16.221s] INFO:colcon.colcon_core.shell:Creating environment hook '/home/npicbot/robocon_ws/install/robot_command/share/robot_command/hook/cmake_prefix_path.ps1'
[16.223s] INFO:colcon.colcon_core.shell:Creating environment descriptor '/home/npicbot/robocon_ws/install/robot_command/share/robot_command/hook/cmake_prefix_path.dsv'
[16.225s] INFO:colcon.colcon_core.shell:Creating environment hook '/home/npicbot/robocon_ws/install/robot_command/share/robot_command/hook/cmake_prefix_path.sh'
[16.227s] Level 1:colcon.colcon_core.environment:checking '/home/npicbot/robocon_ws/install/robot_command/lib'
[16.227s] Level 1:colcon.colcon_core.environment:checking '/home/npicbot/robocon_ws/install/robot_command/bin'
[16.228s] Level 1:colcon.colcon_core.environment:checking '/home/npicbot/robocon_ws/install/robot_command/lib/pkgconfig/robot_command.pc'
[16.229s] Level 1:colcon.colcon_core.environment:checking '/home/npicbot/robocon_ws/install/robot_command/lib/python3.10/site-packages'
[16.229s] Level 1:colcon.colcon_core.environment:checking '/home/npicbot/robocon_ws/install/robot_command/bin'
[16.230s] INFO:colcon.colcon_core.shell:Creating package script '/home/npicbot/robocon_ws/install/robot_command/share/robot_command/package.ps1'
[16.232s] INFO:colcon.colcon_core.shell:Creating package descriptor '/home/npicbot/robocon_ws/install/robot_command/share/robot_command/package.dsv'
[16.232s] INFO:colcon.colcon_core.shell:Creating package script '/home/npicbot/robocon_ws/install/robot_command/share/robot_command/package.sh'
[16.233s] INFO:colcon.colcon_core.shell:Creating package script '/home/npicbot/robocon_ws/install/robot_command/share/robot_command/package.bash'
[16.234s] INFO:colcon.colcon_core.shell:Creating package script '/home/npicbot/robocon_ws/install/robot_command/share/robot_command/package.zsh'
[16.235s] Level 1:colcon.colcon_core.environment:create_file_with_runtime_dependencies(/home/npicbot/robocon_ws/install/robot_command/share/colcon-core/packages/robot_command)
[16.278s] Level 1:colcon.colcon_core.environment:create_environment_scripts_only(robot_command)
[16.279s] Level 1:colcon.colcon_core.environment:checking '/home/npicbot/robocon_ws/install/robot_command' for CMake module files
[16.279s] Level 1:colcon.colcon_core.environment:checking '/home/npicbot/robocon_ws/install/robot_command' for CMake config files
[16.280s] Level 1:colcon.colcon_core.shell:create_environment_hook('robot_command', 'cmake_prefix_path')
[16.281s] INFO:colcon.colcon_core.shell:Creating environment hook '/home/npicbot/robocon_ws/install/robot_command/share/robot_command/hook/cmake_prefix_path.ps1'
[16.282s] INFO:colcon.colcon_core.shell:Creating environment descriptor '/home/npicbot/robocon_ws/install/robot_command/share/robot_command/hook/cmake_prefix_path.dsv'
[16.284s] INFO:colcon.colcon_core.shell:Creating environment hook '/home/npicbot/robocon_ws/install/robot_command/share/robot_command/hook/cmake_prefix_path.sh'
[16.285s] Level 1:colcon.colcon_core.environment:checking '/home/npicbot/robocon_ws/install/robot_command/lib'
[16.285s] Level 1:colcon.colcon_core.environment:checking '/home/npicbot/robocon_ws/install/robot_command/bin'
[16.285s] Level 1:colcon.colcon_core.environment:checking '/home/npicbot/robocon_ws/install/robot_command/lib/pkgconfig/robot_command.pc'
[16.285s] Level 1:colcon.colcon_core.environment:checking '/home/npicbot/robocon_ws/install/robot_command/lib/python3.10/site-packages'
[16.286s] Level 1:colcon.colcon_core.environment:checking '/home/npicbot/robocon_ws/install/robot_command/bin'
[16.287s] INFO:colcon.colcon_core.shell:Creating package script '/home/npicbot/robocon_ws/install/robot_command/share/robot_command/package.ps1'
[16.289s] INFO:colcon.colcon_core.shell:Creating package descriptor '/home/npicbot/robocon_ws/install/robot_command/share/robot_command/package.dsv'
[16.291s] INFO:colcon.colcon_core.shell:Creating package script '/home/npicbot/robocon_ws/install/robot_command/share/robot_command/package.sh'
[16.293s] INFO:colcon.colcon_core.shell:Creating package script '/home/npicbot/robocon_ws/install/robot_command/share/robot_command/package.bash'
[16.294s] INFO:colcon.colcon_core.shell:Creating package script '/home/npicbot/robocon_ws/install/robot_command/share/robot_command/package.zsh'
[16.296s] Level 1:colcon.colcon_core.environment:create_file_with_runtime_dependencies(/home/npicbot/robocon_ws/install/robot_command/share/colcon-core/packages/robot_command)
[16.296s] DEBUG:colcon.colcon_parallel_executor.executor.parallel:closing loop
[16.297s] DEBUG:colcon.colcon_parallel_executor.executor.parallel:loop closed
[16.298s] DEBUG:colcon.colcon_parallel_executor.executor.parallel:run_until_complete finished with '0'
[16.298s] DEBUG:colcon.colcon_core.event_reactor:joining thread
[16.308s] INFO:colcon.colcon_core.plugin_system:Skipping extension 'colcon_notification.desktop_notification.terminal_notifier': Not used on non-Darwin systems
[16.308s] INFO:colcon.colcon_core.plugin_system:Skipping extension 'colcon_notification.desktop_notification.win32': Not used on non-Windows systems
[16.309s] INFO:colcon.colcon_notification.desktop_notification:Sending desktop notification using 'notify2'
[16.343s] DEBUG:colcon.colcon_core.event_reactor:joined thread
[16.344s] INFO:colcon.colcon_core.shell:Creating prefix script '/home/npicbot/robocon_ws/install/local_setup.ps1'
[16.348s] INFO:colcon.colcon_core.shell:Creating prefix util module '/home/npicbot/robocon_ws/install/_local_setup_util_ps1.py'
[16.352s] INFO:colcon.colcon_core.shell:Creating prefix chain script '/home/npicbot/robocon_ws/install/setup.ps1'
[16.355s] INFO:colcon.colcon_core.shell:Creating prefix script '/home/npicbot/robocon_ws/install/local_setup.sh'
[16.357s] INFO:colcon.colcon_core.shell:Creating prefix util module '/home/npicbot/robocon_ws/install/_local_setup_util_sh.py'
[16.359s] INFO:colcon.colcon_core.shell:Creating prefix chain script '/home/npicbot/robocon_ws/install/setup.sh'
[16.365s] INFO:colcon.colcon_core.shell:Creating prefix script '/home/npicbot/robocon_ws/install/local_setup.bash'
[16.367s] INFO:colcon.colcon_core.shell:Creating prefix chain script '/home/npicbot/robocon_ws/install/setup.bash'
[16.371s] INFO:colcon.colcon_core.shell:Creating prefix script '/home/npicbot/robocon_ws/install/local_setup.zsh'
[16.372s] INFO:colcon.colcon_core.shell:Creating prefix chain script '/home/npicbot/robocon_ws/install/setup.zsh'
