[0.232s] DEBUG:colcon:Command line arguments: ['/usr/bin/colcon', 'build']
[0.232s] DEBUG:colcon:Parsed command line arguments: Namespace(log_base=None, log_level=None, verb_name='build', build_base='build', install_base='install', merge_install=False, symlink_install=False, test_result_base=None, continue_on_error=False, executor='parallel', parallel_workers=12, event_handlers=None, ignore_user_meta=False, metas=['./colcon.meta'], base_paths=['.'], packages_ignore=None, packages_ignore_regex=None, paths=None, packages_up_to=None, packages_up_to_regex=None, packages_above=None, packages_above_and_dependencies=None, packages_above_depth=None, packages_select_by_dep=None, packages_skip_by_dep=None, packages_skip_up_to=None, packages_select_build_failed=False, packages_skip_build_finished=False, packages_select_test_failures=False, packages_skip_test_passed=False, packages_select=None, packages_skip=None, packages_select_regex=None, packages_skip_regex=None, packages_start=None, packages_end=None, allow_overriding=[], cmake_args=None, cmake_target=None, cmake_target_skip_unavailable=False, cmake_clean_cache=False, cmake_clean_first=False, cmake_force_configure=False, ament_cmake_args=None, catkin_cmake_args=None, catkin_skip_building_tests=False, mixin_files=None, mixin=None, verb_parser=<colcon_mixin.mixin.mixin_argument.MixinArgumentDecorator object at 0xffffa8a76830>, verb_extension=<colcon_core.verb.build.BuildVerb object at 0xffffa8a762c0>, main=<bound method BuildVerb.main of <colcon_core.verb.build.BuildVerb object at 0xffffa8a762c0>>, mixin_verb=('build',))
[0.598s] Level 1:colcon.colcon_core.package_discovery:discover_packages(colcon_meta) check parameters
[0.598s] Level 1:colcon.colcon_core.package_discovery:discover_packages(recursive) check parameters
[0.599s] Level 1:colcon.colcon_core.package_discovery:discover_packages(ignore) check parameters
[0.599s] Level 1:colcon.colcon_core.package_discovery:discover_packages(path) check parameters
[0.599s] Level 1:colcon.colcon_core.package_discovery:discover_packages(colcon_meta) discover
[0.599s] Level 1:colcon.colcon_core.package_discovery:discover_packages(recursive) discover
[0.599s] INFO:colcon.colcon_core.package_discovery:Crawling recursively for packages in '/home/npicbot/robocon_ws'
[0.599s] Level 1:colcon.colcon_core.package_identification:_identify(.) by extensions ['ignore', 'ignore_ament_install']
[0.599s] Level 1:colcon.colcon_core.package_identification:_identify(.) by extension 'ignore'
[0.600s] Level 1:colcon.colcon_core.package_identification:_identify(.) by extension 'ignore_ament_install'
[0.600s] Level 1:colcon.colcon_core.package_identification:_identify(.) by extensions ['colcon_pkg']
[0.600s] Level 1:colcon.colcon_core.package_identification:_identify(.) by extension 'colcon_pkg'
[0.600s] Level 1:colcon.colcon_core.package_identification:_identify(.) by extensions ['colcon_meta']
[0.600s] Level 1:colcon.colcon_core.package_identification:_identify(.) by extension 'colcon_meta'
[0.600s] Level 1:colcon.colcon_core.package_identification:_identify(.) by extensions ['ros']
[0.600s] Level 1:colcon.colcon_core.package_identification:_identify(.) by extension 'ros'
[0.625s] Level 1:colcon.colcon_core.package_identification:_identify(.) by extensions ['cmake', 'python']
[0.625s] Level 1:colcon.colcon_core.package_identification:_identify(.) by extension 'cmake'
[0.626s] Level 1:colcon.colcon_core.package_identification:_identify(.) by extension 'python'
[0.626s] Level 1:colcon.colcon_core.package_identification:_identify(.) by extensions ['python_setup_py']
[0.626s] Level 1:colcon.colcon_core.package_identification:_identify(.) by extension 'python_setup_py'
[0.626s] Level 1:colcon.colcon_core.package_identification:_identify(build) by extensions ['ignore', 'ignore_ament_install']
[0.626s] Level 1:colcon.colcon_core.package_identification:_identify(build) by extension 'ignore'
[0.626s] Level 1:colcon.colcon_core.package_identification:_identify(build) ignored
[0.627s] Level 1:colcon.colcon_core.package_identification:_identify(install) by extensions ['ignore', 'ignore_ament_install']
[0.627s] Level 1:colcon.colcon_core.package_identification:_identify(install) by extension 'ignore'
[0.627s] Level 1:colcon.colcon_core.package_identification:_identify(install) ignored
[0.627s] Level 1:colcon.colcon_core.package_identification:_identify(log) by extensions ['ignore', 'ignore_ament_install']
[0.628s] Level 1:colcon.colcon_core.package_identification:_identify(log) by extension 'ignore'
[0.628s] Level 1:colcon.colcon_core.package_identification:_identify(log) ignored
[0.628s] Level 1:colcon.colcon_core.package_identification:_identify(src) by extensions ['ignore', 'ignore_ament_install']
[0.628s] Level 1:colcon.colcon_core.package_identification:_identify(src) by extension 'ignore'
[0.628s] Level 1:colcon.colcon_core.package_identification:_identify(src) by extension 'ignore_ament_install'
[0.628s] Level 1:colcon.colcon_core.package_identification:_identify(src) by extensions ['colcon_pkg']
[0.628s] Level 1:colcon.colcon_core.package_identification:_identify(src) by extension 'colcon_pkg'
[0.629s] Level 1:colcon.colcon_core.package_identification:_identify(src) by extensions ['colcon_meta']
[0.629s] Level 1:colcon.colcon_core.package_identification:_identify(src) by extension 'colcon_meta'
[0.629s] Level 1:colcon.colcon_core.package_identification:_identify(src) by extensions ['ros']
[0.629s] Level 1:colcon.colcon_core.package_identification:_identify(src) by extension 'ros'
[0.629s] Level 1:colcon.colcon_core.package_identification:_identify(src) by extensions ['cmake', 'python']
[0.629s] Level 1:colcon.colcon_core.package_identification:_identify(src) by extension 'cmake'
[0.629s] Level 1:colcon.colcon_core.package_identification:_identify(src) by extension 'python'
[0.629s] Level 1:colcon.colcon_core.package_identification:_identify(src) by extensions ['python_setup_py']
[0.629s] Level 1:colcon.colcon_core.package_identification:_identify(src) by extension 'python_setup_py'
[0.630s] Level 1:colcon.colcon_core.package_identification:_identify(src/micro_ros_setup) by extensions ['ignore', 'ignore_ament_install']
[0.630s] Level 1:colcon.colcon_core.package_identification:_identify(src/micro_ros_setup) by extension 'ignore'
[0.630s] Level 1:colcon.colcon_core.package_identification:_identify(src/micro_ros_setup) by extension 'ignore_ament_install'
[0.630s] Level 1:colcon.colcon_core.package_identification:_identify(src/micro_ros_setup) by extensions ['colcon_pkg']
[0.630s] Level 1:colcon.colcon_core.package_identification:_identify(src/micro_ros_setup) by extension 'colcon_pkg'
[0.630s] Level 1:colcon.colcon_core.package_identification:_identify(src/micro_ros_setup) by extensions ['colcon_meta']
[0.630s] Level 1:colcon.colcon_core.package_identification:_identify(src/micro_ros_setup) by extension 'colcon_meta'
[0.630s] Level 1:colcon.colcon_core.package_identification:_identify(src/micro_ros_setup) by extensions ['ros']
[0.630s] Level 1:colcon.colcon_core.package_identification:_identify(src/micro_ros_setup) by extension 'ros'
[0.637s] DEBUG:colcon.colcon_core.package_identification:Package 'src/micro_ros_setup' with type 'ros.ament_cmake' and name 'micro_ros_setup'
[0.637s] Level 1:colcon.colcon_core.package_identification:_identify(src/robot_base) by extensions ['ignore', 'ignore_ament_install']
[0.637s] Level 1:colcon.colcon_core.package_identification:_identify(src/robot_base) by extension 'ignore'
[0.638s] Level 1:colcon.colcon_core.package_identification:_identify(src/robot_base) by extension 'ignore_ament_install'
[0.638s] Level 1:colcon.colcon_core.package_identification:_identify(src/robot_base) by extensions ['colcon_pkg']
[0.638s] Level 1:colcon.colcon_core.package_identification:_identify(src/robot_base) by extension 'colcon_pkg'
[0.638s] Level 1:colcon.colcon_core.package_identification:_identify(src/robot_base) by extensions ['colcon_meta']
[0.638s] Level 1:colcon.colcon_core.package_identification:_identify(src/robot_base) by extension 'colcon_meta'
[0.638s] Level 1:colcon.colcon_core.package_identification:_identify(src/robot_base) by extensions ['ros']
[0.638s] Level 1:colcon.colcon_core.package_identification:_identify(src/robot_base) by extension 'ros'
[0.640s] DEBUG:colcon.colcon_core.package_identification:Package 'src/robot_base' with type 'ros.ament_cmake' and name 'robot_base'
[0.640s] Level 1:colcon.colcon_core.package_identification:_identify(src/robot_command) by extensions ['ignore', 'ignore_ament_install']
[0.640s] Level 1:colcon.colcon_core.package_identification:_identify(src/robot_command) by extension 'ignore'
[0.640s] Level 1:colcon.colcon_core.package_identification:_identify(src/robot_command) by extension 'ignore_ament_install'
[0.640s] Level 1:colcon.colcon_core.package_identification:_identify(src/robot_command) by extensions ['colcon_pkg']
[0.640s] Level 1:colcon.colcon_core.package_identification:_identify(src/robot_command) by extension 'colcon_pkg'
[0.640s] Level 1:colcon.colcon_core.package_identification:_identify(src/robot_command) by extensions ['colcon_meta']
[0.641s] Level 1:colcon.colcon_core.package_identification:_identify(src/robot_command) by extension 'colcon_meta'
[0.641s] Level 1:colcon.colcon_core.package_identification:_identify(src/robot_command) by extensions ['ros']
[0.641s] Level 1:colcon.colcon_core.package_identification:_identify(src/robot_command) by extension 'ros'
[0.642s] DEBUG:colcon.colcon_core.package_identification:Package 'src/robot_command' with type 'ros.ament_cmake' and name 'robot_command'
[0.642s] Level 1:colcon.colcon_core.package_identification:_identify(src/robot_intelligent) by extensions ['ignore', 'ignore_ament_install']
[0.642s] Level 1:colcon.colcon_core.package_identification:_identify(src/robot_intelligent) by extension 'ignore'
[0.642s] Level 1:colcon.colcon_core.package_identification:_identify(src/robot_intelligent) by extension 'ignore_ament_install'
[0.642s] Level 1:colcon.colcon_core.package_identification:_identify(src/robot_intelligent) by extensions ['colcon_pkg']
[0.642s] Level 1:colcon.colcon_core.package_identification:_identify(src/robot_intelligent) by extension 'colcon_pkg'
[0.643s] Level 1:colcon.colcon_core.package_identification:_identify(src/robot_intelligent) by extensions ['colcon_meta']
[0.643s] Level 1:colcon.colcon_core.package_identification:_identify(src/robot_intelligent) by extension 'colcon_meta'
[0.643s] Level 1:colcon.colcon_core.package_identification:_identify(src/robot_intelligent) by extensions ['ros']
[0.643s] Level 1:colcon.colcon_core.package_identification:_identify(src/robot_intelligent) by extension 'ros'
[0.644s] DEBUG:colcon.colcon_core.package_identification:Package 'src/robot_intelligent' with type 'ros.ament_cmake' and name 'robot_intelligent'
[0.644s] Level 1:colcon.colcon_core.package_identification:_identify(src/robot_localization) by extensions ['ignore', 'ignore_ament_install']
[0.644s] Level 1:colcon.colcon_core.package_identification:_identify(src/robot_localization) by extension 'ignore'
[0.644s] Level 1:colcon.colcon_core.package_identification:_identify(src/robot_localization) by extension 'ignore_ament_install'
[0.644s] Level 1:colcon.colcon_core.package_identification:_identify(src/robot_localization) by extensions ['colcon_pkg']
[0.645s] Level 1:colcon.colcon_core.package_identification:_identify(src/robot_localization) by extension 'colcon_pkg'
[0.645s] Level 1:colcon.colcon_core.package_identification:_identify(src/robot_localization) by extensions ['colcon_meta']
[0.645s] Level 1:colcon.colcon_core.package_identification:_identify(src/robot_localization) by extension 'colcon_meta'
[0.645s] Level 1:colcon.colcon_core.package_identification:_identify(src/robot_localization) by extensions ['ros']
[0.645s] Level 1:colcon.colcon_core.package_identification:_identify(src/robot_localization) by extension 'ros'
[0.646s] DEBUG:colcon.colcon_core.package_identification:Package 'src/robot_localization' with type 'ros.ament_cmake' and name 'robot_localization'
[0.646s] Level 1:colcon.colcon_core.package_identification:_identify(src/uros) by extensions ['ignore', 'ignore_ament_install']
[0.646s] Level 1:colcon.colcon_core.package_identification:_identify(src/uros) by extension 'ignore'
[0.646s] Level 1:colcon.colcon_core.package_identification:_identify(src/uros) by extension 'ignore_ament_install'
[0.647s] Level 1:colcon.colcon_core.package_identification:_identify(src/uros) by extensions ['colcon_pkg']
[0.647s] Level 1:colcon.colcon_core.package_identification:_identify(src/uros) by extension 'colcon_pkg'
[0.647s] Level 1:colcon.colcon_core.package_identification:_identify(src/uros) by extensions ['colcon_meta']
[0.647s] Level 1:colcon.colcon_core.package_identification:_identify(src/uros) by extension 'colcon_meta'
[0.647s] Level 1:colcon.colcon_core.package_identification:_identify(src/uros) by extensions ['ros']
[0.647s] Level 1:colcon.colcon_core.package_identification:_identify(src/uros) by extension 'ros'
[0.647s] Level 1:colcon.colcon_core.package_identification:_identify(src/uros) by extensions ['cmake', 'python']
[0.647s] Level 1:colcon.colcon_core.package_identification:_identify(src/uros) by extension 'cmake'
[0.647s] Level 1:colcon.colcon_core.package_identification:_identify(src/uros) by extension 'python'
[0.647s] Level 1:colcon.colcon_core.package_identification:_identify(src/uros) by extensions ['python_setup_py']
[0.647s] Level 1:colcon.colcon_core.package_identification:_identify(src/uros) by extension 'python_setup_py'
[0.648s] Level 1:colcon.colcon_core.package_identification:_identify(src/uros/micro-ROS-Agent) by extensions ['ignore', 'ignore_ament_install']
[0.648s] Level 1:colcon.colcon_core.package_identification:_identify(src/uros/micro-ROS-Agent) by extension 'ignore'
[0.648s] Level 1:colcon.colcon_core.package_identification:_identify(src/uros/micro-ROS-Agent) by extension 'ignore_ament_install'
[0.648s] Level 1:colcon.colcon_core.package_identification:_identify(src/uros/micro-ROS-Agent) by extensions ['colcon_pkg']
[0.648s] Level 1:colcon.colcon_core.package_identification:_identify(src/uros/micro-ROS-Agent) by extension 'colcon_pkg'
[0.648s] Level 1:colcon.colcon_core.package_identification:_identify(src/uros/micro-ROS-Agent) by extensions ['colcon_meta']
[0.648s] Level 1:colcon.colcon_core.package_identification:_identify(src/uros/micro-ROS-Agent) by extension 'colcon_meta'
[0.649s] Level 1:colcon.colcon_core.package_identification:_identify(src/uros/micro-ROS-Agent) by extensions ['ros']
[0.649s] Level 1:colcon.colcon_core.package_identification:_identify(src/uros/micro-ROS-Agent) by extension 'ros'
[0.649s] Level 1:colcon.colcon_core.package_identification:_identify(src/uros/micro-ROS-Agent) by extensions ['cmake', 'python']
[0.649s] Level 1:colcon.colcon_core.package_identification:_identify(src/uros/micro-ROS-Agent) by extension 'cmake'
[0.649s] Level 1:colcon.colcon_core.package_identification:_identify(src/uros/micro-ROS-Agent) by extension 'python'
[0.649s] Level 1:colcon.colcon_core.package_identification:_identify(src/uros/micro-ROS-Agent) by extensions ['python_setup_py']
[0.649s] Level 1:colcon.colcon_core.package_identification:_identify(src/uros/micro-ROS-Agent) by extension 'python_setup_py'
[0.649s] Level 1:colcon.colcon_core.package_identification:_identify(src/uros/micro-ROS-Agent/micro_ros_agent) by extensions ['ignore', 'ignore_ament_install']
[0.650s] Level 1:colcon.colcon_core.package_identification:_identify(src/uros/micro-ROS-Agent/micro_ros_agent) by extension 'ignore'
[0.650s] Level 1:colcon.colcon_core.package_identification:_identify(src/uros/micro-ROS-Agent/micro_ros_agent) by extension 'ignore_ament_install'
[0.650s] Level 1:colcon.colcon_core.package_identification:_identify(src/uros/micro-ROS-Agent/micro_ros_agent) by extensions ['colcon_pkg']
[0.650s] Level 1:colcon.colcon_core.package_identification:_identify(src/uros/micro-ROS-Agent/micro_ros_agent) by extension 'colcon_pkg'
[0.650s] Level 1:colcon.colcon_core.package_identification:_identify(src/uros/micro-ROS-Agent/micro_ros_agent) by extensions ['colcon_meta']
[0.650s] Level 1:colcon.colcon_core.package_identification:_identify(src/uros/micro-ROS-Agent/micro_ros_agent) by extension 'colcon_meta'
[0.650s] Level 1:colcon.colcon_core.package_identification:_identify(src/uros/micro-ROS-Agent/micro_ros_agent) by extensions ['ros']
[0.650s] Level 1:colcon.colcon_core.package_identification:_identify(src/uros/micro-ROS-Agent/micro_ros_agent) by extension 'ros'
[0.652s] DEBUG:colcon.colcon_core.package_identification:Package 'src/uros/micro-ROS-Agent/micro_ros_agent' with type 'ros.ament_cmake' and name 'micro_ros_agent'
[0.652s] Level 1:colcon.colcon_core.package_identification:_identify(src/uros/micro-ROS-Agent/snap) by extensions ['ignore', 'ignore_ament_install']
[0.653s] Level 1:colcon.colcon_core.package_identification:_identify(src/uros/micro-ROS-Agent/snap) by extension 'ignore'
[0.653s] Level 1:colcon.colcon_core.package_identification:_identify(src/uros/micro-ROS-Agent/snap) by extension 'ignore_ament_install'
[0.653s] Level 1:colcon.colcon_core.package_identification:_identify(src/uros/micro-ROS-Agent/snap) by extensions ['colcon_pkg']
[0.653s] Level 1:colcon.colcon_core.package_identification:_identify(src/uros/micro-ROS-Agent/snap) by extension 'colcon_pkg'
[0.653s] Level 1:colcon.colcon_core.package_identification:_identify(src/uros/micro-ROS-Agent/snap) by extensions ['colcon_meta']
[0.653s] Level 1:colcon.colcon_core.package_identification:_identify(src/uros/micro-ROS-Agent/snap) by extension 'colcon_meta'
[0.654s] Level 1:colcon.colcon_core.package_identification:_identify(src/uros/micro-ROS-Agent/snap) by extensions ['ros']
[0.654s] Level 1:colcon.colcon_core.package_identification:_identify(src/uros/micro-ROS-Agent/snap) by extension 'ros'
[0.654s] Level 1:colcon.colcon_core.package_identification:_identify(src/uros/micro-ROS-Agent/snap) by extensions ['cmake', 'python']
[0.654s] Level 1:colcon.colcon_core.package_identification:_identify(src/uros/micro-ROS-Agent/snap) by extension 'cmake'
[0.654s] Level 1:colcon.colcon_core.package_identification:_identify(src/uros/micro-ROS-Agent/snap) by extension 'python'
[0.654s] Level 1:colcon.colcon_core.package_identification:_identify(src/uros/micro-ROS-Agent/snap) by extensions ['python_setup_py']
[0.654s] Level 1:colcon.colcon_core.package_identification:_identify(src/uros/micro-ROS-Agent/snap) by extension 'python_setup_py'
[0.654s] Level 1:colcon.colcon_core.package_identification:_identify(src/uros/micro-ROS-Agent/snap/hooks) by extensions ['ignore', 'ignore_ament_install']
[0.655s] Level 1:colcon.colcon_core.package_identification:_identify(src/uros/micro-ROS-Agent/snap/hooks) by extension 'ignore'
[0.655s] Level 1:colcon.colcon_core.package_identification:_identify(src/uros/micro-ROS-Agent/snap/hooks) by extension 'ignore_ament_install'
[0.655s] Level 1:colcon.colcon_core.package_identification:_identify(src/uros/micro-ROS-Agent/snap/hooks) by extensions ['colcon_pkg']
[0.655s] Level 1:colcon.colcon_core.package_identification:_identify(src/uros/micro-ROS-Agent/snap/hooks) by extension 'colcon_pkg'
[0.655s] Level 1:colcon.colcon_core.package_identification:_identify(src/uros/micro-ROS-Agent/snap/hooks) by extensions ['colcon_meta']
[0.655s] Level 1:colcon.colcon_core.package_identification:_identify(src/uros/micro-ROS-Agent/snap/hooks) by extension 'colcon_meta'
[0.655s] Level 1:colcon.colcon_core.package_identification:_identify(src/uros/micro-ROS-Agent/snap/hooks) by extensions ['ros']
[0.655s] Level 1:colcon.colcon_core.package_identification:_identify(src/uros/micro-ROS-Agent/snap/hooks) by extension 'ros'
[0.655s] Level 1:colcon.colcon_core.package_identification:_identify(src/uros/micro-ROS-Agent/snap/hooks) by extensions ['cmake', 'python']
[0.656s] Level 1:colcon.colcon_core.package_identification:_identify(src/uros/micro-ROS-Agent/snap/hooks) by extension 'cmake'
[0.656s] Level 1:colcon.colcon_core.package_identification:_identify(src/uros/micro-ROS-Agent/snap/hooks) by extension 'python'
[0.656s] Level 1:colcon.colcon_core.package_identification:_identify(src/uros/micro-ROS-Agent/snap/hooks) by extensions ['python_setup_py']
[0.656s] Level 1:colcon.colcon_core.package_identification:_identify(src/uros/micro-ROS-Agent/snap/hooks) by extension 'python_setup_py'
[0.656s] Level 1:colcon.colcon_core.package_identification:_identify(src/uros/micro-ROS-Agent/snap/local) by extensions ['ignore', 'ignore_ament_install']
[0.656s] Level 1:colcon.colcon_core.package_identification:_identify(src/uros/micro-ROS-Agent/snap/local) by extension 'ignore'
[0.656s] Level 1:colcon.colcon_core.package_identification:_identify(src/uros/micro-ROS-Agent/snap/local) by extension 'ignore_ament_install'
[0.656s] Level 1:colcon.colcon_core.package_identification:_identify(src/uros/micro-ROS-Agent/snap/local) by extensions ['colcon_pkg']
[0.657s] Level 1:colcon.colcon_core.package_identification:_identify(src/uros/micro-ROS-Agent/snap/local) by extension 'colcon_pkg'
[0.657s] Level 1:colcon.colcon_core.package_identification:_identify(src/uros/micro-ROS-Agent/snap/local) by extensions ['colcon_meta']
[0.657s] Level 1:colcon.colcon_core.package_identification:_identify(src/uros/micro-ROS-Agent/snap/local) by extension 'colcon_meta'
[0.657s] Level 1:colcon.colcon_core.package_identification:_identify(src/uros/micro-ROS-Agent/snap/local) by extensions ['ros']
[0.657s] Level 1:colcon.colcon_core.package_identification:_identify(src/uros/micro-ROS-Agent/snap/local) by extension 'ros'
[0.657s] Level 1:colcon.colcon_core.package_identification:_identify(src/uros/micro-ROS-Agent/snap/local) by extensions ['cmake', 'python']
[0.657s] Level 1:colcon.colcon_core.package_identification:_identify(src/uros/micro-ROS-Agent/snap/local) by extension 'cmake'
[0.657s] Level 1:colcon.colcon_core.package_identification:_identify(src/uros/micro-ROS-Agent/snap/local) by extension 'python'
[0.657s] Level 1:colcon.colcon_core.package_identification:_identify(src/uros/micro-ROS-Agent/snap/local) by extensions ['python_setup_py']
[0.657s] Level 1:colcon.colcon_core.package_identification:_identify(src/uros/micro-ROS-Agent/snap/local) by extension 'python_setup_py'
[0.658s] Level 1:colcon.colcon_core.package_identification:_identify(src/uros/micro_ros_msgs) by extensions ['ignore', 'ignore_ament_install']
[0.658s] Level 1:colcon.colcon_core.package_identification:_identify(src/uros/micro_ros_msgs) by extension 'ignore'
[0.658s] Level 1:colcon.colcon_core.package_identification:_identify(src/uros/micro_ros_msgs) by extension 'ignore_ament_install'
[0.658s] Level 1:colcon.colcon_core.package_identification:_identify(src/uros/micro_ros_msgs) by extensions ['colcon_pkg']
[0.658s] Level 1:colcon.colcon_core.package_identification:_identify(src/uros/micro_ros_msgs) by extension 'colcon_pkg'
[0.658s] Level 1:colcon.colcon_core.package_identification:_identify(src/uros/micro_ros_msgs) by extensions ['colcon_meta']
[0.658s] Level 1:colcon.colcon_core.package_identification:_identify(src/uros/micro_ros_msgs) by extension 'colcon_meta'
[0.658s] Level 1:colcon.colcon_core.package_identification:_identify(src/uros/micro_ros_msgs) by extensions ['ros']
[0.658s] Level 1:colcon.colcon_core.package_identification:_identify(src/uros/micro_ros_msgs) by extension 'ros'
[0.660s] DEBUG:colcon.colcon_core.package_identification:Package 'src/uros/micro_ros_msgs' with type 'ros.ament_cmake' and name 'micro_ros_msgs'
[0.660s] Level 1:colcon.colcon_core.package_discovery:discover_packages(recursive) using defaults
[0.660s] Level 1:colcon.colcon_core.package_discovery:discover_packages(ignore) discover
[0.660s] Level 1:colcon.colcon_core.package_discovery:discover_packages(ignore) using defaults
[0.660s] Level 1:colcon.colcon_core.package_discovery:discover_packages(path) discover
[0.660s] Level 1:colcon.colcon_core.package_discovery:discover_packages(path) using defaults
[0.739s] Level 1:colcon.colcon_core.package_discovery:discover_packages(prefix_path) check parameters
[0.739s] Level 1:colcon.colcon_core.package_discovery:discover_packages(prefix_path) discover
[0.744s] DEBUG:colcon.colcon_installed_package_information.package_discovery:Found 7 installed packages in /home/npicbot/robocon_ws/install
[0.746s] DEBUG:colcon.colcon_installed_package_information.package_discovery:Found 274 installed packages in /opt/ros/humble
[0.750s] Level 1:colcon.colcon_core.package_discovery:discover_packages(prefix_path) using defaults
[0.829s] Level 5:colcon.colcon_core.verb:set package 'micro_ros_msgs' build argument 'cmake_args' from command line to 'None'
[0.830s] Level 5:colcon.colcon_core.verb:set package 'micro_ros_msgs' build argument 'cmake_target' from command line to 'None'
[0.830s] Level 5:colcon.colcon_core.verb:set package 'micro_ros_msgs' build argument 'cmake_target_skip_unavailable' from command line to 'False'
[0.830s] Level 5:colcon.colcon_core.verb:set package 'micro_ros_msgs' build argument 'cmake_clean_cache' from command line to 'False'
[0.830s] Level 5:colcon.colcon_core.verb:set package 'micro_ros_msgs' build argument 'cmake_clean_first' from command line to 'False'
[0.830s] Level 5:colcon.colcon_core.verb:set package 'micro_ros_msgs' build argument 'cmake_force_configure' from command line to 'False'
[0.830s] Level 5:colcon.colcon_core.verb:set package 'micro_ros_msgs' build argument 'ament_cmake_args' from command line to 'None'
[0.830s] Level 5:colcon.colcon_core.verb:set package 'micro_ros_msgs' build argument 'catkin_cmake_args' from command line to 'None'
[0.830s] Level 5:colcon.colcon_core.verb:set package 'micro_ros_msgs' build argument 'catkin_skip_building_tests' from command line to 'False'
[0.830s] DEBUG:colcon.colcon_core.verb:Building package 'micro_ros_msgs' with the following arguments: {'ament_cmake_args': None, 'build_base': '/home/npicbot/robocon_ws/build/micro_ros_msgs', 'catkin_cmake_args': None, 'catkin_skip_building_tests': False, 'cmake_args': None, 'cmake_clean_cache': False, 'cmake_clean_first': False, 'cmake_force_configure': False, 'cmake_target': None, 'cmake_target_skip_unavailable': False, 'install_base': '/home/npicbot/robocon_ws/install/micro_ros_msgs', 'merge_install': False, 'path': '/home/npicbot/robocon_ws/src/uros/micro_ros_msgs', 'symlink_install': False, 'test_result_base': None}
[0.831s] Level 5:colcon.colcon_core.verb:set package 'micro_ros_setup' build argument 'cmake_args' from command line to 'None'
[0.831s] Level 5:colcon.colcon_core.verb:set package 'micro_ros_setup' build argument 'cmake_target' from command line to 'None'
[0.831s] Level 5:colcon.colcon_core.verb:set package 'micro_ros_setup' build argument 'cmake_target_skip_unavailable' from command line to 'False'
[0.831s] Level 5:colcon.colcon_core.verb:set package 'micro_ros_setup' build argument 'cmake_clean_cache' from command line to 'False'
[0.831s] Level 5:colcon.colcon_core.verb:set package 'micro_ros_setup' build argument 'cmake_clean_first' from command line to 'False'
[0.831s] Level 5:colcon.colcon_core.verb:set package 'micro_ros_setup' build argument 'cmake_force_configure' from command line to 'False'
[0.831s] Level 5:colcon.colcon_core.verb:set package 'micro_ros_setup' build argument 'ament_cmake_args' from command line to 'None'
[0.831s] Level 5:colcon.colcon_core.verb:set package 'micro_ros_setup' build argument 'catkin_cmake_args' from command line to 'None'
[0.831s] Level 5:colcon.colcon_core.verb:set package 'micro_ros_setup' build argument 'catkin_skip_building_tests' from command line to 'False'
[0.832s] DEBUG:colcon.colcon_core.verb:Building package 'micro_ros_setup' with the following arguments: {'ament_cmake_args': None, 'build_base': '/home/npicbot/robocon_ws/build/micro_ros_setup', 'catkin_cmake_args': None, 'catkin_skip_building_tests': False, 'cmake_args': None, 'cmake_clean_cache': False, 'cmake_clean_first': False, 'cmake_force_configure': False, 'cmake_target': None, 'cmake_target_skip_unavailable': False, 'install_base': '/home/npicbot/robocon_ws/install/micro_ros_setup', 'merge_install': False, 'path': '/home/npicbot/robocon_ws/src/micro_ros_setup', 'symlink_install': False, 'test_result_base': None}
[0.832s] Level 5:colcon.colcon_core.verb:set package 'robot_base' build argument 'cmake_args' from command line to 'None'
[0.832s] Level 5:colcon.colcon_core.verb:set package 'robot_base' build argument 'cmake_target' from command line to 'None'
[0.832s] Level 5:colcon.colcon_core.verb:set package 'robot_base' build argument 'cmake_target_skip_unavailable' from command line to 'False'
[0.832s] Level 5:colcon.colcon_core.verb:set package 'robot_base' build argument 'cmake_clean_cache' from command line to 'False'
[0.832s] Level 5:colcon.colcon_core.verb:set package 'robot_base' build argument 'cmake_clean_first' from command line to 'False'
[0.833s] Level 5:colcon.colcon_core.verb:set package 'robot_base' build argument 'cmake_force_configure' from command line to 'False'
[0.833s] Level 5:colcon.colcon_core.verb:set package 'robot_base' build argument 'ament_cmake_args' from command line to 'None'
[0.833s] Level 5:colcon.colcon_core.verb:set package 'robot_base' build argument 'catkin_cmake_args' from command line to 'None'
[0.833s] Level 5:colcon.colcon_core.verb:set package 'robot_base' build argument 'catkin_skip_building_tests' from command line to 'False'
[0.833s] DEBUG:colcon.colcon_core.verb:Building package 'robot_base' with the following arguments: {'ament_cmake_args': None, 'build_base': '/home/npicbot/robocon_ws/build/robot_base', 'catkin_cmake_args': None, 'catkin_skip_building_tests': False, 'cmake_args': None, 'cmake_clean_cache': False, 'cmake_clean_first': False, 'cmake_force_configure': False, 'cmake_target': None, 'cmake_target_skip_unavailable': False, 'install_base': '/home/npicbot/robocon_ws/install/robot_base', 'merge_install': False, 'path': '/home/npicbot/robocon_ws/src/robot_base', 'symlink_install': False, 'test_result_base': None}
[0.833s] Level 5:colcon.colcon_core.verb:set package 'robot_command' build argument 'cmake_args' from command line to 'None'
[0.833s] Level 5:colcon.colcon_core.verb:set package 'robot_command' build argument 'cmake_target' from command line to 'None'
[0.834s] Level 5:colcon.colcon_core.verb:set package 'robot_command' build argument 'cmake_target_skip_unavailable' from command line to 'False'
[0.834s] Level 5:colcon.colcon_core.verb:set package 'robot_command' build argument 'cmake_clean_cache' from command line to 'False'
[0.834s] Level 5:colcon.colcon_core.verb:set package 'robot_command' build argument 'cmake_clean_first' from command line to 'False'
[0.834s] Level 5:colcon.colcon_core.verb:set package 'robot_command' build argument 'cmake_force_configure' from command line to 'False'
[0.834s] Level 5:colcon.colcon_core.verb:set package 'robot_command' build argument 'ament_cmake_args' from command line to 'None'
[0.834s] Level 5:colcon.colcon_core.verb:set package 'robot_command' build argument 'catkin_cmake_args' from command line to 'None'
[0.834s] Level 5:colcon.colcon_core.verb:set package 'robot_command' build argument 'catkin_skip_building_tests' from command line to 'False'
[0.834s] DEBUG:colcon.colcon_core.verb:Building package 'robot_command' with the following arguments: {'ament_cmake_args': None, 'build_base': '/home/npicbot/robocon_ws/build/robot_command', 'catkin_cmake_args': None, 'catkin_skip_building_tests': False, 'cmake_args': None, 'cmake_clean_cache': False, 'cmake_clean_first': False, 'cmake_force_configure': False, 'cmake_target': None, 'cmake_target_skip_unavailable': False, 'install_base': '/home/npicbot/robocon_ws/install/robot_command', 'merge_install': False, 'path': '/home/npicbot/robocon_ws/src/robot_command', 'symlink_install': False, 'test_result_base': None}
[0.835s] Level 5:colcon.colcon_core.verb:set package 'robot_intelligent' build argument 'cmake_args' from command line to 'None'
[0.835s] Level 5:colcon.colcon_core.verb:set package 'robot_intelligent' build argument 'cmake_target' from command line to 'None'
[0.835s] Level 5:colcon.colcon_core.verb:set package 'robot_intelligent' build argument 'cmake_target_skip_unavailable' from command line to 'False'
[0.835s] Level 5:colcon.colcon_core.verb:set package 'robot_intelligent' build argument 'cmake_clean_cache' from command line to 'False'
[0.835s] Level 5:colcon.colcon_core.verb:set package 'robot_intelligent' build argument 'cmake_clean_first' from command line to 'False'
[0.835s] Level 5:colcon.colcon_core.verb:set package 'robot_intelligent' build argument 'cmake_force_configure' from command line to 'False'
[0.835s] Level 5:colcon.colcon_core.verb:set package 'robot_intelligent' build argument 'ament_cmake_args' from command line to 'None'
[0.835s] Level 5:colcon.colcon_core.verb:set package 'robot_intelligent' build argument 'catkin_cmake_args' from command line to 'None'
[0.835s] Level 5:colcon.colcon_core.verb:set package 'robot_intelligent' build argument 'catkin_skip_building_tests' from command line to 'False'
[0.835s] DEBUG:colcon.colcon_core.verb:Building package 'robot_intelligent' with the following arguments: {'ament_cmake_args': None, 'build_base': '/home/npicbot/robocon_ws/build/robot_intelligent', 'catkin_cmake_args': None, 'catkin_skip_building_tests': False, 'cmake_args': None, 'cmake_clean_cache': False, 'cmake_clean_first': False, 'cmake_force_configure': False, 'cmake_target': None, 'cmake_target_skip_unavailable': False, 'install_base': '/home/npicbot/robocon_ws/install/robot_intelligent', 'merge_install': False, 'path': '/home/npicbot/robocon_ws/src/robot_intelligent', 'symlink_install': False, 'test_result_base': None}
[0.836s] Level 5:colcon.colcon_core.verb:set package 'robot_localization' build argument 'cmake_args' from command line to 'None'
[0.836s] Level 5:colcon.colcon_core.verb:set package 'robot_localization' build argument 'cmake_target' from command line to 'None'
[0.836s] Level 5:colcon.colcon_core.verb:set package 'robot_localization' build argument 'cmake_target_skip_unavailable' from command line to 'False'
[0.836s] Level 5:colcon.colcon_core.verb:set package 'robot_localization' build argument 'cmake_clean_cache' from command line to 'False'
[0.836s] Level 5:colcon.colcon_core.verb:set package 'robot_localization' build argument 'cmake_clean_first' from command line to 'False'
[0.836s] Level 5:colcon.colcon_core.verb:set package 'robot_localization' build argument 'cmake_force_configure' from command line to 'False'
[0.836s] Level 5:colcon.colcon_core.verb:set package 'robot_localization' build argument 'ament_cmake_args' from command line to 'None'
[0.836s] Level 5:colcon.colcon_core.verb:set package 'robot_localization' build argument 'catkin_cmake_args' from command line to 'None'
[0.836s] Level 5:colcon.colcon_core.verb:set package 'robot_localization' build argument 'catkin_skip_building_tests' from command line to 'False'
[0.836s] DEBUG:colcon.colcon_core.verb:Building package 'robot_localization' with the following arguments: {'ament_cmake_args': None, 'build_base': '/home/npicbot/robocon_ws/build/robot_localization', 'catkin_cmake_args': None, 'catkin_skip_building_tests': False, 'cmake_args': None, 'cmake_clean_cache': False, 'cmake_clean_first': False, 'cmake_force_configure': False, 'cmake_target': None, 'cmake_target_skip_unavailable': False, 'install_base': '/home/npicbot/robocon_ws/install/robot_localization', 'merge_install': False, 'path': '/home/npicbot/robocon_ws/src/robot_localization', 'symlink_install': False, 'test_result_base': None}
[0.837s] Level 5:colcon.colcon_core.verb:set package 'micro_ros_agent' build argument 'cmake_args' from command line to 'None'
[0.837s] Level 5:colcon.colcon_core.verb:set package 'micro_ros_agent' build argument 'cmake_target' from command line to 'None'
[0.837s] Level 5:colcon.colcon_core.verb:set package 'micro_ros_agent' build argument 'cmake_target_skip_unavailable' from command line to 'False'
[0.837s] Level 5:colcon.colcon_core.verb:set package 'micro_ros_agent' build argument 'cmake_clean_cache' from command line to 'False'
[0.837s] Level 5:colcon.colcon_core.verb:set package 'micro_ros_agent' build argument 'cmake_clean_first' from command line to 'False'
[0.837s] Level 5:colcon.colcon_core.verb:set package 'micro_ros_agent' build argument 'cmake_force_configure' from command line to 'False'
[0.837s] Level 5:colcon.colcon_core.verb:set package 'micro_ros_agent' build argument 'ament_cmake_args' from command line to 'None'
[0.837s] Level 5:colcon.colcon_core.verb:set package 'micro_ros_agent' build argument 'catkin_cmake_args' from command line to 'None'
[0.837s] Level 5:colcon.colcon_core.verb:set package 'micro_ros_agent' build argument 'catkin_skip_building_tests' from command line to 'False'
[0.837s] DEBUG:colcon.colcon_core.verb:Building package 'micro_ros_agent' with the following arguments: {'ament_cmake_args': None, 'build_base': '/home/npicbot/robocon_ws/build/micro_ros_agent', 'catkin_cmake_args': None, 'catkin_skip_building_tests': False, 'cmake_args': None, 'cmake_clean_cache': False, 'cmake_clean_first': False, 'cmake_force_configure': False, 'cmake_target': None, 'cmake_target_skip_unavailable': False, 'install_base': '/home/npicbot/robocon_ws/install/micro_ros_agent', 'merge_install': False, 'path': '/home/npicbot/robocon_ws/src/uros/micro-ROS-Agent/micro_ros_agent', 'symlink_install': False, 'test_result_base': None}
[0.838s] INFO:colcon.colcon_core.executor:Executing jobs using 'parallel' executor
[0.840s] DEBUG:colcon.colcon_parallel_executor.executor.parallel:run_until_complete
[0.841s] INFO:colcon.colcon_ros.task.ament_cmake.build:Building ROS package in '/home/npicbot/robocon_ws/src/uros/micro_ros_msgs' with build type 'ament_cmake'
[0.842s] INFO:colcon.colcon_cmake.task.cmake.build:Building CMake package in '/home/npicbot/robocon_ws/src/uros/micro_ros_msgs'
[0.847s] INFO:colcon.colcon_core.plugin_system:Skipping extension 'colcon_core.shell.bat': Not used on non-Windows systems
[0.847s] INFO:colcon.colcon_core.shell:Skip shell extension 'powershell' for command environment: Not usable outside of PowerShell
[0.848s] DEBUG:colcon.colcon_core.shell:Skip shell extension 'dsv' for command environment
[0.855s] INFO:colcon.colcon_ros.task.ament_cmake.build:Building ROS package in '/home/npicbot/robocon_ws/src/micro_ros_setup' with build type 'ament_cmake'
[0.856s] INFO:colcon.colcon_cmake.task.cmake.build:Building CMake package in '/home/npicbot/robocon_ws/src/micro_ros_setup'
[0.856s] INFO:colcon.colcon_core.shell:Skip shell extension 'powershell' for command environment: Not usable outside of PowerShell
[0.857s] DEBUG:colcon.colcon_core.shell:Skip shell extension 'dsv' for command environment
[0.863s] INFO:colcon.colcon_ros.task.ament_cmake.build:Building ROS package in '/home/npicbot/robocon_ws/src/robot_base' with build type 'ament_cmake'
[0.864s] INFO:colcon.colcon_cmake.task.cmake.build:Building CMake package in '/home/npicbot/robocon_ws/src/robot_base'
[0.864s] INFO:colcon.colcon_core.shell:Skip shell extension 'powershell' for command environment: Not usable outside of PowerShell
[0.865s] DEBUG:colcon.colcon_core.shell:Skip shell extension 'dsv' for command environment
[0.873s] INFO:colcon.colcon_ros.task.ament_cmake.build:Building ROS package in '/home/npicbot/robocon_ws/src/robot_command' with build type 'ament_cmake'
[0.873s] INFO:colcon.colcon_cmake.task.cmake.build:Building CMake package in '/home/npicbot/robocon_ws/src/robot_command'
[0.874s] INFO:colcon.colcon_core.shell:Skip shell extension 'powershell' for command environment: Not usable outside of PowerShell
[0.874s] DEBUG:colcon.colcon_core.shell:Skip shell extension 'dsv' for command environment
[0.882s] INFO:colcon.colcon_ros.task.ament_cmake.build:Building ROS package in '/home/npicbot/robocon_ws/src/robot_intelligent' with build type 'ament_cmake'
[0.882s] INFO:colcon.colcon_cmake.task.cmake.build:Building CMake package in '/home/npicbot/robocon_ws/src/robot_intelligent'
[0.883s] INFO:colcon.colcon_core.shell:Skip shell extension 'powershell' for command environment: Not usable outside of PowerShell
[0.883s] DEBUG:colcon.colcon_core.shell:Skip shell extension 'dsv' for command environment
[0.891s] INFO:colcon.colcon_ros.task.ament_cmake.build:Building ROS package in '/home/npicbot/robocon_ws/src/robot_localization' with build type 'ament_cmake'
[0.891s] INFO:colcon.colcon_cmake.task.cmake.build:Building CMake package in '/home/npicbot/robocon_ws/src/robot_localization'
[0.892s] INFO:colcon.colcon_core.shell:Skip shell extension 'powershell' for command environment: Not usable outside of PowerShell
[0.892s] DEBUG:colcon.colcon_core.shell:Skip shell extension 'dsv' for command environment
[0.913s] DEBUG:colcon.colcon_core.event_handler.log_command:Invoking command in '/home/npicbot/robocon_ws/build/micro_ros_msgs': CMAKE_PREFIX_PATH=${CMAKE_PREFIX_PATH}:/opt/ros/humble /usr/bin/cmake --build /home/npicbot/robocon_ws/build/micro_ros_msgs -- -j12 -l12
[0.920s] DEBUG:colcon.colcon_core.event_handler.log_command:Invoking command in '/home/npicbot/robocon_ws/build/micro_ros_setup': CMAKE_PREFIX_PATH=${CMAKE_PREFIX_PATH}:/opt/ros/humble /usr/bin/cmake --build /home/npicbot/robocon_ws/build/micro_ros_setup -- -j12 -l12
[0.927s] DEBUG:colcon.colcon_core.event_handler.log_command:Invoking command in '/home/npicbot/robocon_ws/build/robot_base': CMAKE_PREFIX_PATH=${CMAKE_PREFIX_PATH}:/opt/ros/humble /usr/bin/cmake --build /home/npicbot/robocon_ws/build/robot_base -- -j12 -l12
[0.933s] DEBUG:colcon.colcon_core.event_handler.log_command:Invoking command in '/home/npicbot/robocon_ws/build/robot_command': CMAKE_PREFIX_PATH=${CMAKE_PREFIX_PATH}:/opt/ros/humble /usr/bin/cmake --build /home/npicbot/robocon_ws/build/robot_command -- -j12 -l12
[0.940s] DEBUG:colcon.colcon_core.event_handler.log_command:Invoking command in '/home/npicbot/robocon_ws/build/robot_intelligent': CMAKE_PREFIX_PATH=${CMAKE_PREFIX_PATH}:/opt/ros/humble /usr/bin/cmake --build /home/npicbot/robocon_ws/build/robot_intelligent -- -j12 -l12
[0.954s] DEBUG:colcon.colcon_core.event_handler.log_command:Invoking command in '/home/npicbot/robocon_ws/build/robot_localization': CMAKE_PREFIX_PATH=${CMAKE_PREFIX_PATH}:/opt/ros/humble /usr/bin/cmake --build /home/npicbot/robocon_ws/build/robot_localization -- -j12 -l12
[1.000s] DEBUG:colcon.colcon_core.event_handler.log_command:Invoked command in '/home/npicbot/robocon_ws/build/micro_ros_setup' returned '0': CMAKE_PREFIX_PATH=${CMAKE_PREFIX_PATH}:/opt/ros/humble /usr/bin/cmake --build /home/npicbot/robocon_ws/build/micro_ros_setup -- -j12 -l12
[1.017s] DEBUG:colcon.colcon_core.event_handler.log_command:Invoked command in '/home/npicbot/robocon_ws/build/robot_command' returned '0': CMAKE_PREFIX_PATH=${CMAKE_PREFIX_PATH}:/opt/ros/humble /usr/bin/cmake --build /home/npicbot/robocon_ws/build/robot_command -- -j12 -l12
[1.099s] DEBUG:colcon.colcon_core.event_handler.log_command:Invoking command in '/home/npicbot/robocon_ws/build/micro_ros_setup': CMAKE_PREFIX_PATH=${CMAKE_PREFIX_PATH}:/opt/ros/humble /usr/bin/cmake --install /home/npicbot/robocon_ws/build/micro_ros_setup
[1.116s] DEBUG:colcon.colcon_core.event_handler.log_command:Invoking command in '/home/npicbot/robocon_ws/build/robot_command': CMAKE_PREFIX_PATH=${CMAKE_PREFIX_PATH}:/opt/ros/humble /usr/bin/cmake --install /home/npicbot/robocon_ws/build/robot_command
[1.135s] Level 1:colcon.colcon_core.environment:create_environment_scripts_only(robot_command)
[1.144s] Level 1:colcon.colcon_core.environment:checking '/home/npicbot/robocon_ws/install/robot_command' for CMake module files
[1.148s] Level 1:colcon.colcon_core.environment:checking '/home/npicbot/robocon_ws/install/robot_command' for CMake config files
[1.150s] Level 1:colcon.colcon_core.shell:create_environment_hook('robot_command', 'cmake_prefix_path')
[1.151s] INFO:colcon.colcon_core.shell:Creating environment hook '/home/npicbot/robocon_ws/install/robot_command/share/robot_command/hook/cmake_prefix_path.ps1'
[1.154s] INFO:colcon.colcon_core.shell:Creating environment descriptor '/home/npicbot/robocon_ws/install/robot_command/share/robot_command/hook/cmake_prefix_path.dsv'
[1.159s] INFO:colcon.colcon_core.shell:Creating environment hook '/home/npicbot/robocon_ws/install/robot_command/share/robot_command/hook/cmake_prefix_path.sh'
[1.162s] Level 1:colcon.colcon_core.environment:checking '/home/npicbot/robocon_ws/install/robot_command/bin'
[1.162s] Level 1:colcon.colcon_core.environment:checking '/home/npicbot/robocon_ws/install/robot_command/lib/pkgconfig/robot_command.pc'
[1.163s] Level 1:colcon.colcon_core.environment:checking '/home/npicbot/robocon_ws/install/robot_command/lib/python3.10/site-packages'
[1.163s] Level 1:colcon.colcon_core.environment:checking '/home/npicbot/robocon_ws/install/robot_command/bin'
[1.164s] INFO:colcon.colcon_core.shell:Creating package script '/home/npicbot/robocon_ws/install/robot_command/share/robot_command/package.ps1'
[1.171s] INFO:colcon.colcon_core.shell:Creating package descriptor '/home/npicbot/robocon_ws/install/robot_command/share/robot_command/package.dsv'
[1.174s] INFO:colcon.colcon_core.shell:Creating package script '/home/npicbot/robocon_ws/install/robot_command/share/robot_command/package.sh'
[1.176s] INFO:colcon.colcon_core.shell:Creating package script '/home/npicbot/robocon_ws/install/robot_command/share/robot_command/package.bash'
[1.178s] INFO:colcon.colcon_core.shell:Creating package script '/home/npicbot/robocon_ws/install/robot_command/share/robot_command/package.zsh'
[1.180s] Level 1:colcon.colcon_core.environment:create_file_with_runtime_dependencies(/home/npicbot/robocon_ws/install/robot_command/share/colcon-core/packages/robot_command)
[1.190s] Level 1:colcon.colcon_core.environment:create_environment_scripts_only(micro_ros_setup)
[1.190s] Level 1:colcon.colcon_core.environment:checking '/home/npicbot/robocon_ws/install/micro_ros_setup' for CMake module files
[1.194s] Level 1:colcon.colcon_core.environment:checking '/home/npicbot/robocon_ws/install/micro_ros_setup' for CMake config files
[1.195s] Level 1:colcon.colcon_core.shell:create_environment_hook('micro_ros_setup', 'cmake_prefix_path')
[1.196s] INFO:colcon.colcon_core.shell:Creating environment hook '/home/npicbot/robocon_ws/install/micro_ros_setup/share/micro_ros_setup/hook/cmake_prefix_path.ps1'
[1.204s] DEBUG:colcon.colcon_core.event_handler.log_command:Invoked command in '/home/npicbot/robocon_ws/build/robot_command' returned '0': CMAKE_PREFIX_PATH=${CMAKE_PREFIX_PATH}:/opt/ros/humble /usr/bin/cmake --install /home/npicbot/robocon_ws/build/robot_command
[1.206s] DEBUG:colcon.colcon_core.event_handler.log_command:Invoked command in '/home/npicbot/robocon_ws/build/micro_ros_setup' returned '0': CMAKE_PREFIX_PATH=${CMAKE_PREFIX_PATH}:/opt/ros/humble /usr/bin/cmake --install /home/npicbot/robocon_ws/build/micro_ros_setup
[1.207s] INFO:colcon.colcon_core.shell:Creating environment descriptor '/home/npicbot/robocon_ws/install/micro_ros_setup/share/micro_ros_setup/hook/cmake_prefix_path.dsv'
[1.208s] INFO:colcon.colcon_core.shell:Creating environment hook '/home/npicbot/robocon_ws/install/micro_ros_setup/share/micro_ros_setup/hook/cmake_prefix_path.sh'
[1.209s] Level 1:colcon.colcon_core.environment:checking '/home/npicbot/robocon_ws/install/micro_ros_setup/lib'
[1.210s] Level 1:colcon.colcon_core.environment:checking '/home/npicbot/robocon_ws/install/micro_ros_setup/bin'
[1.210s] Level 1:colcon.colcon_core.environment:checking '/home/npicbot/robocon_ws/install/micro_ros_setup/lib/pkgconfig/micro_ros_setup.pc'
[1.211s] Level 1:colcon.colcon_core.environment:checking '/home/npicbot/robocon_ws/install/micro_ros_setup/lib/python3.10/site-packages'
[1.211s] Level 1:colcon.colcon_core.environment:checking '/home/npicbot/robocon_ws/install/micro_ros_setup/bin'
[1.212s] INFO:colcon.colcon_core.shell:Creating package script '/home/npicbot/robocon_ws/install/micro_ros_setup/share/micro_ros_setup/package.ps1'
[1.213s] INFO:colcon.colcon_core.shell:Creating package descriptor '/home/npicbot/robocon_ws/install/micro_ros_setup/share/micro_ros_setup/package.dsv'
[1.214s] INFO:colcon.colcon_core.shell:Creating package script '/home/npicbot/robocon_ws/install/micro_ros_setup/share/micro_ros_setup/package.sh'
[1.215s] INFO:colcon.colcon_core.shell:Creating package script '/home/npicbot/robocon_ws/install/micro_ros_setup/share/micro_ros_setup/package.bash'
[1.216s] INFO:colcon.colcon_core.shell:Creating package script '/home/npicbot/robocon_ws/install/micro_ros_setup/share/micro_ros_setup/package.zsh'
[1.217s] Level 1:colcon.colcon_core.environment:create_file_with_runtime_dependencies(/home/npicbot/robocon_ws/install/micro_ros_setup/share/colcon-core/packages/micro_ros_setup)
[1.223s] Level 1:colcon.colcon_core.environment:create_environment_scripts_only(robot_command)
[1.224s] Level 1:colcon.colcon_core.environment:checking '/home/npicbot/robocon_ws/install/robot_command' for CMake module files
[1.225s] Level 1:colcon.colcon_core.environment:checking '/home/npicbot/robocon_ws/install/robot_command' for CMake config files
[1.226s] Level 1:colcon.colcon_core.shell:create_environment_hook('robot_command', 'cmake_prefix_path')
[1.226s] INFO:colcon.colcon_core.shell:Creating environment hook '/home/npicbot/robocon_ws/install/robot_command/share/robot_command/hook/cmake_prefix_path.ps1'
[1.228s] INFO:colcon.colcon_core.shell:Creating environment descriptor '/home/npicbot/robocon_ws/install/robot_command/share/robot_command/hook/cmake_prefix_path.dsv'
[1.229s] INFO:colcon.colcon_core.shell:Creating environment hook '/home/npicbot/robocon_ws/install/robot_command/share/robot_command/hook/cmake_prefix_path.sh'
[1.230s] Level 1:colcon.colcon_core.environment:checking '/home/npicbot/robocon_ws/install/robot_command/bin'
[1.230s] Level 1:colcon.colcon_core.environment:checking '/home/npicbot/robocon_ws/install/robot_command/lib/pkgconfig/robot_command.pc'
[1.231s] Level 1:colcon.colcon_core.environment:checking '/home/npicbot/robocon_ws/install/robot_command/lib/python3.10/site-packages'
[1.231s] Level 1:colcon.colcon_core.environment:checking '/home/npicbot/robocon_ws/install/robot_command/bin'
[1.232s] INFO:colcon.colcon_core.shell:Creating package script '/home/npicbot/robocon_ws/install/robot_command/share/robot_command/package.ps1'
[1.233s] INFO:colcon.colcon_core.shell:Creating package descriptor '/home/npicbot/robocon_ws/install/robot_command/share/robot_command/package.dsv'
[1.235s] INFO:colcon.colcon_core.shell:Creating package script '/home/npicbot/robocon_ws/install/robot_command/share/robot_command/package.sh'
[1.236s] INFO:colcon.colcon_core.shell:Creating package script '/home/npicbot/robocon_ws/install/robot_command/share/robot_command/package.bash'
[1.237s] INFO:colcon.colcon_core.shell:Creating package script '/home/npicbot/robocon_ws/install/robot_command/share/robot_command/package.zsh'
[1.238s] Level 1:colcon.colcon_core.environment:create_file_with_runtime_dependencies(/home/npicbot/robocon_ws/install/robot_command/share/colcon-core/packages/robot_command)
[1.261s] Level 1:colcon.colcon_core.environment:create_environment_scripts_only(micro_ros_setup)
[1.261s] Level 1:colcon.colcon_core.environment:checking '/home/npicbot/robocon_ws/install/micro_ros_setup' for CMake module files
[1.262s] Level 1:colcon.colcon_core.environment:checking '/home/npicbot/robocon_ws/install/micro_ros_setup' for CMake config files
[1.263s] Level 1:colcon.colcon_core.shell:create_environment_hook('micro_ros_setup', 'cmake_prefix_path')
[1.263s] INFO:colcon.colcon_core.shell:Creating environment hook '/home/npicbot/robocon_ws/install/micro_ros_setup/share/micro_ros_setup/hook/cmake_prefix_path.ps1'
[1.265s] INFO:colcon.colcon_core.shell:Creating environment descriptor '/home/npicbot/robocon_ws/install/micro_ros_setup/share/micro_ros_setup/hook/cmake_prefix_path.dsv'
[1.266s] INFO:colcon.colcon_core.shell:Creating environment hook '/home/npicbot/robocon_ws/install/micro_ros_setup/share/micro_ros_setup/hook/cmake_prefix_path.sh'
[1.268s] Level 1:colcon.colcon_core.environment:checking '/home/npicbot/robocon_ws/install/micro_ros_setup/lib'
[1.269s] Level 1:colcon.colcon_core.environment:checking '/home/npicbot/robocon_ws/install/micro_ros_setup/bin'
[1.269s] Level 1:colcon.colcon_core.environment:checking '/home/npicbot/robocon_ws/install/micro_ros_setup/lib/pkgconfig/micro_ros_setup.pc'
[1.269s] Level 1:colcon.colcon_core.environment:checking '/home/npicbot/robocon_ws/install/micro_ros_setup/lib/python3.10/site-packages'
[1.270s] Level 1:colcon.colcon_core.environment:checking '/home/npicbot/robocon_ws/install/micro_ros_setup/bin'
[1.270s] INFO:colcon.colcon_core.shell:Creating package script '/home/npicbot/robocon_ws/install/micro_ros_setup/share/micro_ros_setup/package.ps1'
[1.272s] INFO:colcon.colcon_core.shell:Creating package descriptor '/home/npicbot/robocon_ws/install/micro_ros_setup/share/micro_ros_setup/package.dsv'
[1.274s] INFO:colcon.colcon_core.shell:Creating package script '/home/npicbot/robocon_ws/install/micro_ros_setup/share/micro_ros_setup/package.sh'
[1.276s] INFO:colcon.colcon_core.shell:Creating package script '/home/npicbot/robocon_ws/install/micro_ros_setup/share/micro_ros_setup/package.bash'
[1.277s] INFO:colcon.colcon_core.shell:Creating package script '/home/npicbot/robocon_ws/install/micro_ros_setup/share/micro_ros_setup/package.zsh'
[1.279s] Level 1:colcon.colcon_core.environment:create_file_with_runtime_dependencies(/home/npicbot/robocon_ws/install/micro_ros_setup/share/colcon-core/packages/micro_ros_setup)
[1.754s] DEBUG:colcon.colcon_core.event_handler.log_command:Invoked command in '/home/npicbot/robocon_ws/build/micro_ros_msgs' returned '0': CMAKE_PREFIX_PATH=${CMAKE_PREFIX_PATH}:/opt/ros/humble /usr/bin/cmake --build /home/npicbot/robocon_ws/build/micro_ros_msgs -- -j12 -l12
[1.792s] DEBUG:colcon.colcon_core.event_handler.log_command:Invoked command in '/home/npicbot/robocon_ws/build/robot_base' returned '0': CMAKE_PREFIX_PATH=${CMAKE_PREFIX_PATH}:/opt/ros/humble /usr/bin/cmake --build /home/npicbot/robocon_ws/build/robot_base -- -j12 -l12
[1.950s] DEBUG:colcon.colcon_core.event_handler.log_command:Invoking command in '/home/npicbot/robocon_ws/build/micro_ros_msgs': CMAKE_PREFIX_PATH=${CMAKE_PREFIX_PATH}:/opt/ros/humble /usr/bin/cmake --install /home/npicbot/robocon_ws/build/micro_ros_msgs
[1.954s] DEBUG:colcon.colcon_core.event_handler.log_command:Invoking command in '/home/npicbot/robocon_ws/build/robot_base': CMAKE_PREFIX_PATH=${CMAKE_PREFIX_PATH}:/opt/ros/humble /usr/bin/cmake --install /home/npicbot/robocon_ws/build/robot_base
[2.079s] Level 1:colcon.colcon_core.environment:create_environment_scripts_only(micro_ros_msgs)
[2.080s] Level 1:colcon.colcon_core.environment:checking '/home/npicbot/robocon_ws/install/micro_ros_msgs' for CMake module files
[2.081s] DEBUG:colcon.colcon_core.event_handler.log_command:Invoked command in '/home/npicbot/robocon_ws/build/micro_ros_msgs' returned '0': CMAKE_PREFIX_PATH=${CMAKE_PREFIX_PATH}:/opt/ros/humble /usr/bin/cmake --install /home/npicbot/robocon_ws/build/micro_ros_msgs
[2.083s] Level 1:colcon.colcon_core.environment:checking '/home/npicbot/robocon_ws/install/micro_ros_msgs' for CMake config files
[2.086s] Level 1:colcon.colcon_core.shell:create_environment_hook('micro_ros_msgs', 'cmake_prefix_path')
[2.087s] INFO:colcon.colcon_core.shell:Creating environment hook '/home/npicbot/robocon_ws/install/micro_ros_msgs/share/micro_ros_msgs/hook/cmake_prefix_path.ps1'
[2.089s] INFO:colcon.colcon_core.shell:Creating environment descriptor '/home/npicbot/robocon_ws/install/micro_ros_msgs/share/micro_ros_msgs/hook/cmake_prefix_path.dsv'
[2.090s] INFO:colcon.colcon_core.shell:Creating environment hook '/home/npicbot/robocon_ws/install/micro_ros_msgs/share/micro_ros_msgs/hook/cmake_prefix_path.sh'
[2.092s] Level 1:colcon.colcon_core.environment:checking '/home/npicbot/robocon_ws/install/micro_ros_msgs/lib'
[2.092s] Level 1:colcon.colcon_core.shell:create_environment_hook('micro_ros_msgs', 'ld_library_path_lib')
[2.093s] INFO:colcon.colcon_core.shell:Creating environment hook '/home/npicbot/robocon_ws/install/micro_ros_msgs/share/micro_ros_msgs/hook/ld_library_path_lib.ps1'
[2.101s] INFO:colcon.colcon_core.shell:Creating environment descriptor '/home/npicbot/robocon_ws/install/micro_ros_msgs/share/micro_ros_msgs/hook/ld_library_path_lib.dsv'
[2.102s] INFO:colcon.colcon_core.shell:Creating environment hook '/home/npicbot/robocon_ws/install/micro_ros_msgs/share/micro_ros_msgs/hook/ld_library_path_lib.sh'
[2.104s] Level 1:colcon.colcon_core.environment:checking '/home/npicbot/robocon_ws/install/micro_ros_msgs/bin'
[2.104s] Level 1:colcon.colcon_core.environment:checking '/home/npicbot/robocon_ws/install/micro_ros_msgs/lib/pkgconfig/micro_ros_msgs.pc'
[2.104s] Level 1:colcon.colcon_core.environment:checking '/home/npicbot/robocon_ws/install/micro_ros_msgs/lib/python3.10/site-packages'
[2.105s] Level 1:colcon.colcon_core.environment:checking '/home/npicbot/robocon_ws/install/micro_ros_msgs/bin'
[2.106s] INFO:colcon.colcon_core.shell:Creating package script '/home/npicbot/robocon_ws/install/micro_ros_msgs/share/micro_ros_msgs/package.ps1'
[2.108s] INFO:colcon.colcon_core.shell:Creating package descriptor '/home/npicbot/robocon_ws/install/micro_ros_msgs/share/micro_ros_msgs/package.dsv'
[2.110s] INFO:colcon.colcon_core.shell:Creating package script '/home/npicbot/robocon_ws/install/micro_ros_msgs/share/micro_ros_msgs/package.sh'
[2.111s] INFO:colcon.colcon_core.shell:Creating package script '/home/npicbot/robocon_ws/install/micro_ros_msgs/share/micro_ros_msgs/package.bash'
[2.112s] INFO:colcon.colcon_core.shell:Creating package script '/home/npicbot/robocon_ws/install/micro_ros_msgs/share/micro_ros_msgs/package.zsh'
[2.113s] Level 1:colcon.colcon_core.environment:create_file_with_runtime_dependencies(/home/npicbot/robocon_ws/install/micro_ros_msgs/share/colcon-core/packages/micro_ros_msgs)
[2.117s] Level 1:colcon.colcon_core.environment:create_environment_scripts_only(robot_base)
[2.118s] Level 1:colcon.colcon_core.environment:checking '/home/npicbot/robocon_ws/install/robot_base' for CMake module files
[2.120s] DEBUG:colcon.colcon_core.event_handler.log_command:Invoked command in '/home/npicbot/robocon_ws/build/robot_base' returned '0': CMAKE_PREFIX_PATH=${CMAKE_PREFIX_PATH}:/opt/ros/humble /usr/bin/cmake --install /home/npicbot/robocon_ws/build/robot_base
[2.120s] Level 1:colcon.colcon_core.environment:checking '/home/npicbot/robocon_ws/install/robot_base' for CMake config files
[2.122s] Level 1:colcon.colcon_core.shell:create_environment_hook('robot_base', 'cmake_prefix_path')
[2.123s] INFO:colcon.colcon_core.shell:Creating environment hook '/home/npicbot/robocon_ws/install/robot_base/share/robot_base/hook/cmake_prefix_path.ps1'
[2.126s] INFO:colcon.colcon_core.shell:Creating environment descriptor '/home/npicbot/robocon_ws/install/robot_base/share/robot_base/hook/cmake_prefix_path.dsv'
[2.128s] INFO:colcon.colcon_core.shell:Creating environment hook '/home/npicbot/robocon_ws/install/robot_base/share/robot_base/hook/cmake_prefix_path.sh'
[2.130s] Level 1:colcon.colcon_core.environment:checking '/home/npicbot/robocon_ws/install/robot_base/lib'
[2.130s] Level 1:colcon.colcon_core.shell:create_environment_hook('robot_base', 'ld_library_path_lib')
[2.131s] INFO:colcon.colcon_core.shell:Creating environment hook '/home/npicbot/robocon_ws/install/robot_base/share/robot_base/hook/ld_library_path_lib.ps1'
[2.132s] INFO:colcon.colcon_core.shell:Creating environment descriptor '/home/npicbot/robocon_ws/install/robot_base/share/robot_base/hook/ld_library_path_lib.dsv'
[2.133s] INFO:colcon.colcon_core.shell:Creating environment hook '/home/npicbot/robocon_ws/install/robot_base/share/robot_base/hook/ld_library_path_lib.sh'
[2.134s] Level 1:colcon.colcon_core.environment:checking '/home/npicbot/robocon_ws/install/robot_base/bin'
[2.135s] Level 1:colcon.colcon_core.environment:checking '/home/npicbot/robocon_ws/install/robot_base/lib/pkgconfig/robot_base.pc'
[2.135s] Level 1:colcon.colcon_core.environment:checking '/home/npicbot/robocon_ws/install/robot_base/lib/python3.10/site-packages'
[2.136s] Level 1:colcon.colcon_core.environment:checking '/home/npicbot/robocon_ws/install/robot_base/bin'
[2.137s] INFO:colcon.colcon_core.shell:Creating package script '/home/npicbot/robocon_ws/install/robot_base/share/robot_base/package.ps1'
[2.139s] INFO:colcon.colcon_core.shell:Creating package descriptor '/home/npicbot/robocon_ws/install/robot_base/share/robot_base/package.dsv'
[2.140s] INFO:colcon.colcon_core.shell:Creating package script '/home/npicbot/robocon_ws/install/robot_base/share/robot_base/package.sh'
[2.142s] INFO:colcon.colcon_core.shell:Creating package script '/home/npicbot/robocon_ws/install/robot_base/share/robot_base/package.bash'
[2.143s] INFO:colcon.colcon_core.shell:Creating package script '/home/npicbot/robocon_ws/install/robot_base/share/robot_base/package.zsh'
[2.144s] Level 1:colcon.colcon_core.environment:create_file_with_runtime_dependencies(/home/npicbot/robocon_ws/install/robot_base/share/colcon-core/packages/robot_base)
[2.325s] Level 1:colcon.colcon_core.environment:create_environment_scripts_only(robot_base)
[2.326s] Level 1:colcon.colcon_core.environment:checking '/home/npicbot/robocon_ws/install/robot_base' for CMake module files
[2.328s] Level 1:colcon.colcon_core.environment:checking '/home/npicbot/robocon_ws/install/robot_base' for CMake config files
[2.329s] Level 1:colcon.colcon_core.shell:create_environment_hook('robot_base', 'cmake_prefix_path')
[2.330s] INFO:colcon.colcon_core.shell:Creating environment hook '/home/npicbot/robocon_ws/install/robot_base/share/robot_base/hook/cmake_prefix_path.ps1'
[2.332s] INFO:colcon.colcon_core.shell:Creating environment descriptor '/home/npicbot/robocon_ws/install/robot_base/share/robot_base/hook/cmake_prefix_path.dsv'
[2.333s] INFO:colcon.colcon_core.shell:Creating environment hook '/home/npicbot/robocon_ws/install/robot_base/share/robot_base/hook/cmake_prefix_path.sh'
[2.335s] Level 1:colcon.colcon_core.environment:checking '/home/npicbot/robocon_ws/install/robot_base/lib'
[2.335s] Level 1:colcon.colcon_core.shell:create_environment_hook('robot_base', 'ld_library_path_lib')
[2.336s] INFO:colcon.colcon_core.shell:Creating environment hook '/home/npicbot/robocon_ws/install/robot_base/share/robot_base/hook/ld_library_path_lib.ps1'
[2.337s] INFO:colcon.colcon_core.shell:Creating environment descriptor '/home/npicbot/robocon_ws/install/robot_base/share/robot_base/hook/ld_library_path_lib.dsv'
[2.338s] INFO:colcon.colcon_core.shell:Creating environment hook '/home/npicbot/robocon_ws/install/robot_base/share/robot_base/hook/ld_library_path_lib.sh'
[2.340s] Level 1:colcon.colcon_core.environment:checking '/home/npicbot/robocon_ws/install/robot_base/bin'
[2.340s] Level 1:colcon.colcon_core.environment:checking '/home/npicbot/robocon_ws/install/robot_base/lib/pkgconfig/robot_base.pc'
[2.341s] Level 1:colcon.colcon_core.environment:checking '/home/npicbot/robocon_ws/install/robot_base/lib/python3.10/site-packages'
[2.341s] Level 1:colcon.colcon_core.environment:checking '/home/npicbot/robocon_ws/install/robot_base/bin'
[2.342s] INFO:colcon.colcon_core.shell:Creating package script '/home/npicbot/robocon_ws/install/robot_base/share/robot_base/package.ps1'
[2.344s] INFO:colcon.colcon_core.shell:Creating package descriptor '/home/npicbot/robocon_ws/install/robot_base/share/robot_base/package.dsv'
[2.345s] INFO:colcon.colcon_core.shell:Creating package script '/home/npicbot/robocon_ws/install/robot_base/share/robot_base/package.sh'
[2.347s] INFO:colcon.colcon_core.shell:Creating package script '/home/npicbot/robocon_ws/install/robot_base/share/robot_base/package.bash'
[2.348s] INFO:colcon.colcon_core.shell:Creating package script '/home/npicbot/robocon_ws/install/robot_base/share/robot_base/package.zsh'
[2.350s] Level 1:colcon.colcon_core.environment:create_file_with_runtime_dependencies(/home/npicbot/robocon_ws/install/robot_base/share/colcon-core/packages/robot_base)
[2.353s] Level 1:colcon.colcon_core.environment:create_environment_scripts_only(micro_ros_msgs)
[2.354s] Level 1:colcon.colcon_core.environment:checking '/home/npicbot/robocon_ws/install/micro_ros_msgs' for CMake module files
[2.355s] Level 1:colcon.colcon_core.environment:checking '/home/npicbot/robocon_ws/install/micro_ros_msgs' for CMake config files
[2.357s] Level 1:colcon.colcon_core.shell:create_environment_hook('micro_ros_msgs', 'cmake_prefix_path')
[2.357s] INFO:colcon.colcon_core.shell:Creating environment hook '/home/npicbot/robocon_ws/install/micro_ros_msgs/share/micro_ros_msgs/hook/cmake_prefix_path.ps1'
[2.359s] INFO:colcon.colcon_core.shell:Creating environment descriptor '/home/npicbot/robocon_ws/install/micro_ros_msgs/share/micro_ros_msgs/hook/cmake_prefix_path.dsv'
[2.360s] INFO:colcon.colcon_core.shell:Creating environment hook '/home/npicbot/robocon_ws/install/micro_ros_msgs/share/micro_ros_msgs/hook/cmake_prefix_path.sh'
[2.362s] Level 1:colcon.colcon_core.environment:checking '/home/npicbot/robocon_ws/install/micro_ros_msgs/lib'
[2.362s] Level 1:colcon.colcon_core.shell:create_environment_hook('micro_ros_msgs', 'ld_library_path_lib')
[2.363s] INFO:colcon.colcon_core.shell:Creating environment hook '/home/npicbot/robocon_ws/install/micro_ros_msgs/share/micro_ros_msgs/hook/ld_library_path_lib.ps1'
[2.364s] INFO:colcon.colcon_core.shell:Creating environment descriptor '/home/npicbot/robocon_ws/install/micro_ros_msgs/share/micro_ros_msgs/hook/ld_library_path_lib.dsv'
[2.365s] INFO:colcon.colcon_core.shell:Creating environment hook '/home/npicbot/robocon_ws/install/micro_ros_msgs/share/micro_ros_msgs/hook/ld_library_path_lib.sh'
[2.366s] Level 1:colcon.colcon_core.environment:checking '/home/npicbot/robocon_ws/install/micro_ros_msgs/bin'
[2.366s] Level 1:colcon.colcon_core.environment:checking '/home/npicbot/robocon_ws/install/micro_ros_msgs/lib/pkgconfig/micro_ros_msgs.pc'
[2.367s] Level 1:colcon.colcon_core.environment:checking '/home/npicbot/robocon_ws/install/micro_ros_msgs/lib/python3.10/site-packages'
[2.367s] Level 1:colcon.colcon_core.environment:checking '/home/npicbot/robocon_ws/install/micro_ros_msgs/bin'
[2.368s] INFO:colcon.colcon_core.shell:Creating package script '/home/npicbot/robocon_ws/install/micro_ros_msgs/share/micro_ros_msgs/package.ps1'
[2.370s] INFO:colcon.colcon_core.shell:Creating package descriptor '/home/npicbot/robocon_ws/install/micro_ros_msgs/share/micro_ros_msgs/package.dsv'
[2.372s] INFO:colcon.colcon_core.shell:Creating package script '/home/npicbot/robocon_ws/install/micro_ros_msgs/share/micro_ros_msgs/package.sh'
[2.374s] INFO:colcon.colcon_core.shell:Creating package script '/home/npicbot/robocon_ws/install/micro_ros_msgs/share/micro_ros_msgs/package.bash'
[2.375s] INFO:colcon.colcon_core.shell:Creating package script '/home/npicbot/robocon_ws/install/micro_ros_msgs/share/micro_ros_msgs/package.zsh'
[2.376s] Level 1:colcon.colcon_core.environment:create_file_with_runtime_dependencies(/home/npicbot/robocon_ws/install/micro_ros_msgs/share/colcon-core/packages/micro_ros_msgs)
[2.377s] INFO:colcon.colcon_ros.task.ament_cmake.build:Building ROS package in '/home/npicbot/robocon_ws/src/uros/micro-ROS-Agent/micro_ros_agent' with build type 'ament_cmake'
[2.378s] INFO:colcon.colcon_cmake.task.cmake.build:Building CMake package in '/home/npicbot/robocon_ws/src/uros/micro-ROS-Agent/micro_ros_agent'
[2.378s] INFO:colcon.colcon_core.shell:Skip shell extension 'powershell' for command environment: Not usable outside of PowerShell
[2.379s] DEBUG:colcon.colcon_core.shell:Skip shell extension 'dsv' for command environment
[2.404s] DEBUG:colcon.colcon_core.event_handler.log_command:Invoking command in '/home/npicbot/robocon_ws/build/micro_ros_agent': CMAKE_PREFIX_PATH=/home/npicbot/robocon_ws/install/micro_ros_msgs:/home/npicbot/robocon_ws/install/robot_localization:/home/npicbot/robocon_ws/install/robot_intelligent:/home/npicbot/robocon_ws/install/robot_command:/home/npicbot/robocon_ws/install/robot_base:/home/npicbot/robocon_ws/install/micro_ros_setup:/home/npicbot/robocon_ws/install/micro_ros_agent:/opt/ros/humble LD_LIBRARY_PATH=/home/npicbot/robocon_ws/install/micro_ros_msgs/lib:/home/npicbot/robocon_ws/install/robot_base/lib:/home/npicbot/robocon_ws/install/micro_ros_agent/lib:/opt/ros/humble/opt/rviz_ogre_vendor/lib:/opt/ros/humble/lib/aarch64-linux-gnu:/opt/ros/humble/lib /usr/bin/cmake --build /home/npicbot/robocon_ws/build/micro_ros_agent -- -j12 -l12
[2.548s] DEBUG:colcon.colcon_core.event_handler.log_command:Invoked command in '/home/npicbot/robocon_ws/build/micro_ros_agent' returned '0': CMAKE_PREFIX_PATH=/home/npicbot/robocon_ws/install/micro_ros_msgs:/home/npicbot/robocon_ws/install/robot_localization:/home/npicbot/robocon_ws/install/robot_intelligent:/home/npicbot/robocon_ws/install/robot_command:/home/npicbot/robocon_ws/install/robot_base:/home/npicbot/robocon_ws/install/micro_ros_setup:/home/npicbot/robocon_ws/install/micro_ros_agent:/opt/ros/humble LD_LIBRARY_PATH=/home/npicbot/robocon_ws/install/micro_ros_msgs/lib:/home/npicbot/robocon_ws/install/robot_base/lib:/home/npicbot/robocon_ws/install/micro_ros_agent/lib:/opt/ros/humble/opt/rviz_ogre_vendor/lib:/opt/ros/humble/lib/aarch64-linux-gnu:/opt/ros/humble/lib /usr/bin/cmake --build /home/npicbot/robocon_ws/build/micro_ros_agent -- -j12 -l12
[2.616s] DEBUG:colcon.colcon_core.event_handler.log_command:Invoking command in '/home/npicbot/robocon_ws/build/micro_ros_agent': CMAKE_PREFIX_PATH=/home/npicbot/robocon_ws/install/micro_ros_msgs:/home/npicbot/robocon_ws/install/robot_localization:/home/npicbot/robocon_ws/install/robot_intelligent:/home/npicbot/robocon_ws/install/robot_command:/home/npicbot/robocon_ws/install/robot_base:/home/npicbot/robocon_ws/install/micro_ros_setup:/home/npicbot/robocon_ws/install/micro_ros_agent:/opt/ros/humble LD_LIBRARY_PATH=/home/npicbot/robocon_ws/install/micro_ros_msgs/lib:/home/npicbot/robocon_ws/install/robot_base/lib:/home/npicbot/robocon_ws/install/micro_ros_agent/lib:/opt/ros/humble/opt/rviz_ogre_vendor/lib:/opt/ros/humble/lib/aarch64-linux-gnu:/opt/ros/humble/lib /usr/bin/cmake --install /home/npicbot/robocon_ws/build/micro_ros_agent
[2.637s] Level 1:colcon.colcon_core.environment:create_environment_scripts_only(micro_ros_agent)
[2.638s] Level 1:colcon.colcon_core.environment:checking '/home/npicbot/robocon_ws/install/micro_ros_agent' for CMake module files
[2.639s] DEBUG:colcon.colcon_core.event_handler.log_command:Invoked command in '/home/npicbot/robocon_ws/build/micro_ros_agent' returned '0': CMAKE_PREFIX_PATH=/home/npicbot/robocon_ws/install/micro_ros_msgs:/home/npicbot/robocon_ws/install/robot_localization:/home/npicbot/robocon_ws/install/robot_intelligent:/home/npicbot/robocon_ws/install/robot_command:/home/npicbot/robocon_ws/install/robot_base:/home/npicbot/robocon_ws/install/micro_ros_setup:/home/npicbot/robocon_ws/install/micro_ros_agent:/opt/ros/humble LD_LIBRARY_PATH=/home/npicbot/robocon_ws/install/micro_ros_msgs/lib:/home/npicbot/robocon_ws/install/robot_base/lib:/home/npicbot/robocon_ws/install/micro_ros_agent/lib:/opt/ros/humble/opt/rviz_ogre_vendor/lib:/opt/ros/humble/lib/aarch64-linux-gnu:/opt/ros/humble/lib /usr/bin/cmake --install /home/npicbot/robocon_ws/build/micro_ros_agent
[2.640s] Level 1:colcon.colcon_core.environment:checking '/home/npicbot/robocon_ws/install/micro_ros_agent' for CMake config files
[2.642s] Level 1:colcon.colcon_core.shell:create_environment_hook('micro_ros_agent', 'cmake_prefix_path')
[2.642s] INFO:colcon.colcon_core.shell:Creating environment hook '/home/npicbot/robocon_ws/install/micro_ros_agent/share/micro_ros_agent/hook/cmake_prefix_path.ps1'
[2.644s] INFO:colcon.colcon_core.shell:Creating environment descriptor '/home/npicbot/robocon_ws/install/micro_ros_agent/share/micro_ros_agent/hook/cmake_prefix_path.dsv'
[2.645s] INFO:colcon.colcon_core.shell:Creating environment hook '/home/npicbot/robocon_ws/install/micro_ros_agent/share/micro_ros_agent/hook/cmake_prefix_path.sh'
[2.646s] Level 1:colcon.colcon_core.environment:checking '/home/npicbot/robocon_ws/install/micro_ros_agent/lib'
[2.647s] Level 1:colcon.colcon_core.shell:create_environment_hook('micro_ros_agent', 'ld_library_path_lib')
[2.647s] INFO:colcon.colcon_core.shell:Creating environment hook '/home/npicbot/robocon_ws/install/micro_ros_agent/share/micro_ros_agent/hook/ld_library_path_lib.ps1'
[2.648s] INFO:colcon.colcon_core.shell:Creating environment descriptor '/home/npicbot/robocon_ws/install/micro_ros_agent/share/micro_ros_agent/hook/ld_library_path_lib.dsv'
[2.649s] INFO:colcon.colcon_core.shell:Creating environment hook '/home/npicbot/robocon_ws/install/micro_ros_agent/share/micro_ros_agent/hook/ld_library_path_lib.sh'
[2.650s] Level 1:colcon.colcon_core.environment:checking '/home/npicbot/robocon_ws/install/micro_ros_agent/bin'
[2.650s] Level 1:colcon.colcon_core.environment:checking '/home/npicbot/robocon_ws/install/micro_ros_agent/lib/pkgconfig/micro_ros_agent.pc'
[2.651s] Level 1:colcon.colcon_core.environment:checking '/home/npicbot/robocon_ws/install/micro_ros_agent/lib/python3.10/site-packages'
[2.651s] Level 1:colcon.colcon_core.environment:checking '/home/npicbot/robocon_ws/install/micro_ros_agent/bin'
[2.652s] INFO:colcon.colcon_core.shell:Creating package script '/home/npicbot/robocon_ws/install/micro_ros_agent/share/micro_ros_agent/package.ps1'
[2.653s] INFO:colcon.colcon_core.shell:Creating package descriptor '/home/npicbot/robocon_ws/install/micro_ros_agent/share/micro_ros_agent/package.dsv'
[2.654s] INFO:colcon.colcon_core.shell:Creating package script '/home/npicbot/robocon_ws/install/micro_ros_agent/share/micro_ros_agent/package.sh'
[2.656s] INFO:colcon.colcon_core.shell:Creating package script '/home/npicbot/robocon_ws/install/micro_ros_agent/share/micro_ros_agent/package.bash'
[2.657s] INFO:colcon.colcon_core.shell:Creating package script '/home/npicbot/robocon_ws/install/micro_ros_agent/share/micro_ros_agent/package.zsh'
[2.658s] Level 1:colcon.colcon_core.environment:create_file_with_runtime_dependencies(/home/npicbot/robocon_ws/install/micro_ros_agent/share/colcon-core/packages/micro_ros_agent)
[2.726s] Level 1:colcon.colcon_core.environment:create_environment_scripts_only(micro_ros_agent)
[2.727s] Level 1:colcon.colcon_core.environment:checking '/home/npicbot/robocon_ws/install/micro_ros_agent' for CMake module files
[2.728s] Level 1:colcon.colcon_core.environment:checking '/home/npicbot/robocon_ws/install/micro_ros_agent' for CMake config files
[2.730s] Level 1:colcon.colcon_core.shell:create_environment_hook('micro_ros_agent', 'cmake_prefix_path')
[2.730s] INFO:colcon.colcon_core.shell:Creating environment hook '/home/npicbot/robocon_ws/install/micro_ros_agent/share/micro_ros_agent/hook/cmake_prefix_path.ps1'
[2.732s] INFO:colcon.colcon_core.shell:Creating environment descriptor '/home/npicbot/robocon_ws/install/micro_ros_agent/share/micro_ros_agent/hook/cmake_prefix_path.dsv'
[2.733s] INFO:colcon.colcon_core.shell:Creating environment hook '/home/npicbot/robocon_ws/install/micro_ros_agent/share/micro_ros_agent/hook/cmake_prefix_path.sh'
[2.734s] Level 1:colcon.colcon_core.environment:checking '/home/npicbot/robocon_ws/install/micro_ros_agent/lib'
[2.735s] Level 1:colcon.colcon_core.shell:create_environment_hook('micro_ros_agent', 'ld_library_path_lib')
[2.735s] INFO:colcon.colcon_core.shell:Creating environment hook '/home/npicbot/robocon_ws/install/micro_ros_agent/share/micro_ros_agent/hook/ld_library_path_lib.ps1'
[2.736s] INFO:colcon.colcon_core.shell:Creating environment descriptor '/home/npicbot/robocon_ws/install/micro_ros_agent/share/micro_ros_agent/hook/ld_library_path_lib.dsv'
[2.737s] INFO:colcon.colcon_core.shell:Creating environment hook '/home/npicbot/robocon_ws/install/micro_ros_agent/share/micro_ros_agent/hook/ld_library_path_lib.sh'
[2.738s] Level 1:colcon.colcon_core.environment:checking '/home/npicbot/robocon_ws/install/micro_ros_agent/bin'
[2.739s] Level 1:colcon.colcon_core.environment:checking '/home/npicbot/robocon_ws/install/micro_ros_agent/lib/pkgconfig/micro_ros_agent.pc'
[2.739s] Level 1:colcon.colcon_core.environment:checking '/home/npicbot/robocon_ws/install/micro_ros_agent/lib/python3.10/site-packages'
[2.740s] Level 1:colcon.colcon_core.environment:checking '/home/npicbot/robocon_ws/install/micro_ros_agent/bin'
[2.740s] INFO:colcon.colcon_core.shell:Creating package script '/home/npicbot/robocon_ws/install/micro_ros_agent/share/micro_ros_agent/package.ps1'
[2.742s] INFO:colcon.colcon_core.shell:Creating package descriptor '/home/npicbot/robocon_ws/install/micro_ros_agent/share/micro_ros_agent/package.dsv'
[2.743s] INFO:colcon.colcon_core.shell:Creating package script '/home/npicbot/robocon_ws/install/micro_ros_agent/share/micro_ros_agent/package.sh'
[2.744s] INFO:colcon.colcon_core.shell:Creating package script '/home/npicbot/robocon_ws/install/micro_ros_agent/share/micro_ros_agent/package.bash'
[2.745s] INFO:colcon.colcon_core.shell:Creating package script '/home/npicbot/robocon_ws/install/micro_ros_agent/share/micro_ros_agent/package.zsh'
[2.746s] Level 1:colcon.colcon_core.environment:create_file_with_runtime_dependencies(/home/npicbot/robocon_ws/install/micro_ros_agent/share/colcon-core/packages/micro_ros_agent)
[12.775s] DEBUG:colcon.colcon_core.event_handler.log_command:Invoked command in '/home/npicbot/robocon_ws/build/robot_localization' returned '0': CMAKE_PREFIX_PATH=${CMAKE_PREFIX_PATH}:/opt/ros/humble /usr/bin/cmake --build /home/npicbot/robocon_ws/build/robot_localization -- -j12 -l12
[12.831s] DEBUG:colcon.colcon_core.event_handler.log_command:Invoking command in '/home/npicbot/robocon_ws/build/robot_localization': CMAKE_PREFIX_PATH=${CMAKE_PREFIX_PATH}:/opt/ros/humble /usr/bin/cmake --install /home/npicbot/robocon_ws/build/robot_localization
[12.858s] Level 1:colcon.colcon_core.environment:create_environment_scripts_only(robot_localization)
[12.859s] Level 1:colcon.colcon_core.environment:checking '/home/npicbot/robocon_ws/install/robot_localization' for CMake module files
[12.860s] DEBUG:colcon.colcon_core.event_handler.log_command:Invoked command in '/home/npicbot/robocon_ws/build/robot_localization' returned '0': CMAKE_PREFIX_PATH=${CMAKE_PREFIX_PATH}:/opt/ros/humble /usr/bin/cmake --install /home/npicbot/robocon_ws/build/robot_localization
[12.861s] Level 1:colcon.colcon_core.environment:checking '/home/npicbot/robocon_ws/install/robot_localization' for CMake config files
[12.861s] Level 1:colcon.colcon_core.shell:create_environment_hook('robot_localization', 'cmake_prefix_path')
[12.862s] INFO:colcon.colcon_core.shell:Creating environment hook '/home/npicbot/robocon_ws/install/robot_localization/share/robot_localization/hook/cmake_prefix_path.ps1'
[12.864s] INFO:colcon.colcon_core.shell:Creating environment descriptor '/home/npicbot/robocon_ws/install/robot_localization/share/robot_localization/hook/cmake_prefix_path.dsv'
[12.865s] INFO:colcon.colcon_core.shell:Creating environment hook '/home/npicbot/robocon_ws/install/robot_localization/share/robot_localization/hook/cmake_prefix_path.sh'
[12.866s] Level 1:colcon.colcon_core.environment:checking '/home/npicbot/robocon_ws/install/robot_localization/lib'
[12.867s] Level 1:colcon.colcon_core.environment:checking '/home/npicbot/robocon_ws/install/robot_localization/bin'
[12.867s] Level 1:colcon.colcon_core.environment:checking '/home/npicbot/robocon_ws/install/robot_localization/lib/pkgconfig/robot_localization.pc'
[12.867s] Level 1:colcon.colcon_core.environment:checking '/home/npicbot/robocon_ws/install/robot_localization/lib/python3.10/site-packages'
[12.868s] Level 1:colcon.colcon_core.environment:checking '/home/npicbot/robocon_ws/install/robot_localization/bin'
[12.868s] INFO:colcon.colcon_core.shell:Creating package script '/home/npicbot/robocon_ws/install/robot_localization/share/robot_localization/package.ps1'
[12.870s] INFO:colcon.colcon_core.shell:Creating package descriptor '/home/npicbot/robocon_ws/install/robot_localization/share/robot_localization/package.dsv'
[12.871s] INFO:colcon.colcon_core.shell:Creating package script '/home/npicbot/robocon_ws/install/robot_localization/share/robot_localization/package.sh'
[12.872s] INFO:colcon.colcon_core.shell:Creating package script '/home/npicbot/robocon_ws/install/robot_localization/share/robot_localization/package.bash'
[12.873s] INFO:colcon.colcon_core.shell:Creating package script '/home/npicbot/robocon_ws/install/robot_localization/share/robot_localization/package.zsh'
[12.874s] Level 1:colcon.colcon_core.environment:create_file_with_runtime_dependencies(/home/npicbot/robocon_ws/install/robot_localization/share/colcon-core/packages/robot_localization)
[12.933s] Level 1:colcon.colcon_core.environment:create_environment_scripts_only(robot_localization)
[12.933s] Level 1:colcon.colcon_core.environment:checking '/home/npicbot/robocon_ws/install/robot_localization' for CMake module files
[12.934s] Level 1:colcon.colcon_core.environment:checking '/home/npicbot/robocon_ws/install/robot_localization' for CMake config files
[12.935s] Level 1:colcon.colcon_core.shell:create_environment_hook('robot_localization', 'cmake_prefix_path')
[12.936s] INFO:colcon.colcon_core.shell:Creating environment hook '/home/npicbot/robocon_ws/install/robot_localization/share/robot_localization/hook/cmake_prefix_path.ps1'
[12.937s] INFO:colcon.colcon_core.shell:Creating environment descriptor '/home/npicbot/robocon_ws/install/robot_localization/share/robot_localization/hook/cmake_prefix_path.dsv'
[12.938s] INFO:colcon.colcon_core.shell:Creating environment hook '/home/npicbot/robocon_ws/install/robot_localization/share/robot_localization/hook/cmake_prefix_path.sh'
[12.939s] Level 1:colcon.colcon_core.environment:checking '/home/npicbot/robocon_ws/install/robot_localization/lib'
[12.939s] Level 1:colcon.colcon_core.environment:checking '/home/npicbot/robocon_ws/install/robot_localization/bin'
[12.940s] Level 1:colcon.colcon_core.environment:checking '/home/npicbot/robocon_ws/install/robot_localization/lib/pkgconfig/robot_localization.pc'
[12.940s] Level 1:colcon.colcon_core.environment:checking '/home/npicbot/robocon_ws/install/robot_localization/lib/python3.10/site-packages'
[12.941s] Level 1:colcon.colcon_core.environment:checking '/home/npicbot/robocon_ws/install/robot_localization/bin'
[12.941s] INFO:colcon.colcon_core.shell:Creating package script '/home/npicbot/robocon_ws/install/robot_localization/share/robot_localization/package.ps1'
[12.943s] INFO:colcon.colcon_core.shell:Creating package descriptor '/home/npicbot/robocon_ws/install/robot_localization/share/robot_localization/package.dsv'
[12.944s] INFO:colcon.colcon_core.shell:Creating package script '/home/npicbot/robocon_ws/install/robot_localization/share/robot_localization/package.sh'
[12.945s] INFO:colcon.colcon_core.shell:Creating package script '/home/npicbot/robocon_ws/install/robot_localization/share/robot_localization/package.bash'
[12.946s] INFO:colcon.colcon_core.shell:Creating package script '/home/npicbot/robocon_ws/install/robot_localization/share/robot_localization/package.zsh'
[12.947s] Level 1:colcon.colcon_core.environment:create_file_with_runtime_dependencies(/home/npicbot/robocon_ws/install/robot_localization/share/colcon-core/packages/robot_localization)
[21.638s] DEBUG:colcon.colcon_core.event_handler.log_command:Invoked command in '/home/npicbot/robocon_ws/build/robot_intelligent' returned '0': CMAKE_PREFIX_PATH=${CMAKE_PREFIX_PATH}:/opt/ros/humble /usr/bin/cmake --build /home/npicbot/robocon_ws/build/robot_intelligent -- -j12 -l12
[21.699s] DEBUG:colcon.colcon_core.event_handler.log_command:Invoking command in '/home/npicbot/robocon_ws/build/robot_intelligent': CMAKE_PREFIX_PATH=${CMAKE_PREFIX_PATH}:/opt/ros/humble /usr/bin/cmake --install /home/npicbot/robocon_ws/build/robot_intelligent
[21.741s] Level 1:colcon.colcon_core.environment:create_environment_scripts_only(robot_intelligent)
[21.742s] Level 1:colcon.colcon_core.environment:checking '/home/npicbot/robocon_ws/install/robot_intelligent' for CMake module files
[21.744s] DEBUG:colcon.colcon_core.event_handler.log_command:Invoked command in '/home/npicbot/robocon_ws/build/robot_intelligent' returned '0': CMAKE_PREFIX_PATH=${CMAKE_PREFIX_PATH}:/opt/ros/humble /usr/bin/cmake --install /home/npicbot/robocon_ws/build/robot_intelligent
[21.746s] Level 1:colcon.colcon_core.environment:checking '/home/npicbot/robocon_ws/install/robot_intelligent' for CMake config files
[21.747s] Level 1:colcon.colcon_core.shell:create_environment_hook('robot_intelligent', 'cmake_prefix_path')
[21.748s] INFO:colcon.colcon_core.shell:Creating environment hook '/home/npicbot/robocon_ws/install/robot_intelligent/share/robot_intelligent/hook/cmake_prefix_path.ps1'
[21.750s] INFO:colcon.colcon_core.shell:Creating environment descriptor '/home/npicbot/robocon_ws/install/robot_intelligent/share/robot_intelligent/hook/cmake_prefix_path.dsv'
[21.751s] INFO:colcon.colcon_core.shell:Creating environment hook '/home/npicbot/robocon_ws/install/robot_intelligent/share/robot_intelligent/hook/cmake_prefix_path.sh'
[21.754s] Level 1:colcon.colcon_core.environment:checking '/home/npicbot/robocon_ws/install/robot_intelligent/lib'
[21.754s] Level 1:colcon.colcon_core.environment:checking '/home/npicbot/robocon_ws/install/robot_intelligent/bin'
[21.755s] Level 1:colcon.colcon_core.environment:checking '/home/npicbot/robocon_ws/install/robot_intelligent/lib/pkgconfig/robot_intelligent.pc'
[21.756s] Level 1:colcon.colcon_core.environment:checking '/home/npicbot/robocon_ws/install/robot_intelligent/lib/python3.10/site-packages'
[21.756s] Level 1:colcon.colcon_core.environment:checking '/home/npicbot/robocon_ws/install/robot_intelligent/bin'
[21.758s] INFO:colcon.colcon_core.shell:Creating package script '/home/npicbot/robocon_ws/install/robot_intelligent/share/robot_intelligent/package.ps1'
[21.760s] INFO:colcon.colcon_core.shell:Creating package descriptor '/home/npicbot/robocon_ws/install/robot_intelligent/share/robot_intelligent/package.dsv'
[21.761s] INFO:colcon.colcon_core.shell:Creating package script '/home/npicbot/robocon_ws/install/robot_intelligent/share/robot_intelligent/package.sh'
[21.763s] INFO:colcon.colcon_core.shell:Creating package script '/home/npicbot/robocon_ws/install/robot_intelligent/share/robot_intelligent/package.bash'
[21.764s] INFO:colcon.colcon_core.shell:Creating package script '/home/npicbot/robocon_ws/install/robot_intelligent/share/robot_intelligent/package.zsh'
[21.766s] Level 1:colcon.colcon_core.environment:create_file_with_runtime_dependencies(/home/npicbot/robocon_ws/install/robot_intelligent/share/colcon-core/packages/robot_intelligent)
[21.830s] Level 1:colcon.colcon_core.environment:create_environment_scripts_only(robot_intelligent)
[21.831s] Level 1:colcon.colcon_core.environment:checking '/home/npicbot/robocon_ws/install/robot_intelligent' for CMake module files
[21.833s] Level 1:colcon.colcon_core.environment:checking '/home/npicbot/robocon_ws/install/robot_intelligent' for CMake config files
[21.834s] Level 1:colcon.colcon_core.shell:create_environment_hook('robot_intelligent', 'cmake_prefix_path')
[21.835s] INFO:colcon.colcon_core.shell:Creating environment hook '/home/npicbot/robocon_ws/install/robot_intelligent/share/robot_intelligent/hook/cmake_prefix_path.ps1'
[21.837s] INFO:colcon.colcon_core.shell:Creating environment descriptor '/home/npicbot/robocon_ws/install/robot_intelligent/share/robot_intelligent/hook/cmake_prefix_path.dsv'
[21.839s] INFO:colcon.colcon_core.shell:Creating environment hook '/home/npicbot/robocon_ws/install/robot_intelligent/share/robot_intelligent/hook/cmake_prefix_path.sh'
[21.841s] Level 1:colcon.colcon_core.environment:checking '/home/npicbot/robocon_ws/install/robot_intelligent/lib'
[21.842s] Level 1:colcon.colcon_core.environment:checking '/home/npicbot/robocon_ws/install/robot_intelligent/bin'
[21.842s] Level 1:colcon.colcon_core.environment:checking '/home/npicbot/robocon_ws/install/robot_intelligent/lib/pkgconfig/robot_intelligent.pc'
[21.843s] Level 1:colcon.colcon_core.environment:checking '/home/npicbot/robocon_ws/install/robot_intelligent/lib/python3.10/site-packages'
[21.844s] Level 1:colcon.colcon_core.environment:checking '/home/npicbot/robocon_ws/install/robot_intelligent/bin'
[21.845s] INFO:colcon.colcon_core.shell:Creating package script '/home/npicbot/robocon_ws/install/robot_intelligent/share/robot_intelligent/package.ps1'
[21.847s] INFO:colcon.colcon_core.shell:Creating package descriptor '/home/npicbot/robocon_ws/install/robot_intelligent/share/robot_intelligent/package.dsv'
[21.849s] INFO:colcon.colcon_core.shell:Creating package script '/home/npicbot/robocon_ws/install/robot_intelligent/share/robot_intelligent/package.sh'
[21.851s] INFO:colcon.colcon_core.shell:Creating package script '/home/npicbot/robocon_ws/install/robot_intelligent/share/robot_intelligent/package.bash'
[21.853s] INFO:colcon.colcon_core.shell:Creating package script '/home/npicbot/robocon_ws/install/robot_intelligent/share/robot_intelligent/package.zsh'
[21.855s] Level 1:colcon.colcon_core.environment:create_file_with_runtime_dependencies(/home/npicbot/robocon_ws/install/robot_intelligent/share/colcon-core/packages/robot_intelligent)
[21.856s] DEBUG:colcon.colcon_parallel_executor.executor.parallel:closing loop
[21.857s] DEBUG:colcon.colcon_parallel_executor.executor.parallel:loop closed
[21.857s] DEBUG:colcon.colcon_parallel_executor.executor.parallel:run_until_complete finished with '0'
[21.857s] DEBUG:colcon.colcon_core.event_reactor:joining thread
[21.877s] INFO:colcon.colcon_core.plugin_system:Skipping extension 'colcon_notification.desktop_notification.terminal_notifier': Not used on non-Darwin systems
[21.878s] INFO:colcon.colcon_core.plugin_system:Skipping extension 'colcon_notification.desktop_notification.win32': Not used on non-Windows systems
[21.878s] INFO:colcon.colcon_notification.desktop_notification:Sending desktop notification using 'notify2'
[21.919s] DEBUG:colcon.colcon_core.event_reactor:joined thread
[21.921s] INFO:colcon.colcon_core.shell:Creating prefix script '/home/npicbot/robocon_ws/install/local_setup.ps1'
[21.925s] INFO:colcon.colcon_core.shell:Creating prefix util module '/home/npicbot/robocon_ws/install/_local_setup_util_ps1.py'
[21.930s] INFO:colcon.colcon_core.shell:Creating prefix chain script '/home/npicbot/robocon_ws/install/setup.ps1'
[21.936s] INFO:colcon.colcon_core.shell:Creating prefix script '/home/npicbot/robocon_ws/install/local_setup.sh'
[21.938s] INFO:colcon.colcon_core.shell:Creating prefix util module '/home/npicbot/robocon_ws/install/_local_setup_util_sh.py'
[21.940s] INFO:colcon.colcon_core.shell:Creating prefix chain script '/home/npicbot/robocon_ws/install/setup.sh'
[21.945s] INFO:colcon.colcon_core.shell:Creating prefix script '/home/npicbot/robocon_ws/install/local_setup.bash'
[21.947s] INFO:colcon.colcon_core.shell:Creating prefix chain script '/home/npicbot/robocon_ws/install/setup.bash'
[21.952s] INFO:colcon.colcon_core.shell:Creating prefix script '/home/npicbot/robocon_ws/install/local_setup.zsh'
[21.954s] INFO:colcon.colcon_core.shell:Creating prefix chain script '/home/npicbot/robocon_ws/install/setup.zsh'
