[0.071s] Invoking command in '/home/npicbot/robocon_ws/build/micro_ros_msgs': CMAKE_PREFIX_PATH=${CMAKE_PREFIX_PATH}:/opt/ros/humble /usr/bin/cmake --build /home/npicbot/robocon_ws/build/micro_ros_msgs -- -j12 -l12
[0.183s] [  2%] Built target micro_ros_msgs__cpp
[0.207s] [ 12%] Built target micro_ros_msgs__rosidl_generator_c
[0.232s] [ 12%] Built target ament_cmake_python_copy_micro_ros_msgs
[0.267s] [ 23%] Built target micro_ros_msgs__rosidl_typesupport_fastrtps_cpp
[0.272s] [ 34%] Built target micro_ros_msgs__rosidl_typesupport_introspection_cpp
[0.285s] [ 44%] Built target micro_ros_msgs__rosidl_typesupport_cpp
[0.309s] [ 55%] Built target micro_ros_msgs__rosidl_typesupport_introspection_c
[0.309s] [ 65%] Built target micro_ros_msgs__rosidl_typesupport_fastrtps_c
[0.309s] [ 76%] Built target micro_ros_msgs__rosidl_typesupport_c
[0.382s] [ 76%] Built target micro_ros_msgs
[0.421s] [ 78%] Built target micro_ros_msgs__py
[0.476s] [ 87%] Built target micro_ros_msgs__rosidl_generator_py
[0.536s] [ 91%] Built target micro_ros_msgs__rosidl_typesupport_fastrtps_c__pyext
[0.551s] [ 95%] Built target micro_ros_msgs__rosidl_typesupport_introspection_c__pyext
[0.562s] [100%] Built target micro_ros_msgs__rosidl_typesupport_c__pyext
[0.862s] running egg_info
[0.864s] writing micro_ros_msgs.egg-info/PKG-INFO
[0.864s] writing dependency_links to micro_ros_msgs.egg-info/dependency_links.txt
[0.864s] writing top-level names to micro_ros_msgs.egg-info/top_level.txt
[0.870s] reading manifest file 'micro_ros_msgs.egg-info/SOURCES.txt'
[0.871s] writing manifest file 'micro_ros_msgs.egg-info/SOURCES.txt'
[0.949s] [100%] Built target ament_cmake_python_build_micro_ros_msgs_egg
[0.978s] Invoked command in '/home/npicbot/robocon_ws/build/micro_ros_msgs' returned '0': CMAKE_PREFIX_PATH=${CMAKE_PREFIX_PATH}:/opt/ros/humble /usr/bin/cmake --build /home/npicbot/robocon_ws/build/micro_ros_msgs -- -j12 -l12
[1.154s] Invoking command in '/home/npicbot/robocon_ws/build/micro_ros_msgs': CMAKE_PREFIX_PATH=${CMAKE_PREFIX_PATH}:/opt/ros/humble /usr/bin/cmake --install /home/npicbot/robocon_ws/build/micro_ros_msgs
[1.172s] -- Install configuration: ""
[1.172s] -- Up-to-date: /home/npicbot/robocon_ws/install/micro_ros_msgs/share/ament_index/resource_index/rosidl_interfaces/micro_ros_msgs
[1.172s] -- Up-to-date: /home/npicbot/robocon_ws/install/micro_ros_msgs/include/micro_ros_msgs/micro_ros_msgs
[1.172s] -- Up-to-date: /home/npicbot/robocon_ws/install/micro_ros_msgs/include/micro_ros_msgs/micro_ros_msgs/msg
[1.173s] -- Up-to-date: /home/npicbot/robocon_ws/install/micro_ros_msgs/include/micro_ros_msgs/micro_ros_msgs/msg/detail
[1.173s] -- Up-to-date: /home/npicbot/robocon_ws/install/micro_ros_msgs/include/micro_ros_msgs/micro_ros_msgs/msg/detail/graph__functions.h
[1.173s] -- Up-to-date: /home/npicbot/robocon_ws/install/micro_ros_msgs/include/micro_ros_msgs/micro_ros_msgs/msg/detail/entity__struct.h
[1.173s] -- Up-to-date: /home/npicbot/robocon_ws/install/micro_ros_msgs/include/micro_ros_msgs/micro_ros_msgs/msg/detail/graph__struct.h
[1.173s] -- Up-to-date: /home/npicbot/robocon_ws/install/micro_ros_msgs/include/micro_ros_msgs/micro_ros_msgs/msg/detail/node__struct.h
[1.173s] -- Up-to-date: /home/npicbot/robocon_ws/install/micro_ros_msgs/include/micro_ros_msgs/micro_ros_msgs/msg/detail/node__functions.h
[1.174s] -- Up-to-date: /home/npicbot/robocon_ws/install/micro_ros_msgs/include/micro_ros_msgs/micro_ros_msgs/msg/detail/graph__type_support.h
[1.174s] -- Up-to-date: /home/npicbot/robocon_ws/install/micro_ros_msgs/include/micro_ros_msgs/micro_ros_msgs/msg/detail/entity__functions.h
[1.174s] -- Up-to-date: /home/npicbot/robocon_ws/install/micro_ros_msgs/include/micro_ros_msgs/micro_ros_msgs/msg/detail/node__functions.c
[1.174s] -- Up-to-date: /home/npicbot/robocon_ws/install/micro_ros_msgs/include/micro_ros_msgs/micro_ros_msgs/msg/detail/entity__type_support.h
[1.174s] -- Up-to-date: /home/npicbot/robocon_ws/install/micro_ros_msgs/include/micro_ros_msgs/micro_ros_msgs/msg/detail/node__type_support.h
[1.174s] -- Up-to-date: /home/npicbot/robocon_ws/install/micro_ros_msgs/include/micro_ros_msgs/micro_ros_msgs/msg/detail/entity__functions.c
[1.175s] -- Up-to-date: /home/npicbot/robocon_ws/install/micro_ros_msgs/include/micro_ros_msgs/micro_ros_msgs/msg/detail/graph__functions.c
[1.175s] -- Up-to-date: /home/npicbot/robocon_ws/install/micro_ros_msgs/include/micro_ros_msgs/micro_ros_msgs/msg/entity.h
[1.175s] -- Up-to-date: /home/npicbot/robocon_ws/install/micro_ros_msgs/include/micro_ros_msgs/micro_ros_msgs/msg/rosidl_generator_c__visibility_control.h
[1.175s] -- Up-to-date: /home/npicbot/robocon_ws/install/micro_ros_msgs/include/micro_ros_msgs/micro_ros_msgs/msg/node.h
[1.175s] -- Up-to-date: /home/npicbot/robocon_ws/install/micro_ros_msgs/include/micro_ros_msgs/micro_ros_msgs/msg/graph.h
[1.176s] -- Up-to-date: /home/npicbot/robocon_ws/install/micro_ros_msgs/share/micro_ros_msgs/environment/library_path.sh
[1.176s] -- Up-to-date: /home/npicbot/robocon_ws/install/micro_ros_msgs/share/micro_ros_msgs/environment/library_path.dsv
[1.176s] -- Up-to-date: /home/npicbot/robocon_ws/install/micro_ros_msgs/lib/libmicro_ros_msgs__rosidl_generator_c.so
[1.176s] -- Up-to-date: /home/npicbot/robocon_ws/install/micro_ros_msgs/include/micro_ros_msgs/micro_ros_msgs
[1.176s] -- Up-to-date: /home/npicbot/robocon_ws/install/micro_ros_msgs/include/micro_ros_msgs/micro_ros_msgs/msg
[1.177s] -- Up-to-date: /home/npicbot/robocon_ws/install/micro_ros_msgs/include/micro_ros_msgs/micro_ros_msgs/msg/detail
[1.177s] -- Up-to-date: /home/npicbot/robocon_ws/install/micro_ros_msgs/include/micro_ros_msgs/micro_ros_msgs/msg/detail/entity__rosidl_typesupport_fastrtps_c.h
[1.177s] -- Up-to-date: /home/npicbot/robocon_ws/install/micro_ros_msgs/include/micro_ros_msgs/micro_ros_msgs/msg/detail/graph__rosidl_typesupport_fastrtps_c.h
[1.177s] -- Up-to-date: /home/npicbot/robocon_ws/install/micro_ros_msgs/include/micro_ros_msgs/micro_ros_msgs/msg/detail/node__rosidl_typesupport_fastrtps_c.h
[1.177s] -- Up-to-date: /home/npicbot/robocon_ws/install/micro_ros_msgs/include/micro_ros_msgs/micro_ros_msgs/msg/rosidl_typesupport_fastrtps_c__visibility_control.h
[1.177s] -- Up-to-date: /home/npicbot/robocon_ws/install/micro_ros_msgs/lib/libmicro_ros_msgs__rosidl_typesupport_fastrtps_c.so
[1.178s] -- Up-to-date: /home/npicbot/robocon_ws/install/micro_ros_msgs/include/micro_ros_msgs/micro_ros_msgs
[1.178s] -- Up-to-date: /home/npicbot/robocon_ws/install/micro_ros_msgs/include/micro_ros_msgs/micro_ros_msgs/msg
[1.178s] -- Up-to-date: /home/npicbot/robocon_ws/install/micro_ros_msgs/include/micro_ros_msgs/micro_ros_msgs/msg/detail
[1.178s] -- Up-to-date: /home/npicbot/robocon_ws/install/micro_ros_msgs/include/micro_ros_msgs/micro_ros_msgs/msg/detail/node__rosidl_typesupport_introspection_c.h
[1.178s] -- Up-to-date: /home/npicbot/robocon_ws/install/micro_ros_msgs/include/micro_ros_msgs/micro_ros_msgs/msg/detail/entity__type_support.c
[1.178s] -- Up-to-date: /home/npicbot/robocon_ws/install/micro_ros_msgs/include/micro_ros_msgs/micro_ros_msgs/msg/detail/graph__rosidl_typesupport_introspection_c.h
[1.179s] -- Up-to-date: /home/npicbot/robocon_ws/install/micro_ros_msgs/include/micro_ros_msgs/micro_ros_msgs/msg/detail/graph__type_support.c
[1.179s] -- Up-to-date: /home/npicbot/robocon_ws/install/micro_ros_msgs/include/micro_ros_msgs/micro_ros_msgs/msg/detail/entity__rosidl_typesupport_introspection_c.h
[1.179s] -- Up-to-date: /home/npicbot/robocon_ws/install/micro_ros_msgs/include/micro_ros_msgs/micro_ros_msgs/msg/detail/node__type_support.c
[1.179s] -- Up-to-date: /home/npicbot/robocon_ws/install/micro_ros_msgs/include/micro_ros_msgs/micro_ros_msgs/msg/rosidl_typesupport_introspection_c__visibility_control.h
[1.179s] -- Up-to-date: /home/npicbot/robocon_ws/install/micro_ros_msgs/lib/libmicro_ros_msgs__rosidl_typesupport_introspection_c.so
[1.179s] -- Up-to-date: /home/npicbot/robocon_ws/install/micro_ros_msgs/lib/libmicro_ros_msgs__rosidl_typesupport_c.so
[1.180s] -- Up-to-date: /home/npicbot/robocon_ws/install/micro_ros_msgs/include/micro_ros_msgs/micro_ros_msgs
[1.180s] -- Up-to-date: /home/npicbot/robocon_ws/install/micro_ros_msgs/include/micro_ros_msgs/micro_ros_msgs/msg
[1.180s] -- Up-to-date: /home/npicbot/robocon_ws/install/micro_ros_msgs/include/micro_ros_msgs/micro_ros_msgs/msg/entity.hpp
[1.180s] -- Up-to-date: /home/npicbot/robocon_ws/install/micro_ros_msgs/include/micro_ros_msgs/micro_ros_msgs/msg/detail
[1.180s] -- Up-to-date: /home/npicbot/robocon_ws/install/micro_ros_msgs/include/micro_ros_msgs/micro_ros_msgs/msg/detail/entity__builder.hpp
[1.180s] -- Up-to-date: /home/npicbot/robocon_ws/install/micro_ros_msgs/include/micro_ros_msgs/micro_ros_msgs/msg/detail/graph__traits.hpp
[1.180s] -- Up-to-date: /home/npicbot/robocon_ws/install/micro_ros_msgs/include/micro_ros_msgs/micro_ros_msgs/msg/detail/node__builder.hpp
[1.181s] -- Up-to-date: /home/npicbot/robocon_ws/install/micro_ros_msgs/include/micro_ros_msgs/micro_ros_msgs/msg/detail/graph__struct.hpp
[1.181s] -- Up-to-date: /home/npicbot/robocon_ws/install/micro_ros_msgs/include/micro_ros_msgs/micro_ros_msgs/msg/detail/graph__builder.hpp
[1.181s] -- Up-to-date: /home/npicbot/robocon_ws/install/micro_ros_msgs/include/micro_ros_msgs/micro_ros_msgs/msg/detail/node__struct.hpp
[1.181s] -- Up-to-date: /home/npicbot/robocon_ws/install/micro_ros_msgs/include/micro_ros_msgs/micro_ros_msgs/msg/detail/entity__traits.hpp
[1.181s] -- Up-to-date: /home/npicbot/robocon_ws/install/micro_ros_msgs/include/micro_ros_msgs/micro_ros_msgs/msg/detail/entity__struct.hpp
[1.182s] -- Up-to-date: /home/npicbot/robocon_ws/install/micro_ros_msgs/include/micro_ros_msgs/micro_ros_msgs/msg/detail/node__traits.hpp
[1.182s] -- Up-to-date: /home/npicbot/robocon_ws/install/micro_ros_msgs/include/micro_ros_msgs/micro_ros_msgs/msg/node.hpp
[1.182s] -- Up-to-date: /home/npicbot/robocon_ws/install/micro_ros_msgs/include/micro_ros_msgs/micro_ros_msgs/msg/graph.hpp
[1.182s] -- Up-to-date: /home/npicbot/robocon_ws/install/micro_ros_msgs/include/micro_ros_msgs/micro_ros_msgs
[1.182s] -- Up-to-date: /home/npicbot/robocon_ws/install/micro_ros_msgs/include/micro_ros_msgs/micro_ros_msgs/msg
[1.182s] -- Up-to-date: /home/npicbot/robocon_ws/install/micro_ros_msgs/include/micro_ros_msgs/micro_ros_msgs/msg/detail
[1.182s] -- Up-to-date: /home/npicbot/robocon_ws/install/micro_ros_msgs/include/micro_ros_msgs/micro_ros_msgs/msg/detail/graph__rosidl_typesupport_fastrtps_cpp.hpp
[1.183s] -- Up-to-date: /home/npicbot/robocon_ws/install/micro_ros_msgs/include/micro_ros_msgs/micro_ros_msgs/msg/detail/node__rosidl_typesupport_fastrtps_cpp.hpp
[1.183s] -- Up-to-date: /home/npicbot/robocon_ws/install/micro_ros_msgs/include/micro_ros_msgs/micro_ros_msgs/msg/detail/entity__rosidl_typesupport_fastrtps_cpp.hpp
[1.183s] -- Up-to-date: /home/npicbot/robocon_ws/install/micro_ros_msgs/include/micro_ros_msgs/micro_ros_msgs/msg/detail/dds_fastrtps
[1.183s] -- Up-to-date: /home/npicbot/robocon_ws/install/micro_ros_msgs/include/micro_ros_msgs/micro_ros_msgs/msg/rosidl_typesupport_fastrtps_cpp__visibility_control.h
[1.183s] -- Up-to-date: /home/npicbot/robocon_ws/install/micro_ros_msgs/lib/libmicro_ros_msgs__rosidl_typesupport_fastrtps_cpp.so
[1.183s] -- Up-to-date: /home/npicbot/robocon_ws/install/micro_ros_msgs/include/micro_ros_msgs/micro_ros_msgs
[1.183s] -- Up-to-date: /home/npicbot/robocon_ws/install/micro_ros_msgs/include/micro_ros_msgs/micro_ros_msgs/msg
[1.184s] -- Up-to-date: /home/npicbot/robocon_ws/install/micro_ros_msgs/include/micro_ros_msgs/micro_ros_msgs/msg/detail
[1.184s] -- Up-to-date: /home/npicbot/robocon_ws/install/micro_ros_msgs/include/micro_ros_msgs/micro_ros_msgs/msg/detail/graph__rosidl_typesupport_introspection_cpp.hpp
[1.184s] -- Up-to-date: /home/npicbot/robocon_ws/install/micro_ros_msgs/include/micro_ros_msgs/micro_ros_msgs/msg/detail/entity__type_support.cpp
[1.184s] -- Up-to-date: /home/npicbot/robocon_ws/install/micro_ros_msgs/include/micro_ros_msgs/micro_ros_msgs/msg/detail/entity__rosidl_typesupport_introspection_cpp.hpp
[1.184s] -- Up-to-date: /home/npicbot/robocon_ws/install/micro_ros_msgs/include/micro_ros_msgs/micro_ros_msgs/msg/detail/graph__type_support.cpp
[1.184s] -- Up-to-date: /home/npicbot/robocon_ws/install/micro_ros_msgs/include/micro_ros_msgs/micro_ros_msgs/msg/detail/node__rosidl_typesupport_introspection_cpp.hpp
[1.184s] -- Up-to-date: /home/npicbot/robocon_ws/install/micro_ros_msgs/include/micro_ros_msgs/micro_ros_msgs/msg/detail/node__type_support.cpp
[1.185s] -- Up-to-date: /home/npicbot/robocon_ws/install/micro_ros_msgs/lib/libmicro_ros_msgs__rosidl_typesupport_introspection_cpp.so
[1.185s] -- Up-to-date: /home/npicbot/robocon_ws/install/micro_ros_msgs/lib/libmicro_ros_msgs__rosidl_typesupport_cpp.so
[1.185s] -- Up-to-date: /home/npicbot/robocon_ws/install/micro_ros_msgs/share/micro_ros_msgs/environment/pythonpath.sh
[1.185s] -- Up-to-date: /home/npicbot/robocon_ws/install/micro_ros_msgs/share/micro_ros_msgs/environment/pythonpath.dsv
[1.185s] -- Up-to-date: /home/npicbot/robocon_ws/install/micro_ros_msgs/local/lib/python3.10/dist-packages/micro_ros_msgs-3.0.1-py3.10.egg-info
[1.185s] -- Installing: /home/npicbot/robocon_ws/install/micro_ros_msgs/local/lib/python3.10/dist-packages/micro_ros_msgs-3.0.1-py3.10.egg-info/top_level.txt
[1.185s] -- Installing: /home/npicbot/robocon_ws/install/micro_ros_msgs/local/lib/python3.10/dist-packages/micro_ros_msgs-3.0.1-py3.10.egg-info/PKG-INFO
[1.185s] -- Installing: /home/npicbot/robocon_ws/install/micro_ros_msgs/local/lib/python3.10/dist-packages/micro_ros_msgs-3.0.1-py3.10.egg-info/SOURCES.txt
[1.186s] -- Installing: /home/npicbot/robocon_ws/install/micro_ros_msgs/local/lib/python3.10/dist-packages/micro_ros_msgs-3.0.1-py3.10.egg-info/dependency_links.txt
[1.186s] -- Up-to-date: /home/npicbot/robocon_ws/install/micro_ros_msgs/local/lib/python3.10/dist-packages/micro_ros_msgs
[1.186s] -- Up-to-date: /home/npicbot/robocon_ws/install/micro_ros_msgs/local/lib/python3.10/dist-packages/micro_ros_msgs/msg
[1.186s] -- Up-to-date: /home/npicbot/robocon_ws/install/micro_ros_msgs/local/lib/python3.10/dist-packages/micro_ros_msgs/msg/_node_s.c
[1.186s] -- Up-to-date: /home/npicbot/robocon_ws/install/micro_ros_msgs/local/lib/python3.10/dist-packages/micro_ros_msgs/msg/_graph.py
[1.187s] -- Up-to-date: /home/npicbot/robocon_ws/install/micro_ros_msgs/local/lib/python3.10/dist-packages/micro_ros_msgs/msg/_graph_s.c
[1.187s] -- Up-to-date: /home/npicbot/robocon_ws/install/micro_ros_msgs/local/lib/python3.10/dist-packages/micro_ros_msgs/msg/_entity_s.c
[1.187s] -- Up-to-date: /home/npicbot/robocon_ws/install/micro_ros_msgs/local/lib/python3.10/dist-packages/micro_ros_msgs/msg/_entity.py
[1.187s] -- Up-to-date: /home/npicbot/robocon_ws/install/micro_ros_msgs/local/lib/python3.10/dist-packages/micro_ros_msgs/msg/__init__.py
[1.187s] -- Up-to-date: /home/npicbot/robocon_ws/install/micro_ros_msgs/local/lib/python3.10/dist-packages/micro_ros_msgs/msg/_node.py
[1.187s] -- Up-to-date: /home/npicbot/robocon_ws/install/micro_ros_msgs/local/lib/python3.10/dist-packages/micro_ros_msgs/micro_ros_msgs_s__rosidl_typesupport_introspection_c.cpython-310-aarch64-linux-gnu.so
[1.187s] -- Up-to-date: /home/npicbot/robocon_ws/install/micro_ros_msgs/local/lib/python3.10/dist-packages/micro_ros_msgs/_micro_ros_msgs_s.ep.rosidl_typesupport_introspection_c.c
[1.187s] -- Up-to-date: /home/npicbot/robocon_ws/install/micro_ros_msgs/local/lib/python3.10/dist-packages/micro_ros_msgs/micro_ros_msgs_s__rosidl_typesupport_c.cpython-310-aarch64-linux-gnu.so
[1.188s] -- Up-to-date: /home/npicbot/robocon_ws/install/micro_ros_msgs/local/lib/python3.10/dist-packages/micro_ros_msgs/_micro_ros_msgs_s.ep.rosidl_typesupport_fastrtps_c.c
[1.188s] -- Up-to-date: /home/npicbot/robocon_ws/install/micro_ros_msgs/local/lib/python3.10/dist-packages/micro_ros_msgs/_micro_ros_msgs_s.ep.rosidl_typesupport_c.c
[1.188s] -- Up-to-date: /home/npicbot/robocon_ws/install/micro_ros_msgs/local/lib/python3.10/dist-packages/micro_ros_msgs/micro_ros_msgs_s__rosidl_typesupport_fastrtps_c.cpython-310-aarch64-linux-gnu.so
[1.188s] -- Up-to-date: /home/npicbot/robocon_ws/install/micro_ros_msgs/local/lib/python3.10/dist-packages/micro_ros_msgs/__init__.py
[1.188s] -- Up-to-date: /home/npicbot/robocon_ws/install/micro_ros_msgs/local/lib/python3.10/dist-packages/micro_ros_msgs/libmicro_ros_msgs__rosidl_generator_py.so
[1.249s] Listing '/home/npicbot/robocon_ws/install/micro_ros_msgs/local/lib/python3.10/dist-packages/micro_ros_msgs'...
[1.249s] Listing '/home/npicbot/robocon_ws/install/micro_ros_msgs/local/lib/python3.10/dist-packages/micro_ros_msgs/msg'...
[1.261s] -- Up-to-date: /home/npicbot/robocon_ws/install/micro_ros_msgs/local/lib/python3.10/dist-packages/micro_ros_msgs/micro_ros_msgs_s__rosidl_typesupport_fastrtps_c.cpython-310-aarch64-linux-gnu.so
[1.262s] -- Up-to-date: /home/npicbot/robocon_ws/install/micro_ros_msgs/local/lib/python3.10/dist-packages/micro_ros_msgs/micro_ros_msgs_s__rosidl_typesupport_introspection_c.cpython-310-aarch64-linux-gnu.so
[1.262s] -- Up-to-date: /home/npicbot/robocon_ws/install/micro_ros_msgs/local/lib/python3.10/dist-packages/micro_ros_msgs/micro_ros_msgs_s__rosidl_typesupport_c.cpython-310-aarch64-linux-gnu.so
[1.262s] -- Up-to-date: /home/npicbot/robocon_ws/install/micro_ros_msgs/lib/libmicro_ros_msgs__rosidl_generator_py.so
[1.263s] -- Up-to-date: /home/npicbot/robocon_ws/install/micro_ros_msgs/share/micro_ros_msgs/msg/Graph.idl
[1.263s] -- Up-to-date: /home/npicbot/robocon_ws/install/micro_ros_msgs/share/micro_ros_msgs/msg/Node.idl
[1.263s] -- Up-to-date: /home/npicbot/robocon_ws/install/micro_ros_msgs/share/micro_ros_msgs/msg/Entity.idl
[1.263s] -- Up-to-date: /home/npicbot/robocon_ws/install/micro_ros_msgs/share/micro_ros_msgs/msg/Graph.msg
[1.263s] -- Up-to-date: /home/npicbot/robocon_ws/install/micro_ros_msgs/share/micro_ros_msgs/msg/Node.msg
[1.264s] -- Up-to-date: /home/npicbot/robocon_ws/install/micro_ros_msgs/share/micro_ros_msgs/msg/Entity.msg
[1.264s] -- Up-to-date: /home/npicbot/robocon_ws/install/micro_ros_msgs/share/ament_index/resource_index/package_run_dependencies/micro_ros_msgs
[1.264s] -- Up-to-date: /home/npicbot/robocon_ws/install/micro_ros_msgs/share/ament_index/resource_index/parent_prefix_path/micro_ros_msgs
[1.264s] -- Up-to-date: /home/npicbot/robocon_ws/install/micro_ros_msgs/share/micro_ros_msgs/environment/ament_prefix_path.sh
[1.264s] -- Up-to-date: /home/npicbot/robocon_ws/install/micro_ros_msgs/share/micro_ros_msgs/environment/ament_prefix_path.dsv
[1.265s] -- Up-to-date: /home/npicbot/robocon_ws/install/micro_ros_msgs/share/micro_ros_msgs/environment/path.sh
[1.265s] -- Up-to-date: /home/npicbot/robocon_ws/install/micro_ros_msgs/share/micro_ros_msgs/environment/path.dsv
[1.265s] -- Up-to-date: /home/npicbot/robocon_ws/install/micro_ros_msgs/share/micro_ros_msgs/local_setup.bash
[1.265s] -- Up-to-date: /home/npicbot/robocon_ws/install/micro_ros_msgs/share/micro_ros_msgs/local_setup.sh
[1.265s] -- Up-to-date: /home/npicbot/robocon_ws/install/micro_ros_msgs/share/micro_ros_msgs/local_setup.zsh
[1.265s] -- Up-to-date: /home/npicbot/robocon_ws/install/micro_ros_msgs/share/micro_ros_msgs/local_setup.dsv
[1.266s] -- Installing: /home/npicbot/robocon_ws/install/micro_ros_msgs/share/micro_ros_msgs/package.dsv
[1.266s] -- Up-to-date: /home/npicbot/robocon_ws/install/micro_ros_msgs/share/ament_index/resource_index/packages/micro_ros_msgs
[1.266s] -- Up-to-date: /home/npicbot/robocon_ws/install/micro_ros_msgs/share/micro_ros_msgs/cmake/export_micro_ros_msgs__rosidl_generator_cExport.cmake
[1.266s] -- Up-to-date: /home/npicbot/robocon_ws/install/micro_ros_msgs/share/micro_ros_msgs/cmake/export_micro_ros_msgs__rosidl_generator_cExport-noconfig.cmake
[1.266s] -- Up-to-date: /home/npicbot/robocon_ws/install/micro_ros_msgs/share/micro_ros_msgs/cmake/export_micro_ros_msgs__rosidl_typesupport_fastrtps_cExport.cmake
[1.266s] -- Up-to-date: /home/npicbot/robocon_ws/install/micro_ros_msgs/share/micro_ros_msgs/cmake/export_micro_ros_msgs__rosidl_typesupport_fastrtps_cExport-noconfig.cmake
[1.267s] -- Up-to-date: /home/npicbot/robocon_ws/install/micro_ros_msgs/share/micro_ros_msgs/cmake/micro_ros_msgs__rosidl_typesupport_introspection_cExport.cmake
[1.267s] -- Up-to-date: /home/npicbot/robocon_ws/install/micro_ros_msgs/share/micro_ros_msgs/cmake/micro_ros_msgs__rosidl_typesupport_introspection_cExport-noconfig.cmake
[1.267s] -- Up-to-date: /home/npicbot/robocon_ws/install/micro_ros_msgs/share/micro_ros_msgs/cmake/micro_ros_msgs__rosidl_typesupport_cExport.cmake
[1.267s] -- Up-to-date: /home/npicbot/robocon_ws/install/micro_ros_msgs/share/micro_ros_msgs/cmake/micro_ros_msgs__rosidl_typesupport_cExport-noconfig.cmake
[1.267s] -- Up-to-date: /home/npicbot/robocon_ws/install/micro_ros_msgs/share/micro_ros_msgs/cmake/export_micro_ros_msgs__rosidl_generator_cppExport.cmake
[1.268s] -- Up-to-date: /home/npicbot/robocon_ws/install/micro_ros_msgs/share/micro_ros_msgs/cmake/export_micro_ros_msgs__rosidl_typesupport_fastrtps_cppExport.cmake
[1.268s] -- Up-to-date: /home/npicbot/robocon_ws/install/micro_ros_msgs/share/micro_ros_msgs/cmake/export_micro_ros_msgs__rosidl_typesupport_fastrtps_cppExport-noconfig.cmake
[1.268s] -- Up-to-date: /home/npicbot/robocon_ws/install/micro_ros_msgs/share/micro_ros_msgs/cmake/micro_ros_msgs__rosidl_typesupport_introspection_cppExport.cmake
[1.268s] -- Up-to-date: /home/npicbot/robocon_ws/install/micro_ros_msgs/share/micro_ros_msgs/cmake/micro_ros_msgs__rosidl_typesupport_introspection_cppExport-noconfig.cmake
[1.268s] -- Up-to-date: /home/npicbot/robocon_ws/install/micro_ros_msgs/share/micro_ros_msgs/cmake/micro_ros_msgs__rosidl_typesupport_cppExport.cmake
[1.268s] -- Up-to-date: /home/npicbot/robocon_ws/install/micro_ros_msgs/share/micro_ros_msgs/cmake/micro_ros_msgs__rosidl_typesupport_cppExport-noconfig.cmake
[1.268s] -- Up-to-date: /home/npicbot/robocon_ws/install/micro_ros_msgs/share/micro_ros_msgs/cmake/export_micro_ros_msgs__rosidl_generator_pyExport.cmake
[1.269s] -- Up-to-date: /home/npicbot/robocon_ws/install/micro_ros_msgs/share/micro_ros_msgs/cmake/export_micro_ros_msgs__rosidl_generator_pyExport-noconfig.cmake
[1.269s] -- Up-to-date: /home/npicbot/robocon_ws/install/micro_ros_msgs/share/micro_ros_msgs/cmake/rosidl_cmake-extras.cmake
[1.269s] -- Up-to-date: /home/npicbot/robocon_ws/install/micro_ros_msgs/share/micro_ros_msgs/cmake/ament_cmake_export_include_directories-extras.cmake
[1.269s] -- Up-to-date: /home/npicbot/robocon_ws/install/micro_ros_msgs/share/micro_ros_msgs/cmake/ament_cmake_export_libraries-extras.cmake
[1.269s] -- Up-to-date: /home/npicbot/robocon_ws/install/micro_ros_msgs/share/micro_ros_msgs/cmake/ament_cmake_export_targets-extras.cmake
[1.269s] -- Up-to-date: /home/npicbot/robocon_ws/install/micro_ros_msgs/share/micro_ros_msgs/cmake/rosidl_cmake_export_typesupport_targets-extras.cmake
[1.269s] -- Up-to-date: /home/npicbot/robocon_ws/install/micro_ros_msgs/share/micro_ros_msgs/cmake/ament_cmake_export_dependencies-extras.cmake
[1.270s] -- Up-to-date: /home/npicbot/robocon_ws/install/micro_ros_msgs/share/micro_ros_msgs/cmake/rosidl_cmake_export_typesupport_libraries-extras.cmake
[1.270s] -- Up-to-date: /home/npicbot/robocon_ws/install/micro_ros_msgs/share/micro_ros_msgs/cmake/micro_ros_msgsConfig.cmake
[1.270s] -- Up-to-date: /home/npicbot/robocon_ws/install/micro_ros_msgs/share/micro_ros_msgs/cmake/micro_ros_msgsConfig-version.cmake
[1.270s] -- Up-to-date: /home/npicbot/robocon_ws/install/micro_ros_msgs/share/micro_ros_msgs/package.xml
[1.274s] Invoked command in '/home/npicbot/robocon_ws/build/micro_ros_msgs' returned '0': CMAKE_PREFIX_PATH=${CMAKE_PREFIX_PATH}:/opt/ros/humble /usr/bin/cmake --install /home/npicbot/robocon_ws/build/micro_ros_msgs
