[0.044s] Invoking command in '/home/npicbot/robocon_ws/build/robot_command': CMAKE_PREFIX_PATH=${CMAKE_PREFIX_PATH}:/opt/ros/humble /usr/bin/cmake --build /home/npicbot/robocon_ws/build/robot_command -- -j12 -l12
[0.077s] -- Found ament_cmake: 1.3.10 (/opt/ros/humble/share/ament_cmake/cmake)
[0.326s] -- Found ament_lint_auto: 0.12.11 (/opt/ros/humble/share/ament_lint_auto/cmake)
[0.460s] -- Added test 'flake8' to check Python code syntax and style conventions
[0.461s] -- Added test 'lint_cmake' to check CMake code style
[0.461s] -- Added test 'pep257' to check Python code against some of the docstring style conventions in PEP 257
[0.463s] -- Added test 'xmllint' to check XML markup files
[0.464s] -- Configuring done
[0.469s] -- Generating done
[0.471s] -- Build files have been written to: /home/npicbot/robocon_ws/build/robot_command
[0.508s] Invoked command in '/home/npicbot/robocon_ws/build/robot_command' returned '0': CMAKE_PREFIX_PATH=${CMAKE_PREFIX_PATH}:/opt/ros/humble /usr/bin/cmake --build /home/npicbot/robocon_ws/build/robot_command -- -j12 -l12
[0.541s] Invoking command in '/home/npicbot/robocon_ws/build/robot_command': CMAKE_PREFIX_PATH=${CMAKE_PREFIX_PATH}:/opt/ros/humble /usr/bin/cmake --install /home/npicbot/robocon_ws/build/robot_command
[0.553s] -- Install configuration: ""
[0.553s] -- Installing: /home/npicbot/robocon_ws/install/robot_command/share/robot_command/launch
[0.553s] -- Installing: /home/npicbot/robocon_ws/install/robot_command/share/robot_command/launch/call_node_v1.launch.py
[0.554s] -- Up-to-date: /home/npicbot/robocon_ws/install/robot_command/share/ament_index/resource_index/package_run_dependencies/robot_command
[0.554s] -- Installing: /home/npicbot/robocon_ws/install/robot_command/share/ament_index/resource_index/parent_prefix_path/robot_command
[0.554s] -- Up-to-date: /home/npicbot/robocon_ws/install/robot_command/share/robot_command/environment/ament_prefix_path.sh
[0.554s] -- Installing: /home/npicbot/robocon_ws/install/robot_command/share/robot_command/environment/ament_prefix_path.dsv
[0.555s] -- Up-to-date: /home/npicbot/robocon_ws/install/robot_command/share/robot_command/environment/path.sh
[0.555s] -- Installing: /home/npicbot/robocon_ws/install/robot_command/share/robot_command/environment/path.dsv
[0.555s] -- Up-to-date: /home/npicbot/robocon_ws/install/robot_command/share/robot_command/local_setup.bash
[0.555s] -- Up-to-date: /home/npicbot/robocon_ws/install/robot_command/share/robot_command/local_setup.sh
[0.555s] -- Up-to-date: /home/npicbot/robocon_ws/install/robot_command/share/robot_command/local_setup.zsh
[0.555s] -- Installing: /home/npicbot/robocon_ws/install/robot_command/share/robot_command/local_setup.dsv
[0.555s] -- Installing: /home/npicbot/robocon_ws/install/robot_command/share/robot_command/package.dsv
[0.555s] -- Up-to-date: /home/npicbot/robocon_ws/install/robot_command/share/ament_index/resource_index/packages/robot_command
[0.556s] -- Up-to-date: /home/npicbot/robocon_ws/install/robot_command/share/robot_command/cmake/robot_commandConfig.cmake
[0.556s] -- Up-to-date: /home/npicbot/robocon_ws/install/robot_command/share/robot_command/cmake/robot_commandConfig-version.cmake
[0.556s] -- Up-to-date: /home/npicbot/robocon_ws/install/robot_command/share/robot_command/package.xml
[0.560s] Invoked command in '/home/npicbot/robocon_ws/build/robot_command' returned '0': CMAKE_PREFIX_PATH=${CMAKE_PREFIX_PATH}:/opt/ros/humble /usr/bin/cmake --install /home/npicbot/robocon_ws/build/robot_command
