[0.052s] Invoking command in '/home/npicbot/robocon_ws/build/robot_localization': CMAKE_PREFIX_PATH=${CMAKE_PREFIX_PATH}:/opt/ros/humble /usr/bin/cmake --build /home/npicbot/robocon_ws/build/robot_localization -- -j12 -l12
[0.130s] [35m[1mConsolidate compiler generated dependencies of target odometry_robot_i[0m
[0.153s] [35m[1mConsolidate compiler generated dependencies of target odometry_pub_goal[0m
[0.173s] [ 33%] Built target odometry_robot_ii
[0.181s] [ 50%] [32mBuilding CXX object CMakeFiles/odometry_robot_i.dir/src/odometry_publisher_i.cpp.o[0m
[0.194s] [ 83%] Built target odometry_pub_goal
[15.628s] [100%] [32m[1mLinking CXX executable odometry_robot_i[0m
[16.467s] [100%] Built target odometry_robot_i
[16.487s] Invoked command in '/home/npicbot/robocon_ws/build/robot_localization' returned '0': CMAKE_PREFIX_PATH=${CMAKE_PREFIX_PATH}:/opt/ros/humble /usr/bin/cmake --build /home/npicbot/robocon_ws/build/robot_localization -- -j12 -l12
[16.539s] Invoking command in '/home/npicbot/robocon_ws/build/robot_localization': CMAKE_PREFIX_PATH=${CMAKE_PREFIX_PATH}:/opt/ros/humble /usr/bin/cmake --install /home/npicbot/robocon_ws/build/robot_localization
[16.552s] -- Install configuration: ""
[16.553s] -- Installing: /home/npicbot/robocon_ws/install/robot_localization/lib/robot_localization/odometry_robot_i
[16.564s] -- Set runtime path of "/home/npicbot/robocon_ws/install/robot_localization/lib/robot_localization/odometry_robot_i" to ""
[16.564s] -- Up-to-date: /home/npicbot/robocon_ws/install/robot_localization/lib/robot_localization/odometry_robot_ii
[16.564s] -- Up-to-date: /home/npicbot/robocon_ws/install/robot_localization/lib/robot_localization/odometry_pub_goal
[16.565s] -- Up-to-date: /home/npicbot/robocon_ws/install/robot_localization/share/ament_index/resource_index/package_run_dependencies/robot_localization
[16.565s] -- Up-to-date: /home/npicbot/robocon_ws/install/robot_localization/share/ament_index/resource_index/parent_prefix_path/robot_localization
[16.565s] -- Up-to-date: /home/npicbot/robocon_ws/install/robot_localization/share/robot_localization/environment/ament_prefix_path.sh
[16.565s] -- Up-to-date: /home/npicbot/robocon_ws/install/robot_localization/share/robot_localization/environment/ament_prefix_path.dsv
[16.566s] -- Up-to-date: /home/npicbot/robocon_ws/install/robot_localization/share/robot_localization/environment/path.sh
[16.566s] -- Up-to-date: /home/npicbot/robocon_ws/install/robot_localization/share/robot_localization/environment/path.dsv
[16.566s] -- Up-to-date: /home/npicbot/robocon_ws/install/robot_localization/share/robot_localization/local_setup.bash
[16.566s] -- Up-to-date: /home/npicbot/robocon_ws/install/robot_localization/share/robot_localization/local_setup.sh
[16.566s] -- Up-to-date: /home/npicbot/robocon_ws/install/robot_localization/share/robot_localization/local_setup.zsh
[16.567s] -- Up-to-date: /home/npicbot/robocon_ws/install/robot_localization/share/robot_localization/local_setup.dsv
[16.567s] -- Installing: /home/npicbot/robocon_ws/install/robot_localization/share/robot_localization/package.dsv
[16.567s] -- Up-to-date: /home/npicbot/robocon_ws/install/robot_localization/share/ament_index/resource_index/packages/robot_localization
[16.567s] -- Up-to-date: /home/npicbot/robocon_ws/install/robot_localization/share/robot_localization/cmake/robot_localizationConfig.cmake
[16.567s] -- Up-to-date: /home/npicbot/robocon_ws/install/robot_localization/share/robot_localization/cmake/robot_localizationConfig-version.cmake
[16.567s] -- Up-to-date: /home/npicbot/robocon_ws/install/robot_localization/share/robot_localization/package.xml
[16.571s] Invoked command in '/home/npicbot/robocon_ws/build/robot_localization' returned '0': CMAKE_PREFIX_PATH=${CMAKE_PREFIX_PATH}:/opt/ros/humble /usr/bin/cmake --install /home/npicbot/robocon_ws/build/robot_localization
